[7.075s] Invoking command in '/home/rockpi/ros_control_ws/src/my_robot': PYTHONPATH=/home/rockpi/ros_control_ws/build/my_robot/prefix_override:/usr/lib/python3/dist-packages/colcon_core/task/python/colcon_distutils_commands:/home/rockpi/ros_control_ws/install/my_robot/lib/python3.12/site-packages:${PYTHONPATH} /usr/bin/python3 -W ignore:setup.py install is deprecated -W ignore:easy_install command is deprecated setup.py egg_info --egg-base ../../build/my_robot build --build-base /home/rockpi/ros_control_ws/build/my_robot/build install --record /home/rockpi/ros_control_ws/build/my_robot/install.log --single-version-externally-managed install_data
[8.368s] running egg_info
[8.458s] writing ../../build/my_robot/my_robot.egg-info/PKG-INFO
[8.459s] writing dependency_links to ../../build/my_robot/my_robot.egg-info/dependency_links.txt
[8.460s] writing entry points to ../../build/my_robot/my_robot.egg-info/entry_points.txt
[8.461s] writing requirements to ../../build/my_robot/my_robot.egg-info/requires.txt
[8.462s] writing top-level names to ../../build/my_robot/my_robot.egg-info/top_level.txt
[8.655s] reading manifest file '../../build/my_robot/my_robot.egg-info/SOURCES.txt'
[8.659s] writing manifest file '../../build/my_robot/my_robot.egg-info/SOURCES.txt'
[8.660s] running build
[8.660s] running build_py
[8.662s] copying my_robot/odometry_node.py -> /home/rockpi/ros_control_ws/build/my_robot/build/lib/my_robot
[8.663s] running install
[8.692s] running install_lib
[8.788s] copying /home/rockpi/ros_control_ws/build/my_robot/build/lib/my_robot/odometry_node.py -> /home/rockpi/ros_control_ws/install/my_robot/lib/python3.12/site-packages/my_robot
[8.791s] byte-compiling /home/rockpi/ros_control_ws/install/my_robot/lib/python3.12/site-packages/my_robot/odometry_node.py to odometry_node.cpython-312.pyc
[8.797s] running install_data
[8.799s] running install_egg_info
[8.897s] removing '/home/rockpi/ros_control_ws/install/my_robot/lib/python3.12/site-packages/my_robot-0.0.1-py3.12.egg-info' (and everything under it)
[8.898s] Copying ../../build/my_robot/my_robot.egg-info to /home/rockpi/ros_control_ws/install/my_robot/lib/python3.12/site-packages/my_robot-0.0.1-py3.12.egg-info
[8.903s] running install_scripts
[9.592s] Installing diff_drive_controller script to /home/rockpi/ros_control_ws/install/my_robot/lib/my_robot
[9.594s] Installing imu_node script to /home/rockpi/ros_control_ws/install/my_robot/lib/my_robot
[9.595s] Installing odometry_node script to /home/rockpi/ros_control_ws/install/my_robot/lib/my_robot
[9.596s] Installing twist_to_twist_stamped script to /home/rockpi/ros_control_ws/install/my_robot/lib/my_robot
[9.598s] writing list of installed files to '/home/rockpi/ros_control_ws/build/my_robot/install.log'
[9.758s] Invoked command in '/home/rockpi/ros_control_ws/src/my_robot' returned '0': PYTHONPATH=/home/rockpi/ros_control_ws/build/my_robot/prefix_override:/usr/lib/python3/dist-packages/colcon_core/task/python/colcon_distutils_commands:/home/rockpi/ros_control_ws/install/my_robot/lib/python3.12/site-packages:${PYTHONPATH} /usr/bin/python3 -W ignore:setup.py install is deprecated -W ignore:easy_install command is deprecated setup.py egg_info --egg-base ../../build/my_robot build --build-base /home/rockpi/ros_control_ws/build/my_robot/build install --record /home/rockpi/ros_control_ws/build/my_robot/install.log --single-version-externally-managed install_data
