[2.003s] Invoking command in '/home/rockpi/ros_control_ws/build/my_robot_hardware_interface': CMAKE_PREFIX_PATH=${CMAKE_PREFIX_PATH}:/home/rockpi/ros_control_ws/install/my_robot_hardware:/home/rockpi/ros_control_ws/install/my_robot:/opt/ros/jazzy /usr/bin/cmake --build /home/rockpi/ros_control_ws/build/my_robot_hardware_interface -- -j4 -l4
[2.464s] [100%] Built target my_robot_hardware
[2.555s] Invoked command in '/home/rockpi/ros_control_ws/build/my_robot_hardware_interface' returned '0': CMAKE_PREFIX_PATH=${CMAKE_PREFIX_PATH}:/home/rockpi/ros_control_ws/install/my_robot_hardware:/home/rockpi/ros_control_ws/install/my_robot:/opt/ros/jazzy /usr/bin/cmake --build /home/rockpi/ros_control_ws/build/my_robot_hardware_interface -- -j4 -l4
[2.631s] Invoking command in '/home/rockpi/ros_control_ws/build/my_robot_hardware_interface': CMAKE_PREFIX_PATH=${CMAKE_PREFIX_PATH}:/home/rockpi/ros_control_ws/install/my_robot_hardware:/home/rockpi/ros_control_ws/install/my_robot:/opt/ros/jazzy /usr/bin/cmake --install /home/rockpi/ros_control_ws/build/my_robot_hardware_interface
[2.697s] -- Install configuration: ""
[2.698s] -- Up-to-date: /home/rockpi/ros_control_ws/install/my_robot_hardware_interface/share/my_robot_hardware_interface/my_robot_hardware_interface.xml
[2.703s] -- Up-to-date: /home/rockpi/ros_control_ws/install/my_robot_hardware_interface/lib/libmy_robot_hardware.so
[2.704s] -- Up-to-date: /home/rockpi/ros_control_ws/install/my_robot_hardware_interface/include
[2.706s] -- Up-to-date: /home/rockpi/ros_control_ws/install/my_robot_hardware_interface/include/my_robot_hardware_interface
[2.707s] -- Up-to-date: /home/rockpi/ros_control_ws/install/my_robot_hardware_interface/include/my_robot_hardware_interface/my_robot_hardware.hpp
[2.710s] -- Up-to-date: /home/rockpi/ros_control_ws/install/my_robot_hardware_interface/share/my_robot_hardware_interface/environment/library_path.sh
[2.715s] -- Up-to-date: /home/rockpi/ros_control_ws/install/my_robot_hardware_interface/share/my_robot_hardware_interface/environment/library_path.dsv
[2.716s] -- Up-to-date: /home/rockpi/ros_control_ws/install/my_robot_hardware_interface/share/ament_index/resource_index/package_run_dependencies/my_robot_hardware_interface
[2.716s] -- Up-to-date: /home/rockpi/ros_control_ws/install/my_robot_hardware_interface/share/ament_index/resource_index/parent_prefix_path/my_robot_hardware_interface
[2.717s] -- Up-to-date: /home/rockpi/ros_control_ws/install/my_robot_hardware_interface/share/my_robot_hardware_interface/environment/ament_prefix_path.sh
[2.718s] -- Up-to-date: /home/rockpi/ros_control_ws/install/my_robot_hardware_interface/share/my_robot_hardware_interface/environment/ament_prefix_path.dsv
[2.723s] -- Up-to-date: /home/rockpi/ros_control_ws/install/my_robot_hardware_interface/share/my_robot_hardware_interface/environment/path.sh
[2.724s] -- Up-to-date: /home/rockpi/ros_control_ws/install/my_robot_hardware_interface/share/my_robot_hardware_interface/environment/path.dsv
[2.724s] -- Up-to-date: /home/rockpi/ros_control_ws/install/my_robot_hardware_interface/share/my_robot_hardware_interface/local_setup.bash
[2.725s] -- Up-to-date: /home/rockpi/ros_control_ws/install/my_robot_hardware_interface/share/my_robot_hardware_interface/local_setup.sh
[2.726s] -- Up-to-date: /home/rockpi/ros_control_ws/install/my_robot_hardware_interface/share/my_robot_hardware_interface/local_setup.zsh
[2.728s] -- Up-to-date: /home/rockpi/ros_control_ws/install/my_robot_hardware_interface/share/my_robot_hardware_interface/local_setup.dsv
[2.729s] -- Installing: /home/rockpi/ros_control_ws/install/my_robot_hardware_interface/share/my_robot_hardware_interface/package.dsv
[2.731s] -- Up-to-date: /home/rockpi/ros_control_ws/install/my_robot_hardware_interface/share/ament_index/resource_index/packages/my_robot_hardware_interface
[2.733s] -- Up-to-date: /home/rockpi/ros_control_ws/install/my_robot_hardware_interface/share/ament_index/resource_index/hardware_interface__pluginlib__plugin/my_robot_hardware_interface
[2.733s] -- Up-to-date: /home/rockpi/ros_control_ws/install/my_robot_hardware_interface/share/my_robot_hardware_interface/cmake/export_my_robot_hardwareExport.cmake
[2.734s] -- Up-to-date: /home/rockpi/ros_control_ws/install/my_robot_hardware_interface/share/my_robot_hardware_interface/cmake/export_my_robot_hardwareExport-noconfig.cmake
[2.734s] -- Up-to-date: /home/rockpi/ros_control_ws/install/my_robot_hardware_interface/share/my_robot_hardware_interface/cmake/ament_cmake_export_libraries-extras.cmake
[2.737s] -- Up-to-date: /home/rockpi/ros_control_ws/install/my_robot_hardware_interface/share/my_robot_hardware_interface/cmake/ament_cmake_export_targets-extras.cmake
[2.738s] -- Up-to-date: /home/rockpi/ros_control_ws/install/my_robot_hardware_interface/share/my_robot_hardware_interface/cmake/ament_cmake_export_dependencies-extras.cmake
[2.743s] -- Up-to-date: /home/rockpi/ros_control_ws/install/my_robot_hardware_interface/share/my_robot_hardware_interface/cmake/my_robot_hardware_interfaceConfig.cmake
[2.744s] -- Up-to-date: /home/rockpi/ros_control_ws/install/my_robot_hardware_interface/share/my_robot_hardware_interface/cmake/my_robot_hardware_interfaceConfig-version.cmake
[2.744s] -- Up-to-date: /home/rockpi/ros_control_ws/install/my_robot_hardware_interface/share/my_robot_hardware_interface/package.xml
[2.746s] Invoked command in '/home/rockpi/ros_control_ws/build/my_robot_hardware_interface' returned '0': CMAKE_PREFIX_PATH=${CMAKE_PREFIX_PATH}:/home/rockpi/ros_control_ws/install/my_robot_hardware:/home/rockpi/ros_control_ws/install/my_robot:/opt/ros/jazzy /usr/bin/cmake --install /home/rockpi/ros_control_ws/build/my_robot_hardware_interface
