[5.948s] Invoking command in '/home/rockpi/ros_control_ws/src/my_robot_hardware': PYTHONPATH=/home/rockpi/ros_control_ws/build/my_robot_hardware/prefix_override:/usr/lib/python3/dist-packages/colcon_core/task/python/colcon_distutils_commands:/home/rockpi/ros_control_ws/install/my_robot_hardware/lib/python3.12/site-packages:${PYTHONPATH} /usr/bin/python3 -W ignore:setup.py install is deprecated -W ignore:easy_install command is deprecated setup.py egg_info --egg-base ../../build/my_robot_hardware build --build-base /home/rockpi/ros_control_ws/build/my_robot_hardware/build install --record /home/rockpi/ros_control_ws/build/my_robot_hardware/install.log --single-version-externally-managed install_data
[7.226s] running egg_info
[7.317s] writing ../../build/my_robot_hardware/my_robot_hardware.egg-info/PKG-INFO
[7.318s] writing dependency_links to ../../build/my_robot_hardware/my_robot_hardware.egg-info/dependency_links.txt
[7.320s] writing entry points to ../../build/my_robot_hardware/my_robot_hardware.egg-info/entry_points.txt
[7.324s] writing requirements to ../../build/my_robot_hardware/my_robot_hardware.egg-info/requires.txt
[7.325s] writing top-level names to ../../build/my_robot_hardware/my_robot_hardware.egg-info/top_level.txt
[7.523s] reading manifest file '../../build/my_robot_hardware/my_robot_hardware.egg-info/SOURCES.txt'
[7.528s] writing manifest file '../../build/my_robot_hardware/my_robot_hardware.egg-info/SOURCES.txt'
[7.529s] running build
[7.530s] running build_py
[7.531s] running install
[7.558s] running install_lib
[7.652s] running install_data
[7.653s] running install_egg_info
[7.749s] removing '/home/rockpi/ros_control_ws/install/my_robot_hardware/lib/python3.12/site-packages/my_robot_hardware-0.0.1-py3.12.egg-info' (and everything under it)
[7.750s] Copying ../../build/my_robot_hardware/my_robot_hardware.egg-info to /home/rockpi/ros_control_ws/install/my_robot_hardware/lib/python3.12/site-packages/my_robot_hardware-0.0.1-py3.12.egg-info
[7.756s] running install_scripts
[8.413s] Installing arduino_bridge script to /home/rockpi/ros_control_ws/install/my_robot_hardware/lib/my_robot_hardware
[8.415s] writing list of installed files to '/home/rockpi/ros_control_ws/build/my_robot_hardware/install.log'
[8.575s] Invoked command in '/home/rockpi/ros_control_ws/src/my_robot_hardware' returned '0': PYTHONPATH=/home/rockpi/ros_control_ws/build/my_robot_hardware/prefix_override:/usr/lib/python3/dist-packages/colcon_core/task/python/colcon_distutils_commands:/home/rockpi/ros_control_ws/install/my_robot_hardware/lib/python3.12/site-packages:${PYTHONPATH} /usr/bin/python3 -W ignore:setup.py install is deprecated -W ignore:easy_install command is deprecated setup.py egg_info --egg-base ../../build/my_robot_hardware build --build-base /home/rockpi/ros_control_ws/build/my_robot_hardware/build install --record /home/rockpi/ros_control_ws/build/my_robot_hardware/install.log --single-version-externally-managed install_data
