[12.319s] Invoking command in '/home/rockpi/ros_control_ws/src/my_robot_hardware': PYTHONPATH=/home/rockpi/ros_control_ws/build/my_robot_hardware/prefix_override:/usr/lib/python3/dist-packages/colcon_core/task/python/colcon_distutils_commands:/home/rockpi/ros_control_ws/install/my_robot_hardware/lib/python3.12/site-packages:${PYTHONPATH} /usr/bin/python3 -W ignore:setup.py install is deprecated -W ignore:easy_install command is deprecated setup.py egg_info --egg-base ../../build/my_robot_hardware build --build-base /home/rockpi/ros_control_ws/build/my_robot_hardware/build install --record /home/rockpi/ros_control_ws/build/my_robot_hardware/install.log --single-version-externally-managed install_data
[14.880s] running egg_info
[15.115s] writing ../../build/my_robot_hardware/my_robot_hardware.egg-info/PKG-INFO
[15.125s] writing dependency_links to ../../build/my_robot_hardware/my_robot_hardware.egg-info/dependency_links.txt
[15.132s] writing entry points to ../../build/my_robot_hardware/my_robot_hardware.egg-info/entry_points.txt
[15.133s] writing requirements to ../../build/my_robot_hardware/my_robot_hardware.egg-info/requires.txt
[15.134s] writing top-level names to ../../build/my_robot_hardware/my_robot_hardware.egg-info/top_level.txt
[15.536s] reading manifest file '../../build/my_robot_hardware/my_robot_hardware.egg-info/SOURCES.txt'
[15.548s] writing manifest file '../../build/my_robot_hardware/my_robot_hardware.egg-info/SOURCES.txt'
[15.548s] running build
[15.549s] running build_py
[15.553s] running install
[15.590s] running install_lib
[15.757s] running install_data
[15.761s] running install_egg_info
[15.947s] removing '/home/rockpi/ros_control_ws/install/my_robot_hardware/lib/python3.12/site-packages/my_robot_hardware-0.0.1-py3.12.egg-info' (and everything under it)
[15.951s] Copying ../../build/my_robot_hardware/my_robot_hardware.egg-info to /home/rockpi/ros_control_ws/install/my_robot_hardware/lib/python3.12/site-packages/my_robot_hardware-0.0.1-py3.12.egg-info
[15.972s] running install_scripts
[17.185s] Installing arduino_bridge script to /home/rockpi/ros_control_ws/install/my_robot_hardware/lib/my_robot_hardware
[17.192s] writing list of installed files to '/home/rockpi/ros_control_ws/build/my_robot_hardware/install.log'
[17.566s] Invoked command in '/home/rockpi/ros_control_ws/src/my_robot_hardware' returned '0': PYTHONPATH=/home/rockpi/ros_control_ws/build/my_robot_hardware/prefix_override:/usr/lib/python3/dist-packages/colcon_core/task/python/colcon_distutils_commands:/home/rockpi/ros_control_ws/install/my_robot_hardware/lib/python3.12/site-packages:${PYTHONPATH} /usr/bin/python3 -W ignore:setup.py install is deprecated -W ignore:easy_install command is deprecated setup.py egg_info --egg-base ../../build/my_robot_hardware build --build-base /home/rockpi/ros_control_ws/build/my_robot_hardware/build install --record /home/rockpi/ros_control_ws/build/my_robot_hardware/install.log --single-version-externally-managed install_data
