[11.622s] Invoking command in '/home/rockpi/robot_ws/src/my_robot_hardware': PYTHONPATH=/home/rockpi/robot_ws/build/my_robot_hardware/prefix_override:/usr/lib/python3/dist-packages/colcon_core/task/python/colcon_distutils_commands:/home/rockpi/robot_ws/install/my_robot_hardware/lib/python3.12/site-packages:${PYTHONPATH} /usr/bin/python3 -W ignore:setup.py install is deprecated -W ignore:easy_install command is deprecated setup.py egg_info --egg-base ../../build/my_robot_hardware build --build-base /home/rockpi/robot_ws/build/my_robot_hardware/build install --record /home/rockpi/robot_ws/build/my_robot_hardware/install.log --single-version-externally-managed install_data
[14.740s] running egg_info
[14.743s] creating ../../build/my_robot_hardware/my_robot_hardware.egg-info
[14.989s] writing ../../build/my_robot_hardware/my_robot_hardware.egg-info/PKG-INFO
[14.991s] writing dependency_links to ../../build/my_robot_hardware/my_robot_hardware.egg-info/dependency_links.txt
[14.992s] writing entry points to ../../build/my_robot_hardware/my_robot_hardware.egg-info/entry_points.txt
[14.994s] writing requirements to ../../build/my_robot_hardware/my_robot_hardware.egg-info/requires.txt
[14.997s] writing top-level names to ../../build/my_robot_hardware/my_robot_hardware.egg-info/top_level.txt
[14.998s] writing manifest file '../../build/my_robot_hardware/my_robot_hardware.egg-info/SOURCES.txt'
[15.501s] reading manifest file '../../build/my_robot_hardware/my_robot_hardware.egg-info/SOURCES.txt'
[15.508s] writing manifest file '../../build/my_robot_hardware/my_robot_hardware.egg-info/SOURCES.txt'
[15.510s] running build
[15.512s] running build_py
[15.515s] creating /home/rockpi/robot_ws/build/my_robot_hardware/build
[15.517s] creating /home/rockpi/robot_ws/build/my_robot_hardware/build/lib
[15.518s] creating /home/rockpi/robot_ws/build/my_robot_hardware/build/lib/my_robot_hardware
[15.521s] copying my_robot_hardware/__init__.py -> /home/rockpi/robot_ws/build/my_robot_hardware/build/lib/my_robot_hardware
[15.523s] copying my_robot_hardware/arduino_bridge.py -> /home/rockpi/robot_ws/build/my_robot_hardware/build/lib/my_robot_hardware
[15.526s] running install
[15.603s] running install_lib
[15.852s] creating /home/rockpi/robot_ws/install/my_robot_hardware/lib/python3.12/site-packages/my_robot_hardware
[15.854s] copying /home/rockpi/robot_ws/build/my_robot_hardware/build/lib/my_robot_hardware/__init__.py -> /home/rockpi/robot_ws/install/my_robot_hardware/lib/python3.12/site-packages/my_robot_hardware
[15.856s] copying /home/rockpi/robot_ws/build/my_robot_hardware/build/lib/my_robot_hardware/arduino_bridge.py -> /home/rockpi/robot_ws/install/my_robot_hardware/lib/python3.12/site-packages/my_robot_hardware
[15.862s] byte-compiling /home/rockpi/robot_ws/install/my_robot_hardware/lib/python3.12/site-packages/my_robot_hardware/__init__.py to __init__.cpython-312.pyc
[15.866s] byte-compiling /home/rockpi/robot_ws/install/my_robot_hardware/lib/python3.12/site-packages/my_robot_hardware/arduino_bridge.py to arduino_bridge.cpython-312.pyc
[15.879s] running install_data
[15.881s] creating /home/rockpi/robot_ws/install/my_robot_hardware/share/ament_index
[15.883s] creating /home/rockpi/robot_ws/install/my_robot_hardware/share/ament_index/resource_index
[15.884s] creating /home/rockpi/robot_ws/install/my_robot_hardware/share/ament_index/resource_index/packages
[15.887s] copying resource/my_robot_hardware -> /home/rockpi/robot_ws/install/my_robot_hardware/share/ament_index/resource_index/packages
[15.888s] copying package.xml -> /home/rockpi/robot_ws/install/my_robot_hardware/share/my_robot_hardware
[15.889s] running install_egg_info
[16.169s] Copying ../../build/my_robot_hardware/my_robot_hardware.egg-info to /home/rockpi/robot_ws/install/my_robot_hardware/lib/python3.12/site-packages/my_robot_hardware-0.0.1-py3.12.egg-info
[16.187s] running install_scripts
[17.816s] Installing arduino_bridge script to /home/rockpi/robot_ws/install/my_robot_hardware/lib/my_robot_hardware
[17.820s] writing list of installed files to '/home/rockpi/robot_ws/build/my_robot_hardware/install.log'
[18.108s] Invoked command in '/home/rockpi/robot_ws/src/my_robot_hardware' returned '0': PYTHONPATH=/home/rockpi/robot_ws/build/my_robot_hardware/prefix_override:/usr/lib/python3/dist-packages/colcon_core/task/python/colcon_distutils_commands:/home/rockpi/robot_ws/install/my_robot_hardware/lib/python3.12/site-packages:${PYTHONPATH} /usr/bin/python3 -W ignore:setup.py install is deprecated -W ignore:easy_install command is deprecated setup.py egg_info --egg-base ../../build/my_robot_hardware build --build-base /home/rockpi/robot_ws/build/my_robot_hardware/build install --record /home/rockpi/robot_ws/build/my_robot_hardware/install.log --single-version-externally-managed install_data
