[15.427s] Invoking command in '/home/rockpi/ros_control_ws/src/my_robot': PYTHONPATH=/home/rockpi/ros_control_ws/build/my_robot/prefix_override:/usr/lib/python3/dist-packages/colcon_core/task/python/colcon_distutils_commands:/home/rockpi/ros_control_ws/install/my_robot/lib/python3.12/site-packages:${PYTHONPATH} /usr/bin/python3 -W ignore:setup.py install is deprecated -W ignore:easy_install command is deprecated setup.py egg_info --egg-base ../../build/my_robot build --build-base /home/rockpi/ros_control_ws/build/my_robot/build install --record /home/rockpi/ros_control_ws/build/my_robot/install.log --single-version-externally-managed install_data
[18.370s] running egg_info
[18.662s] writing ../../build/my_robot/my_robot.egg-info/PKG-INFO
[18.665s] writing dependency_links to ../../build/my_robot/my_robot.egg-info/dependency_links.txt
[18.669s] writing entry points to ../../build/my_robot/my_robot.egg-info/entry_points.txt
[18.671s] writing requirements to ../../build/my_robot/my_robot.egg-info/requires.txt
[18.675s] writing top-level names to ../../build/my_robot/my_robot.egg-info/top_level.txt
[19.171s] reading manifest file '../../build/my_robot/my_robot.egg-info/SOURCES.txt'
[19.178s] writing manifest file '../../build/my_robot/my_robot.egg-info/SOURCES.txt'
[19.184s] running build
[19.185s] running build_py
[19.191s] running install
[19.243s] running install_lib
[19.872s] running install_data
[19.889s] running install_egg_info
[20.487s] removing '/home/rockpi/ros_control_ws/install/my_robot/lib/python3.12/site-packages/my_robot-0.0.1-py3.12.egg-info' (and everything under it)
[20.511s] Copying ../../build/my_robot/my_robot.egg-info to /home/rockpi/ros_control_ws/install/my_robot/lib/python3.12/site-packages/my_robot-0.0.1-py3.12.egg-info
[20.549s] running install_scripts
[23.046s] Installing diff_drive_controller script to /home/rockpi/ros_control_ws/install/my_robot/lib/my_robot
[23.053s] Installing imu_node script to /home/rockpi/ros_control_ws/install/my_robot/lib/my_robot
[23.058s] Installing node_monitor_server script to /home/rockpi/ros_control_ws/install/my_robot/lib/my_robot
[23.059s] Installing odometry_node script to /home/rockpi/ros_control_ws/install/my_robot/lib/my_robot
[23.064s] Installing twist_to_twist_stamped script to /home/rockpi/ros_control_ws/install/my_robot/lib/my_robot
[23.067s] writing list of installed files to '/home/rockpi/ros_control_ws/build/my_robot/install.log'
[23.241s] Invoked command in '/home/rockpi/ros_control_ws/src/my_robot' returned '0': PYTHONPATH=/home/rockpi/ros_control_ws/build/my_robot/prefix_override:/usr/lib/python3/dist-packages/colcon_core/task/python/colcon_distutils_commands:/home/rockpi/ros_control_ws/install/my_robot/lib/python3.12/site-packages:${PYTHONPATH} /usr/bin/python3 -W ignore:setup.py install is deprecated -W ignore:easy_install command is deprecated setup.py egg_info --egg-base ../../build/my_robot build --build-base /home/rockpi/ros_control_ws/build/my_robot/build install --record /home/rockpi/ros_control_ws/build/my_robot/install.log --single-version-externally-managed install_data
