[5.233s] Invoking command in '/home/rockpi/ros_control_ws/src/my_robot': PYTHONPATH=/home/rockpi/ros_control_ws/build/my_robot/prefix_override:/usr/lib/python3/dist-packages/colcon_core/task/python/colcon_distutils_commands:/home/rockpi/ros_control_ws/install/my_robot/lib/python3.12/site-packages:${PYTHONPATH} /usr/bin/python3 -W ignore:setup.py install is deprecated -W ignore:easy_install command is deprecated setup.py egg_info --egg-base ../../build/my_robot build --build-base /home/rockpi/ros_control_ws/build/my_robot/build install --record /home/rockpi/ros_control_ws/build/my_robot/install.log --single-version-externally-managed install_data
[6.597s] running egg_info
[6.690s] writing ../../build/my_robot/my_robot.egg-info/PKG-INFO
[6.691s] writing dependency_links to ../../build/my_robot/my_robot.egg-info/dependency_links.txt
[6.693s] writing entry points to ../../build/my_robot/my_robot.egg-info/entry_points.txt
[6.694s] writing requirements to ../../build/my_robot/my_robot.egg-info/requires.txt
[6.695s] writing top-level names to ../../build/my_robot/my_robot.egg-info/top_level.txt
[6.897s] reading manifest file '../../build/my_robot/my_robot.egg-info/SOURCES.txt'
[6.901s] writing manifest file '../../build/my_robot/my_robot.egg-info/SOURCES.txt'
[6.902s] running build
[6.903s] running build_py
[6.905s] running install
[6.937s] running install_lib
[7.073s] running install_data
[7.076s] copying launch/robot.launch.py -> /home/rockpi/ros_control_ws/install/my_robot/share/my_robot/launch
[7.077s] running install_egg_info
[7.186s] removing '/home/rockpi/ros_control_ws/install/my_robot/lib/python3.12/site-packages/my_robot-0.0.1-py3.12.egg-info' (and everything under it)
[7.188s] Copying ../../build/my_robot/my_robot.egg-info to /home/rockpi/ros_control_ws/install/my_robot/lib/python3.12/site-packages/my_robot-0.0.1-py3.12.egg-info
[7.195s] running install_scripts
[7.893s] Installing diff_drive_controller script to /home/rockpi/ros_control_ws/install/my_robot/lib/my_robot
[7.895s] Installing imu_node script to /home/rockpi/ros_control_ws/install/my_robot/lib/my_robot
[7.896s] Installing node_monitor_server script to /home/rockpi/ros_control_ws/install/my_robot/lib/my_robot
[7.899s] Installing odometry_node script to /home/rockpi/ros_control_ws/install/my_robot/lib/my_robot
[7.899s] Installing twist_to_twist_stamped script to /home/rockpi/ros_control_ws/install/my_robot/lib/my_robot
[7.900s] writing list of installed files to '/home/rockpi/ros_control_ws/build/my_robot/install.log'
[8.114s] Invoked command in '/home/rockpi/ros_control_ws/src/my_robot' returned '0': PYTHONPATH=/home/rockpi/ros_control_ws/build/my_robot/prefix_override:/usr/lib/python3/dist-packages/colcon_core/task/python/colcon_distutils_commands:/home/rockpi/ros_control_ws/install/my_robot/lib/python3.12/site-packages:${PYTHONPATH} /usr/bin/python3 -W ignore:setup.py install is deprecated -W ignore:easy_install command is deprecated setup.py egg_info --egg-base ../../build/my_robot build --build-base /home/rockpi/ros_control_ws/build/my_robot/build install --record /home/rockpi/ros_control_ws/build/my_robot/install.log --single-version-externally-managed install_data
