[0.453s] DEBUG:colcon:Command line arguments: ['/usr/bin/colcon', 'build']
[0.453s] DEBUG:colcon:Parsed command line arguments: Namespace(log_base=None, log_level=None, verb_name='build', build_base='build', install_base='install', merge_install=False, symlink_install=False, test_result_base=None, continue_on_error=False, executor='parallel', parallel_workers=4, event_handlers=None, ignore_user_meta=False, metas=['./colcon.meta'], base_paths=['.'], packages_ignore=None, packages_ignore_regex=None, paths=None, packages_up_to=None, packages_up_to_regex=None, packages_above=None, packages_above_and_dependencies=None, packages_above_depth=None, packages_select_by_dep=None, packages_skip_by_dep=None, packages_skip_up_to=None, packages_select_build_failed=False, packages_skip_build_finished=False, packages_select_test_failures=False, packages_skip_test_passed=False, packages_select=None, packages_skip=None, packages_select_regex=None, packages_skip_regex=None, packages_start=None, packages_end=None, allow_overriding=[], cmake_args=None, cmake_target=None, cmake_target_skip_unavailable=False, cmake_clean_cache=False, cmake_clean_first=False, cmake_force_configure=False, ament_cmake_args=None, catkin_cmake_args=None, catkin_skip_building_tests=False, mixin_files=None, mixin=None, verb_parser=<colcon_mixin.mixin.mixin_argument.MixinArgumentDecorator object at 0xffffb19b9280>, verb_extension=<colcon_core.verb.build.BuildVerb object at 0xffffb1b6da90>, main=<bound method BuildVerb.main of <colcon_core.verb.build.BuildVerb object at 0xffffb1b6da90>>, mixin_verb=('build',))
[0.624s] Level 1:colcon.colcon_core.package_discovery:discover_packages(colcon_meta) check parameters
[0.624s] Level 1:colcon.colcon_core.package_discovery:discover_packages(recursive) check parameters
[0.625s] Level 1:colcon.colcon_core.package_discovery:discover_packages(ignore) check parameters
[0.625s] Level 1:colcon.colcon_core.package_discovery:discover_packages(path) check parameters
[0.625s] Level 1:colcon.colcon_core.package_discovery:discover_packages(colcon_meta) discover
[0.625s] Level 1:colcon.colcon_core.package_discovery:discover_packages(recursive) discover
[0.625s] INFO:colcon.colcon_core.package_discovery:Crawling recursively for packages in '/home/rockpi/robot_ws'
[0.626s] Level 1:colcon.colcon_core.package_identification:_identify(.) by extensions ['ignore', 'ignore_ament_install']
[0.626s] Level 1:colcon.colcon_core.package_identification:_identify(.) by extension 'ignore'
[0.626s] Level 1:colcon.colcon_core.package_identification:_identify(.) by extension 'ignore_ament_install'
[0.626s] Level 1:colcon.colcon_core.package_identification:_identify(.) by extensions ['colcon_pkg']
[0.627s] Level 1:colcon.colcon_core.package_identification:_identify(.) by extension 'colcon_pkg'
[0.627s] Level 1:colcon.colcon_core.package_identification:_identify(.) by extensions ['colcon_meta']
[0.627s] Level 1:colcon.colcon_core.package_identification:_identify(.) by extension 'colcon_meta'
[0.627s] Level 1:colcon.colcon_core.package_identification:_identify(.) by extensions ['ros']
[0.627s] Level 1:colcon.colcon_core.package_identification:_identify(.) by extension 'ros'
[0.738s] Level 1:colcon.colcon_core.package_identification:_identify(.) by extensions ['cmake', 'python']
[0.739s] Level 1:colcon.colcon_core.package_identification:_identify(.) by extension 'cmake'
[0.739s] Level 1:colcon.colcon_core.package_identification:_identify(.) by extension 'python'
[0.739s] Level 1:colcon.colcon_core.package_identification:_identify(.) by extensions ['python_setup_py']
[0.739s] Level 1:colcon.colcon_core.package_identification:_identify(.) by extension 'python_setup_py'
[0.740s] Level 1:colcon.colcon_core.package_identification:_identify(build) by extensions ['ignore', 'ignore_ament_install']
[0.740s] Level 1:colcon.colcon_core.package_identification:_identify(build) by extension 'ignore'
[0.741s] Level 1:colcon.colcon_core.package_identification:_identify(build) ignored
[0.741s] Level 1:colcon.colcon_core.package_identification:_identify(install) by extensions ['ignore', 'ignore_ament_install']
[0.742s] Level 1:colcon.colcon_core.package_identification:_identify(install) by extension 'ignore'
[0.742s] Level 1:colcon.colcon_core.package_identification:_identify(install) ignored
[0.743s] Level 1:colcon.colcon_core.package_identification:_identify(log) by extensions ['ignore', 'ignore_ament_install']
[0.743s] Level 1:colcon.colcon_core.package_identification:_identify(log) by extension 'ignore'
[0.743s] Level 1:colcon.colcon_core.package_identification:_identify(log) ignored
[0.744s] Level 1:colcon.colcon_core.package_identification:_identify(src) by extensions ['ignore', 'ignore_ament_install']
[0.744s] Level 1:colcon.colcon_core.package_identification:_identify(src) by extension 'ignore'
[0.744s] Level 1:colcon.colcon_core.package_identification:_identify(src) by extension 'ignore_ament_install'
[0.745s] Level 1:colcon.colcon_core.package_identification:_identify(src) by extensions ['colcon_pkg']
[0.745s] Level 1:colcon.colcon_core.package_identification:_identify(src) by extension 'colcon_pkg'
[0.745s] Level 1:colcon.colcon_core.package_identification:_identify(src) by extensions ['colcon_meta']
[0.745s] Level 1:colcon.colcon_core.package_identification:_identify(src) by extension 'colcon_meta'
[0.745s] Level 1:colcon.colcon_core.package_identification:_identify(src) by extensions ['ros']
[0.745s] Level 1:colcon.colcon_core.package_identification:_identify(src) by extension 'ros'
[0.746s] Level 1:colcon.colcon_core.package_identification:_identify(src) by extensions ['cmake', 'python']
[0.746s] Level 1:colcon.colcon_core.package_identification:_identify(src) by extension 'cmake'
[0.746s] Level 1:colcon.colcon_core.package_identification:_identify(src) by extension 'python'
[0.746s] Level 1:colcon.colcon_core.package_identification:_identify(src) by extensions ['python_setup_py']
[0.747s] Level 1:colcon.colcon_core.package_identification:_identify(src) by extension 'python_setup_py'
[0.747s] Level 1:colcon.colcon_core.package_identification:_identify(src/my_robot) by extensions ['ignore', 'ignore_ament_install']
[0.748s] Level 1:colcon.colcon_core.package_identification:_identify(src/my_robot) by extension 'ignore'
[0.748s] Level 1:colcon.colcon_core.package_identification:_identify(src/my_robot) by extension 'ignore_ament_install'
[0.748s] Level 1:colcon.colcon_core.package_identification:_identify(src/my_robot) by extensions ['colcon_pkg']
[0.748s] Level 1:colcon.colcon_core.package_identification:_identify(src/my_robot) by extension 'colcon_pkg'
[0.749s] Level 1:colcon.colcon_core.package_identification:_identify(src/my_robot) by extensions ['colcon_meta']
[0.749s] Level 1:colcon.colcon_core.package_identification:_identify(src/my_robot) by extension 'colcon_meta'
[0.749s] Level 1:colcon.colcon_core.package_identification:_identify(src/my_robot) by extensions ['ros']
[0.749s] Level 1:colcon.colcon_core.package_identification:_identify(src/my_robot) by extension 'ros'
[0.761s] DEBUG:colcon.colcon_core.package_identification:Package 'src/my_robot' with type 'ros.ament_python' and name 'my_robot'
[0.761s] Level 1:colcon.colcon_core.package_identification:_identify(src/my_robot_hardware) by extensions ['ignore', 'ignore_ament_install']
[0.762s] Level 1:colcon.colcon_core.package_identification:_identify(src/my_robot_hardware) by extension 'ignore'
[0.762s] Level 1:colcon.colcon_core.package_identification:_identify(src/my_robot_hardware) by extension 'ignore_ament_install'
[0.763s] Level 1:colcon.colcon_core.package_identification:_identify(src/my_robot_hardware) by extensions ['colcon_pkg']
[0.763s] Level 1:colcon.colcon_core.package_identification:_identify(src/my_robot_hardware) by extension 'colcon_pkg'
[0.763s] Level 1:colcon.colcon_core.package_identification:_identify(src/my_robot_hardware) by extensions ['colcon_meta']
[0.763s] Level 1:colcon.colcon_core.package_identification:_identify(src/my_robot_hardware) by extension 'colcon_meta'
[0.764s] Level 1:colcon.colcon_core.package_identification:_identify(src/my_robot_hardware) by extensions ['ros']
[0.764s] Level 1:colcon.colcon_core.package_identification:_identify(src/my_robot_hardware) by extension 'ros'
[0.767s] DEBUG:colcon.colcon_core.package_identification:Package 'src/my_robot_hardware' with type 'ros.ament_python' and name 'my_robot_hardware'
[0.767s] Level 1:colcon.colcon_core.package_discovery:discover_packages(recursive) using defaults
[0.768s] Level 1:colcon.colcon_core.package_discovery:discover_packages(ignore) discover
[0.768s] Level 1:colcon.colcon_core.package_discovery:discover_packages(ignore) using defaults
[0.768s] Level 1:colcon.colcon_core.package_discovery:discover_packages(path) discover
[0.768s] Level 1:colcon.colcon_core.package_discovery:discover_packages(path) using defaults
[0.841s] Level 1:colcon.colcon_core.package_discovery:discover_packages(prefix_path) check parameters
[0.841s] Level 1:colcon.colcon_core.package_discovery:discover_packages(prefix_path) discover
[0.858s] DEBUG:colcon.colcon_installed_package_information.package_discovery:Found 307 installed packages in /opt/ros/jazzy
[0.862s] Level 1:colcon.colcon_core.package_discovery:discover_packages(prefix_path) using defaults
[1.058s] Level 5:colcon.colcon_core.verb:set package 'my_robot' build argument 'cmake_args' from command line to 'None'
[1.058s] Level 5:colcon.colcon_core.verb:set package 'my_robot' build argument 'cmake_target' from command line to 'None'
[1.059s] Level 5:colcon.colcon_core.verb:set package 'my_robot' build argument 'cmake_target_skip_unavailable' from command line to 'False'
[1.059s] Level 5:colcon.colcon_core.verb:set package 'my_robot' build argument 'cmake_clean_cache' from command line to 'False'
[1.059s] Level 5:colcon.colcon_core.verb:set package 'my_robot' build argument 'cmake_clean_first' from command line to 'False'
[1.059s] Level 5:colcon.colcon_core.verb:set package 'my_robot' build argument 'cmake_force_configure' from command line to 'False'
[1.059s] Level 5:colcon.colcon_core.verb:set package 'my_robot' build argument 'ament_cmake_args' from command line to 'None'
[1.059s] Level 5:colcon.colcon_core.verb:set package 'my_robot' build argument 'catkin_cmake_args' from command line to 'None'
[1.059s] Level 5:colcon.colcon_core.verb:set package 'my_robot' build argument 'catkin_skip_building_tests' from command line to 'False'
[1.059s] DEBUG:colcon.colcon_core.verb:Building package 'my_robot' with the following arguments: {'ament_cmake_args': None, 'build_base': '/home/rockpi/robot_ws/build/my_robot', 'catkin_cmake_args': None, 'catkin_skip_building_tests': False, 'cmake_args': None, 'cmake_clean_cache': False, 'cmake_clean_first': False, 'cmake_force_configure': False, 'cmake_target': None, 'cmake_target_skip_unavailable': False, 'install_base': '/home/rockpi/robot_ws/install/my_robot', 'merge_install': False, 'path': '/home/rockpi/robot_ws/src/my_robot', 'symlink_install': False, 'test_result_base': None}
[1.061s] Level 5:colcon.colcon_core.verb:set package 'my_robot_hardware' build argument 'cmake_args' from command line to 'None'
[1.061s] Level 5:colcon.colcon_core.verb:set package 'my_robot_hardware' build argument 'cmake_target' from command line to 'None'
[1.061s] Level 5:colcon.colcon_core.verb:set package 'my_robot_hardware' build argument 'cmake_target_skip_unavailable' from command line to 'False'
[1.061s] Level 5:colcon.colcon_core.verb:set package 'my_robot_hardware' build argument 'cmake_clean_cache' from command line to 'False'
[1.061s] Level 5:colcon.colcon_core.verb:set package 'my_robot_hardware' build argument 'cmake_clean_first' from command line to 'False'
[1.061s] Level 5:colcon.colcon_core.verb:set package 'my_robot_hardware' build argument 'cmake_force_configure' from command line to 'False'
[1.061s] Level 5:colcon.colcon_core.verb:set package 'my_robot_hardware' build argument 'ament_cmake_args' from command line to 'None'
[1.061s] Level 5:colcon.colcon_core.verb:set package 'my_robot_hardware' build argument 'catkin_cmake_args' from command line to 'None'
[1.062s] Level 5:colcon.colcon_core.verb:set package 'my_robot_hardware' build argument 'catkin_skip_building_tests' from command line to 'False'
[1.062s] DEBUG:colcon.colcon_core.verb:Building package 'my_robot_hardware' with the following arguments: {'ament_cmake_args': None, 'build_base': '/home/rockpi/robot_ws/build/my_robot_hardware', 'catkin_cmake_args': None, 'catkin_skip_building_tests': False, 'cmake_args': None, 'cmake_clean_cache': False, 'cmake_clean_first': False, 'cmake_force_configure': False, 'cmake_target': None, 'cmake_target_skip_unavailable': False, 'install_base': '/home/rockpi/robot_ws/install/my_robot_hardware', 'merge_install': False, 'path': '/home/rockpi/robot_ws/src/my_robot_hardware', 'symlink_install': False, 'test_result_base': None}
[1.062s] INFO:colcon.colcon_core.executor:Executing jobs using 'parallel' executor
[1.065s] DEBUG:colcon.colcon_parallel_executor.executor.parallel:run_until_complete
[1.066s] INFO:colcon.colcon_ros.task.ament_python.build:Building ROS package in '/home/rockpi/robot_ws/src/my_robot' with build type 'ament_python'
[1.067s] Level 1:colcon.colcon_core.shell:create_environment_hook('my_robot', 'ament_prefix_path')
[1.076s] INFO:colcon.colcon_core.plugin_system:Skipping extension 'colcon_core.shell.bat': Not used on non-Windows systems
[1.077s] INFO:colcon.colcon_core.shell:Creating environment hook '/home/rockpi/robot_ws/install/my_robot/share/my_robot/hook/ament_prefix_path.ps1'
[1.080s] INFO:colcon.colcon_core.shell:Creating environment descriptor '/home/rockpi/robot_ws/install/my_robot/share/my_robot/hook/ament_prefix_path.dsv'
[1.083s] INFO:colcon.colcon_core.shell:Creating environment hook '/home/rockpi/robot_ws/install/my_robot/share/my_robot/hook/ament_prefix_path.sh'
[1.086s] INFO:colcon.colcon_core.shell:Skip shell extension 'powershell' for command environment: Not usable outside of PowerShell
[1.086s] DEBUG:colcon.colcon_core.shell:Skip shell extension 'dsv' for command environment
[1.104s] INFO:colcon.colcon_ros.task.ament_python.build:Building ROS package in '/home/rockpi/robot_ws/src/my_robot_hardware' with build type 'ament_python'
[1.105s] Level 1:colcon.colcon_core.shell:create_environment_hook('my_robot_hardware', 'ament_prefix_path')
[1.106s] INFO:colcon.colcon_core.shell:Creating environment hook '/home/rockpi/robot_ws/install/my_robot_hardware/share/my_robot_hardware/hook/ament_prefix_path.ps1'
[1.108s] INFO:colcon.colcon_core.shell:Creating environment descriptor '/home/rockpi/robot_ws/install/my_robot_hardware/share/my_robot_hardware/hook/ament_prefix_path.dsv'
[1.110s] INFO:colcon.colcon_core.shell:Creating environment hook '/home/rockpi/robot_ws/install/my_robot_hardware/share/my_robot_hardware/hook/ament_prefix_path.sh'
[1.114s] INFO:colcon.colcon_core.shell:Skip shell extension 'powershell' for command environment: Not usable outside of PowerShell
[1.114s] DEBUG:colcon.colcon_core.shell:Skip shell extension 'dsv' for command environment
[2.064s] INFO:colcon.colcon_core.task.python.build:Building Python package in '/home/rockpi/robot_ws/src/my_robot'
[2.065s] INFO:colcon.colcon_core.shell:Skip shell extension 'powershell' for command environment: Not usable outside of PowerShell
[2.065s] DEBUG:colcon.colcon_core.shell:Skip shell extension 'dsv' for command environment
[3.008s] INFO:colcon.colcon_core.task.python.build:Building Python package in '/home/rockpi/robot_ws/src/my_robot_hardware'
[3.009s] INFO:colcon.colcon_core.shell:Skip shell extension 'powershell' for command environment: Not usable outside of PowerShell
[3.010s] DEBUG:colcon.colcon_core.shell:Skip shell extension 'dsv' for command environment
[6.000s] DEBUG:colcon.colcon_core.event_handler.log_command:Invoking command in '/home/rockpi/robot_ws/src/my_robot_hardware': PYTHONPATH=/home/rockpi/robot_ws/build/my_robot_hardware/prefix_override:/usr/lib/python3/dist-packages/colcon_core/task/python/colcon_distutils_commands:/home/rockpi/robot_ws/install/my_robot_hardware/lib/python3.12/site-packages:${PYTHONPATH} /usr/bin/python3 -W ignore:setup.py install is deprecated -W ignore:easy_install command is deprecated setup.py egg_info --egg-base ../../build/my_robot_hardware build --build-base /home/rockpi/robot_ws/build/my_robot_hardware/build install --record /home/rockpi/robot_ws/build/my_robot_hardware/install.log --single-version-externally-managed install_data
[6.044s] DEBUG:colcon.colcon_core.event_handler.log_command:Invoking command in '/home/rockpi/robot_ws/src/my_robot': PYTHONPATH=/home/rockpi/robot_ws/build/my_robot/prefix_override:/usr/lib/python3/dist-packages/colcon_core/task/python/colcon_distutils_commands:/home/rockpi/robot_ws/install/my_robot/lib/python3.12/site-packages:${PYTHONPATH} /usr/bin/python3 -W ignore:setup.py install is deprecated -W ignore:easy_install command is deprecated setup.py egg_info --egg-base ../../build/my_robot build --build-base /home/rockpi/robot_ws/build/my_robot/build install --record /home/rockpi/robot_ws/build/my_robot/install.log --single-version-externally-managed install_data
[8.706s] DEBUG:colcon.colcon_core.event_handler.log_command:Invoked command in '/home/rockpi/robot_ws/src/my_robot_hardware' returned '0': PYTHONPATH=/home/rockpi/robot_ws/build/my_robot_hardware/prefix_override:/usr/lib/python3/dist-packages/colcon_core/task/python/colcon_distutils_commands:/home/rockpi/robot_ws/install/my_robot_hardware/lib/python3.12/site-packages:${PYTHONPATH} /usr/bin/python3 -W ignore:setup.py install is deprecated -W ignore:easy_install command is deprecated setup.py egg_info --egg-base ../../build/my_robot_hardware build --build-base /home/rockpi/robot_ws/build/my_robot_hardware/build install --record /home/rockpi/robot_ws/build/my_robot_hardware/install.log --single-version-externally-managed install_data
[8.725s] Level 1:colcon.colcon_core.environment:checking '/home/rockpi/robot_ws/install/my_robot_hardware' for CMake module files
[8.729s] Level 1:colcon.colcon_core.environment:checking '/home/rockpi/robot_ws/install/my_robot_hardware' for CMake config files
[8.736s] Level 1:colcon.colcon_core.environment:checking '/home/rockpi/robot_ws/install/my_robot_hardware/lib'
[8.737s] Level 1:colcon.colcon_core.environment:checking '/home/rockpi/robot_ws/install/my_robot_hardware/bin'
[8.738s] Level 1:colcon.colcon_core.environment:checking '/home/rockpi/robot_ws/install/my_robot_hardware/lib/pkgconfig/my_robot_hardware.pc'
[8.740s] Level 1:colcon.colcon_core.environment:checking '/home/rockpi/robot_ws/install/my_robot_hardware/lib/python3.12/site-packages'
[8.741s] Level 1:colcon.colcon_core.shell:create_environment_hook('my_robot_hardware', 'pythonpath')
[8.742s] INFO:colcon.colcon_core.shell:Creating environment hook '/home/rockpi/robot_ws/install/my_robot_hardware/share/my_robot_hardware/hook/pythonpath.ps1'
[8.746s] INFO:colcon.colcon_core.shell:Creating environment descriptor '/home/rockpi/robot_ws/install/my_robot_hardware/share/my_robot_hardware/hook/pythonpath.dsv'
[8.749s] INFO:colcon.colcon_core.shell:Creating environment hook '/home/rockpi/robot_ws/install/my_robot_hardware/share/my_robot_hardware/hook/pythonpath.sh'
[8.754s] Level 1:colcon.colcon_core.environment:checking '/home/rockpi/robot_ws/install/my_robot_hardware/bin'
[8.755s] Level 1:colcon.colcon_core.environment:create_environment_scripts_only(my_robot_hardware)
[8.757s] INFO:colcon.colcon_core.shell:Creating package script '/home/rockpi/robot_ws/install/my_robot_hardware/share/my_robot_hardware/package.ps1'
[8.761s] INFO:colcon.colcon_core.shell:Creating package descriptor '/home/rockpi/robot_ws/install/my_robot_hardware/share/my_robot_hardware/package.dsv'
[8.765s] INFO:colcon.colcon_core.shell:Creating package script '/home/rockpi/robot_ws/install/my_robot_hardware/share/my_robot_hardware/package.sh'
[8.768s] INFO:colcon.colcon_core.shell:Creating package script '/home/rockpi/robot_ws/install/my_robot_hardware/share/my_robot_hardware/package.bash'
[8.772s] INFO:colcon.colcon_core.shell:Creating package script '/home/rockpi/robot_ws/install/my_robot_hardware/share/my_robot_hardware/package.zsh'
[8.776s] Level 1:colcon.colcon_core.environment:create_file_with_runtime_dependencies(/home/rockpi/robot_ws/install/my_robot_hardware/share/colcon-core/packages/my_robot_hardware)
[8.798s] Level 1:colcon.colcon_core.environment:checking '/home/rockpi/robot_ws/install/my_robot' for CMake module files
[8.800s] DEBUG:colcon.colcon_core.event_handler.log_command:Invoked command in '/home/rockpi/robot_ws/src/my_robot' returned '0': PYTHONPATH=/home/rockpi/robot_ws/build/my_robot/prefix_override:/usr/lib/python3/dist-packages/colcon_core/task/python/colcon_distutils_commands:/home/rockpi/robot_ws/install/my_robot/lib/python3.12/site-packages:${PYTHONPATH} /usr/bin/python3 -W ignore:setup.py install is deprecated -W ignore:easy_install command is deprecated setup.py egg_info --egg-base ../../build/my_robot build --build-base /home/rockpi/robot_ws/build/my_robot/build install --record /home/rockpi/robot_ws/build/my_robot/install.log --single-version-externally-managed install_data
[8.801s] Level 1:colcon.colcon_core.environment:checking '/home/rockpi/robot_ws/install/my_robot' for CMake config files
[8.805s] Level 1:colcon.colcon_core.environment:checking '/home/rockpi/robot_ws/install/my_robot/lib'
[8.806s] Level 1:colcon.colcon_core.environment:checking '/home/rockpi/robot_ws/install/my_robot/bin'
[8.806s] Level 1:colcon.colcon_core.environment:checking '/home/rockpi/robot_ws/install/my_robot/lib/pkgconfig/my_robot.pc'
[8.807s] Level 1:colcon.colcon_core.environment:checking '/home/rockpi/robot_ws/install/my_robot/lib/python3.12/site-packages'
[8.808s] Level 1:colcon.colcon_core.shell:create_environment_hook('my_robot', 'pythonpath')
[8.808s] INFO:colcon.colcon_core.shell:Creating environment hook '/home/rockpi/robot_ws/install/my_robot/share/my_robot/hook/pythonpath.ps1'
[8.810s] INFO:colcon.colcon_core.shell:Creating environment descriptor '/home/rockpi/robot_ws/install/my_robot/share/my_robot/hook/pythonpath.dsv'
[8.812s] INFO:colcon.colcon_core.shell:Creating environment hook '/home/rockpi/robot_ws/install/my_robot/share/my_robot/hook/pythonpath.sh'
[8.816s] Level 1:colcon.colcon_core.environment:checking '/home/rockpi/robot_ws/install/my_robot/bin'
[8.816s] Level 1:colcon.colcon_core.environment:create_environment_scripts_only(my_robot)
[8.817s] INFO:colcon.colcon_core.shell:Creating package script '/home/rockpi/robot_ws/install/my_robot/share/my_robot/package.ps1'
[8.819s] INFO:colcon.colcon_core.shell:Creating package descriptor '/home/rockpi/robot_ws/install/my_robot/share/my_robot/package.dsv'
[8.824s] INFO:colcon.colcon_core.shell:Creating package script '/home/rockpi/robot_ws/install/my_robot/share/my_robot/package.sh'
[8.826s] INFO:colcon.colcon_core.shell:Creating package script '/home/rockpi/robot_ws/install/my_robot/share/my_robot/package.bash'
[8.828s] INFO:colcon.colcon_core.shell:Creating package script '/home/rockpi/robot_ws/install/my_robot/share/my_robot/package.zsh'
[8.830s] Level 1:colcon.colcon_core.environment:create_file_with_runtime_dependencies(/home/rockpi/robot_ws/install/my_robot/share/colcon-core/packages/my_robot)
[8.831s] DEBUG:colcon.colcon_parallel_executor.executor.parallel:closing loop
[8.833s] DEBUG:colcon.colcon_parallel_executor.executor.parallel:loop closed
[8.833s] DEBUG:colcon.colcon_parallel_executor.executor.parallel:run_until_complete finished with '0'
[8.834s] DEBUG:colcon.colcon_core.event_reactor:joining thread
[8.863s] INFO:colcon.colcon_core.plugin_system:Skipping extension 'colcon_notification.desktop_notification.notify_send': Could not find 'notify-send'
[8.863s] INFO:colcon.colcon_core.plugin_system:Skipping extension 'colcon_notification.desktop_notification.terminal_notifier': Not used on non-Darwin systems
[8.864s] INFO:colcon.colcon_core.plugin_system:Skipping extension 'colcon_notification.desktop_notification.win32': Not used on non-Windows systems
[8.864s] INFO:colcon.colcon_notification.desktop_notification:Sending desktop notification using 'notify2'
[8.868s] DEBUG:colcon.colcon_notification.desktop_notification.notify2:Failed to initialize notify2: org.freedesktop.DBus.Error.ServiceUnknown: The name org.freedesktop.Notifications was not provided by any .service files
[8.869s] DEBUG:colcon.colcon_core.event_reactor:joined thread
[8.870s] INFO:colcon.colcon_core.shell:Creating prefix script '/home/rockpi/robot_ws/install/local_setup.ps1'
[8.873s] INFO:colcon.colcon_core.shell:Creating prefix util module '/home/rockpi/robot_ws/install/_local_setup_util_ps1.py'
[8.878s] INFO:colcon.colcon_core.shell:Creating prefix chain script '/home/rockpi/robot_ws/install/setup.ps1'
[8.883s] INFO:colcon.colcon_core.shell:Creating prefix script '/home/rockpi/robot_ws/install/local_setup.sh'
[8.885s] INFO:colcon.colcon_core.shell:Creating prefix util module '/home/rockpi/robot_ws/install/_local_setup_util_sh.py'
[8.888s] INFO:colcon.colcon_core.shell:Creating prefix chain script '/home/rockpi/robot_ws/install/setup.sh'
[8.893s] INFO:colcon.colcon_core.shell:Creating prefix script '/home/rockpi/robot_ws/install/local_setup.bash'
[8.895s] INFO:colcon.colcon_core.shell:Creating prefix chain script '/home/rockpi/robot_ws/install/setup.bash'
[8.900s] INFO:colcon.colcon_core.shell:Creating prefix script '/home/rockpi/robot_ws/install/local_setup.zsh'
[8.902s] INFO:colcon.colcon_core.shell:Creating prefix chain script '/home/rockpi/robot_ws/install/setup.zsh'
