[10.580s] Invoking command in '/home/rockpi/ros_control_ws/src/gesture_control': PYTHONPATH=/home/rockpi/ros_control_ws/build/gesture_control/prefix_override:/usr/lib/python3/dist-packages/colcon_core/task/python/colcon_distutils_commands:/home/rockpi/ros_control_ws/install/gesture_control/lib/python3.12/site-packages:${PYTHONPATH} /usr/bin/python3 -W ignore:setup.py install is deprecated -W ignore:easy_install command is deprecated setup.py egg_info --egg-base ../../build/gesture_control build --build-base /home/rockpi/ros_control_ws/build/gesture_control/build install --record /home/rockpi/ros_control_ws/build/gesture_control/install.log --single-version-externally-managed install_data
[13.042s] running egg_info
[13.207s] writing ../../build/gesture_control/gesture_control.egg-info/PKG-INFO
[13.211s] writing dependency_links to ../../build/gesture_control/gesture_control.egg-info/dependency_links.txt
[13.212s] writing entry points to ../../build/gesture_control/gesture_control.egg-info/entry_points.txt
[13.224s] writing requirements to ../../build/gesture_control/gesture_control.egg-info/requires.txt
[13.228s] writing top-level names to ../../build/gesture_control/gesture_control.egg-info/top_level.txt
[13.535s] reading manifest file '../../build/gesture_control/gesture_control.egg-info/SOURCES.txt'
[13.543s] writing manifest file '../../build/gesture_control/gesture_control.egg-info/SOURCES.txt'
[13.544s] running build
[13.544s] running build_py
[13.554s] copying gesture_control/gesture_node.py -> /home/rockpi/ros_control_ws/build/gesture_control/build/lib/gesture_control
[13.554s] running install
[13.576s] running install_lib
[13.740s] copying /home/rockpi/ros_control_ws/build/gesture_control/build/lib/gesture_control/gesture_node.py -> /home/rockpi/ros_control_ws/install/gesture_control/lib/python3.12/site-packages/gesture_control
[13.748s] byte-compiling /home/rockpi/ros_control_ws/install/gesture_control/lib/python3.12/site-packages/gesture_control/gesture_node.py to gesture_node.cpython-312.pyc
[13.749s] running install_data
[13.755s] running install_egg_info
[13.933s] removing '/home/rockpi/ros_control_ws/install/gesture_control/lib/python3.12/site-packages/gesture_control-0.0.0-py3.12.egg-info' (and everything under it)
[13.942s] Copying ../../build/gesture_control/gesture_control.egg-info to /home/rockpi/ros_control_ws/install/gesture_control/lib/python3.12/site-packages/gesture_control-0.0.0-py3.12.egg-info
[13.947s] running install_scripts
[15.108s] Installing gesture_node script to /home/rockpi/ros_control_ws/install/gesture_control/lib/gesture_control
[15.110s] writing list of installed files to '/home/rockpi/ros_control_ws/build/gesture_control/install.log'
[15.362s] Invoked command in '/home/rockpi/ros_control_ws/src/gesture_control' returned '0': PYTHONPATH=/home/rockpi/ros_control_ws/build/gesture_control/prefix_override:/usr/lib/python3/dist-packages/colcon_core/task/python/colcon_distutils_commands:/home/rockpi/ros_control_ws/install/gesture_control/lib/python3.12/site-packages:${PYTHONPATH} /usr/bin/python3 -W ignore:setup.py install is deprecated -W ignore:easy_install command is deprecated setup.py egg_info --egg-base ../../build/gesture_control build --build-base /home/rockpi/ros_control_ws/build/gesture_control/build install --record /home/rockpi/ros_control_ws/build/gesture_control/install.log --single-version-externally-managed install_data
