[0.836s] DEBUG:colcon:Command line arguments: ['/usr/bin/colcon', 'build', '--packages-select', 'gesture_control']
[0.837s] DEBUG:colcon:Parsed command line arguments: Namespace(log_base=None, log_level=None, verb_name='build', build_base='build', install_base='install', merge_install=False, symlink_install=False, test_result_base=None, continue_on_error=False, executor='parallel', parallel_workers=4, event_handlers=None, ignore_user_meta=False, metas=['./colcon.meta'], base_paths=['.'], packages_ignore=None, packages_ignore_regex=None, paths=None, packages_up_to=None, packages_up_to_regex=None, packages_above=None, packages_above_and_dependencies=None, packages_above_depth=None, packages_select_by_dep=None, packages_skip_by_dep=None, packages_skip_up_to=None, packages_select_build_failed=False, packages_skip_build_finished=False, packages_select_test_failures=False, packages_skip_test_passed=False, packages_select=['gesture_control'], packages_skip=None, packages_select_regex=None, packages_skip_regex=None, packages_start=None, packages_end=None, allow_overriding=[], cmake_args=None, cmake_target=None, cmake_target_skip_unavailable=False, cmake_clean_cache=False, cmake_clean_first=False, cmake_force_configure=False, ament_cmake_args=None, catkin_cmake_args=None, catkin_skip_building_tests=False, mixin_files=None, mixin=None, verb_parser=<colcon_mixin.mixin.mixin_argument.MixinArgumentDecorator object at 0xffffaa071c10>, verb_extension=<colcon_core.verb.build.BuildVerb object at 0xffffaa2224e0>, main=<bound method BuildVerb.main of <colcon_core.verb.build.BuildVerb object at 0xffffaa2224e0>>, mixin_verb=('build',))
[1.143s] Level 1:colcon.colcon_core.package_discovery:discover_packages(colcon_meta) check parameters
[1.144s] Level 1:colcon.colcon_core.package_discovery:discover_packages(recursive) check parameters
[1.144s] Level 1:colcon.colcon_core.package_discovery:discover_packages(ignore) check parameters
[1.144s] Level 1:colcon.colcon_core.package_discovery:discover_packages(path) check parameters
[1.144s] Level 1:colcon.colcon_core.package_discovery:discover_packages(colcon_meta) discover
[1.145s] Level 1:colcon.colcon_core.package_discovery:discover_packages(recursive) discover
[1.145s] INFO:colcon.colcon_core.package_discovery:Crawling recursively for packages in '/home/rockpi/ros_control_ws'
[1.145s] Level 1:colcon.colcon_core.package_identification:_identify(.) by extensions ['ignore', 'ignore_ament_install']
[1.146s] Level 1:colcon.colcon_core.package_identification:_identify(.) by extension 'ignore'
[1.146s] Level 1:colcon.colcon_core.package_identification:_identify(.) by extension 'ignore_ament_install'
[1.146s] Level 1:colcon.colcon_core.package_identification:_identify(.) by extensions ['colcon_pkg']
[1.146s] Level 1:colcon.colcon_core.package_identification:_identify(.) by extension 'colcon_pkg'
[1.147s] Level 1:colcon.colcon_core.package_identification:_identify(.) by extensions ['colcon_meta']
[1.147s] Level 1:colcon.colcon_core.package_identification:_identify(.) by extension 'colcon_meta'
[1.147s] Level 1:colcon.colcon_core.package_identification:_identify(.) by extensions ['ros']
[1.147s] Level 1:colcon.colcon_core.package_identification:_identify(.) by extension 'ros'
[1.300s] Level 1:colcon.colcon_core.package_identification:_identify(.) by extensions ['cmake', 'python']
[1.300s] Level 1:colcon.colcon_core.package_identification:_identify(.) by extension 'cmake'
[1.300s] Level 1:colcon.colcon_core.package_identification:_identify(.) by extension 'python'
[1.301s] Level 1:colcon.colcon_core.package_identification:_identify(.) by extensions ['python_setup_py']
[1.301s] Level 1:colcon.colcon_core.package_identification:_identify(.) by extension 'python_setup_py'
[1.302s] Level 1:colcon.colcon_core.package_identification:_identify(build) by extensions ['ignore', 'ignore_ament_install']
[1.302s] Level 1:colcon.colcon_core.package_identification:_identify(build) by extension 'ignore'
[1.302s] Level 1:colcon.colcon_core.package_identification:_identify(build) ignored
[1.303s] Level 1:colcon.colcon_core.package_identification:_identify(install) by extensions ['ignore', 'ignore_ament_install']
[1.303s] Level 1:colcon.colcon_core.package_identification:_identify(install) by extension 'ignore'
[1.304s] Level 1:colcon.colcon_core.package_identification:_identify(install) ignored
[1.305s] Level 1:colcon.colcon_core.package_identification:_identify(log) by extensions ['ignore', 'ignore_ament_install']
[1.305s] Level 1:colcon.colcon_core.package_identification:_identify(log) by extension 'ignore'
[1.305s] Level 1:colcon.colcon_core.package_identification:_identify(log) ignored
[1.306s] Level 1:colcon.colcon_core.package_identification:_identify(src) by extensions ['ignore', 'ignore_ament_install']
[1.306s] Level 1:colcon.colcon_core.package_identification:_identify(src) by extension 'ignore'
[1.306s] Level 1:colcon.colcon_core.package_identification:_identify(src) by extension 'ignore_ament_install'
[1.306s] Level 1:colcon.colcon_core.package_identification:_identify(src) by extensions ['colcon_pkg']
[1.307s] Level 1:colcon.colcon_core.package_identification:_identify(src) by extension 'colcon_pkg'
[1.307s] Level 1:colcon.colcon_core.package_identification:_identify(src) by extensions ['colcon_meta']
[1.307s] Level 1:colcon.colcon_core.package_identification:_identify(src) by extension 'colcon_meta'
[1.307s] Level 1:colcon.colcon_core.package_identification:_identify(src) by extensions ['ros']
[1.307s] Level 1:colcon.colcon_core.package_identification:_identify(src) by extension 'ros'
[1.308s] Level 1:colcon.colcon_core.package_identification:_identify(src) by extensions ['cmake', 'python']
[1.308s] Level 1:colcon.colcon_core.package_identification:_identify(src) by extension 'cmake'
[1.308s] Level 1:colcon.colcon_core.package_identification:_identify(src) by extension 'python'
[1.308s] Level 1:colcon.colcon_core.package_identification:_identify(src) by extensions ['python_setup_py']
[1.308s] Level 1:colcon.colcon_core.package_identification:_identify(src) by extension 'python_setup_py'
[1.309s] Level 1:colcon.colcon_core.package_identification:_identify(src/gesture_control) by extensions ['ignore', 'ignore_ament_install']
[1.309s] Level 1:colcon.colcon_core.package_identification:_identify(src/gesture_control) by extension 'ignore'
[1.309s] Level 1:colcon.colcon_core.package_identification:_identify(src/gesture_control) by extension 'ignore_ament_install'
[1.310s] Level 1:colcon.colcon_core.package_identification:_identify(src/gesture_control) by extensions ['colcon_pkg']
[1.310s] Level 1:colcon.colcon_core.package_identification:_identify(src/gesture_control) by extension 'colcon_pkg'
[1.310s] Level 1:colcon.colcon_core.package_identification:_identify(src/gesture_control) by extensions ['colcon_meta']
[1.310s] Level 1:colcon.colcon_core.package_identification:_identify(src/gesture_control) by extension 'colcon_meta'
[1.310s] Level 1:colcon.colcon_core.package_identification:_identify(src/gesture_control) by extensions ['ros']
[1.310s] Level 1:colcon.colcon_core.package_identification:_identify(src/gesture_control) by extension 'ros'
[1.324s] DEBUG:colcon.colcon_core.package_identification:Package 'src/gesture_control' with type 'ros.ament_python' and name 'gesture_control'
[1.325s] Level 1:colcon.colcon_core.package_identification:_identify(src/my_robot) by extensions ['ignore', 'ignore_ament_install']
[1.325s] Level 1:colcon.colcon_core.package_identification:_identify(src/my_robot) by extension 'ignore'
[1.325s] Level 1:colcon.colcon_core.package_identification:_identify(src/my_robot) by extension 'ignore_ament_install'
[1.326s] Level 1:colcon.colcon_core.package_identification:_identify(src/my_robot) by extensions ['colcon_pkg']
[1.326s] Level 1:colcon.colcon_core.package_identification:_identify(src/my_robot) by extension 'colcon_pkg'
[1.326s] Level 1:colcon.colcon_core.package_identification:_identify(src/my_robot) by extensions ['colcon_meta']
[1.326s] Level 1:colcon.colcon_core.package_identification:_identify(src/my_robot) by extension 'colcon_meta'
[1.327s] Level 1:colcon.colcon_core.package_identification:_identify(src/my_robot) by extensions ['ros']
[1.327s] Level 1:colcon.colcon_core.package_identification:_identify(src/my_robot) by extension 'ros'
[1.331s] DEBUG:colcon.colcon_core.package_identification:Package 'src/my_robot' with type 'ros.ament_python' and name 'my_robot'
[1.332s] Level 1:colcon.colcon_core.package_identification:_identify(src/my_robot_hardware) by extensions ['ignore', 'ignore_ament_install']
[1.332s] Level 1:colcon.colcon_core.package_identification:_identify(src/my_robot_hardware) by extension 'ignore'
[1.332s] Level 1:colcon.colcon_core.package_identification:_identify(src/my_robot_hardware) by extension 'ignore_ament_install'
[1.333s] Level 1:colcon.colcon_core.package_identification:_identify(src/my_robot_hardware) by extensions ['colcon_pkg']
[1.333s] Level 1:colcon.colcon_core.package_identification:_identify(src/my_robot_hardware) by extension 'colcon_pkg'
[1.333s] Level 1:colcon.colcon_core.package_identification:_identify(src/my_robot_hardware) by extensions ['colcon_meta']
[1.333s] Level 1:colcon.colcon_core.package_identification:_identify(src/my_robot_hardware) by extension 'colcon_meta'
[1.333s] Level 1:colcon.colcon_core.package_identification:_identify(src/my_robot_hardware) by extensions ['ros']
[1.334s] Level 1:colcon.colcon_core.package_identification:_identify(src/my_robot_hardware) by extension 'ros'
[1.337s] DEBUG:colcon.colcon_core.package_identification:Package 'src/my_robot_hardware' with type 'ros.ament_python' and name 'my_robot_hardware'
[1.338s] Level 1:colcon.colcon_core.package_identification:_identify(src/my_robot_hardware_interface) by extensions ['ignore', 'ignore_ament_install']
[1.338s] Level 1:colcon.colcon_core.package_identification:_identify(src/my_robot_hardware_interface) by extension 'ignore'
[1.338s] Level 1:colcon.colcon_core.package_identification:_identify(src/my_robot_hardware_interface) by extension 'ignore_ament_install'
[1.339s] Level 1:colcon.colcon_core.package_identification:_identify(src/my_robot_hardware_interface) by extensions ['colcon_pkg']
[1.339s] Level 1:colcon.colcon_core.package_identification:_identify(src/my_robot_hardware_interface) by extension 'colcon_pkg'
[1.339s] Level 1:colcon.colcon_core.package_identification:_identify(src/my_robot_hardware_interface) by extensions ['colcon_meta']
[1.339s] Level 1:colcon.colcon_core.package_identification:_identify(src/my_robot_hardware_interface) by extension 'colcon_meta'
[1.339s] Level 1:colcon.colcon_core.package_identification:_identify(src/my_robot_hardware_interface) by extensions ['ros']
[1.340s] Level 1:colcon.colcon_core.package_identification:_identify(src/my_robot_hardware_interface) by extension 'ros'
[1.344s] DEBUG:colcon.colcon_core.package_identification:Package 'src/my_robot_hardware_interface' with type 'ros.ament_cmake' and name 'my_robot_hardware_interface'
[1.344s] Level 1:colcon.colcon_core.package_discovery:discover_packages(recursive) using defaults
[1.344s] Level 1:colcon.colcon_core.package_discovery:discover_packages(ignore) discover
[1.344s] Level 1:colcon.colcon_core.package_discovery:discover_packages(ignore) using defaults
[1.344s] Level 1:colcon.colcon_core.package_discovery:discover_packages(path) discover
[1.345s] Level 1:colcon.colcon_core.package_discovery:discover_packages(path) using defaults
[1.439s] INFO:colcon.colcon_core.package_selection:Skipping not selected package 'my_robot' in 'src/my_robot'
[1.439s] INFO:colcon.colcon_core.package_selection:Skipping not selected package 'my_robot_hardware' in 'src/my_robot_hardware'
[1.439s] INFO:colcon.colcon_core.package_selection:Skipping not selected package 'my_robot_hardware_interface' in 'src/my_robot_hardware_interface'
[1.442s] Level 1:colcon.colcon_core.package_discovery:discover_packages(prefix_path) check parameters
[1.442s] Level 1:colcon.colcon_core.package_discovery:discover_packages(prefix_path) discover
[1.470s] DEBUG:colcon.colcon_installed_package_information.package_discovery:Found 346 installed packages in /opt/ros/jazzy
[1.474s] Level 1:colcon.colcon_core.package_discovery:discover_packages(prefix_path) using defaults
[1.702s] Level 5:colcon.colcon_core.verb:set package 'gesture_control' build argument 'cmake_args' from command line to 'None'
[1.702s] Level 5:colcon.colcon_core.verb:set package 'gesture_control' build argument 'cmake_target' from command line to 'None'
[1.703s] Level 5:colcon.colcon_core.verb:set package 'gesture_control' build argument 'cmake_target_skip_unavailable' from command line to 'False'
[1.703s] Level 5:colcon.colcon_core.verb:set package 'gesture_control' build argument 'cmake_clean_cache' from command line to 'False'
[1.703s] Level 5:colcon.colcon_core.verb:set package 'gesture_control' build argument 'cmake_clean_first' from command line to 'False'
[1.703s] Level 5:colcon.colcon_core.verb:set package 'gesture_control' build argument 'cmake_force_configure' from command line to 'False'
[1.703s] Level 5:colcon.colcon_core.verb:set package 'gesture_control' build argument 'ament_cmake_args' from command line to 'None'
[1.703s] Level 5:colcon.colcon_core.verb:set package 'gesture_control' build argument 'catkin_cmake_args' from command line to 'None'
[1.703s] Level 5:colcon.colcon_core.verb:set package 'gesture_control' build argument 'catkin_skip_building_tests' from command line to 'False'
[1.703s] DEBUG:colcon.colcon_core.verb:Building package 'gesture_control' with the following arguments: {'ament_cmake_args': None, 'build_base': '/home/rockpi/ros_control_ws/build/gesture_control', 'catkin_cmake_args': None, 'catkin_skip_building_tests': False, 'cmake_args': None, 'cmake_clean_cache': False, 'cmake_clean_first': False, 'cmake_force_configure': False, 'cmake_target': None, 'cmake_target_skip_unavailable': False, 'install_base': '/home/rockpi/ros_control_ws/install/gesture_control', 'merge_install': False, 'path': '/home/rockpi/ros_control_ws/src/gesture_control', 'symlink_install': False, 'test_result_base': None}
[1.704s] INFO:colcon.colcon_core.executor:Executing jobs using 'parallel' executor
[1.707s] DEBUG:colcon.colcon_parallel_executor.executor.parallel:run_until_complete
[1.708s] INFO:colcon.colcon_ros.task.ament_python.build:Building ROS package in '/home/rockpi/ros_control_ws/src/gesture_control' with build type 'ament_python'
[1.709s] Level 1:colcon.colcon_core.shell:create_environment_hook('gesture_control', 'ament_prefix_path')
[1.729s] INFO:colcon.colcon_core.plugin_system:Skipping extension 'colcon_core.shell.bat': Not used on non-Windows systems
[1.730s] INFO:colcon.colcon_core.shell:Creating environment hook '/home/rockpi/ros_control_ws/install/gesture_control/share/gesture_control/hook/ament_prefix_path.ps1'
[1.734s] INFO:colcon.colcon_core.shell:Creating environment descriptor '/home/rockpi/ros_control_ws/install/gesture_control/share/gesture_control/hook/ament_prefix_path.dsv'
[1.738s] INFO:colcon.colcon_core.shell:Creating environment hook '/home/rockpi/ros_control_ws/install/gesture_control/share/gesture_control/hook/ament_prefix_path.sh'
[1.742s] INFO:colcon.colcon_core.shell:Skip shell extension 'powershell' for command environment: Not usable outside of PowerShell
[1.742s] DEBUG:colcon.colcon_core.shell:Skip shell extension 'dsv' for command environment
[2.781s] INFO:colcon.colcon_core.task.python.build:Building Python package in '/home/rockpi/ros_control_ws/src/gesture_control'
[2.782s] INFO:colcon.colcon_core.shell:Skip shell extension 'powershell' for command environment: Not usable outside of PowerShell
[2.782s] DEBUG:colcon.colcon_core.shell:Skip shell extension 'dsv' for command environment
[6.239s] DEBUG:colcon.colcon_core.event_handler.log_command:Invoking command in '/home/rockpi/ros_control_ws/src/gesture_control': PYTHONPATH=/home/rockpi/ros_control_ws/build/gesture_control/prefix_override:/usr/lib/python3/dist-packages/colcon_core/task/python/colcon_distutils_commands:/home/rockpi/ros_control_ws/install/gesture_control/lib/python3.12/site-packages:${PYTHONPATH} /usr/bin/python3 -W ignore:setup.py install is deprecated -W ignore:easy_install command is deprecated setup.py egg_info --egg-base ../../build/gesture_control build --build-base /home/rockpi/ros_control_ws/build/gesture_control/build install --record /home/rockpi/ros_control_ws/build/gesture_control/install.log --single-version-externally-managed install_data
[8.840s] DEBUG:colcon.colcon_core.event_handler.log_command:Invoked command in '/home/rockpi/ros_control_ws/src/gesture_control' returned '0': PYTHONPATH=/home/rockpi/ros_control_ws/build/gesture_control/prefix_override:/usr/lib/python3/dist-packages/colcon_core/task/python/colcon_distutils_commands:/home/rockpi/ros_control_ws/install/gesture_control/lib/python3.12/site-packages:${PYTHONPATH} /usr/bin/python3 -W ignore:setup.py install is deprecated -W ignore:easy_install command is deprecated setup.py egg_info --egg-base ../../build/gesture_control build --build-base /home/rockpi/ros_control_ws/build/gesture_control/build install --record /home/rockpi/ros_control_ws/build/gesture_control/install.log --single-version-externally-managed install_data
[8.867s] Level 1:colcon.colcon_core.environment:checking '/home/rockpi/ros_control_ws/install/gesture_control' for CMake module files
[8.871s] Level 1:colcon.colcon_core.environment:checking '/home/rockpi/ros_control_ws/install/gesture_control' for CMake config files
[8.875s] Level 1:colcon.colcon_core.environment:checking '/home/rockpi/ros_control_ws/install/gesture_control/lib'
[8.876s] Level 1:colcon.colcon_core.environment:checking '/home/rockpi/ros_control_ws/install/gesture_control/bin'
[8.876s] Level 1:colcon.colcon_core.environment:checking '/home/rockpi/ros_control_ws/install/gesture_control/lib/pkgconfig/gesture_control.pc'
[8.877s] Level 1:colcon.colcon_core.environment:checking '/home/rockpi/ros_control_ws/install/gesture_control/lib/python3.12/site-packages'
[8.878s] Level 1:colcon.colcon_core.shell:create_environment_hook('gesture_control', 'pythonpath')
[8.879s] INFO:colcon.colcon_core.shell:Creating environment hook '/home/rockpi/ros_control_ws/install/gesture_control/share/gesture_control/hook/pythonpath.ps1'
[8.881s] INFO:colcon.colcon_core.shell:Creating environment descriptor '/home/rockpi/ros_control_ws/install/gesture_control/share/gesture_control/hook/pythonpath.dsv'
[8.883s] INFO:colcon.colcon_core.shell:Creating environment hook '/home/rockpi/ros_control_ws/install/gesture_control/share/gesture_control/hook/pythonpath.sh'
[8.886s] Level 1:colcon.colcon_core.environment:checking '/home/rockpi/ros_control_ws/install/gesture_control/bin'
[8.886s] Level 1:colcon.colcon_core.environment:create_environment_scripts_only(gesture_control)
[8.887s] INFO:colcon.colcon_core.shell:Creating package script '/home/rockpi/ros_control_ws/install/gesture_control/share/gesture_control/package.ps1'
[8.891s] INFO:colcon.colcon_core.shell:Creating package descriptor '/home/rockpi/ros_control_ws/install/gesture_control/share/gesture_control/package.dsv'
[8.894s] INFO:colcon.colcon_core.shell:Creating package script '/home/rockpi/ros_control_ws/install/gesture_control/share/gesture_control/package.sh'
[8.898s] INFO:colcon.colcon_core.shell:Creating package script '/home/rockpi/ros_control_ws/install/gesture_control/share/gesture_control/package.bash'
[8.907s] INFO:colcon.colcon_core.shell:Creating package script '/home/rockpi/ros_control_ws/install/gesture_control/share/gesture_control/package.zsh'
[8.911s] Level 1:colcon.colcon_core.environment:create_file_with_runtime_dependencies(/home/rockpi/ros_control_ws/install/gesture_control/share/colcon-core/packages/gesture_control)
[8.913s] DEBUG:colcon.colcon_parallel_executor.executor.parallel:closing loop
[8.915s] DEBUG:colcon.colcon_parallel_executor.executor.parallel:loop closed
[8.916s] DEBUG:colcon.colcon_parallel_executor.executor.parallel:run_until_complete finished with '0'
[8.916s] DEBUG:colcon.colcon_core.event_reactor:joining thread
[8.949s] INFO:colcon.colcon_core.plugin_system:Skipping extension 'colcon_notification.desktop_notification.notify_send': Could not find 'notify-send'
[8.949s] INFO:colcon.colcon_core.plugin_system:Skipping extension 'colcon_notification.desktop_notification.terminal_notifier': Not used on non-Darwin systems
[8.949s] INFO:colcon.colcon_core.plugin_system:Skipping extension 'colcon_notification.desktop_notification.win32': Not used on non-Windows systems
[8.950s] INFO:colcon.colcon_notification.desktop_notification:Sending desktop notification using 'notify2'
[9.004s] DEBUG:colcon.colcon_notification.desktop_notification.notify2:Failed to initialize notify2: org.freedesktop.DBus.Error.ServiceUnknown: The name org.freedesktop.Notifications was not provided by any .service files
[9.005s] DEBUG:colcon.colcon_core.event_reactor:joined thread
[9.006s] INFO:colcon.colcon_core.shell:Creating prefix script '/home/rockpi/ros_control_ws/install/local_setup.ps1'
[9.011s] INFO:colcon.colcon_core.shell:Creating prefix util module '/home/rockpi/ros_control_ws/install/_local_setup_util_ps1.py'
[9.018s] INFO:colcon.colcon_core.shell:Creating prefix chain script '/home/rockpi/ros_control_ws/install/setup.ps1'
[9.023s] INFO:colcon.colcon_core.shell:Creating prefix script '/home/rockpi/ros_control_ws/install/local_setup.sh'
[9.026s] INFO:colcon.colcon_core.shell:Creating prefix util module '/home/rockpi/ros_control_ws/install/_local_setup_util_sh.py'
[9.029s] INFO:colcon.colcon_core.shell:Creating prefix chain script '/home/rockpi/ros_control_ws/install/setup.sh'
[9.034s] INFO:colcon.colcon_core.shell:Creating prefix script '/home/rockpi/ros_control_ws/install/local_setup.bash'
[9.041s] INFO:colcon.colcon_core.shell:Creating prefix chain script '/home/rockpi/ros_control_ws/install/setup.bash'
[9.046s] INFO:colcon.colcon_core.shell:Creating prefix script '/home/rockpi/ros_control_ws/install/local_setup.zsh'
[9.051s] INFO:colcon.colcon_core.shell:Creating prefix chain script '/home/rockpi/ros_control_ws/install/setup.zsh'
