[22.917s] Invoking command in '/home/rockpi/ros_control_ws/src/gesture_control': PYTHONPATH=/home/rockpi/ros_control_ws/build/gesture_control/prefix_override:/usr/lib/python3/dist-packages/colcon_core/task/python/colcon_distutils_commands:/home/rockpi/ros_control_ws/install/gesture_control/lib/python3.12/site-packages:${PYTHONPATH} /usr/bin/python3 -W ignore:setup.py install is deprecated -W ignore:easy_install command is deprecated setup.py egg_info --egg-base ../../build/gesture_control build --build-base /home/rockpi/ros_control_ws/build/gesture_control/build install --record /home/rockpi/ros_control_ws/build/gesture_control/install.log --single-version-externally-managed install_data
[29.251s] running egg_info
[29.904s] writing ../../build/gesture_control/gesture_control.egg-info/PKG-INFO
[29.917s] writing dependency_links to ../../build/gesture_control/gesture_control.egg-info/dependency_links.txt
[29.935s] writing entry points to ../../build/gesture_control/gesture_control.egg-info/entry_points.txt
[29.943s] writing requirements to ../../build/gesture_control/gesture_control.egg-info/requires.txt
[29.945s] writing top-level names to ../../build/gesture_control/gesture_control.egg-info/top_level.txt
[31.086s] reading manifest file '../../build/gesture_control/gesture_control.egg-info/SOURCES.txt'
[31.092s] writing manifest file '../../build/gesture_control/gesture_control.egg-info/SOURCES.txt'
[31.097s] running build
[31.102s] running build_py
[31.102s] copying gesture_control/gesture_node.py -> /home/rockpi/ros_control_ws/build/gesture_control/build/lib/gesture_control
[31.103s] running install
[31.129s] running install_lib
[31.348s] copying /home/rockpi/ros_control_ws/build/gesture_control/build/lib/gesture_control/gesture_node.py -> /home/rockpi/ros_control_ws/install/gesture_control/lib/python3.12/site-packages/gesture_control
[31.352s] byte-compiling /home/rockpi/ros_control_ws/install/gesture_control/lib/python3.12/site-packages/gesture_control/gesture_node.py to gesture_node.cpython-312.pyc
[31.363s] running install_data
[31.365s] running install_egg_info
[31.812s] removing '/home/rockpi/ros_control_ws/install/gesture_control/lib/python3.12/site-packages/gesture_control-0.0.0-py3.12.egg-info' (and everything under it)
[31.815s] Copying ../../build/gesture_control/gesture_control.egg-info to /home/rockpi/ros_control_ws/install/gesture_control/lib/python3.12/site-packages/gesture_control-0.0.0-py3.12.egg-info
[31.833s] running install_scripts
[34.704s] Installing gesture_node script to /home/rockpi/ros_control_ws/install/gesture_control/lib/gesture_control
[34.707s] writing list of installed files to '/home/rockpi/ros_control_ws/build/gesture_control/install.log'
[35.077s] Invoked command in '/home/rockpi/ros_control_ws/src/gesture_control' returned '0': PYTHONPATH=/home/rockpi/ros_control_ws/build/gesture_control/prefix_override:/usr/lib/python3/dist-packages/colcon_core/task/python/colcon_distutils_commands:/home/rockpi/ros_control_ws/install/gesture_control/lib/python3.12/site-packages:${PYTHONPATH} /usr/bin/python3 -W ignore:setup.py install is deprecated -W ignore:easy_install command is deprecated setup.py egg_info --egg-base ../../build/gesture_control build --build-base /home/rockpi/ros_control_ws/build/gesture_control/build install --record /home/rockpi/ros_control_ws/build/gesture_control/install.log --single-version-externally-managed install_data
