[10.401s] Invoking command in '/home/rockpi/robot_ws/src/my_robot': PYTHONPATH=/home/rockpi/robot_ws/build/my_robot/prefix_override:/usr/lib/python3/dist-packages/colcon_core/task/python/colcon_distutils_commands:/home/rockpi/robot_ws/install/my_robot/lib/python3.12/site-packages:${PYTHONPATH} /usr/bin/python3 -W ignore:setup.py install is deprecated -W ignore:easy_install command is deprecated setup.py egg_info --egg-base ../../build/my_robot build --build-base /home/rockpi/robot_ws/build/my_robot/build install --record /home/rockpi/robot_ws/build/my_robot/install.log --single-version-externally-managed install_data
[13.669s] running egg_info
[13.799s] writing ../../build/my_robot/my_robot.egg-info/PKG-INFO
[13.800s] writing dependency_links to ../../build/my_robot/my_robot.egg-info/dependency_links.txt
[13.802s] writing entry points to ../../build/my_robot/my_robot.egg-info/entry_points.txt
[13.803s] writing requirements to ../../build/my_robot/my_robot.egg-info/requires.txt
[13.804s] writing top-level names to ../../build/my_robot/my_robot.egg-info/top_level.txt
[14.272s] reading manifest file '../../build/my_robot/my_robot.egg-info/SOURCES.txt'
[14.284s] writing manifest file '../../build/my_robot/my_robot.egg-info/SOURCES.txt'
[14.286s] running build
[14.288s] running build_py
[14.291s] running install
[14.369s] running install_lib
[14.629s] running install_data
[14.634s] copying config/nav2_params.yaml -> /home/rockpi/robot_ws/install/my_robot/share/my_robot/config
[14.639s] running install_egg_info
[14.902s] removing '/home/rockpi/robot_ws/install/my_robot/lib/python3.12/site-packages/my_robot-0.0.1-py3.12.egg-info' (and everything under it)
[14.906s] Copying ../../build/my_robot/my_robot.egg-info to /home/rockpi/robot_ws/install/my_robot/lib/python3.12/site-packages/my_robot-0.0.1-py3.12.egg-info
[14.922s] running install_scripts
[16.728s] Installing diff_drive_controller script to /home/rockpi/robot_ws/install/my_robot/lib/my_robot
[16.730s] Installing imu_node script to /home/rockpi/robot_ws/install/my_robot/lib/my_robot
[16.734s] Installing odometry_node script to /home/rockpi/robot_ws/install/my_robot/lib/my_robot
[16.739s] writing list of installed files to '/home/rockpi/robot_ws/build/my_robot/install.log'
[17.047s] Invoked command in '/home/rockpi/robot_ws/src/my_robot' returned '0': PYTHONPATH=/home/rockpi/robot_ws/build/my_robot/prefix_override:/usr/lib/python3/dist-packages/colcon_core/task/python/colcon_distutils_commands:/home/rockpi/robot_ws/install/my_robot/lib/python3.12/site-packages:${PYTHONPATH} /usr/bin/python3 -W ignore:setup.py install is deprecated -W ignore:easy_install command is deprecated setup.py egg_info --egg-base ../../build/my_robot build --build-base /home/rockpi/robot_ws/build/my_robot/build install --record /home/rockpi/robot_ws/build/my_robot/install.log --single-version-externally-managed install_data
