[10.449s] Invoking command in '/home/rockpi/ros_control_ws/build/my_robot_hardware_interface': CMAKE_PREFIX_PATH=${CMAKE_PREFIX_PATH}:/home/rockpi/ros_control_ws/install/my_robot_hardware:/home/rockpi/ros_control_ws/install/my_robot:/opt/ros/jazzy /usr/bin/cmake --build /home/rockpi/ros_control_ws/build/my_robot_hardware_interface -- -j4 -l4
[12.294s] [100%] Built target my_robot_hardware
[12.610s] Invoked command in '/home/rockpi/ros_control_ws/build/my_robot_hardware_interface' returned '0': CMAKE_PREFIX_PATH=${CMAKE_PREFIX_PATH}:/home/rockpi/ros_control_ws/install/my_robot_hardware:/home/rockpi/ros_control_ws/install/my_robot:/opt/ros/jazzy /usr/bin/cmake --build /home/rockpi/ros_control_ws/build/my_robot_hardware_interface -- -j4 -l4
[12.956s] Invoking command in '/home/rockpi/ros_control_ws/build/my_robot_hardware_interface': CMAKE_PREFIX_PATH=${CMAKE_PREFIX_PATH}:/home/rockpi/ros_control_ws/install/my_robot_hardware:/home/rockpi/ros_control_ws/install/my_robot:/opt/ros/jazzy /usr/bin/cmake --install /home/rockpi/ros_control_ws/build/my_robot_hardware_interface
[13.238s] -- Install configuration: ""
[13.249s] -- Up-to-date: /home/rockpi/ros_control_ws/install/my_robot_hardware_interface/share/my_robot_hardware_interface/my_robot_hardware_interface.xml
[13.254s] -- Up-to-date: /home/rockpi/ros_control_ws/install/my_robot_hardware_interface/lib/libmy_robot_hardware.so
[13.255s] -- Up-to-date: /home/rockpi/ros_control_ws/install/my_robot_hardware_interface/include
[13.255s] -- Up-to-date: /home/rockpi/ros_control_ws/install/my_robot_hardware_interface/include/my_robot_hardware_interface
[13.256s] -- Up-to-date: /home/rockpi/ros_control_ws/install/my_robot_hardware_interface/include/my_robot_hardware_interface/my_robot_hardware.hpp
[13.256s] -- Up-to-date: /home/rockpi/ros_control_ws/install/my_robot_hardware_interface/share/my_robot_hardware_interface/environment/library_path.sh
[13.257s] -- Up-to-date: /home/rockpi/ros_control_ws/install/my_robot_hardware_interface/share/my_robot_hardware_interface/environment/library_path.dsv
[13.258s] -- Up-to-date: /home/rockpi/ros_control_ws/install/my_robot_hardware_interface/share/ament_index/resource_index/package_run_dependencies/my_robot_hardware_interface
[13.259s] -- Up-to-date: /home/rockpi/ros_control_ws/install/my_robot_hardware_interface/share/ament_index/resource_index/parent_prefix_path/my_robot_hardware_interface
[13.259s] -- Up-to-date: /home/rockpi/ros_control_ws/install/my_robot_hardware_interface/share/my_robot_hardware_interface/environment/ament_prefix_path.sh
[13.260s] -- Up-to-date: /home/rockpi/ros_control_ws/install/my_robot_hardware_interface/share/my_robot_hardware_interface/environment/ament_prefix_path.dsv
[13.260s] -- Up-to-date: /home/rockpi/ros_control_ws/install/my_robot_hardware_interface/share/my_robot_hardware_interface/environment/path.sh
[13.261s] -- Up-to-date: /home/rockpi/ros_control_ws/install/my_robot_hardware_interface/share/my_robot_hardware_interface/environment/path.dsv
[13.261s] -- Up-to-date: /home/rockpi/ros_control_ws/install/my_robot_hardware_interface/share/my_robot_hardware_interface/local_setup.bash
[13.262s] -- Up-to-date: /home/rockpi/ros_control_ws/install/my_robot_hardware_interface/share/my_robot_hardware_interface/local_setup.sh
[13.265s] -- Up-to-date: /home/rockpi/ros_control_ws/install/my_robot_hardware_interface/share/my_robot_hardware_interface/local_setup.zsh
[13.266s] -- Up-to-date: /home/rockpi/ros_control_ws/install/my_robot_hardware_interface/share/my_robot_hardware_interface/local_setup.dsv
[13.278s] -- Installing: /home/rockpi/ros_control_ws/install/my_robot_hardware_interface/share/my_robot_hardware_interface/package.dsv
[13.288s] -- Up-to-date: /home/rockpi/ros_control_ws/install/my_robot_hardware_interface/share/ament_index/resource_index/packages/my_robot_hardware_interface
[13.297s] -- Up-to-date: /home/rockpi/ros_control_ws/install/my_robot_hardware_interface/share/ament_index/resource_index/hardware_interface__pluginlib__plugin/my_robot_hardware_interface
[13.315s] -- Up-to-date: /home/rockpi/ros_control_ws/install/my_robot_hardware_interface/share/my_robot_hardware_interface/cmake/export_my_robot_hardwareExport.cmake
[13.316s] -- Up-to-date: /home/rockpi/ros_control_ws/install/my_robot_hardware_interface/share/my_robot_hardware_interface/cmake/export_my_robot_hardwareExport-noconfig.cmake
[13.317s] -- Up-to-date: /home/rockpi/ros_control_ws/install/my_robot_hardware_interface/share/my_robot_hardware_interface/cmake/ament_cmake_export_libraries-extras.cmake
[13.320s] -- Up-to-date: /home/rockpi/ros_control_ws/install/my_robot_hardware_interface/share/my_robot_hardware_interface/cmake/ament_cmake_export_targets-extras.cmake
[13.322s] -- Up-to-date: /home/rockpi/ros_control_ws/install/my_robot_hardware_interface/share/my_robot_hardware_interface/cmake/ament_cmake_export_dependencies-extras.cmake
[13.334s] -- Up-to-date: /home/rockpi/ros_control_ws/install/my_robot_hardware_interface/share/my_robot_hardware_interface/cmake/my_robot_hardware_interfaceConfig.cmake
[13.347s] -- Up-to-date: /home/rockpi/ros_control_ws/install/my_robot_hardware_interface/share/my_robot_hardware_interface/cmake/my_robot_hardware_interfaceConfig-version.cmake
[13.356s] -- Up-to-date: /home/rockpi/ros_control_ws/install/my_robot_hardware_interface/share/my_robot_hardware_interface/package.xml
[13.379s] Invoked command in '/home/rockpi/ros_control_ws/build/my_robot_hardware_interface' returned '0': CMAKE_PREFIX_PATH=${CMAKE_PREFIX_PATH}:/home/rockpi/ros_control_ws/install/my_robot_hardware:/home/rockpi/ros_control_ws/install/my_robot:/opt/ros/jazzy /usr/bin/cmake --install /home/rockpi/ros_control_ws/build/my_robot_hardware_interface
