[1.222s] DEBUG:colcon:Command line arguments: ['/usr/bin/colcon', 'build']
[1.223s] DEBUG:colcon:Parsed command line arguments: Namespace(log_base=None, log_level=None, verb_name='build', build_base='build', install_base='install', merge_install=False, symlink_install=False, test_result_base=None, continue_on_error=False, executor='parallel', parallel_workers=4, event_handlers=None, ignore_user_meta=False, metas=['./colcon.meta'], base_paths=['.'], packages_ignore=None, packages_ignore_regex=None, paths=None, packages_up_to=None, packages_up_to_regex=None, packages_above=None, packages_above_and_dependencies=None, packages_above_depth=None, packages_select_by_dep=None, packages_skip_by_dep=None, packages_skip_up_to=None, packages_select_build_failed=False, packages_skip_build_finished=False, packages_select_test_failures=False, packages_skip_test_passed=False, packages_select=None, packages_skip=None, packages_select_regex=None, packages_skip_regex=None, packages_start=None, packages_end=None, allow_overriding=[], cmake_args=None, cmake_target=None, cmake_target_skip_unavailable=False, cmake_clean_cache=False, cmake_clean_first=False, cmake_force_configure=False, ament_cmake_args=None, catkin_cmake_args=None, catkin_skip_building_tests=False, mixin_files=None, mixin=None, verb_parser=<colcon_mixin.mixin.mixin_argument.MixinArgumentDecorator object at 0xffffacf41a90>, verb_extension=<colcon_core.verb.build.BuildVerb object at 0xffffad0e62a0>, main=<bound method BuildVerb.main of <colcon_core.verb.build.BuildVerb object at 0xffffad0e62a0>>, mixin_verb=('build',))
[1.624s] Level 1:colcon.colcon_core.package_discovery:discover_packages(colcon_meta) check parameters
[1.624s] Level 1:colcon.colcon_core.package_discovery:discover_packages(recursive) check parameters
[1.624s] Level 1:colcon.colcon_core.package_discovery:discover_packages(ignore) check parameters
[1.624s] Level 1:colcon.colcon_core.package_discovery:discover_packages(path) check parameters
[1.625s] Level 1:colcon.colcon_core.package_discovery:discover_packages(colcon_meta) discover
[1.625s] Level 1:colcon.colcon_core.package_discovery:discover_packages(recursive) discover
[1.625s] INFO:colcon.colcon_core.package_discovery:Crawling recursively for packages in '/home/rockpi/robot_ws'
[1.625s] Level 1:colcon.colcon_core.package_identification:_identify(.) by extensions ['ignore', 'ignore_ament_install']
[1.626s] Level 1:colcon.colcon_core.package_identification:_identify(.) by extension 'ignore'
[1.626s] Level 1:colcon.colcon_core.package_identification:_identify(.) by extension 'ignore_ament_install'
[1.626s] Level 1:colcon.colcon_core.package_identification:_identify(.) by extensions ['colcon_pkg']
[1.626s] Level 1:colcon.colcon_core.package_identification:_identify(.) by extension 'colcon_pkg'
[1.626s] Level 1:colcon.colcon_core.package_identification:_identify(.) by extensions ['colcon_meta']
[1.627s] Level 1:colcon.colcon_core.package_identification:_identify(.) by extension 'colcon_meta'
[1.627s] Level 1:colcon.colcon_core.package_identification:_identify(.) by extensions ['ros']
[1.627s] Level 1:colcon.colcon_core.package_identification:_identify(.) by extension 'ros'
[1.732s] Level 1:colcon.colcon_core.package_identification:_identify(.) by extensions ['cmake', 'python']
[1.732s] Level 1:colcon.colcon_core.package_identification:_identify(.) by extension 'cmake'
[1.732s] Level 1:colcon.colcon_core.package_identification:_identify(.) by extension 'python'
[1.732s] Level 1:colcon.colcon_core.package_identification:_identify(.) by extensions ['python_setup_py']
[1.732s] Level 1:colcon.colcon_core.package_identification:_identify(.) by extension 'python_setup_py'
[1.733s] Level 1:colcon.colcon_core.package_identification:_identify(build) by extensions ['ignore', 'ignore_ament_install']
[1.733s] Level 1:colcon.colcon_core.package_identification:_identify(build) by extension 'ignore'
[1.733s] Level 1:colcon.colcon_core.package_identification:_identify(build) ignored
[1.734s] Level 1:colcon.colcon_core.package_identification:_identify(install) by extensions ['ignore', 'ignore_ament_install']
[1.734s] Level 1:colcon.colcon_core.package_identification:_identify(install) by extension 'ignore'
[1.734s] Level 1:colcon.colcon_core.package_identification:_identify(install) ignored
[1.735s] Level 1:colcon.colcon_core.package_identification:_identify(log) by extensions ['ignore', 'ignore_ament_install']
[1.735s] Level 1:colcon.colcon_core.package_identification:_identify(log) by extension 'ignore'
[1.735s] Level 1:colcon.colcon_core.package_identification:_identify(log) ignored
[1.736s] Level 1:colcon.colcon_core.package_identification:_identify(src) by extensions ['ignore', 'ignore_ament_install']
[1.736s] Level 1:colcon.colcon_core.package_identification:_identify(src) by extension 'ignore'
[1.736s] Level 1:colcon.colcon_core.package_identification:_identify(src) by extension 'ignore_ament_install'
[1.736s] Level 1:colcon.colcon_core.package_identification:_identify(src) by extensions ['colcon_pkg']
[1.736s] Level 1:colcon.colcon_core.package_identification:_identify(src) by extension 'colcon_pkg'
[1.737s] Level 1:colcon.colcon_core.package_identification:_identify(src) by extensions ['colcon_meta']
[1.737s] Level 1:colcon.colcon_core.package_identification:_identify(src) by extension 'colcon_meta'
[1.737s] Level 1:colcon.colcon_core.package_identification:_identify(src) by extensions ['ros']
[1.737s] Level 1:colcon.colcon_core.package_identification:_identify(src) by extension 'ros'
[1.737s] Level 1:colcon.colcon_core.package_identification:_identify(src) by extensions ['cmake', 'python']
[1.737s] Level 1:colcon.colcon_core.package_identification:_identify(src) by extension 'cmake'
[1.738s] Level 1:colcon.colcon_core.package_identification:_identify(src) by extension 'python'
[1.738s] Level 1:colcon.colcon_core.package_identification:_identify(src) by extensions ['python_setup_py']
[1.738s] Level 1:colcon.colcon_core.package_identification:_identify(src) by extension 'python_setup_py'
[1.738s] Level 1:colcon.colcon_core.package_identification:_identify(src/my_robot) by extensions ['ignore', 'ignore_ament_install']
[1.738s] Level 1:colcon.colcon_core.package_identification:_identify(src/my_robot) by extension 'ignore'
[1.739s] Level 1:colcon.colcon_core.package_identification:_identify(src/my_robot) by extension 'ignore_ament_install'
[1.739s] Level 1:colcon.colcon_core.package_identification:_identify(src/my_robot) by extensions ['colcon_pkg']
[1.739s] Level 1:colcon.colcon_core.package_identification:_identify(src/my_robot) by extension 'colcon_pkg'
[1.739s] Level 1:colcon.colcon_core.package_identification:_identify(src/my_robot) by extensions ['colcon_meta']
[1.739s] Level 1:colcon.colcon_core.package_identification:_identify(src/my_robot) by extension 'colcon_meta'
[1.739s] Level 1:colcon.colcon_core.package_identification:_identify(src/my_robot) by extensions ['ros']
[1.740s] Level 1:colcon.colcon_core.package_identification:_identify(src/my_robot) by extension 'ros'
[1.749s] DEBUG:colcon.colcon_core.package_identification:Package 'src/my_robot' with type 'ros.ament_python' and name 'my_robot'
[1.750s] Level 1:colcon.colcon_core.package_identification:_identify(src/my_robot_hardware) by extensions ['ignore', 'ignore_ament_install']
[1.750s] Level 1:colcon.colcon_core.package_identification:_identify(src/my_robot_hardware) by extension 'ignore'
[1.750s] Level 1:colcon.colcon_core.package_identification:_identify(src/my_robot_hardware) by extension 'ignore_ament_install'
[1.750s] Level 1:colcon.colcon_core.package_identification:_identify(src/my_robot_hardware) by extensions ['colcon_pkg']
[1.751s] Level 1:colcon.colcon_core.package_identification:_identify(src/my_robot_hardware) by extension 'colcon_pkg'
[1.751s] Level 1:colcon.colcon_core.package_identification:_identify(src/my_robot_hardware) by extensions ['colcon_meta']
[1.751s] Level 1:colcon.colcon_core.package_identification:_identify(src/my_robot_hardware) by extension 'colcon_meta'
[1.751s] Level 1:colcon.colcon_core.package_identification:_identify(src/my_robot_hardware) by extensions ['ros']
[1.751s] Level 1:colcon.colcon_core.package_identification:_identify(src/my_robot_hardware) by extension 'ros'
[1.754s] DEBUG:colcon.colcon_core.package_identification:Package 'src/my_robot_hardware' with type 'ros.ament_python' and name 'my_robot_hardware'
[1.754s] Level 1:colcon.colcon_core.package_discovery:discover_packages(recursive) using defaults
[1.754s] Level 1:colcon.colcon_core.package_discovery:discover_packages(ignore) discover
[1.754s] Level 1:colcon.colcon_core.package_discovery:discover_packages(ignore) using defaults
[1.754s] Level 1:colcon.colcon_core.package_discovery:discover_packages(path) discover
[1.754s] Level 1:colcon.colcon_core.package_discovery:discover_packages(path) using defaults
[1.825s] Level 1:colcon.colcon_core.package_discovery:discover_packages(prefix_path) check parameters
[1.825s] Level 1:colcon.colcon_core.package_discovery:discover_packages(prefix_path) discover
[1.829s] WARNING:colcon.colcon_core.prefix_path.colcon:The path '/home/rockpi/install' in the environment variable COLCON_PREFIX_PATH doesn't exist
[1.829s] WARNING:colcon.colcon_ros.prefix_path.ament:The path '/home/rockpi/install/my_robot_hardware' in the environment variable AMENT_PREFIX_PATH doesn't exist
[1.830s] WARNING:colcon.colcon_ros.prefix_path.ament:The path '/home/rockpi/install/my_robot' in the environment variable AMENT_PREFIX_PATH doesn't exist
[1.830s] WARNING:colcon.colcon_ros.prefix_path.ament:The path '/home/rockpi/robot_ws/install/my_robot_hardware' in the environment variable AMENT_PREFIX_PATH doesn't exist
[1.830s] WARNING:colcon.colcon_ros.prefix_path.ament:The path '/home/rockpi/robot_ws/install/my_robot' in the environment variable AMENT_PREFIX_PATH doesn't exist
[1.834s] DEBUG:colcon.colcon_installed_package_information.package_discovery:Found 0 installed packages in /home/rockpi/robot_ws/install
[1.846s] DEBUG:colcon.colcon_installed_package_information.package_discovery:Found 307 installed packages in /opt/ros/jazzy
[1.850s] Level 1:colcon.colcon_core.package_discovery:discover_packages(prefix_path) using defaults
[2.335s] Level 5:colcon.colcon_core.verb:set package 'my_robot' build argument 'cmake_args' from command line to 'None'
[2.335s] Level 5:colcon.colcon_core.verb:set package 'my_robot' build argument 'cmake_target' from command line to 'None'
[2.335s] Level 5:colcon.colcon_core.verb:set package 'my_robot' build argument 'cmake_target_skip_unavailable' from command line to 'False'
[2.336s] Level 5:colcon.colcon_core.verb:set package 'my_robot' build argument 'cmake_clean_cache' from command line to 'False'
[2.336s] Level 5:colcon.colcon_core.verb:set package 'my_robot' build argument 'cmake_clean_first' from command line to 'False'
[2.336s] Level 5:colcon.colcon_core.verb:set package 'my_robot' build argument 'cmake_force_configure' from command line to 'False'
[2.337s] Level 5:colcon.colcon_core.verb:set package 'my_robot' build argument 'ament_cmake_args' from command line to 'None'
[2.337s] Level 5:colcon.colcon_core.verb:set package 'my_robot' build argument 'catkin_cmake_args' from command line to 'None'
[2.337s] Level 5:colcon.colcon_core.verb:set package 'my_robot' build argument 'catkin_skip_building_tests' from command line to 'False'
[2.338s] DEBUG:colcon.colcon_core.verb:Building package 'my_robot' with the following arguments: {'ament_cmake_args': None, 'build_base': '/home/rockpi/robot_ws/build/my_robot', 'catkin_cmake_args': None, 'catkin_skip_building_tests': False, 'cmake_args': None, 'cmake_clean_cache': False, 'cmake_clean_first': False, 'cmake_force_configure': False, 'cmake_target': None, 'cmake_target_skip_unavailable': False, 'install_base': '/home/rockpi/robot_ws/install/my_robot', 'merge_install': False, 'path': '/home/rockpi/robot_ws/src/my_robot', 'symlink_install': False, 'test_result_base': None}
[2.341s] Level 5:colcon.colcon_core.verb:set package 'my_robot_hardware' build argument 'cmake_args' from command line to 'None'
[2.341s] Level 5:colcon.colcon_core.verb:set package 'my_robot_hardware' build argument 'cmake_target' from command line to 'None'
[2.341s] Level 5:colcon.colcon_core.verb:set package 'my_robot_hardware' build argument 'cmake_target_skip_unavailable' from command line to 'False'
[2.342s] Level 5:colcon.colcon_core.verb:set package 'my_robot_hardware' build argument 'cmake_clean_cache' from command line to 'False'
[2.342s] Level 5:colcon.colcon_core.verb:set package 'my_robot_hardware' build argument 'cmake_clean_first' from command line to 'False'
[2.342s] Level 5:colcon.colcon_core.verb:set package 'my_robot_hardware' build argument 'cmake_force_configure' from command line to 'False'
[2.343s] Level 5:colcon.colcon_core.verb:set package 'my_robot_hardware' build argument 'ament_cmake_args' from command line to 'None'
[2.343s] Level 5:colcon.colcon_core.verb:set package 'my_robot_hardware' build argument 'catkin_cmake_args' from command line to 'None'
[2.343s] Level 5:colcon.colcon_core.verb:set package 'my_robot_hardware' build argument 'catkin_skip_building_tests' from command line to 'False'
[2.344s] DEBUG:colcon.colcon_core.verb:Building package 'my_robot_hardware' with the following arguments: {'ament_cmake_args': None, 'build_base': '/home/rockpi/robot_ws/build/my_robot_hardware', 'catkin_cmake_args': None, 'catkin_skip_building_tests': False, 'cmake_args': None, 'cmake_clean_cache': False, 'cmake_clean_first': False, 'cmake_force_configure': False, 'cmake_target': None, 'cmake_target_skip_unavailable': False, 'install_base': '/home/rockpi/robot_ws/install/my_robot_hardware', 'merge_install': False, 'path': '/home/rockpi/robot_ws/src/my_robot_hardware', 'symlink_install': False, 'test_result_base': None}
[2.344s] INFO:colcon.colcon_core.executor:Executing jobs using 'parallel' executor
[2.351s] DEBUG:colcon.colcon_parallel_executor.executor.parallel:run_until_complete
[2.353s] INFO:colcon.colcon_ros.task.ament_python.build:Building ROS package in '/home/rockpi/robot_ws/src/my_robot' with build type 'ament_python'
[2.355s] Level 1:colcon.colcon_core.shell:create_environment_hook('my_robot', 'ament_prefix_path')
[2.375s] INFO:colcon.colcon_core.plugin_system:Skipping extension 'colcon_core.shell.bat': Not used on non-Windows systems
[2.377s] INFO:colcon.colcon_core.shell:Creating environment hook '/home/rockpi/robot_ws/install/my_robot/share/my_robot/hook/ament_prefix_path.ps1'
[2.384s] INFO:colcon.colcon_core.shell:Creating environment descriptor '/home/rockpi/robot_ws/install/my_robot/share/my_robot/hook/ament_prefix_path.dsv'
[2.388s] INFO:colcon.colcon_core.shell:Creating environment hook '/home/rockpi/robot_ws/install/my_robot/share/my_robot/hook/ament_prefix_path.sh'
[2.394s] INFO:colcon.colcon_core.shell:Skip shell extension 'powershell' for command environment: Not usable outside of PowerShell
[2.395s] DEBUG:colcon.colcon_core.shell:Skip shell extension 'dsv' for command environment
[2.451s] INFO:colcon.colcon_ros.task.ament_python.build:Building ROS package in '/home/rockpi/robot_ws/src/my_robot_hardware' with build type 'ament_python'
[2.452s] Level 1:colcon.colcon_core.shell:create_environment_hook('my_robot_hardware', 'ament_prefix_path')
[2.454s] INFO:colcon.colcon_core.shell:Creating environment hook '/home/rockpi/robot_ws/install/my_robot_hardware/share/my_robot_hardware/hook/ament_prefix_path.ps1'
[2.461s] INFO:colcon.colcon_core.shell:Creating environment descriptor '/home/rockpi/robot_ws/install/my_robot_hardware/share/my_robot_hardware/hook/ament_prefix_path.dsv'
[2.464s] INFO:colcon.colcon_core.shell:Creating environment hook '/home/rockpi/robot_ws/install/my_robot_hardware/share/my_robot_hardware/hook/ament_prefix_path.sh'
[2.469s] INFO:colcon.colcon_core.shell:Skip shell extension 'powershell' for command environment: Not usable outside of PowerShell
[2.470s] DEBUG:colcon.colcon_core.shell:Skip shell extension 'dsv' for command environment
[4.584s] INFO:colcon.colcon_core.task.python.build:Building Python package in '/home/rockpi/robot_ws/src/my_robot'
[4.585s] INFO:colcon.colcon_core.shell:Skip shell extension 'powershell' for command environment: Not usable outside of PowerShell
[4.585s] DEBUG:colcon.colcon_core.shell:Skip shell extension 'dsv' for command environment
[6.987s] INFO:colcon.colcon_core.task.python.build:Building Python package in '/home/rockpi/robot_ws/src/my_robot_hardware'
[6.988s] INFO:colcon.colcon_core.shell:Skip shell extension 'powershell' for command environment: Not usable outside of PowerShell
[6.989s] DEBUG:colcon.colcon_core.shell:Skip shell extension 'dsv' for command environment
[14.074s] DEBUG:colcon.colcon_core.event_handler.log_command:Invoking command in '/home/rockpi/robot_ws/src/my_robot_hardware': PYTHONPATH=/home/rockpi/robot_ws/build/my_robot_hardware/prefix_override:/usr/lib/python3/dist-packages/colcon_core/task/python/colcon_distutils_commands:/home/rockpi/robot_ws/install/my_robot_hardware/lib/python3.12/site-packages:${PYTHONPATH} /usr/bin/python3 -W ignore:setup.py install is deprecated -W ignore:easy_install command is deprecated setup.py egg_info --egg-base ../../build/my_robot_hardware build --build-base /home/rockpi/robot_ws/build/my_robot_hardware/build install --record /home/rockpi/robot_ws/build/my_robot_hardware/install.log --single-version-externally-managed install_data
[14.182s] DEBUG:colcon.colcon_core.event_handler.log_command:Invoking command in '/home/rockpi/robot_ws/src/my_robot': PYTHONPATH=/home/rockpi/robot_ws/build/my_robot/prefix_override:/usr/lib/python3/dist-packages/colcon_core/task/python/colcon_distutils_commands:/home/rockpi/robot_ws/install/my_robot/lib/python3.12/site-packages:${PYTHONPATH} /usr/bin/python3 -W ignore:setup.py install is deprecated -W ignore:easy_install command is deprecated setup.py egg_info --egg-base ../../build/my_robot build --build-base /home/rockpi/robot_ws/build/my_robot/build install --record /home/rockpi/robot_ws/build/my_robot/install.log --single-version-externally-managed install_data
[20.560s] DEBUG:colcon.colcon_core.event_handler.log_command:Invoked command in '/home/rockpi/robot_ws/src/my_robot_hardware' returned '0': PYTHONPATH=/home/rockpi/robot_ws/build/my_robot_hardware/prefix_override:/usr/lib/python3/dist-packages/colcon_core/task/python/colcon_distutils_commands:/home/rockpi/robot_ws/install/my_robot_hardware/lib/python3.12/site-packages:${PYTHONPATH} /usr/bin/python3 -W ignore:setup.py install is deprecated -W ignore:easy_install command is deprecated setup.py egg_info --egg-base ../../build/my_robot_hardware build --build-base /home/rockpi/robot_ws/build/my_robot_hardware/build install --record /home/rockpi/robot_ws/build/my_robot_hardware/install.log --single-version-externally-managed install_data
[20.600s] Level 1:colcon.colcon_core.environment:checking '/home/rockpi/robot_ws/install/my_robot_hardware' for CMake module files
[20.609s] Level 1:colcon.colcon_core.environment:checking '/home/rockpi/robot_ws/install/my_robot_hardware' for CMake config files
[20.620s] Level 1:colcon.colcon_core.environment:checking '/home/rockpi/robot_ws/install/my_robot_hardware/lib'
[20.622s] Level 1:colcon.colcon_core.environment:checking '/home/rockpi/robot_ws/install/my_robot_hardware/bin'
[20.623s] Level 1:colcon.colcon_core.environment:checking '/home/rockpi/robot_ws/install/my_robot_hardware/lib/pkgconfig/my_robot_hardware.pc'
[20.626s] Level 1:colcon.colcon_core.environment:checking '/home/rockpi/robot_ws/install/my_robot_hardware/lib/python3.12/site-packages'
[20.628s] Level 1:colcon.colcon_core.shell:create_environment_hook('my_robot_hardware', 'pythonpath')
[20.629s] INFO:colcon.colcon_core.shell:Creating environment hook '/home/rockpi/robot_ws/install/my_robot_hardware/share/my_robot_hardware/hook/pythonpath.ps1'
[20.634s] INFO:colcon.colcon_core.shell:Creating environment descriptor '/home/rockpi/robot_ws/install/my_robot_hardware/share/my_robot_hardware/hook/pythonpath.dsv'
[20.638s] INFO:colcon.colcon_core.shell:Creating environment hook '/home/rockpi/robot_ws/install/my_robot_hardware/share/my_robot_hardware/hook/pythonpath.sh'
[20.647s] Level 1:colcon.colcon_core.environment:checking '/home/rockpi/robot_ws/install/my_robot_hardware/bin'
[20.648s] Level 1:colcon.colcon_core.environment:create_environment_scripts_only(my_robot_hardware)
[20.651s] INFO:colcon.colcon_core.shell:Creating package script '/home/rockpi/robot_ws/install/my_robot_hardware/share/my_robot_hardware/package.ps1'
[20.660s] INFO:colcon.colcon_core.shell:Creating package descriptor '/home/rockpi/robot_ws/install/my_robot_hardware/share/my_robot_hardware/package.dsv'
[20.666s] INFO:colcon.colcon_core.shell:Creating package script '/home/rockpi/robot_ws/install/my_robot_hardware/share/my_robot_hardware/package.sh'
[20.674s] INFO:colcon.colcon_core.shell:Creating package script '/home/rockpi/robot_ws/install/my_robot_hardware/share/my_robot_hardware/package.bash'
[20.680s] INFO:colcon.colcon_core.shell:Creating package script '/home/rockpi/robot_ws/install/my_robot_hardware/share/my_robot_hardware/package.zsh'
[20.686s] Level 1:colcon.colcon_core.environment:create_file_with_runtime_dependencies(/home/rockpi/robot_ws/install/my_robot_hardware/share/colcon-core/packages/my_robot_hardware)
[20.698s] Level 1:colcon.colcon_core.environment:checking '/home/rockpi/robot_ws/install/my_robot' for CMake module files
[20.703s] DEBUG:colcon.colcon_core.event_handler.log_command:Invoked command in '/home/rockpi/robot_ws/src/my_robot' returned '0': PYTHONPATH=/home/rockpi/robot_ws/build/my_robot/prefix_override:/usr/lib/python3/dist-packages/colcon_core/task/python/colcon_distutils_commands:/home/rockpi/robot_ws/install/my_robot/lib/python3.12/site-packages:${PYTHONPATH} /usr/bin/python3 -W ignore:setup.py install is deprecated -W ignore:easy_install command is deprecated setup.py egg_info --egg-base ../../build/my_robot build --build-base /home/rockpi/robot_ws/build/my_robot/build install --record /home/rockpi/robot_ws/build/my_robot/install.log --single-version-externally-managed install_data
[20.709s] Level 1:colcon.colcon_core.environment:checking '/home/rockpi/robot_ws/install/my_robot' for CMake config files
[20.718s] Level 1:colcon.colcon_core.environment:checking '/home/rockpi/robot_ws/install/my_robot/lib'
[20.719s] Level 1:colcon.colcon_core.environment:checking '/home/rockpi/robot_ws/install/my_robot/bin'
[20.720s] Level 1:colcon.colcon_core.environment:checking '/home/rockpi/robot_ws/install/my_robot/lib/pkgconfig/my_robot.pc'
[20.722s] Level 1:colcon.colcon_core.environment:checking '/home/rockpi/robot_ws/install/my_robot/lib/python3.12/site-packages'
[20.723s] Level 1:colcon.colcon_core.shell:create_environment_hook('my_robot', 'pythonpath')
[20.725s] INFO:colcon.colcon_core.shell:Creating environment hook '/home/rockpi/robot_ws/install/my_robot/share/my_robot/hook/pythonpath.ps1'
[20.729s] INFO:colcon.colcon_core.shell:Creating environment descriptor '/home/rockpi/robot_ws/install/my_robot/share/my_robot/hook/pythonpath.dsv'
[20.732s] INFO:colcon.colcon_core.shell:Creating environment hook '/home/rockpi/robot_ws/install/my_robot/share/my_robot/hook/pythonpath.sh'
[20.739s] Level 1:colcon.colcon_core.environment:checking '/home/rockpi/robot_ws/install/my_robot/bin'
[20.740s] Level 1:colcon.colcon_core.environment:create_environment_scripts_only(my_robot)
[20.742s] INFO:colcon.colcon_core.shell:Creating package script '/home/rockpi/robot_ws/install/my_robot/share/my_robot/package.ps1'
[20.747s] INFO:colcon.colcon_core.shell:Creating package descriptor '/home/rockpi/robot_ws/install/my_robot/share/my_robot/package.dsv'
[20.751s] INFO:colcon.colcon_core.shell:Creating package script '/home/rockpi/robot_ws/install/my_robot/share/my_robot/package.sh'
[20.755s] INFO:colcon.colcon_core.shell:Creating package script '/home/rockpi/robot_ws/install/my_robot/share/my_robot/package.bash'
[20.758s] INFO:colcon.colcon_core.shell:Creating package script '/home/rockpi/robot_ws/install/my_robot/share/my_robot/package.zsh'
[20.762s] Level 1:colcon.colcon_core.environment:create_file_with_runtime_dependencies(/home/rockpi/robot_ws/install/my_robot/share/colcon-core/packages/my_robot)
[20.764s] DEBUG:colcon.colcon_parallel_executor.executor.parallel:closing loop
[20.768s] DEBUG:colcon.colcon_parallel_executor.executor.parallel:loop closed
[20.769s] DEBUG:colcon.colcon_parallel_executor.executor.parallel:run_until_complete finished with '0'
[20.770s] DEBUG:colcon.colcon_core.event_reactor:joining thread
[20.829s] INFO:colcon.colcon_core.plugin_system:Skipping extension 'colcon_notification.desktop_notification.notify_send': Could not find 'notify-send'
[20.830s] INFO:colcon.colcon_core.plugin_system:Skipping extension 'colcon_notification.desktop_notification.terminal_notifier': Not used on non-Darwin systems
[20.830s] INFO:colcon.colcon_core.plugin_system:Skipping extension 'colcon_notification.desktop_notification.win32': Not used on non-Windows systems
[20.831s] INFO:colcon.colcon_notification.desktop_notification:Sending desktop notification using 'notify2'
[20.839s] DEBUG:colcon.colcon_notification.desktop_notification.notify2:Failed to initialize notify2: org.freedesktop.DBus.Error.ServiceUnknown: The name org.freedesktop.Notifications was not provided by any .service files
[20.840s] DEBUG:colcon.colcon_core.event_reactor:joined thread
[20.841s] INFO:colcon.colcon_core.shell:Creating prefix script '/home/rockpi/robot_ws/install/local_setup.ps1'
[20.849s] INFO:colcon.colcon_core.shell:Creating prefix util module '/home/rockpi/robot_ws/install/_local_setup_util_ps1.py'
[20.861s] INFO:colcon.colcon_core.shell:Creating prefix chain script '/home/rockpi/robot_ws/install/setup.ps1'
[20.872s] INFO:colcon.colcon_core.shell:Creating prefix script '/home/rockpi/robot_ws/install/local_setup.sh'
[20.877s] INFO:colcon.colcon_core.shell:Creating prefix util module '/home/rockpi/robot_ws/install/_local_setup_util_sh.py'
[20.883s] INFO:colcon.colcon_core.shell:Creating prefix chain script '/home/rockpi/robot_ws/install/setup.sh'
[20.896s] INFO:colcon.colcon_core.shell:Creating prefix script '/home/rockpi/robot_ws/install/local_setup.bash'
[20.901s] INFO:colcon.colcon_core.shell:Creating prefix chain script '/home/rockpi/robot_ws/install/setup.bash'
[20.913s] INFO:colcon.colcon_core.shell:Creating prefix script '/home/rockpi/robot_ws/install/local_setup.zsh'
[20.918s] INFO:colcon.colcon_core.shell:Creating prefix chain script '/home/rockpi/robot_ws/install/setup.zsh'
