/home/rockpi/ros_control_ws/install/my_robot/lib/python3.12/site-packages/my_robot/twist_to_twist_stamped.py
/home/rockpi/ros_control_ws/install/my_robot/lib/python3.12/site-packages/my_robot/diff_drive_controller.py
/home/rockpi/ros_control_ws/install/my_robot/lib/python3.12/site-packages/my_robot/__init__.py
/home/rockpi/ros_control_ws/install/my_robot/lib/python3.12/site-packages/my_robot/node_monitor_server.py
/home/rockpi/ros_control_ws/install/my_robot/lib/python3.12/site-packages/my_robot/imu_node.py
/home/rockpi/ros_control_ws/install/my_robot/lib/python3.12/site-packages/my_robot/odometry_node.py
/home/rockpi/ros_control_ws/install/my_robot/lib/python3.12/site-packages/my_robot/__pycache__/twist_to_twist_stamped.cpython-312.pyc
/home/rockpi/ros_control_ws/install/my_robot/lib/python3.12/site-packages/my_robot/__pycache__/diff_drive_controller.cpython-312.pyc
/home/rockpi/ros_control_ws/install/my_robot/lib/python3.12/site-packages/my_robot/__pycache__/__init__.cpython-312.pyc
/home/rockpi/ros_control_ws/install/my_robot/lib/python3.12/site-packages/my_robot/__pycache__/node_monitor_server.cpython-312.pyc
/home/rockpi/ros_control_ws/install/my_robot/lib/python3.12/site-packages/my_robot/__pycache__/imu_node.cpython-312.pyc
/home/rockpi/ros_control_ws/install/my_robot/lib/python3.12/site-packages/my_robot/__pycache__/odometry_node.cpython-312.pyc
/home/rockpi/ros_control_ws/install/my_robot/share/ament_index/resource_index/packages/my_robot
/home/rockpi/ros_control_ws/install/my_robot/share/my_robot/package.xml
/home/rockpi/ros_control_ws/install/my_robot/share/my_robot/launch/navigation.launch.py
/home/rockpi/ros_control_ws/install/my_robot/share/my_robot/launch/robot.launch.py
/home/rockpi/ros_control_ws/install/my_robot/share/my_robot/launch/slam.launch.py
/home/rockpi/ros_control_ws/install/my_robot/share/my_robot/config/mapper_params_online_async.yaml
/home/rockpi/ros_control_ws/install/my_robot/share/my_robot/config/slam_toolbox_params.yaml
/home/rockpi/ros_control_ws/install/my_robot/share/my_robot/config/ekf.yaml
/home/rockpi/ros_control_ws/install/my_robot/share/my_robot/config/nav2_params.yaml
/home/rockpi/ros_control_ws/install/my_robot/share/my_robot/config/controllers.yaml
/home/rockpi/ros_control_ws/install/my_robot/share/my_robot/urdf/robot.urdf.xml
/home/rockpi/ros_control_ws/install/my_robot/lib/python3.12/site-packages/my_robot-0.0.1-py3.12.egg-info/dependency_links.txt
/home/rockpi/ros_control_ws/install/my_robot/lib/python3.12/site-packages/my_robot-0.0.1-py3.12.egg-info/entry_points.txt
/home/rockpi/ros_control_ws/install/my_robot/lib/python3.12/site-packages/my_robot-0.0.1-py3.12.egg-info/SOURCES.txt
/home/rockpi/ros_control_ws/install/my_robot/lib/python3.12/site-packages/my_robot-0.0.1-py3.12.egg-info/top_level.txt
/home/rockpi/ros_control_ws/install/my_robot/lib/python3.12/site-packages/my_robot-0.0.1-py3.12.egg-info/PKG-INFO
/home/rockpi/ros_control_ws/install/my_robot/lib/python3.12/site-packages/my_robot-0.0.1-py3.12.egg-info/requires.txt
/home/rockpi/ros_control_ws/install/my_robot/lib/my_robot/diff_drive_controller
/home/rockpi/ros_control_ws/install/my_robot/lib/my_robot/imu_node
/home/rockpi/ros_control_ws/install/my_robot/lib/my_robot/node_monitor_server
/home/rockpi/ros_control_ws/install/my_robot/lib/my_robot/odometry_node
/home/rockpi/ros_control_ws/install/my_robot/lib/my_robot/twist_to_twist_stamped
