[0.694s] DEBUG:colcon:Command line arguments: ['/usr/bin/colcon', 'build']
[0.694s] DEBUG:colcon:Parsed command line arguments: Namespace(log_base=None, log_level=None, verb_name='build', build_base='build', install_base='install', merge_install=False, symlink_install=False, test_result_base=None, continue_on_error=False, executor='parallel', parallel_workers=4, event_handlers=None, ignore_user_meta=False, metas=['./colcon.meta'], base_paths=['.'], packages_ignore=None, packages_ignore_regex=None, paths=None, packages_up_to=None, packages_up_to_regex=None, packages_above=None, packages_above_and_dependencies=None, packages_above_depth=None, packages_select_by_dep=None, packages_skip_by_dep=None, packages_skip_up_to=None, packages_select_build_failed=False, packages_skip_build_finished=False, packages_select_test_failures=False, packages_skip_test_passed=False, packages_select=None, packages_skip=None, packages_select_regex=None, packages_skip_regex=None, packages_start=None, packages_end=None, allow_overriding=[], cmake_args=None, cmake_target=None, cmake_target_skip_unavailable=False, cmake_clean_cache=False, cmake_clean_first=False, cmake_force_configure=False, ament_cmake_args=None, catkin_cmake_args=None, catkin_skip_building_tests=False, mixin_files=None, mixin=None, verb_parser=<colcon_mixin.mixin.mixin_argument.MixinArgumentDecorator object at 0xffffa1f4dca0>, verb_extension=<colcon_core.verb.build.BuildVerb object at 0xffffa20f9820>, main=<bound method BuildVerb.main of <colcon_core.verb.build.BuildVerb object at 0xffffa20f9820>>, mixin_verb=('build',))
[1.002s] Level 1:colcon.colcon_core.package_discovery:discover_packages(colcon_meta) check parameters
[1.003s] Level 1:colcon.colcon_core.package_discovery:discover_packages(recursive) check parameters
[1.003s] Level 1:colcon.colcon_core.package_discovery:discover_packages(ignore) check parameters
[1.003s] Level 1:colcon.colcon_core.package_discovery:discover_packages(path) check parameters
[1.003s] Level 1:colcon.colcon_core.package_discovery:discover_packages(colcon_meta) discover
[1.004s] Level 1:colcon.colcon_core.package_discovery:discover_packages(recursive) discover
[1.004s] INFO:colcon.colcon_core.package_discovery:Crawling recursively for packages in '/home/rockpi/ros_control_ws'
[1.004s] Level 1:colcon.colcon_core.package_identification:_identify(.) by extensions ['ignore', 'ignore_ament_install']
[1.005s] Level 1:colcon.colcon_core.package_identification:_identify(.) by extension 'ignore'
[1.005s] Level 1:colcon.colcon_core.package_identification:_identify(.) by extension 'ignore_ament_install'
[1.006s] Level 1:colcon.colcon_core.package_identification:_identify(.) by extensions ['colcon_pkg']
[1.006s] Level 1:colcon.colcon_core.package_identification:_identify(.) by extension 'colcon_pkg'
[1.006s] Level 1:colcon.colcon_core.package_identification:_identify(.) by extensions ['colcon_meta']
[1.006s] Level 1:colcon.colcon_core.package_identification:_identify(.) by extension 'colcon_meta'
[1.006s] Level 1:colcon.colcon_core.package_identification:_identify(.) by extensions ['ros']
[1.006s] Level 1:colcon.colcon_core.package_identification:_identify(.) by extension 'ros'
[1.113s] Level 1:colcon.colcon_core.package_identification:_identify(.) by extensions ['cmake', 'python']
[1.113s] Level 1:colcon.colcon_core.package_identification:_identify(.) by extension 'cmake'
[1.113s] Level 1:colcon.colcon_core.package_identification:_identify(.) by extension 'python'
[1.113s] Level 1:colcon.colcon_core.package_identification:_identify(.) by extensions ['python_setup_py']
[1.113s] Level 1:colcon.colcon_core.package_identification:_identify(.) by extension 'python_setup_py'
[1.114s] Level 1:colcon.colcon_core.package_identification:_identify(build) by extensions ['ignore', 'ignore_ament_install']
[1.114s] Level 1:colcon.colcon_core.package_identification:_identify(build) by extension 'ignore'
[1.115s] Level 1:colcon.colcon_core.package_identification:_identify(build) ignored
[1.115s] Level 1:colcon.colcon_core.package_identification:_identify(install) by extensions ['ignore', 'ignore_ament_install']
[1.116s] Level 1:colcon.colcon_core.package_identification:_identify(install) by extension 'ignore'
[1.116s] Level 1:colcon.colcon_core.package_identification:_identify(install) ignored
[1.117s] Level 1:colcon.colcon_core.package_identification:_identify(log) by extensions ['ignore', 'ignore_ament_install']
[1.117s] Level 1:colcon.colcon_core.package_identification:_identify(log) by extension 'ignore'
[1.117s] Level 1:colcon.colcon_core.package_identification:_identify(log) ignored
[1.117s] Level 1:colcon.colcon_core.package_identification:_identify(src) by extensions ['ignore', 'ignore_ament_install']
[1.118s] Level 1:colcon.colcon_core.package_identification:_identify(src) by extension 'ignore'
[1.118s] Level 1:colcon.colcon_core.package_identification:_identify(src) by extension 'ignore_ament_install'
[1.118s] Level 1:colcon.colcon_core.package_identification:_identify(src) by extensions ['colcon_pkg']
[1.118s] Level 1:colcon.colcon_core.package_identification:_identify(src) by extension 'colcon_pkg'
[1.119s] Level 1:colcon.colcon_core.package_identification:_identify(src) by extensions ['colcon_meta']
[1.119s] Level 1:colcon.colcon_core.package_identification:_identify(src) by extension 'colcon_meta'
[1.119s] Level 1:colcon.colcon_core.package_identification:_identify(src) by extensions ['ros']
[1.119s] Level 1:colcon.colcon_core.package_identification:_identify(src) by extension 'ros'
[1.119s] Level 1:colcon.colcon_core.package_identification:_identify(src) by extensions ['cmake', 'python']
[1.120s] Level 1:colcon.colcon_core.package_identification:_identify(src) by extension 'cmake'
[1.120s] Level 1:colcon.colcon_core.package_identification:_identify(src) by extension 'python'
[1.120s] Level 1:colcon.colcon_core.package_identification:_identify(src) by extensions ['python_setup_py']
[1.120s] Level 1:colcon.colcon_core.package_identification:_identify(src) by extension 'python_setup_py'
[1.121s] Level 1:colcon.colcon_core.package_identification:_identify(src/my_robot) by extensions ['ignore', 'ignore_ament_install']
[1.121s] Level 1:colcon.colcon_core.package_identification:_identify(src/my_robot) by extension 'ignore'
[1.121s] Level 1:colcon.colcon_core.package_identification:_identify(src/my_robot) by extension 'ignore_ament_install'
[1.122s] Level 1:colcon.colcon_core.package_identification:_identify(src/my_robot) by extensions ['colcon_pkg']
[1.122s] Level 1:colcon.colcon_core.package_identification:_identify(src/my_robot) by extension 'colcon_pkg'
[1.122s] Level 1:colcon.colcon_core.package_identification:_identify(src/my_robot) by extensions ['colcon_meta']
[1.122s] Level 1:colcon.colcon_core.package_identification:_identify(src/my_robot) by extension 'colcon_meta'
[1.122s] Level 1:colcon.colcon_core.package_identification:_identify(src/my_robot) by extensions ['ros']
[1.122s] Level 1:colcon.colcon_core.package_identification:_identify(src/my_robot) by extension 'ros'
[1.137s] DEBUG:colcon.colcon_core.package_identification:Package 'src/my_robot' with type 'ros.ament_python' and name 'my_robot'
[1.138s] Level 1:colcon.colcon_core.package_identification:_identify(src/my_robot_hardware) by extensions ['ignore', 'ignore_ament_install']
[1.138s] Level 1:colcon.colcon_core.package_identification:_identify(src/my_robot_hardware) by extension 'ignore'
[1.138s] Level 1:colcon.colcon_core.package_identification:_identify(src/my_robot_hardware) by extension 'ignore_ament_install'
[1.139s] Level 1:colcon.colcon_core.package_identification:_identify(src/my_robot_hardware) by extensions ['colcon_pkg']
[1.139s] Level 1:colcon.colcon_core.package_identification:_identify(src/my_robot_hardware) by extension 'colcon_pkg'
[1.139s] Level 1:colcon.colcon_core.package_identification:_identify(src/my_robot_hardware) by extensions ['colcon_meta']
[1.139s] Level 1:colcon.colcon_core.package_identification:_identify(src/my_robot_hardware) by extension 'colcon_meta'
[1.140s] Level 1:colcon.colcon_core.package_identification:_identify(src/my_robot_hardware) by extensions ['ros']
[1.140s] Level 1:colcon.colcon_core.package_identification:_identify(src/my_robot_hardware) by extension 'ros'
[1.143s] DEBUG:colcon.colcon_core.package_identification:Package 'src/my_robot_hardware' with type 'ros.ament_python' and name 'my_robot_hardware'
[1.143s] Level 1:colcon.colcon_core.package_identification:_identify(src/my_robot_hardware_interface) by extensions ['ignore', 'ignore_ament_install']
[1.144s] Level 1:colcon.colcon_core.package_identification:_identify(src/my_robot_hardware_interface) by extension 'ignore'
[1.144s] Level 1:colcon.colcon_core.package_identification:_identify(src/my_robot_hardware_interface) by extension 'ignore_ament_install'
[1.144s] Level 1:colcon.colcon_core.package_identification:_identify(src/my_robot_hardware_interface) by extensions ['colcon_pkg']
[1.144s] Level 1:colcon.colcon_core.package_identification:_identify(src/my_robot_hardware_interface) by extension 'colcon_pkg'
[1.145s] Level 1:colcon.colcon_core.package_identification:_identify(src/my_robot_hardware_interface) by extensions ['colcon_meta']
[1.145s] Level 1:colcon.colcon_core.package_identification:_identify(src/my_robot_hardware_interface) by extension 'colcon_meta'
[1.145s] Level 1:colcon.colcon_core.package_identification:_identify(src/my_robot_hardware_interface) by extensions ['ros']
[1.145s] Level 1:colcon.colcon_core.package_identification:_identify(src/my_robot_hardware_interface) by extension 'ros'
[1.148s] DEBUG:colcon.colcon_core.package_identification:Package 'src/my_robot_hardware_interface' with type 'ros.ament_cmake' and name 'my_robot_hardware_interface'
[1.148s] Level 1:colcon.colcon_core.package_discovery:discover_packages(recursive) using defaults
[1.148s] Level 1:colcon.colcon_core.package_discovery:discover_packages(ignore) discover
[1.148s] Level 1:colcon.colcon_core.package_discovery:discover_packages(ignore) using defaults
[1.148s] Level 1:colcon.colcon_core.package_discovery:discover_packages(path) discover
[1.149s] Level 1:colcon.colcon_core.package_discovery:discover_packages(path) using defaults
[1.255s] Level 1:colcon.colcon_core.package_discovery:discover_packages(prefix_path) check parameters
[1.255s] Level 1:colcon.colcon_core.package_discovery:discover_packages(prefix_path) discover
[1.283s] DEBUG:colcon.colcon_installed_package_information.package_discovery:Found 340 installed packages in /opt/ros/jazzy
[1.289s] Level 1:colcon.colcon_core.package_discovery:discover_packages(prefix_path) using defaults
[1.512s] Level 5:colcon.colcon_core.verb:set package 'my_robot' build argument 'cmake_args' from command line to 'None'
[1.513s] Level 5:colcon.colcon_core.verb:set package 'my_robot' build argument 'cmake_target' from command line to 'None'
[1.513s] Level 5:colcon.colcon_core.verb:set package 'my_robot' build argument 'cmake_target_skip_unavailable' from command line to 'False'
[1.513s] Level 5:colcon.colcon_core.verb:set package 'my_robot' build argument 'cmake_clean_cache' from command line to 'False'
[1.513s] Level 5:colcon.colcon_core.verb:set package 'my_robot' build argument 'cmake_clean_first' from command line to 'False'
[1.514s] Level 5:colcon.colcon_core.verb:set package 'my_robot' build argument 'cmake_force_configure' from command line to 'False'
[1.514s] Level 5:colcon.colcon_core.verb:set package 'my_robot' build argument 'ament_cmake_args' from command line to 'None'
[1.514s] Level 5:colcon.colcon_core.verb:set package 'my_robot' build argument 'catkin_cmake_args' from command line to 'None'
[1.514s] Level 5:colcon.colcon_core.verb:set package 'my_robot' build argument 'catkin_skip_building_tests' from command line to 'False'
[1.515s] DEBUG:colcon.colcon_core.verb:Building package 'my_robot' with the following arguments: {'ament_cmake_args': None, 'build_base': '/home/rockpi/ros_control_ws/build/my_robot', 'catkin_cmake_args': None, 'catkin_skip_building_tests': False, 'cmake_args': None, 'cmake_clean_cache': False, 'cmake_clean_first': False, 'cmake_force_configure': False, 'cmake_target': None, 'cmake_target_skip_unavailable': False, 'install_base': '/home/rockpi/ros_control_ws/install/my_robot', 'merge_install': False, 'path': '/home/rockpi/ros_control_ws/src/my_robot', 'symlink_install': False, 'test_result_base': None}
[1.517s] Level 5:colcon.colcon_core.verb:set package 'my_robot_hardware' build argument 'cmake_args' from command line to 'None'
[1.518s] Level 5:colcon.colcon_core.verb:set package 'my_robot_hardware' build argument 'cmake_target' from command line to 'None'
[1.518s] Level 5:colcon.colcon_core.verb:set package 'my_robot_hardware' build argument 'cmake_target_skip_unavailable' from command line to 'False'
[1.518s] Level 5:colcon.colcon_core.verb:set package 'my_robot_hardware' build argument 'cmake_clean_cache' from command line to 'False'
[1.518s] Level 5:colcon.colcon_core.verb:set package 'my_robot_hardware' build argument 'cmake_clean_first' from command line to 'False'
[1.518s] Level 5:colcon.colcon_core.verb:set package 'my_robot_hardware' build argument 'cmake_force_configure' from command line to 'False'
[1.518s] Level 5:colcon.colcon_core.verb:set package 'my_robot_hardware' build argument 'ament_cmake_args' from command line to 'None'
[1.519s] Level 5:colcon.colcon_core.verb:set package 'my_robot_hardware' build argument 'catkin_cmake_args' from command line to 'None'
[1.519s] Level 5:colcon.colcon_core.verb:set package 'my_robot_hardware' build argument 'catkin_skip_building_tests' from command line to 'False'
[1.519s] DEBUG:colcon.colcon_core.verb:Building package 'my_robot_hardware' with the following arguments: {'ament_cmake_args': None, 'build_base': '/home/rockpi/ros_control_ws/build/my_robot_hardware', 'catkin_cmake_args': None, 'catkin_skip_building_tests': False, 'cmake_args': None, 'cmake_clean_cache': False, 'cmake_clean_first': False, 'cmake_force_configure': False, 'cmake_target': None, 'cmake_target_skip_unavailable': False, 'install_base': '/home/rockpi/ros_control_ws/install/my_robot_hardware', 'merge_install': False, 'path': '/home/rockpi/ros_control_ws/src/my_robot_hardware', 'symlink_install': False, 'test_result_base': None}
[1.521s] Level 5:colcon.colcon_core.verb:set package 'my_robot_hardware_interface' build argument 'cmake_args' from command line to 'None'
[1.521s] Level 5:colcon.colcon_core.verb:set package 'my_robot_hardware_interface' build argument 'cmake_target' from command line to 'None'
[1.522s] Level 5:colcon.colcon_core.verb:set package 'my_robot_hardware_interface' build argument 'cmake_target_skip_unavailable' from command line to 'False'
[1.522s] Level 5:colcon.colcon_core.verb:set package 'my_robot_hardware_interface' build argument 'cmake_clean_cache' from command line to 'False'
[1.522s] Level 5:colcon.colcon_core.verb:set package 'my_robot_hardware_interface' build argument 'cmake_clean_first' from command line to 'False'
[1.522s] Level 5:colcon.colcon_core.verb:set package 'my_robot_hardware_interface' build argument 'cmake_force_configure' from command line to 'False'
[1.522s] Level 5:colcon.colcon_core.verb:set package 'my_robot_hardware_interface' build argument 'ament_cmake_args' from command line to 'None'
[1.522s] Level 5:colcon.colcon_core.verb:set package 'my_robot_hardware_interface' build argument 'catkin_cmake_args' from command line to 'None'
[1.522s] Level 5:colcon.colcon_core.verb:set package 'my_robot_hardware_interface' build argument 'catkin_skip_building_tests' from command line to 'False'
[1.522s] DEBUG:colcon.colcon_core.verb:Building package 'my_robot_hardware_interface' with the following arguments: {'ament_cmake_args': None, 'build_base': '/home/rockpi/ros_control_ws/build/my_robot_hardware_interface', 'catkin_cmake_args': None, 'catkin_skip_building_tests': False, 'cmake_args': None, 'cmake_clean_cache': False, 'cmake_clean_first': False, 'cmake_force_configure': False, 'cmake_target': None, 'cmake_target_skip_unavailable': False, 'install_base': '/home/rockpi/ros_control_ws/install/my_robot_hardware_interface', 'merge_install': False, 'path': '/home/rockpi/ros_control_ws/src/my_robot_hardware_interface', 'symlink_install': False, 'test_result_base': None}
[1.523s] INFO:colcon.colcon_core.executor:Executing jobs using 'parallel' executor
[1.527s] DEBUG:colcon.colcon_parallel_executor.executor.parallel:run_until_complete
[1.528s] INFO:colcon.colcon_ros.task.ament_python.build:Building ROS package in '/home/rockpi/ros_control_ws/src/my_robot' with build type 'ament_python'
[1.528s] Level 1:colcon.colcon_core.shell:create_environment_hook('my_robot', 'ament_prefix_path')
[1.561s] INFO:colcon.colcon_core.plugin_system:Skipping extension 'colcon_core.shell.bat': Not used on non-Windows systems
[1.563s] INFO:colcon.colcon_core.shell:Creating environment hook '/home/rockpi/ros_control_ws/install/my_robot/share/my_robot/hook/ament_prefix_path.ps1'
[1.572s] INFO:colcon.colcon_core.shell:Creating environment descriptor '/home/rockpi/ros_control_ws/install/my_robot/share/my_robot/hook/ament_prefix_path.dsv'
[1.577s] INFO:colcon.colcon_core.shell:Creating environment hook '/home/rockpi/ros_control_ws/install/my_robot/share/my_robot/hook/ament_prefix_path.sh'
[1.584s] INFO:colcon.colcon_core.shell:Skip shell extension 'powershell' for command environment: Not usable outside of PowerShell
[1.585s] DEBUG:colcon.colcon_core.shell:Skip shell extension 'dsv' for command environment
[1.642s] INFO:colcon.colcon_ros.task.ament_python.build:Building ROS package in '/home/rockpi/ros_control_ws/src/my_robot_hardware' with build type 'ament_python'
[1.644s] Level 1:colcon.colcon_core.shell:create_environment_hook('my_robot_hardware', 'ament_prefix_path')
[1.646s] INFO:colcon.colcon_core.shell:Creating environment hook '/home/rockpi/ros_control_ws/install/my_robot_hardware/share/my_robot_hardware/hook/ament_prefix_path.ps1'
[1.651s] INFO:colcon.colcon_core.shell:Creating environment descriptor '/home/rockpi/ros_control_ws/install/my_robot_hardware/share/my_robot_hardware/hook/ament_prefix_path.dsv'
[1.656s] INFO:colcon.colcon_core.shell:Creating environment hook '/home/rockpi/ros_control_ws/install/my_robot_hardware/share/my_robot_hardware/hook/ament_prefix_path.sh'
[1.662s] INFO:colcon.colcon_core.shell:Skip shell extension 'powershell' for command environment: Not usable outside of PowerShell
[1.663s] DEBUG:colcon.colcon_core.shell:Skip shell extension 'dsv' for command environment
[1.714s] INFO:colcon.colcon_ros.task.ament_cmake.build:Building ROS package in '/home/rockpi/ros_control_ws/src/my_robot_hardware_interface' with build type 'ament_cmake'
[1.716s] INFO:colcon.colcon_cmake.task.cmake.build:Building CMake package in '/home/rockpi/ros_control_ws/src/my_robot_hardware_interface'
[1.718s] INFO:colcon.colcon_core.shell:Skip shell extension 'powershell' for command environment: Not usable outside of PowerShell
[1.719s] DEBUG:colcon.colcon_core.shell:Skip shell extension 'dsv' for command environment
[3.814s] INFO:colcon.colcon_core.task.python.build:Building Python package in '/home/rockpi/ros_control_ws/src/my_robot'
[3.815s] INFO:colcon.colcon_core.shell:Skip shell extension 'powershell' for command environment: Not usable outside of PowerShell
[3.815s] DEBUG:colcon.colcon_core.shell:Skip shell extension 'dsv' for command environment
[5.595s] INFO:colcon.colcon_core.task.python.build:Building Python package in '/home/rockpi/ros_control_ws/src/my_robot_hardware'
[5.596s] INFO:colcon.colcon_core.shell:Skip shell extension 'powershell' for command environment: Not usable outside of PowerShell
[5.597s] DEBUG:colcon.colcon_core.shell:Skip shell extension 'dsv' for command environment
[5.685s] DEBUG:colcon.colcon_core.event_handler.log_command:Invoking command in '/home/rockpi/ros_control_ws/build/my_robot_hardware_interface': CMAKE_PREFIX_PATH=${CMAKE_PREFIX_PATH}:/opt/ros/jazzy /usr/bin/cmake /home/rockpi/ros_control_ws/src/my_robot_hardware_interface -DCMAKE_INSTALL_PREFIX=/home/rockpi/ros_control_ws/install/my_robot_hardware_interface
[14.467s] DEBUG:colcon.colcon_core.event_handler.log_command:Invoking command in '/home/rockpi/ros_control_ws/src/my_robot': PYTHONPATH=/home/rockpi/ros_control_ws/build/my_robot/prefix_override:/usr/lib/python3/dist-packages/colcon_core/task/python/colcon_distutils_commands:/home/rockpi/ros_control_ws/install/my_robot/lib/python3.12/site-packages:${PYTHONPATH} /usr/bin/python3 -W ignore:setup.py install is deprecated -W ignore:easy_install command is deprecated setup.py egg_info --egg-base ../../build/my_robot build --build-base /home/rockpi/ros_control_ws/build/my_robot/build install --record /home/rockpi/ros_control_ws/build/my_robot/install.log --single-version-externally-managed install_data
[14.511s] DEBUG:colcon.colcon_core.event_handler.log_command:Invoking command in '/home/rockpi/ros_control_ws/src/my_robot_hardware': PYTHONPATH=/home/rockpi/ros_control_ws/build/my_robot_hardware/prefix_override:/usr/lib/python3/dist-packages/colcon_core/task/python/colcon_distutils_commands:/home/rockpi/ros_control_ws/install/my_robot_hardware/lib/python3.12/site-packages:${PYTHONPATH} /usr/bin/python3 -W ignore:setup.py install is deprecated -W ignore:easy_install command is deprecated setup.py egg_info --egg-base ../../build/my_robot_hardware build --build-base /home/rockpi/ros_control_ws/build/my_robot_hardware/build install --record /home/rockpi/ros_control_ws/build/my_robot_hardware/install.log --single-version-externally-managed install_data
[21.705s] DEBUG:colcon.colcon_core.event_handler.log_command:Invoked command in '/home/rockpi/ros_control_ws/src/my_robot' returned '0': PYTHONPATH=/home/rockpi/ros_control_ws/build/my_robot/prefix_override:/usr/lib/python3/dist-packages/colcon_core/task/python/colcon_distutils_commands:/home/rockpi/ros_control_ws/install/my_robot/lib/python3.12/site-packages:${PYTHONPATH} /usr/bin/python3 -W ignore:setup.py install is deprecated -W ignore:easy_install command is deprecated setup.py egg_info --egg-base ../../build/my_robot build --build-base /home/rockpi/ros_control_ws/build/my_robot/build install --record /home/rockpi/ros_control_ws/build/my_robot/install.log --single-version-externally-managed install_data
[21.776s] Level 1:colcon.colcon_core.environment:checking '/home/rockpi/ros_control_ws/install/my_robot' for CMake module files
[21.787s] Level 1:colcon.colcon_core.environment:checking '/home/rockpi/ros_control_ws/install/my_robot' for CMake config files
[21.801s] Level 1:colcon.colcon_core.environment:checking '/home/rockpi/ros_control_ws/install/my_robot/lib'
[21.804s] Level 1:colcon.colcon_core.environment:checking '/home/rockpi/ros_control_ws/install/my_robot/bin'
[21.805s] Level 1:colcon.colcon_core.environment:checking '/home/rockpi/ros_control_ws/install/my_robot/lib/pkgconfig/my_robot.pc'
[21.808s] Level 1:colcon.colcon_core.environment:checking '/home/rockpi/ros_control_ws/install/my_robot/lib/python3.12/site-packages'
[21.809s] Level 1:colcon.colcon_core.shell:create_environment_hook('my_robot', 'pythonpath')
[21.811s] INFO:colcon.colcon_core.shell:Creating environment hook '/home/rockpi/ros_control_ws/install/my_robot/share/my_robot/hook/pythonpath.ps1'
[21.818s] INFO:colcon.colcon_core.shell:Creating environment descriptor '/home/rockpi/ros_control_ws/install/my_robot/share/my_robot/hook/pythonpath.dsv'
[21.824s] INFO:colcon.colcon_core.shell:Creating environment hook '/home/rockpi/ros_control_ws/install/my_robot/share/my_robot/hook/pythonpath.sh'
[21.831s] Level 1:colcon.colcon_core.environment:checking '/home/rockpi/ros_control_ws/install/my_robot/bin'
[21.832s] Level 1:colcon.colcon_core.environment:create_environment_scripts_only(my_robot)
[21.834s] INFO:colcon.colcon_core.shell:Creating package script '/home/rockpi/ros_control_ws/install/my_robot/share/my_robot/package.ps1'
[21.843s] INFO:colcon.colcon_core.shell:Creating package descriptor '/home/rockpi/ros_control_ws/install/my_robot/share/my_robot/package.dsv'
[21.849s] INFO:colcon.colcon_core.shell:Creating package script '/home/rockpi/ros_control_ws/install/my_robot/share/my_robot/package.sh'
[21.857s] INFO:colcon.colcon_core.shell:Creating package script '/home/rockpi/ros_control_ws/install/my_robot/share/my_robot/package.bash'
[21.865s] INFO:colcon.colcon_core.shell:Creating package script '/home/rockpi/ros_control_ws/install/my_robot/share/my_robot/package.zsh'
[21.873s] Level 1:colcon.colcon_core.environment:create_file_with_runtime_dependencies(/home/rockpi/ros_control_ws/install/my_robot/share/colcon-core/packages/my_robot)
[21.884s] Level 1:colcon.colcon_core.environment:checking '/home/rockpi/ros_control_ws/install/my_robot_hardware' for CMake module files
[21.890s] DEBUG:colcon.colcon_core.event_handler.log_command:Invoked command in '/home/rockpi/ros_control_ws/src/my_robot_hardware' returned '0': PYTHONPATH=/home/rockpi/ros_control_ws/build/my_robot_hardware/prefix_override:/usr/lib/python3/dist-packages/colcon_core/task/python/colcon_distutils_commands:/home/rockpi/ros_control_ws/install/my_robot_hardware/lib/python3.12/site-packages:${PYTHONPATH} /usr/bin/python3 -W ignore:setup.py install is deprecated -W ignore:easy_install command is deprecated setup.py egg_info --egg-base ../../build/my_robot_hardware build --build-base /home/rockpi/ros_control_ws/build/my_robot_hardware/build install --record /home/rockpi/ros_control_ws/build/my_robot_hardware/install.log --single-version-externally-managed install_data
[21.896s] Level 1:colcon.colcon_core.environment:checking '/home/rockpi/ros_control_ws/install/my_robot_hardware' for CMake config files
[21.905s] Level 1:colcon.colcon_core.environment:checking '/home/rockpi/ros_control_ws/install/my_robot_hardware/lib'
[21.907s] Level 1:colcon.colcon_core.environment:checking '/home/rockpi/ros_control_ws/install/my_robot_hardware/bin'
[21.907s] Level 1:colcon.colcon_core.environment:checking '/home/rockpi/ros_control_ws/install/my_robot_hardware/lib/pkgconfig/my_robot_hardware.pc'
[21.910s] Level 1:colcon.colcon_core.environment:checking '/home/rockpi/ros_control_ws/install/my_robot_hardware/lib/python3.12/site-packages'
[21.913s] Level 1:colcon.colcon_core.shell:create_environment_hook('my_robot_hardware', 'pythonpath')
[21.914s] INFO:colcon.colcon_core.shell:Creating environment hook '/home/rockpi/ros_control_ws/install/my_robot_hardware/share/my_robot_hardware/hook/pythonpath.ps1'
[21.919s] INFO:colcon.colcon_core.shell:Creating environment descriptor '/home/rockpi/ros_control_ws/install/my_robot_hardware/share/my_robot_hardware/hook/pythonpath.dsv'
[21.923s] INFO:colcon.colcon_core.shell:Creating environment hook '/home/rockpi/ros_control_ws/install/my_robot_hardware/share/my_robot_hardware/hook/pythonpath.sh'
[21.932s] Level 1:colcon.colcon_core.environment:checking '/home/rockpi/ros_control_ws/install/my_robot_hardware/bin'
[21.933s] Level 1:colcon.colcon_core.environment:create_environment_scripts_only(my_robot_hardware)
[21.935s] INFO:colcon.colcon_core.shell:Creating package script '/home/rockpi/ros_control_ws/install/my_robot_hardware/share/my_robot_hardware/package.ps1'
[21.940s] INFO:colcon.colcon_core.shell:Creating package descriptor '/home/rockpi/ros_control_ws/install/my_robot_hardware/share/my_robot_hardware/package.dsv'
[21.945s] INFO:colcon.colcon_core.shell:Creating package script '/home/rockpi/ros_control_ws/install/my_robot_hardware/share/my_robot_hardware/package.sh'
[21.951s] INFO:colcon.colcon_core.shell:Creating package script '/home/rockpi/ros_control_ws/install/my_robot_hardware/share/my_robot_hardware/package.bash'
[21.956s] INFO:colcon.colcon_core.shell:Creating package script '/home/rockpi/ros_control_ws/install/my_robot_hardware/share/my_robot_hardware/package.zsh'
[21.961s] Level 1:colcon.colcon_core.environment:create_file_with_runtime_dependencies(/home/rockpi/ros_control_ws/install/my_robot_hardware/share/colcon-core/packages/my_robot_hardware)
[32.401s] DEBUG:colcon.colcon_core.event_handler.log_command:Invoked command in '/home/rockpi/ros_control_ws/build/my_robot_hardware_interface' returned '0': CMAKE_PREFIX_PATH=${CMAKE_PREFIX_PATH}:/opt/ros/jazzy /usr/bin/cmake /home/rockpi/ros_control_ws/src/my_robot_hardware_interface -DCMAKE_INSTALL_PREFIX=/home/rockpi/ros_control_ws/install/my_robot_hardware_interface
[32.408s] DEBUG:colcon.colcon_core.event_handler.log_command:Invoking command in '/home/rockpi/ros_control_ws/build/my_robot_hardware_interface': CMAKE_PREFIX_PATH=${CMAKE_PREFIX_PATH}:/opt/ros/jazzy /usr/bin/cmake --build /home/rockpi/ros_control_ws/build/my_robot_hardware_interface -- -j4 -l4
[61.278s] DEBUG:colcon.colcon_core.event_handler.log_command:Invoked command in '/home/rockpi/ros_control_ws/build/my_robot_hardware_interface' returned '2': CMAKE_PREFIX_PATH=${CMAKE_PREFIX_PATH}:/opt/ros/jazzy /usr/bin/cmake --build /home/rockpi/ros_control_ws/build/my_robot_hardware_interface -- -j4 -l4
[61.282s] Level 1:colcon.colcon_core.environment:create_environment_scripts_only(my_robot_hardware_interface)
[61.283s] Level 1:colcon.colcon_core.environment:checking '/home/rockpi/ros_control_ws/install/my_robot_hardware_interface' for CMake module files
[61.289s] Level 1:colcon.colcon_core.environment:checking '/home/rockpi/ros_control_ws/install/my_robot_hardware_interface' for CMake config files
[61.291s] Level 1:colcon.colcon_core.environment:checking '/home/rockpi/ros_control_ws/install/my_robot_hardware_interface/bin'
[61.292s] Level 1:colcon.colcon_core.environment:checking '/home/rockpi/ros_control_ws/install/my_robot_hardware_interface/lib/pkgconfig/my_robot_hardware_interface.pc'
[61.294s] Level 1:colcon.colcon_core.environment:checking '/home/rockpi/ros_control_ws/install/my_robot_hardware_interface/lib/python3.12/site-packages'
[61.297s] Level 1:colcon.colcon_core.environment:checking '/home/rockpi/ros_control_ws/install/my_robot_hardware_interface/bin'
[61.299s] INFO:colcon.colcon_core.shell:Creating package script '/home/rockpi/ros_control_ws/install/my_robot_hardware_interface/share/my_robot_hardware_interface/package.ps1'
[61.305s] INFO:colcon.colcon_core.shell:Creating package descriptor '/home/rockpi/ros_control_ws/install/my_robot_hardware_interface/share/my_robot_hardware_interface/package.dsv'
[61.309s] INFO:colcon.colcon_core.shell:Creating package script '/home/rockpi/ros_control_ws/install/my_robot_hardware_interface/share/my_robot_hardware_interface/package.sh'
[61.313s] INFO:colcon.colcon_core.shell:Creating package script '/home/rockpi/ros_control_ws/install/my_robot_hardware_interface/share/my_robot_hardware_interface/package.bash'
[61.317s] INFO:colcon.colcon_core.shell:Creating package script '/home/rockpi/ros_control_ws/install/my_robot_hardware_interface/share/my_robot_hardware_interface/package.zsh'
[61.321s] Level 1:colcon.colcon_core.environment:create_file_with_runtime_dependencies(/home/rockpi/ros_control_ws/install/my_robot_hardware_interface/share/colcon-core/packages/my_robot_hardware_interface)
[61.325s] DEBUG:colcon.colcon_parallel_executor.executor.parallel:closing loop
[61.327s] DEBUG:colcon.colcon_parallel_executor.executor.parallel:loop closed
[61.329s] DEBUG:colcon.colcon_parallel_executor.executor.parallel:run_until_complete finished with '2'
[61.331s] DEBUG:colcon.colcon_core.event_reactor:joining thread
[61.403s] INFO:colcon.colcon_core.plugin_system:Skipping extension 'colcon_notification.desktop_notification.notify_send': Could not find 'notify-send'
[61.404s] INFO:colcon.colcon_core.plugin_system:Skipping extension 'colcon_notification.desktop_notification.terminal_notifier': Not used on non-Darwin systems
[61.405s] INFO:colcon.colcon_core.plugin_system:Skipping extension 'colcon_notification.desktop_notification.win32': Not used on non-Windows systems
[61.406s] INFO:colcon.colcon_notification.desktop_notification:Sending desktop notification using 'notify2'
[61.537s] DEBUG:colcon.colcon_notification.desktop_notification.notify2:Failed to initialize notify2: org.freedesktop.DBus.Error.ServiceUnknown: The name org.freedesktop.Notifications was not provided by any .service files
[61.538s] DEBUG:colcon.colcon_core.event_reactor:joined thread
[61.539s] INFO:colcon.colcon_core.shell:Creating prefix script '/home/rockpi/ros_control_ws/install/local_setup.ps1'
[61.549s] INFO:colcon.colcon_core.shell:Creating prefix util module '/home/rockpi/ros_control_ws/install/_local_setup_util_ps1.py'
[61.561s] INFO:colcon.colcon_core.shell:Creating prefix chain script '/home/rockpi/ros_control_ws/install/setup.ps1'
[61.573s] INFO:colcon.colcon_core.shell:Creating prefix script '/home/rockpi/ros_control_ws/install/local_setup.sh'
[61.579s] INFO:colcon.colcon_core.shell:Creating prefix util module '/home/rockpi/ros_control_ws/install/_local_setup_util_sh.py'
[61.586s] INFO:colcon.colcon_core.shell:Creating prefix chain script '/home/rockpi/ros_control_ws/install/setup.sh'
[61.597s] INFO:colcon.colcon_core.shell:Creating prefix script '/home/rockpi/ros_control_ws/install/local_setup.bash'
[61.607s] INFO:colcon.colcon_core.shell:Creating prefix chain script '/home/rockpi/ros_control_ws/install/setup.bash'
[61.618s] INFO:colcon.colcon_core.shell:Creating prefix script '/home/rockpi/ros_control_ws/install/local_setup.zsh'
[61.624s] INFO:colcon.colcon_core.shell:Creating prefix chain script '/home/rockpi/ros_control_ws/install/setup.zsh'
