[12.918s] Invoking command in '/home/rockpi/ros_control_ws/src/my_robot': PYTHONPATH=/home/rockpi/ros_control_ws/build/my_robot/prefix_override:/usr/lib/python3/dist-packages/colcon_core/task/python/colcon_distutils_commands:/home/rockpi/ros_control_ws/install/my_robot/lib/python3.12/site-packages:${PYTHONPATH} /usr/bin/python3 -W ignore:setup.py install is deprecated -W ignore:easy_install command is deprecated setup.py egg_info --egg-base ../../build/my_robot build --build-base /home/rockpi/ros_control_ws/build/my_robot/build install --record /home/rockpi/ros_control_ws/build/my_robot/install.log --single-version-externally-managed install_data
[15.808s] running egg_info
[16.039s] writing ../../build/my_robot/my_robot.egg-info/PKG-INFO
[16.046s] writing dependency_links to ../../build/my_robot/my_robot.egg-info/dependency_links.txt
[16.051s] writing entry points to ../../build/my_robot/my_robot.egg-info/entry_points.txt
[16.053s] writing requirements to ../../build/my_robot/my_robot.egg-info/requires.txt
[16.060s] writing top-level names to ../../build/my_robot/my_robot.egg-info/top_level.txt
[16.510s] reading manifest file '../../build/my_robot/my_robot.egg-info/SOURCES.txt'
[16.515s] writing manifest file '../../build/my_robot/my_robot.egg-info/SOURCES.txt'
[16.516s] running build
[16.518s] running build_py
[16.519s] running install
[16.569s] running install_lib
[16.801s] running install_data
[16.804s] copying config/controllers.yaml -> /home/rockpi/ros_control_ws/install/my_robot/share/my_robot/config
[16.805s] running install_egg_info
[17.045s] removing '/home/rockpi/ros_control_ws/install/my_robot/lib/python3.12/site-packages/my_robot-0.0.1-py3.12.egg-info' (and everything under it)
[17.052s] Copying ../../build/my_robot/my_robot.egg-info to /home/rockpi/ros_control_ws/install/my_robot/lib/python3.12/site-packages/my_robot-0.0.1-py3.12.egg-info
[17.065s] running install_scripts
[18.454s] Installing diff_drive_controller script to /home/rockpi/ros_control_ws/install/my_robot/lib/my_robot
[18.457s] Installing imu_node script to /home/rockpi/ros_control_ws/install/my_robot/lib/my_robot
[18.465s] Installing node_monitor_server script to /home/rockpi/ros_control_ws/install/my_robot/lib/my_robot
[18.468s] Installing odometry_node script to /home/rockpi/ros_control_ws/install/my_robot/lib/my_robot
[18.473s] Installing twist_to_twist_stamped script to /home/rockpi/ros_control_ws/install/my_robot/lib/my_robot
[18.480s] writing list of installed files to '/home/rockpi/ros_control_ws/build/my_robot/install.log'
[18.850s] Invoked command in '/home/rockpi/ros_control_ws/src/my_robot' returned '0': PYTHONPATH=/home/rockpi/ros_control_ws/build/my_robot/prefix_override:/usr/lib/python3/dist-packages/colcon_core/task/python/colcon_distutils_commands:/home/rockpi/ros_control_ws/install/my_robot/lib/python3.12/site-packages:${PYTHONPATH} /usr/bin/python3 -W ignore:setup.py install is deprecated -W ignore:easy_install command is deprecated setup.py egg_info --egg-base ../../build/my_robot build --build-base /home/rockpi/ros_control_ws/build/my_robot/build install --record /home/rockpi/ros_control_ws/build/my_robot/install.log --single-version-externally-managed install_data
