[4.469s] Invoking command in '/home/rockpi/ros_control_ws/src/gesture_control': PYTHONPATH=/home/rockpi/ros_control_ws/build/gesture_control/prefix_override:/usr/lib/python3/dist-packages/colcon_core/task/python/colcon_distutils_commands:/home/rockpi/ros_control_ws/install/gesture_control/lib/python3.12/site-packages:${PYTHONPATH} /usr/bin/python3 -W ignore:setup.py install is deprecated -W ignore:easy_install command is deprecated setup.py egg_info --egg-base ../../build/gesture_control build --build-base /home/rockpi/ros_control_ws/build/gesture_control/build install --record /home/rockpi/ros_control_ws/build/gesture_control/install.log --single-version-externally-managed install_data
[5.713s] running egg_info
[5.714s] creating ../../build/gesture_control/gesture_control.egg-info
[5.804s] writing ../../build/gesture_control/gesture_control.egg-info/PKG-INFO
[5.805s] writing dependency_links to ../../build/gesture_control/gesture_control.egg-info/dependency_links.txt
[5.806s] writing entry points to ../../build/gesture_control/gesture_control.egg-info/entry_points.txt
[5.807s] writing requirements to ../../build/gesture_control/gesture_control.egg-info/requires.txt
[5.807s] writing top-level names to ../../build/gesture_control/gesture_control.egg-info/top_level.txt
[5.808s] writing manifest file '../../build/gesture_control/gesture_control.egg-info/SOURCES.txt'
[5.992s] reading manifest file '../../build/gesture_control/gesture_control.egg-info/SOURCES.txt'
[5.995s] writing manifest file '../../build/gesture_control/gesture_control.egg-info/SOURCES.txt'
[5.995s] running build
[5.996s] running build_py
[5.996s] creating /home/rockpi/ros_control_ws/build/gesture_control/build
[5.997s] creating /home/rockpi/ros_control_ws/build/gesture_control/build/lib
[5.997s] creating /home/rockpi/ros_control_ws/build/gesture_control/build/lib/gesture_control
[5.999s] copying gesture_control/__init__.py -> /home/rockpi/ros_control_ws/build/gesture_control/build/lib/gesture_control
[5.999s] copying gesture_control/gesture_node.py -> /home/rockpi/ros_control_ws/build/gesture_control/build/lib/gesture_control
[6.000s] running install
[6.026s] running install_lib
[6.117s] creating /home/rockpi/ros_control_ws/install/gesture_control/lib/python3.12/site-packages/gesture_control
[6.118s] copying /home/rockpi/ros_control_ws/build/gesture_control/build/lib/gesture_control/__init__.py -> /home/rockpi/ros_control_ws/install/gesture_control/lib/python3.12/site-packages/gesture_control
[6.119s] copying /home/rockpi/ros_control_ws/build/gesture_control/build/lib/gesture_control/gesture_node.py -> /home/rockpi/ros_control_ws/install/gesture_control/lib/python3.12/site-packages/gesture_control
[6.121s] byte-compiling /home/rockpi/ros_control_ws/install/gesture_control/lib/python3.12/site-packages/gesture_control/__init__.py to __init__.cpython-312.pyc
[6.123s] byte-compiling /home/rockpi/ros_control_ws/install/gesture_control/lib/python3.12/site-packages/gesture_control/gesture_node.py to gesture_node.cpython-312.pyc
[6.127s] running install_data
[6.127s] creating /home/rockpi/ros_control_ws/install/gesture_control/share/ament_index
[6.128s] creating /home/rockpi/ros_control_ws/install/gesture_control/share/ament_index/resource_index
[6.129s] creating /home/rockpi/ros_control_ws/install/gesture_control/share/ament_index/resource_index/packages
[6.129s] copying resource/gesture_control -> /home/rockpi/ros_control_ws/install/gesture_control/share/ament_index/resource_index/packages
[6.130s] copying package.xml -> /home/rockpi/ros_control_ws/install/gesture_control/share/gesture_control
[6.130s] running install_egg_info
[6.229s] Copying ../../build/gesture_control/gesture_control.egg-info to /home/rockpi/ros_control_ws/install/gesture_control/lib/python3.12/site-packages/gesture_control-0.0.0-py3.12.egg-info
[6.235s] running install_scripts
[6.921s] Installing gesture_node script to /home/rockpi/ros_control_ws/install/gesture_control/lib/gesture_control
[6.922s] writing list of installed files to '/home/rockpi/ros_control_ws/build/gesture_control/install.log'
[7.070s] Invoked command in '/home/rockpi/ros_control_ws/src/gesture_control' returned '0': PYTHONPATH=/home/rockpi/ros_control_ws/build/gesture_control/prefix_override:/usr/lib/python3/dist-packages/colcon_core/task/python/colcon_distutils_commands:/home/rockpi/ros_control_ws/install/gesture_control/lib/python3.12/site-packages:${PYTHONPATH} /usr/bin/python3 -W ignore:setup.py install is deprecated -W ignore:easy_install command is deprecated setup.py egg_info --egg-base ../../build/gesture_control build --build-base /home/rockpi/ros_control_ws/build/gesture_control/build install --record /home/rockpi/ros_control_ws/build/gesture_control/install.log --single-version-externally-managed install_data
