[25.450s] Invoking command in '/home/rockpi/ros_control_ws/src/my_robot': PYTHONPATH=/home/rockpi/ros_control_ws/build/my_robot/prefix_override:/usr/lib/python3/dist-packages/colcon_core/task/python/colcon_distutils_commands:/home/rockpi/ros_control_ws/install/my_robot/lib/python3.12/site-packages:${PYTHONPATH} /usr/bin/python3 -W ignore:setup.py install is deprecated -W ignore:easy_install command is deprecated setup.py egg_info --egg-base ../../build/my_robot build --build-base /home/rockpi/ros_control_ws/build/my_robot/build install --record /home/rockpi/ros_control_ws/build/my_robot/install.log --single-version-externally-managed install_data
[30.314s] running egg_info
[30.751s] writing ../../build/my_robot/my_robot.egg-info/PKG-INFO
[30.767s] writing dependency_links to ../../build/my_robot/my_robot.egg-info/dependency_links.txt
[30.768s] writing entry points to ../../build/my_robot/my_robot.egg-info/entry_points.txt
[30.776s] writing requirements to ../../build/my_robot/my_robot.egg-info/requires.txt
[30.783s] writing top-level names to ../../build/my_robot/my_robot.egg-info/top_level.txt
[31.596s] reading manifest file '../../build/my_robot/my_robot.egg-info/SOURCES.txt'
[31.613s] writing manifest file '../../build/my_robot/my_robot.egg-info/SOURCES.txt'
[31.614s] running build
[31.631s] running build_py
[31.635s] running install
[31.691s] running install_lib
[32.174s] running install_data
[32.179s] copying config/controllers.yaml -> /home/rockpi/ros_control_ws/install/my_robot/share/my_robot/config
[32.183s] running install_egg_info
[32.618s] removing '/home/rockpi/ros_control_ws/install/my_robot/lib/python3.12/site-packages/my_robot-0.0.1-py3.12.egg-info' (and everything under it)
[32.621s] Copying ../../build/my_robot/my_robot.egg-info to /home/rockpi/ros_control_ws/install/my_robot/lib/python3.12/site-packages/my_robot-0.0.1-py3.12.egg-info
[32.632s] running install_scripts
[34.997s] Installing diff_drive_controller script to /home/rockpi/ros_control_ws/install/my_robot/lib/my_robot
[35.000s] Installing imu_node script to /home/rockpi/ros_control_ws/install/my_robot/lib/my_robot
[35.003s] Installing node_monitor_server script to /home/rockpi/ros_control_ws/install/my_robot/lib/my_robot
[35.005s] Installing odometry_node script to /home/rockpi/ros_control_ws/install/my_robot/lib/my_robot
[35.007s] Installing twist_to_twist_stamped script to /home/rockpi/ros_control_ws/install/my_robot/lib/my_robot
[35.011s] writing list of installed files to '/home/rockpi/ros_control_ws/build/my_robot/install.log'
[35.274s] Invoked command in '/home/rockpi/ros_control_ws/src/my_robot' returned '0': PYTHONPATH=/home/rockpi/ros_control_ws/build/my_robot/prefix_override:/usr/lib/python3/dist-packages/colcon_core/task/python/colcon_distutils_commands:/home/rockpi/ros_control_ws/install/my_robot/lib/python3.12/site-packages:${PYTHONPATH} /usr/bin/python3 -W ignore:setup.py install is deprecated -W ignore:easy_install command is deprecated setup.py egg_info --egg-base ../../build/my_robot build --build-base /home/rockpi/ros_control_ws/build/my_robot/build install --record /home/rockpi/ros_control_ws/build/my_robot/install.log --single-version-externally-managed install_data
