[10.250s] Invoking command in '/home/rockpi/robot_ws/src/my_robot': PYTHONPATH=/home/rockpi/robot_ws/build/my_robot/prefix_override:/usr/lib/python3/dist-packages/colcon_core/task/python/colcon_distutils_commands:/home/rockpi/robot_ws/install/my_robot/lib/python3.12/site-packages:${PYTHONPATH} /usr/bin/python3 -W ignore:setup.py install is deprecated -W ignore:easy_install command is deprecated setup.py egg_info --egg-base ../../build/my_robot build --build-base /home/rockpi/robot_ws/build/my_robot/build install --record /home/rockpi/robot_ws/build/my_robot/install.log --single-version-externally-managed install_data
[13.406s] running egg_info
[13.651s] writing ../../build/my_robot/my_robot.egg-info/PKG-INFO
[13.655s] writing dependency_links to ../../build/my_robot/my_robot.egg-info/dependency_links.txt
[13.660s] writing entry points to ../../build/my_robot/my_robot.egg-info/entry_points.txt
[13.663s] writing requirements to ../../build/my_robot/my_robot.egg-info/requires.txt
[13.664s] writing top-level names to ../../build/my_robot/my_robot.egg-info/top_level.txt
[14.173s] reading manifest file '../../build/my_robot/my_robot.egg-info/SOURCES.txt'
[14.185s] writing manifest file '../../build/my_robot/my_robot.egg-info/SOURCES.txt'
[14.188s] running build
[14.189s] running build_py
[14.195s] running install
[14.270s] running install_lib
[14.539s] running install_data
[14.547s] copying launch/slam.launch.py -> /home/rockpi/robot_ws/install/my_robot/share/my_robot/launch
[14.552s] copying config/mapper_params_online_async.yaml -> /home/rockpi/robot_ws/install/my_robot/share/my_robot/config
[14.554s] running install_egg_info
[14.842s] removing '/home/rockpi/robot_ws/install/my_robot/lib/python3.12/site-packages/my_robot-0.0.1-py3.12.egg-info' (and everything under it)
[14.846s] Copying ../../build/my_robot/my_robot.egg-info to /home/rockpi/robot_ws/install/my_robot/lib/python3.12/site-packages/my_robot-0.0.1-py3.12.egg-info
[14.861s] running install_scripts
[16.533s] Installing diff_drive_controller script to /home/rockpi/robot_ws/install/my_robot/lib/my_robot
[16.543s] Installing imu_node script to /home/rockpi/robot_ws/install/my_robot/lib/my_robot
[16.546s] Installing odometry_node script to /home/rockpi/robot_ws/install/my_robot/lib/my_robot
[16.553s] writing list of installed files to '/home/rockpi/robot_ws/build/my_robot/install.log'
[16.848s] Invoked command in '/home/rockpi/robot_ws/src/my_robot' returned '0': PYTHONPATH=/home/rockpi/robot_ws/build/my_robot/prefix_override:/usr/lib/python3/dist-packages/colcon_core/task/python/colcon_distutils_commands:/home/rockpi/robot_ws/install/my_robot/lib/python3.12/site-packages:${PYTHONPATH} /usr/bin/python3 -W ignore:setup.py install is deprecated -W ignore:easy_install command is deprecated setup.py egg_info --egg-base ../../build/my_robot build --build-base /home/rockpi/robot_ws/build/my_robot/build install --record /home/rockpi/robot_ws/build/my_robot/install.log --single-version-externally-managed install_data
