[17.417s] Invoking command in '/home/rockpi/ros_control_ws/src/gesture_control': PYTHONPATH=/home/rockpi/ros_control_ws/build/gesture_control/prefix_override:/usr/lib/python3/dist-packages/colcon_core/task/python/colcon_distutils_commands:/home/rockpi/ros_control_ws/install/gesture_control/lib/python3.12/site-packages:${PYTHONPATH} /usr/bin/python3 -W ignore:setup.py install is deprecated -W ignore:easy_install command is deprecated setup.py egg_info --egg-base ../../build/gesture_control build --build-base /home/rockpi/ros_control_ws/build/gesture_control/build install --record /home/rockpi/ros_control_ws/build/gesture_control/install.log --single-version-externally-managed install_data
[23.179s] running egg_info
[23.837s] writing ../../build/gesture_control/gesture_control.egg-info/PKG-INFO
[23.843s] writing dependency_links to ../../build/gesture_control/gesture_control.egg-info/dependency_links.txt
[23.853s] writing entry points to ../../build/gesture_control/gesture_control.egg-info/entry_points.txt
[23.865s] writing requirements to ../../build/gesture_control/gesture_control.egg-info/requires.txt
[23.870s] writing top-level names to ../../build/gesture_control/gesture_control.egg-info/top_level.txt
[24.836s] reading manifest file '../../build/gesture_control/gesture_control.egg-info/SOURCES.txt'
[24.855s] writing manifest file '../../build/gesture_control/gesture_control.egg-info/SOURCES.txt'
[24.862s] running build
[24.866s] running build_py
[24.872s] running install
[24.952s] running install_lib
[25.225s] running install_data
[25.233s] running install_egg_info
[25.598s] removing '/home/rockpi/ros_control_ws/install/gesture_control/lib/python3.12/site-packages/gesture_control-0.0.0-py3.12.egg-info' (and everything under it)
[25.605s] Copying ../../build/gesture_control/gesture_control.egg-info to /home/rockpi/ros_control_ws/install/gesture_control/lib/python3.12/site-packages/gesture_control-0.0.0-py3.12.egg-info
[25.609s] running install_scripts
[26.956s] Installing gesture_node script to /home/rockpi/ros_control_ws/install/gesture_control/lib/gesture_control
[26.967s] writing list of installed files to '/home/rockpi/ros_control_ws/build/gesture_control/install.log'
[27.290s] Invoked command in '/home/rockpi/ros_control_ws/src/gesture_control' returned '0': PYTHONPATH=/home/rockpi/ros_control_ws/build/gesture_control/prefix_override:/usr/lib/python3/dist-packages/colcon_core/task/python/colcon_distutils_commands:/home/rockpi/ros_control_ws/install/gesture_control/lib/python3.12/site-packages:${PYTHONPATH} /usr/bin/python3 -W ignore:setup.py install is deprecated -W ignore:easy_install command is deprecated setup.py egg_info --egg-base ../../build/gesture_control build --build-base /home/rockpi/ros_control_ws/build/gesture_control/build install --record /home/rockpi/ros_control_ws/build/gesture_control/install.log --single-version-externally-managed install_data
