[5.993s] Invoking command in '/home/rockpi/ros_control_ws/build/my_robot': PYTHONPATH=/home/rockpi/ros_control_ws/build/my_robot/prefix_override:/usr/lib/python3/dist-packages/colcon_core/task/python/colcon_distutils_commands:/home/rockpi/ros_control_ws/install/my_robot/lib/python3.12/site-packages:${PYTHONPATH} /usr/bin/python3 -W ignore:setup.py install is deprecated -W ignore:easy_install command is deprecated setup.py develop --uninstall --editable --build-directory /home/rockpi/ros_control_ws/build/my_robot/build
[7.488s] running develop
[8.625s] Removing /home/rockpi/ros_control_ws/install/my_robot/lib/python3.12/site-packages/my-robot.egg-link (link to .)
[8.786s] Invoked command in '/home/rockpi/ros_control_ws/build/my_robot' returned '0': PYTHONPATH=/home/rockpi/ros_control_ws/build/my_robot/prefix_override:/usr/lib/python3/dist-packages/colcon_core/task/python/colcon_distutils_commands:/home/rockpi/ros_control_ws/install/my_robot/lib/python3.12/site-packages:${PYTHONPATH} /usr/bin/python3 -W ignore:setup.py install is deprecated -W ignore:easy_install command is deprecated setup.py develop --uninstall --editable --build-directory /home/rockpi/ros_control_ws/build/my_robot/build
[8.792s] Invoking command in '/home/rockpi/ros_control_ws/src/my_robot': PYTHONPATH=/home/rockpi/ros_control_ws/build/my_robot/prefix_override:/usr/lib/python3/dist-packages/colcon_core/task/python/colcon_distutils_commands:/home/rockpi/ros_control_ws/install/my_robot/lib/python3.12/site-packages:${PYTHONPATH} /usr/bin/python3 -W ignore:setup.py install is deprecated -W ignore:easy_install command is deprecated setup.py egg_info --egg-base ../../build/my_robot build --build-base /home/rockpi/ros_control_ws/build/my_robot/build install --record /home/rockpi/ros_control_ws/build/my_robot/install.log --single-version-externally-managed install_data --force
[9.910s] running egg_info
[9.989s] writing ../../build/my_robot/my_robot.egg-info/PKG-INFO
[9.990s] writing dependency_links to ../../build/my_robot/my_robot.egg-info/dependency_links.txt
[9.995s] writing entry points to ../../build/my_robot/my_robot.egg-info/entry_points.txt
[9.996s] writing requirements to ../../build/my_robot/my_robot.egg-info/requires.txt
[9.997s] writing top-level names to ../../build/my_robot/my_robot.egg-info/top_level.txt
[10.160s] reading manifest file '../../build/my_robot/my_robot.egg-info/SOURCES.txt'
[10.165s] writing manifest file '../../build/my_robot/my_robot.egg-info/SOURCES.txt'
[10.166s] running build
[10.166s] running build_py
[10.167s] copying my_robot/twist_to_twist_stamped.py -> /home/rockpi/ros_control_ws/build/my_robot/build/lib/my_robot
[10.169s] running install
[10.200s] running install_lib
[10.296s] creating /home/rockpi/ros_control_ws/install/my_robot/lib/python3.12/site-packages/my_robot
[10.297s] copying /home/rockpi/ros_control_ws/build/my_robot/build/lib/my_robot/twist_to_twist_stamped.py -> /home/rockpi/ros_control_ws/install/my_robot/lib/python3.12/site-packages/my_robot
[10.297s] copying /home/rockpi/ros_control_ws/build/my_robot/build/lib/my_robot/diff_drive_controller.py -> /home/rockpi/ros_control_ws/install/my_robot/lib/python3.12/site-packages/my_robot
[10.300s] copying /home/rockpi/ros_control_ws/build/my_robot/build/lib/my_robot/__init__.py -> /home/rockpi/ros_control_ws/install/my_robot/lib/python3.12/site-packages/my_robot
[10.300s] copying /home/rockpi/ros_control_ws/build/my_robot/build/lib/my_robot/imu_node.py -> /home/rockpi/ros_control_ws/install/my_robot/lib/python3.12/site-packages/my_robot
[10.302s] copying /home/rockpi/ros_control_ws/build/my_robot/build/lib/my_robot/odometry_node.py -> /home/rockpi/ros_control_ws/install/my_robot/lib/python3.12/site-packages/my_robot
[10.306s] byte-compiling /home/rockpi/ros_control_ws/install/my_robot/lib/python3.12/site-packages/my_robot/twist_to_twist_stamped.py to twist_to_twist_stamped.cpython-312.pyc
[10.308s] byte-compiling /home/rockpi/ros_control_ws/install/my_robot/lib/python3.12/site-packages/my_robot/diff_drive_controller.py to diff_drive_controller.cpython-312.pyc
[10.313s] byte-compiling /home/rockpi/ros_control_ws/install/my_robot/lib/python3.12/site-packages/my_robot/__init__.py to __init__.cpython-312.pyc
[10.314s] byte-compiling /home/rockpi/ros_control_ws/install/my_robot/lib/python3.12/site-packages/my_robot/imu_node.py to imu_node.cpython-312.pyc
[10.319s] byte-compiling /home/rockpi/ros_control_ws/install/my_robot/lib/python3.12/site-packages/my_robot/odometry_node.py to odometry_node.cpython-312.pyc
[10.323s] running install_data
[10.324s] copying resource/my_robot -> /home/rockpi/ros_control_ws/install/my_robot/share/ament_index/resource_index/packages
[10.325s] copying package.xml -> /home/rockpi/ros_control_ws/install/my_robot/share/my_robot
[10.325s] copying launch/navigation.launch.py -> /home/rockpi/ros_control_ws/install/my_robot/share/my_robot/launch
[10.327s] copying launch/robot.launch.py -> /home/rockpi/ros_control_ws/install/my_robot/share/my_robot/launch
[10.328s] copying launch/slam.launch.py -> /home/rockpi/ros_control_ws/install/my_robot/share/my_robot/launch
[10.329s] copying config/mapper_params_online_async.yaml -> /home/rockpi/ros_control_ws/install/my_robot/share/my_robot/config
[10.331s] copying config/slam_toolbox_params.yaml -> /home/rockpi/ros_control_ws/install/my_robot/share/my_robot/config
[10.332s] copying config/ekf.yaml -> /home/rockpi/ros_control_ws/install/my_robot/share/my_robot/config
[10.333s] copying config/nav2_params.yaml -> /home/rockpi/ros_control_ws/install/my_robot/share/my_robot/config
[10.335s] copying config/controllers.yaml -> /home/rockpi/ros_control_ws/install/my_robot/share/my_robot/config
[10.336s] copying urdf/robot.urdf.xml -> /home/rockpi/ros_control_ws/install/my_robot/share/my_robot/urdf
[10.337s] running install_egg_info
[10.424s] Copying ../../build/my_robot/my_robot.egg-info to /home/rockpi/ros_control_ws/install/my_robot/lib/python3.12/site-packages/my_robot-0.0.1-py3.12.egg-info
[10.428s] running install_scripts
[11.021s] Installing diff_drive_controller script to /home/rockpi/ros_control_ws/install/my_robot/lib/my_robot
[11.022s] Installing imu_node script to /home/rockpi/ros_control_ws/install/my_robot/lib/my_robot
[11.023s] Installing odometry_node script to /home/rockpi/ros_control_ws/install/my_robot/lib/my_robot
[11.024s] Installing twist_to_twist_stamped script to /home/rockpi/ros_control_ws/install/my_robot/lib/my_robot
[11.026s] writing list of installed files to '/home/rockpi/ros_control_ws/build/my_robot/install.log'
[11.171s] Invoked command in '/home/rockpi/ros_control_ws/src/my_robot' returned '0': PYTHONPATH=/home/rockpi/ros_control_ws/build/my_robot/prefix_override:/usr/lib/python3/dist-packages/colcon_core/task/python/colcon_distutils_commands:/home/rockpi/ros_control_ws/install/my_robot/lib/python3.12/site-packages:${PYTHONPATH} /usr/bin/python3 -W ignore:setup.py install is deprecated -W ignore:easy_install command is deprecated setup.py egg_info --egg-base ../../build/my_robot build --build-base /home/rockpi/ros_control_ws/build/my_robot/build install --record /home/rockpi/ros_control_ws/build/my_robot/install.log --single-version-externally-managed install_data --force
