[4.977s] Invoking command in '/home/rockpi/robot_ws/src/my_robot': PYTHONPATH=/home/rockpi/robot_ws/build/my_robot/prefix_override:/usr/lib/python3/dist-packages/colcon_core/task/python/colcon_distutils_commands:/home/rockpi/robot_ws/install/my_robot/lib/python3.12/site-packages:${PYTHONPATH} /usr/bin/python3 -W ignore:setup.py install is deprecated -W ignore:easy_install command is deprecated setup.py egg_info --egg-base ../../build/my_robot build --build-base /home/rockpi/robot_ws/build/my_robot/build install --record /home/rockpi/robot_ws/build/my_robot/install.log --single-version-externally-managed install_data
[6.267s] running egg_info
[6.360s] writing ../../build/my_robot/my_robot.egg-info/PKG-INFO
[6.361s] writing dependency_links to ../../build/my_robot/my_robot.egg-info/dependency_links.txt
[6.363s] writing entry points to ../../build/my_robot/my_robot.egg-info/entry_points.txt
[6.367s] writing requirements to ../../build/my_robot/my_robot.egg-info/requires.txt
[6.367s] writing top-level names to ../../build/my_robot/my_robot.egg-info/top_level.txt
[6.559s] reading manifest file '../../build/my_robot/my_robot.egg-info/SOURCES.txt'
[6.563s] writing manifest file '../../build/my_robot/my_robot.egg-info/SOURCES.txt'
[6.564s] running build
[6.564s] running build_py
[6.566s] running install
[6.593s] running install_lib
[6.688s] running install_data
[6.689s] copying config/mapper_params_online_async.yaml -> /home/rockpi/robot_ws/install/my_robot/share/my_robot/config
[6.691s] running install_egg_info
[6.795s] removing '/home/rockpi/robot_ws/install/my_robot/lib/python3.12/site-packages/my_robot-0.0.1-py3.12.egg-info' (and everything under it)
[6.797s] Copying ../../build/my_robot/my_robot.egg-info to /home/rockpi/robot_ws/install/my_robot/lib/python3.12/site-packages/my_robot-0.0.1-py3.12.egg-info
[6.803s] running install_scripts
[7.542s] Installing diff_drive_controller script to /home/rockpi/robot_ws/install/my_robot/lib/my_robot
[7.544s] Installing imu_node script to /home/rockpi/robot_ws/install/my_robot/lib/my_robot
[7.545s] Installing odometry_node script to /home/rockpi/robot_ws/install/my_robot/lib/my_robot
[7.549s] writing list of installed files to '/home/rockpi/robot_ws/build/my_robot/install.log'
[7.732s] Invoked command in '/home/rockpi/robot_ws/src/my_robot' returned '0': PYTHONPATH=/home/rockpi/robot_ws/build/my_robot/prefix_override:/usr/lib/python3/dist-packages/colcon_core/task/python/colcon_distutils_commands:/home/rockpi/robot_ws/install/my_robot/lib/python3.12/site-packages:${PYTHONPATH} /usr/bin/python3 -W ignore:setup.py install is deprecated -W ignore:easy_install command is deprecated setup.py egg_info --egg-base ../../build/my_robot build --build-base /home/rockpi/robot_ws/build/my_robot/build install --record /home/rockpi/robot_ws/build/my_robot/install.log --single-version-externally-managed install_data
