[5.581s] Invoking command in '/home/rockpi/robot_ws/src/my_robot': PYTHONPATH=/home/rockpi/robot_ws/build/my_robot/prefix_override:/usr/lib/python3/dist-packages/colcon_core/task/python/colcon_distutils_commands:/home/rockpi/robot_ws/install/my_robot/lib/python3.12/site-packages:${PYTHONPATH} /usr/bin/python3 -W ignore:setup.py install is deprecated -W ignore:easy_install command is deprecated setup.py egg_info --egg-base ../../build/my_robot build --build-base /home/rockpi/robot_ws/build/my_robot/build install --record /home/rockpi/robot_ws/build/my_robot/install.log --single-version-externally-managed install_data
[6.843s] running egg_info
[6.935s] writing ../../build/my_robot/my_robot.egg-info/PKG-INFO
[6.936s] writing dependency_links to ../../build/my_robot/my_robot.egg-info/dependency_links.txt
[6.937s] writing entry points to ../../build/my_robot/my_robot.egg-info/entry_points.txt
[6.938s] writing requirements to ../../build/my_robot/my_robot.egg-info/requires.txt
[6.939s] writing top-level names to ../../build/my_robot/my_robot.egg-info/top_level.txt
[7.129s] reading manifest file '../../build/my_robot/my_robot.egg-info/SOURCES.txt'
[7.134s] writing manifest file '../../build/my_robot/my_robot.egg-info/SOURCES.txt'
[7.135s] running build
[7.136s] running build_py
[7.137s] copying my_robot/imu_node.py -> /home/rockpi/robot_ws/build/my_robot/build/lib/my_robot
[7.138s] running install
[7.167s] running install_lib
[7.258s] copying /home/rockpi/robot_ws/build/my_robot/build/lib/my_robot/imu_node.py -> /home/rockpi/robot_ws/install/my_robot/lib/python3.12/site-packages/my_robot
[7.261s] byte-compiling /home/rockpi/robot_ws/install/my_robot/lib/python3.12/site-packages/my_robot/imu_node.py to imu_node.cpython-312.pyc
[7.268s] running install_data
[7.269s] copying launch/slam.launch.py -> /home/rockpi/robot_ws/install/my_robot/share/my_robot/launch
[7.271s] copying config/slam_toolbox_params.yaml -> /home/rockpi/robot_ws/install/my_robot/share/my_robot/config
[7.271s] copying config/ekf.yaml -> /home/rockpi/robot_ws/install/my_robot/share/my_robot/config
[7.272s] copying urdf/robot.urdf.xml -> /home/rockpi/robot_ws/install/my_robot/share/my_robot/urdf
[7.273s] running install_egg_info
[7.372s] removing '/home/rockpi/robot_ws/install/my_robot/lib/python3.12/site-packages/my_robot-0.0.1-py3.12.egg-info' (and everything under it)
[7.374s] Copying ../../build/my_robot/my_robot.egg-info to /home/rockpi/robot_ws/install/my_robot/lib/python3.12/site-packages/my_robot-0.0.1-py3.12.egg-info
[7.380s] running install_scripts
[8.063s] Installing diff_drive_controller script to /home/rockpi/robot_ws/install/my_robot/lib/my_robot
[8.066s] Installing imu_node script to /home/rockpi/robot_ws/install/my_robot/lib/my_robot
[8.068s] Installing odometry_node script to /home/rockpi/robot_ws/install/my_robot/lib/my_robot
[8.070s] writing list of installed files to '/home/rockpi/robot_ws/build/my_robot/install.log'
[8.331s] Invoked command in '/home/rockpi/robot_ws/src/my_robot' returned '0': PYTHONPATH=/home/rockpi/robot_ws/build/my_robot/prefix_override:/usr/lib/python3/dist-packages/colcon_core/task/python/colcon_distutils_commands:/home/rockpi/robot_ws/install/my_robot/lib/python3.12/site-packages:${PYTHONPATH} /usr/bin/python3 -W ignore:setup.py install is deprecated -W ignore:easy_install command is deprecated setup.py egg_info --egg-base ../../build/my_robot build --build-base /home/rockpi/robot_ws/build/my_robot/build install --record /home/rockpi/robot_ws/build/my_robot/install.log --single-version-externally-managed install_data
