[5.737s] Invoking command in '/home/rockpi/robot_ws/build/my_robot': PYTHONPATH=/home/rockpi/robot_ws/build/my_robot/prefix_override:/usr/lib/python3/dist-packages/colcon_core/task/python/colcon_distutils_commands:/home/rockpi/robot_ws/install/my_robot/lib/python3.12/site-packages:${PYTHONPATH} /usr/bin/python3 -W ignore:setup.py install is deprecated -W ignore:easy_install command is deprecated setup.py develop --editable --build-directory /home/rockpi/robot_ws/build/my_robot/build --no-deps symlink_data
[7.313s] running develop
[8.347s] running egg_info
[8.442s] writing my_robot.egg-info/PKG-INFO
[8.444s] writing dependency_links to my_robot.egg-info/dependency_links.txt
[8.445s] writing entry points to my_robot.egg-info/entry_points.txt
[8.446s] writing requirements to my_robot.egg-info/requires.txt
[8.447s] writing top-level names to my_robot.egg-info/top_level.txt
[8.628s] reading manifest file 'my_robot.egg-info/SOURCES.txt'
[8.633s] writing manifest file 'my_robot.egg-info/SOURCES.txt'
[8.727s] running build_ext
[8.728s] Creating /home/rockpi/robot_ws/install/my_robot/lib/python3.12/site-packages/my-robot.egg-link (link to .)
[8.734s] Installing diff_drive_controller script to /home/rockpi/robot_ws/install/my_robot/lib/my_robot
[8.736s] Installing imu_node script to /home/rockpi/robot_ws/install/my_robot/lib/my_robot
[8.738s] Installing odometry_node script to /home/rockpi/robot_ws/install/my_robot/lib/my_robot
[8.743s] 
[8.745s] Installed /home/rockpi/robot_ws/build/my_robot
[8.749s] running symlink_data
[8.752s] symbolically linking /home/rockpi/robot_ws/build/my_robot/launch/navigation.launch.py -> /home/rockpi/robot_ws/install/my_robot/share/my_robot/launch
[8.755s] symbolically linking /home/rockpi/robot_ws/build/my_robot/config/nav2_params.yaml -> /home/rockpi/robot_ws/install/my_robot/share/my_robot/config
[9.065s] Invoked command in '/home/rockpi/robot_ws/build/my_robot' returned '0': PYTHONPATH=/home/rockpi/robot_ws/build/my_robot/prefix_override:/usr/lib/python3/dist-packages/colcon_core/task/python/colcon_distutils_commands:/home/rockpi/robot_ws/install/my_robot/lib/python3.12/site-packages:${PYTHONPATH} /usr/bin/python3 -W ignore:setup.py install is deprecated -W ignore:easy_install command is deprecated setup.py develop --editable --build-directory /home/rockpi/robot_ws/build/my_robot/build --no-deps symlink_data
