[4.999s] Invoking command in '/home/rockpi/robot_ws/src/my_robot': PYTHONPATH=/home/rockpi/robot_ws/build/my_robot/prefix_override:/usr/lib/python3/dist-packages/colcon_core/task/python/colcon_distutils_commands:/home/rockpi/robot_ws/install/my_robot/lib/python3.12/site-packages:${PYTHONPATH} /usr/bin/python3 -W ignore:setup.py install is deprecated -W ignore:easy_install command is deprecated setup.py egg_info --egg-base ../../build/my_robot build --build-base /home/rockpi/robot_ws/build/my_robot/build install --record /home/rockpi/robot_ws/build/my_robot/install.log --single-version-externally-managed install_data
[6.318s] running egg_info
[6.409s] writing ../../build/my_robot/my_robot.egg-info/PKG-INFO
[6.411s] writing dependency_links to ../../build/my_robot/my_robot.egg-info/dependency_links.txt
[6.413s] writing entry points to ../../build/my_robot/my_robot.egg-info/entry_points.txt
[6.414s] writing requirements to ../../build/my_robot/my_robot.egg-info/requires.txt
[6.415s] writing top-level names to ../../build/my_robot/my_robot.egg-info/top_level.txt
[6.606s] reading manifest file '../../build/my_robot/my_robot.egg-info/SOURCES.txt'
[6.610s] writing manifest file '../../build/my_robot/my_robot.egg-info/SOURCES.txt'
[6.611s] running build
[6.612s] running build_py
[6.613s] copying my_robot/diff_drive_controller.py -> /home/rockpi/robot_ws/build/my_robot/build/lib/my_robot
[6.615s] running install
[6.643s] running install_lib
[6.737s] copying /home/rockpi/robot_ws/build/my_robot/build/lib/my_robot/diff_drive_controller.py -> /home/rockpi/robot_ws/install/my_robot/lib/python3.12/site-packages/my_robot
[6.741s] byte-compiling /home/rockpi/robot_ws/install/my_robot/lib/python3.12/site-packages/my_robot/diff_drive_controller.py to diff_drive_controller.cpython-312.pyc
[6.747s] running install_data
[6.749s] copying launch/robot.launch.py -> /home/rockpi/robot_ws/install/my_robot/share/my_robot/launch
[6.750s] running install_egg_info
[6.849s] removing '/home/rockpi/robot_ws/install/my_robot/lib/python3.12/site-packages/my_robot-0.0.1-py3.12.egg-info' (and everything under it)
[6.852s] Copying ../../build/my_robot/my_robot.egg-info to /home/rockpi/robot_ws/install/my_robot/lib/python3.12/site-packages/my_robot-0.0.1-py3.12.egg-info
[6.858s] running install_scripts
[7.561s] Installing diff_drive_controller script to /home/rockpi/robot_ws/install/my_robot/lib/my_robot
[7.562s] Installing imu_node script to /home/rockpi/robot_ws/install/my_robot/lib/my_robot
[7.564s] Installing odometry_node script to /home/rockpi/robot_ws/install/my_robot/lib/my_robot
[7.569s] writing list of installed files to '/home/rockpi/robot_ws/build/my_robot/install.log'
[7.739s] Invoked command in '/home/rockpi/robot_ws/src/my_robot' returned '0': PYTHONPATH=/home/rockpi/robot_ws/build/my_robot/prefix_override:/usr/lib/python3/dist-packages/colcon_core/task/python/colcon_distutils_commands:/home/rockpi/robot_ws/install/my_robot/lib/python3.12/site-packages:${PYTHONPATH} /usr/bin/python3 -W ignore:setup.py install is deprecated -W ignore:easy_install command is deprecated setup.py egg_info --egg-base ../../build/my_robot build --build-base /home/rockpi/robot_ws/build/my_robot/build install --record /home/rockpi/robot_ws/build/my_robot/install.log --single-version-externally-managed install_data
