[1.239s] DEBUG:colcon:Command line arguments: ['/usr/bin/colcon', 'build']
[1.240s] DEBUG:colcon:Parsed command line arguments: Namespace(log_base=None, log_level=None, verb_name='build', build_base='build', install_base='install', merge_install=False, symlink_install=False, test_result_base=None, continue_on_error=False, executor='parallel', parallel_workers=4, event_handlers=None, ignore_user_meta=False, metas=['./colcon.meta'], base_paths=['.'], packages_ignore=None, packages_ignore_regex=None, paths=None, packages_up_to=None, packages_up_to_regex=None, packages_above=None, packages_above_and_dependencies=None, packages_above_depth=None, packages_select_by_dep=None, packages_skip_by_dep=None, packages_skip_up_to=None, packages_select_build_failed=False, packages_skip_build_finished=False, packages_select_test_failures=False, packages_skip_test_passed=False, packages_select=None, packages_skip=None, packages_select_regex=None, packages_skip_regex=None, packages_start=None, packages_end=None, allow_overriding=[], cmake_args=None, cmake_target=None, cmake_target_skip_unavailable=False, cmake_clean_cache=False, cmake_clean_first=False, cmake_force_configure=False, ament_cmake_args=None, catkin_cmake_args=None, catkin_skip_building_tests=False, mixin_files=None, mixin=None, verb_parser=<colcon_mixin.mixin.mixin_argument.MixinArgumentDecorator object at 0xffffa9e705c0>, verb_extension=<colcon_core.verb.build.BuildVerb object at 0xffffaa01a720>, main=<bound method BuildVerb.main of <colcon_core.verb.build.BuildVerb object at 0xffffaa01a720>>, mixin_verb=('build',))
[1.689s] Level 1:colcon.colcon_core.package_discovery:discover_packages(colcon_meta) check parameters
[1.691s] Level 1:colcon.colcon_core.package_discovery:discover_packages(recursive) check parameters
[1.691s] Level 1:colcon.colcon_core.package_discovery:discover_packages(ignore) check parameters
[1.691s] Level 1:colcon.colcon_core.package_discovery:discover_packages(path) check parameters
[1.692s] Level 1:colcon.colcon_core.package_discovery:discover_packages(colcon_meta) discover
[1.692s] Level 1:colcon.colcon_core.package_discovery:discover_packages(recursive) discover
[1.693s] INFO:colcon.colcon_core.package_discovery:Crawling recursively for packages in '/home/rockpi/robot_ws'
[1.694s] Level 1:colcon.colcon_core.package_identification:_identify(.) by extensions ['ignore', 'ignore_ament_install']
[1.695s] Level 1:colcon.colcon_core.package_identification:_identify(.) by extension 'ignore'
[1.695s] Level 1:colcon.colcon_core.package_identification:_identify(.) by extension 'ignore_ament_install'
[1.696s] Level 1:colcon.colcon_core.package_identification:_identify(.) by extensions ['colcon_pkg']
[1.697s] Level 1:colcon.colcon_core.package_identification:_identify(.) by extension 'colcon_pkg'
[1.697s] Level 1:colcon.colcon_core.package_identification:_identify(.) by extensions ['colcon_meta']
[1.698s] Level 1:colcon.colcon_core.package_identification:_identify(.) by extension 'colcon_meta'
[1.698s] Level 1:colcon.colcon_core.package_identification:_identify(.) by extensions ['ros']
[1.698s] Level 1:colcon.colcon_core.package_identification:_identify(.) by extension 'ros'
[1.971s] Level 1:colcon.colcon_core.package_identification:_identify(.) by extensions ['cmake', 'python']
[1.972s] Level 1:colcon.colcon_core.package_identification:_identify(.) by extension 'cmake'
[1.972s] Level 1:colcon.colcon_core.package_identification:_identify(.) by extension 'python'
[1.973s] Level 1:colcon.colcon_core.package_identification:_identify(.) by extensions ['python_setup_py']
[1.973s] Level 1:colcon.colcon_core.package_identification:_identify(.) by extension 'python_setup_py'
[1.975s] Level 1:colcon.colcon_core.package_identification:_identify(build) by extensions ['ignore', 'ignore_ament_install']
[1.976s] Level 1:colcon.colcon_core.package_identification:_identify(build) by extension 'ignore'
[1.977s] Level 1:colcon.colcon_core.package_identification:_identify(build) ignored
[1.978s] Level 1:colcon.colcon_core.package_identification:_identify(install) by extensions ['ignore', 'ignore_ament_install']
[1.979s] Level 1:colcon.colcon_core.package_identification:_identify(install) by extension 'ignore'
[1.980s] Level 1:colcon.colcon_core.package_identification:_identify(install) ignored
[1.982s] Level 1:colcon.colcon_core.package_identification:_identify(log) by extensions ['ignore', 'ignore_ament_install']
[1.983s] Level 1:colcon.colcon_core.package_identification:_identify(log) by extension 'ignore'
[1.984s] Level 1:colcon.colcon_core.package_identification:_identify(log) ignored
[1.985s] Level 1:colcon.colcon_core.package_identification:_identify(src) by extensions ['ignore', 'ignore_ament_install']
[1.986s] Level 1:colcon.colcon_core.package_identification:_identify(src) by extension 'ignore'
[1.987s] Level 1:colcon.colcon_core.package_identification:_identify(src) by extension 'ignore_ament_install'
[1.988s] Level 1:colcon.colcon_core.package_identification:_identify(src) by extensions ['colcon_pkg']
[1.988s] Level 1:colcon.colcon_core.package_identification:_identify(src) by extension 'colcon_pkg'
[1.988s] Level 1:colcon.colcon_core.package_identification:_identify(src) by extensions ['colcon_meta']
[1.989s] Level 1:colcon.colcon_core.package_identification:_identify(src) by extension 'colcon_meta'
[1.989s] Level 1:colcon.colcon_core.package_identification:_identify(src) by extensions ['ros']
[1.990s] Level 1:colcon.colcon_core.package_identification:_identify(src) by extension 'ros'
[1.991s] Level 1:colcon.colcon_core.package_identification:_identify(src) by extensions ['cmake', 'python']
[1.991s] Level 1:colcon.colcon_core.package_identification:_identify(src) by extension 'cmake'
[1.991s] Level 1:colcon.colcon_core.package_identification:_identify(src) by extension 'python'
[1.992s] Level 1:colcon.colcon_core.package_identification:_identify(src) by extensions ['python_setup_py']
[1.992s] Level 1:colcon.colcon_core.package_identification:_identify(src) by extension 'python_setup_py'
[1.994s] Level 1:colcon.colcon_core.package_identification:_identify(src/my_robot) by extensions ['ignore', 'ignore_ament_install']
[1.995s] Level 1:colcon.colcon_core.package_identification:_identify(src/my_robot) by extension 'ignore'
[1.995s] Level 1:colcon.colcon_core.package_identification:_identify(src/my_robot) by extension 'ignore_ament_install'
[1.996s] Level 1:colcon.colcon_core.package_identification:_identify(src/my_robot) by extensions ['colcon_pkg']
[1.996s] Level 1:colcon.colcon_core.package_identification:_identify(src/my_robot) by extension 'colcon_pkg'
[1.997s] Level 1:colcon.colcon_core.package_identification:_identify(src/my_robot) by extensions ['colcon_meta']
[1.997s] Level 1:colcon.colcon_core.package_identification:_identify(src/my_robot) by extension 'colcon_meta'
[1.998s] Level 1:colcon.colcon_core.package_identification:_identify(src/my_robot) by extensions ['ros']
[1.998s] Level 1:colcon.colcon_core.package_identification:_identify(src/my_robot) by extension 'ros'
[2.025s] DEBUG:colcon.colcon_core.package_identification:Package 'src/my_robot' with type 'ros.ament_python' and name 'my_robot'
[2.026s] Level 1:colcon.colcon_core.package_identification:_identify(src/my_robot_hardware) by extensions ['ignore', 'ignore_ament_install']
[2.027s] Level 1:colcon.colcon_core.package_identification:_identify(src/my_robot_hardware) by extension 'ignore'
[2.028s] Level 1:colcon.colcon_core.package_identification:_identify(src/my_robot_hardware) by extension 'ignore_ament_install'
[2.029s] Level 1:colcon.colcon_core.package_identification:_identify(src/my_robot_hardware) by extensions ['colcon_pkg']
[2.029s] Level 1:colcon.colcon_core.package_identification:_identify(src/my_robot_hardware) by extension 'colcon_pkg'
[2.029s] Level 1:colcon.colcon_core.package_identification:_identify(src/my_robot_hardware) by extensions ['colcon_meta']
[2.030s] Level 1:colcon.colcon_core.package_identification:_identify(src/my_robot_hardware) by extension 'colcon_meta'
[2.030s] Level 1:colcon.colcon_core.package_identification:_identify(src/my_robot_hardware) by extensions ['ros']
[2.031s] Level 1:colcon.colcon_core.package_identification:_identify(src/my_robot_hardware) by extension 'ros'
[2.037s] DEBUG:colcon.colcon_core.package_identification:Package 'src/my_robot_hardware' with type 'ros.ament_python' and name 'my_robot_hardware'
[2.038s] Level 1:colcon.colcon_core.package_discovery:discover_packages(recursive) using defaults
[2.038s] Level 1:colcon.colcon_core.package_discovery:discover_packages(ignore) discover
[2.039s] Level 1:colcon.colcon_core.package_discovery:discover_packages(ignore) using defaults
[2.039s] Level 1:colcon.colcon_core.package_discovery:discover_packages(path) discover
[2.039s] Level 1:colcon.colcon_core.package_discovery:discover_packages(path) using defaults
[2.224s] Level 1:colcon.colcon_core.package_discovery:discover_packages(prefix_path) check parameters
[2.225s] Level 1:colcon.colcon_core.package_discovery:discover_packages(prefix_path) discover
[2.248s] DEBUG:colcon.colcon_installed_package_information.package_discovery:Found 2 installed packages in /home/rockpi/robot_ws/install
[2.280s] DEBUG:colcon.colcon_installed_package_information.package_discovery:Found 307 installed packages in /opt/ros/jazzy
[2.290s] Level 1:colcon.colcon_core.package_discovery:discover_packages(prefix_path) using defaults
[2.767s] Level 5:colcon.colcon_core.verb:set package 'my_robot' build argument 'cmake_args' from command line to 'None'
[2.768s] Level 5:colcon.colcon_core.verb:set package 'my_robot' build argument 'cmake_target' from command line to 'None'
[2.768s] Level 5:colcon.colcon_core.verb:set package 'my_robot' build argument 'cmake_target_skip_unavailable' from command line to 'False'
[2.768s] Level 5:colcon.colcon_core.verb:set package 'my_robot' build argument 'cmake_clean_cache' from command line to 'False'
[2.768s] Level 5:colcon.colcon_core.verb:set package 'my_robot' build argument 'cmake_clean_first' from command line to 'False'
[2.768s] Level 5:colcon.colcon_core.verb:set package 'my_robot' build argument 'cmake_force_configure' from command line to 'False'
[2.768s] Level 5:colcon.colcon_core.verb:set package 'my_robot' build argument 'ament_cmake_args' from command line to 'None'
[2.768s] Level 5:colcon.colcon_core.verb:set package 'my_robot' build argument 'catkin_cmake_args' from command line to 'None'
[2.768s] Level 5:colcon.colcon_core.verb:set package 'my_robot' build argument 'catkin_skip_building_tests' from command line to 'False'
[2.769s] DEBUG:colcon.colcon_core.verb:Building package 'my_robot' with the following arguments: {'ament_cmake_args': None, 'build_base': '/home/rockpi/robot_ws/build/my_robot', 'catkin_cmake_args': None, 'catkin_skip_building_tests': False, 'cmake_args': None, 'cmake_clean_cache': False, 'cmake_clean_first': False, 'cmake_force_configure': False, 'cmake_target': None, 'cmake_target_skip_unavailable': False, 'install_base': '/home/rockpi/robot_ws/install/my_robot', 'merge_install': False, 'path': '/home/rockpi/robot_ws/src/my_robot', 'symlink_install': False, 'test_result_base': None}
[2.770s] Level 5:colcon.colcon_core.verb:set package 'my_robot_hardware' build argument 'cmake_args' from command line to 'None'
[2.770s] Level 5:colcon.colcon_core.verb:set package 'my_robot_hardware' build argument 'cmake_target' from command line to 'None'
[2.770s] Level 5:colcon.colcon_core.verb:set package 'my_robot_hardware' build argument 'cmake_target_skip_unavailable' from command line to 'False'
[2.770s] Level 5:colcon.colcon_core.verb:set package 'my_robot_hardware' build argument 'cmake_clean_cache' from command line to 'False'
[2.770s] Level 5:colcon.colcon_core.verb:set package 'my_robot_hardware' build argument 'cmake_clean_first' from command line to 'False'
[2.770s] Level 5:colcon.colcon_core.verb:set package 'my_robot_hardware' build argument 'cmake_force_configure' from command line to 'False'
[2.771s] Level 5:colcon.colcon_core.verb:set package 'my_robot_hardware' build argument 'ament_cmake_args' from command line to 'None'
[2.771s] Level 5:colcon.colcon_core.verb:set package 'my_robot_hardware' build argument 'catkin_cmake_args' from command line to 'None'
[2.771s] Level 5:colcon.colcon_core.verb:set package 'my_robot_hardware' build argument 'catkin_skip_building_tests' from command line to 'False'
[2.771s] DEBUG:colcon.colcon_core.verb:Building package 'my_robot_hardware' with the following arguments: {'ament_cmake_args': None, 'build_base': '/home/rockpi/robot_ws/build/my_robot_hardware', 'catkin_cmake_args': None, 'catkin_skip_building_tests': False, 'cmake_args': None, 'cmake_clean_cache': False, 'cmake_clean_first': False, 'cmake_force_configure': False, 'cmake_target': None, 'cmake_target_skip_unavailable': False, 'install_base': '/home/rockpi/robot_ws/install/my_robot_hardware', 'merge_install': False, 'path': '/home/rockpi/robot_ws/src/my_robot_hardware', 'symlink_install': False, 'test_result_base': None}
[2.771s] INFO:colcon.colcon_core.executor:Executing jobs using 'parallel' executor
[2.775s] DEBUG:colcon.colcon_parallel_executor.executor.parallel:run_until_complete
[2.775s] INFO:colcon.colcon_ros.task.ament_python.build:Building ROS package in '/home/rockpi/robot_ws/src/my_robot' with build type 'ament_python'
[2.776s] Level 1:colcon.colcon_core.shell:create_environment_hook('my_robot', 'ament_prefix_path')
[2.784s] INFO:colcon.colcon_core.plugin_system:Skipping extension 'colcon_core.shell.bat': Not used on non-Windows systems
[2.786s] INFO:colcon.colcon_core.shell:Creating environment hook '/home/rockpi/robot_ws/install/my_robot/share/my_robot/hook/ament_prefix_path.ps1'
[2.788s] INFO:colcon.colcon_core.shell:Creating environment descriptor '/home/rockpi/robot_ws/install/my_robot/share/my_robot/hook/ament_prefix_path.dsv'
[2.790s] INFO:colcon.colcon_core.shell:Creating environment hook '/home/rockpi/robot_ws/install/my_robot/share/my_robot/hook/ament_prefix_path.sh'
[2.793s] INFO:colcon.colcon_core.shell:Skip shell extension 'powershell' for command environment: Not usable outside of PowerShell
[2.793s] DEBUG:colcon.colcon_core.shell:Skip shell extension 'dsv' for command environment
[2.813s] INFO:colcon.colcon_ros.task.ament_python.build:Building ROS package in '/home/rockpi/robot_ws/src/my_robot_hardware' with build type 'ament_python'
[2.814s] Level 1:colcon.colcon_core.shell:create_environment_hook('my_robot_hardware', 'ament_prefix_path')
[2.815s] INFO:colcon.colcon_core.shell:Creating environment hook '/home/rockpi/robot_ws/install/my_robot_hardware/share/my_robot_hardware/hook/ament_prefix_path.ps1'
[2.817s] INFO:colcon.colcon_core.shell:Creating environment descriptor '/home/rockpi/robot_ws/install/my_robot_hardware/share/my_robot_hardware/hook/ament_prefix_path.dsv'
[2.820s] INFO:colcon.colcon_core.shell:Creating environment hook '/home/rockpi/robot_ws/install/my_robot_hardware/share/my_robot_hardware/hook/ament_prefix_path.sh'
[2.825s] INFO:colcon.colcon_core.shell:Skip shell extension 'powershell' for command environment: Not usable outside of PowerShell
[2.826s] DEBUG:colcon.colcon_core.shell:Skip shell extension 'dsv' for command environment
[5.340s] INFO:colcon.colcon_core.task.python.build:Building Python package in '/home/rockpi/robot_ws/src/my_robot'
[5.341s] INFO:colcon.colcon_core.shell:Skip shell extension 'powershell' for command environment: Not usable outside of PowerShell
[5.341s] DEBUG:colcon.colcon_core.shell:Skip shell extension 'dsv' for command environment
[6.290s] INFO:colcon.colcon_core.task.python.build:Building Python package in '/home/rockpi/robot_ws/src/my_robot_hardware'
[6.291s] INFO:colcon.colcon_core.shell:Skip shell extension 'powershell' for command environment: Not usable outside of PowerShell
[6.291s] DEBUG:colcon.colcon_core.shell:Skip shell extension 'dsv' for command environment
[13.178s] DEBUG:colcon.colcon_core.event_handler.log_command:Invoking command in '/home/rockpi/robot_ws/src/my_robot': PYTHONPATH=/home/rockpi/robot_ws/build/my_robot/prefix_override:/usr/lib/python3/dist-packages/colcon_core/task/python/colcon_distutils_commands:/home/rockpi/robot_ws/install/my_robot/lib/python3.12/site-packages:${PYTHONPATH} /usr/bin/python3 -W ignore:setup.py install is deprecated -W ignore:easy_install command is deprecated setup.py egg_info --egg-base ../../build/my_robot build --build-base /home/rockpi/robot_ws/build/my_robot/build install --record /home/rockpi/robot_ws/build/my_robot/install.log --single-version-externally-managed install_data
[13.194s] DEBUG:colcon.colcon_core.event_handler.log_command:Invoking command in '/home/rockpi/robot_ws/src/my_robot_hardware': PYTHONPATH=/home/rockpi/robot_ws/build/my_robot_hardware/prefix_override:/usr/lib/python3/dist-packages/colcon_core/task/python/colcon_distutils_commands:/home/rockpi/robot_ws/install/my_robot_hardware/lib/python3.12/site-packages:${PYTHONPATH} /usr/bin/python3 -W ignore:setup.py install is deprecated -W ignore:easy_install command is deprecated setup.py egg_info --egg-base ../../build/my_robot_hardware build --build-base /home/rockpi/robot_ws/build/my_robot_hardware/build install --record /home/rockpi/robot_ws/build/my_robot_hardware/install.log --single-version-externally-managed install_data
[19.824s] DEBUG:colcon.colcon_core.event_handler.log_command:Invoked command in '/home/rockpi/robot_ws/src/my_robot' returned '0': PYTHONPATH=/home/rockpi/robot_ws/build/my_robot/prefix_override:/usr/lib/python3/dist-packages/colcon_core/task/python/colcon_distutils_commands:/home/rockpi/robot_ws/install/my_robot/lib/python3.12/site-packages:${PYTHONPATH} /usr/bin/python3 -W ignore:setup.py install is deprecated -W ignore:easy_install command is deprecated setup.py egg_info --egg-base ../../build/my_robot build --build-base /home/rockpi/robot_ws/build/my_robot/build install --record /home/rockpi/robot_ws/build/my_robot/install.log --single-version-externally-managed install_data
[19.856s] Level 1:colcon.colcon_core.environment:checking '/home/rockpi/robot_ws/install/my_robot' for CMake module files
[19.864s] Level 1:colcon.colcon_core.environment:checking '/home/rockpi/robot_ws/install/my_robot' for CMake config files
[19.875s] Level 1:colcon.colcon_core.environment:checking '/home/rockpi/robot_ws/install/my_robot/lib'
[19.877s] Level 1:colcon.colcon_core.environment:checking '/home/rockpi/robot_ws/install/my_robot/bin'
[19.877s] Level 1:colcon.colcon_core.environment:checking '/home/rockpi/robot_ws/install/my_robot/lib/pkgconfig/my_robot.pc'
[19.878s] Level 1:colcon.colcon_core.environment:checking '/home/rockpi/robot_ws/install/my_robot/lib/python3.12/site-packages'
[19.879s] Level 1:colcon.colcon_core.shell:create_environment_hook('my_robot', 'pythonpath')
[19.879s] INFO:colcon.colcon_core.shell:Creating environment hook '/home/rockpi/robot_ws/install/my_robot/share/my_robot/hook/pythonpath.ps1'
[19.881s] INFO:colcon.colcon_core.shell:Creating environment descriptor '/home/rockpi/robot_ws/install/my_robot/share/my_robot/hook/pythonpath.dsv'
[19.883s] INFO:colcon.colcon_core.shell:Creating environment hook '/home/rockpi/robot_ws/install/my_robot/share/my_robot/hook/pythonpath.sh'
[19.886s] Level 1:colcon.colcon_core.environment:checking '/home/rockpi/robot_ws/install/my_robot/bin'
[19.886s] Level 1:colcon.colcon_core.environment:create_environment_scripts_only(my_robot)
[19.887s] INFO:colcon.colcon_core.shell:Creating package script '/home/rockpi/robot_ws/install/my_robot/share/my_robot/package.ps1'
[19.891s] INFO:colcon.colcon_core.shell:Creating package descriptor '/home/rockpi/robot_ws/install/my_robot/share/my_robot/package.dsv'
[19.895s] INFO:colcon.colcon_core.shell:Creating package script '/home/rockpi/robot_ws/install/my_robot/share/my_robot/package.sh'
[19.898s] INFO:colcon.colcon_core.shell:Creating package script '/home/rockpi/robot_ws/install/my_robot/share/my_robot/package.bash'
[19.901s] INFO:colcon.colcon_core.shell:Creating package script '/home/rockpi/robot_ws/install/my_robot/share/my_robot/package.zsh'
[19.904s] Level 1:colcon.colcon_core.environment:create_file_with_runtime_dependencies(/home/rockpi/robot_ws/install/my_robot/share/colcon-core/packages/my_robot)
[19.909s] Level 1:colcon.colcon_core.environment:checking '/home/rockpi/robot_ws/install/my_robot_hardware' for CMake module files
[19.911s] DEBUG:colcon.colcon_core.event_handler.log_command:Invoked command in '/home/rockpi/robot_ws/src/my_robot_hardware' returned '0': PYTHONPATH=/home/rockpi/robot_ws/build/my_robot_hardware/prefix_override:/usr/lib/python3/dist-packages/colcon_core/task/python/colcon_distutils_commands:/home/rockpi/robot_ws/install/my_robot_hardware/lib/python3.12/site-packages:${PYTHONPATH} /usr/bin/python3 -W ignore:setup.py install is deprecated -W ignore:easy_install command is deprecated setup.py egg_info --egg-base ../../build/my_robot_hardware build --build-base /home/rockpi/robot_ws/build/my_robot_hardware/build install --record /home/rockpi/robot_ws/build/my_robot_hardware/install.log --single-version-externally-managed install_data
[19.914s] Level 1:colcon.colcon_core.environment:checking '/home/rockpi/robot_ws/install/my_robot_hardware' for CMake config files
[19.917s] Level 1:colcon.colcon_core.environment:checking '/home/rockpi/robot_ws/install/my_robot_hardware/lib'
[19.918s] Level 1:colcon.colcon_core.environment:checking '/home/rockpi/robot_ws/install/my_robot_hardware/bin'
[19.918s] Level 1:colcon.colcon_core.environment:checking '/home/rockpi/robot_ws/install/my_robot_hardware/lib/pkgconfig/my_robot_hardware.pc'
[19.920s] Level 1:colcon.colcon_core.environment:checking '/home/rockpi/robot_ws/install/my_robot_hardware/lib/python3.12/site-packages'
[19.921s] Level 1:colcon.colcon_core.shell:create_environment_hook('my_robot_hardware', 'pythonpath')
[19.921s] INFO:colcon.colcon_core.shell:Creating environment hook '/home/rockpi/robot_ws/install/my_robot_hardware/share/my_robot_hardware/hook/pythonpath.ps1'
[19.924s] INFO:colcon.colcon_core.shell:Creating environment descriptor '/home/rockpi/robot_ws/install/my_robot_hardware/share/my_robot_hardware/hook/pythonpath.dsv'
[19.927s] INFO:colcon.colcon_core.shell:Creating environment hook '/home/rockpi/robot_ws/install/my_robot_hardware/share/my_robot_hardware/hook/pythonpath.sh'
[19.931s] Level 1:colcon.colcon_core.environment:checking '/home/rockpi/robot_ws/install/my_robot_hardware/bin'
[19.931s] Level 1:colcon.colcon_core.environment:create_environment_scripts_only(my_robot_hardware)
[19.932s] INFO:colcon.colcon_core.shell:Creating package script '/home/rockpi/robot_ws/install/my_robot_hardware/share/my_robot_hardware/package.ps1'
[19.935s] INFO:colcon.colcon_core.shell:Creating package descriptor '/home/rockpi/robot_ws/install/my_robot_hardware/share/my_robot_hardware/package.dsv'
[19.937s] INFO:colcon.colcon_core.shell:Creating package script '/home/rockpi/robot_ws/install/my_robot_hardware/share/my_robot_hardware/package.sh'
[19.940s] INFO:colcon.colcon_core.shell:Creating package script '/home/rockpi/robot_ws/install/my_robot_hardware/share/my_robot_hardware/package.bash'
[19.942s] INFO:colcon.colcon_core.shell:Creating package script '/home/rockpi/robot_ws/install/my_robot_hardware/share/my_robot_hardware/package.zsh'
[19.944s] Level 1:colcon.colcon_core.environment:create_file_with_runtime_dependencies(/home/rockpi/robot_ws/install/my_robot_hardware/share/colcon-core/packages/my_robot_hardware)
[19.949s] DEBUG:colcon.colcon_parallel_executor.executor.parallel:closing loop
[19.953s] DEBUG:colcon.colcon_parallel_executor.executor.parallel:loop closed
[19.954s] DEBUG:colcon.colcon_parallel_executor.executor.parallel:run_until_complete finished with '0'
[19.955s] DEBUG:colcon.colcon_core.event_reactor:joining thread
[20.013s] INFO:colcon.colcon_core.plugin_system:Skipping extension 'colcon_notification.desktop_notification.notify_send': Could not find 'notify-send'
[20.013s] INFO:colcon.colcon_core.plugin_system:Skipping extension 'colcon_notification.desktop_notification.terminal_notifier': Not used on non-Darwin systems
[20.014s] INFO:colcon.colcon_core.plugin_system:Skipping extension 'colcon_notification.desktop_notification.win32': Not used on non-Windows systems
[20.015s] INFO:colcon.colcon_notification.desktop_notification:Sending desktop notification using 'notify2'
[20.023s] DEBUG:colcon.colcon_notification.desktop_notification.notify2:Failed to initialize notify2: org.freedesktop.DBus.Error.ServiceUnknown: The name org.freedesktop.Notifications was not provided by any .service files
[20.024s] DEBUG:colcon.colcon_core.event_reactor:joined thread
[20.025s] INFO:colcon.colcon_core.shell:Creating prefix script '/home/rockpi/robot_ws/install/local_setup.ps1'
[20.033s] INFO:colcon.colcon_core.shell:Creating prefix util module '/home/rockpi/robot_ws/install/_local_setup_util_ps1.py'
[20.045s] INFO:colcon.colcon_core.shell:Creating prefix chain script '/home/rockpi/robot_ws/install/setup.ps1'
[20.057s] INFO:colcon.colcon_core.shell:Creating prefix script '/home/rockpi/robot_ws/install/local_setup.sh'
[20.063s] INFO:colcon.colcon_core.shell:Creating prefix util module '/home/rockpi/robot_ws/install/_local_setup_util_sh.py'
[20.069s] INFO:colcon.colcon_core.shell:Creating prefix chain script '/home/rockpi/robot_ws/install/setup.sh'
[20.083s] INFO:colcon.colcon_core.shell:Creating prefix script '/home/rockpi/robot_ws/install/local_setup.bash'
[20.088s] INFO:colcon.colcon_core.shell:Creating prefix chain script '/home/rockpi/robot_ws/install/setup.bash'
[20.100s] INFO:colcon.colcon_core.shell:Creating prefix script '/home/rockpi/robot_ws/install/local_setup.zsh'
[20.105s] INFO:colcon.colcon_core.shell:Creating prefix chain script '/home/rockpi/robot_ws/install/setup.zsh'
