[5.511s] Invoking command in '/home/rockpi/robot_ws/src/my_robot_hardware': PYTHONPATH=/home/rockpi/robot_ws/build/my_robot_hardware/prefix_override:/usr/lib/python3/dist-packages/colcon_core/task/python/colcon_distutils_commands:/home/rockpi/robot_ws/install/my_robot_hardware/lib/python3.12/site-packages:${PYTHONPATH} /usr/bin/python3 -W ignore:setup.py install is deprecated -W ignore:easy_install command is deprecated setup.py egg_info --egg-base ../../build/my_robot_hardware build --build-base /home/rockpi/robot_ws/build/my_robot_hardware/build install --record /home/rockpi/robot_ws/build/my_robot_hardware/install.log --single-version-externally-managed install_data
[6.780s] running egg_info
[6.870s] writing ../../build/my_robot_hardware/my_robot_hardware.egg-info/PKG-INFO
[6.872s] writing dependency_links to ../../build/my_robot_hardware/my_robot_hardware.egg-info/dependency_links.txt
[6.873s] writing entry points to ../../build/my_robot_hardware/my_robot_hardware.egg-info/entry_points.txt
[6.874s] writing requirements to ../../build/my_robot_hardware/my_robot_hardware.egg-info/requires.txt
[6.875s] writing top-level names to ../../build/my_robot_hardware/my_robot_hardware.egg-info/top_level.txt
[7.062s] reading manifest file '../../build/my_robot_hardware/my_robot_hardware.egg-info/SOURCES.txt'
[7.066s] writing manifest file '../../build/my_robot_hardware/my_robot_hardware.egg-info/SOURCES.txt'
[7.067s] running build
[7.068s] running build_py
[7.069s] running install
[7.103s] running install_lib
[7.193s] running install_data
[7.195s] running install_egg_info
[7.295s] removing '/home/rockpi/robot_ws/install/my_robot_hardware/lib/python3.12/site-packages/my_robot_hardware-0.0.1-py3.12.egg-info' (and everything under it)
[7.300s] Copying ../../build/my_robot_hardware/my_robot_hardware.egg-info to /home/rockpi/robot_ws/install/my_robot_hardware/lib/python3.12/site-packages/my_robot_hardware-0.0.1-py3.12.egg-info
[7.304s] running install_scripts
[7.981s] Installing arduino_bridge script to /home/rockpi/robot_ws/install/my_robot_hardware/lib/my_robot_hardware
[7.983s] writing list of installed files to '/home/rockpi/robot_ws/build/my_robot_hardware/install.log'
[8.197s] Invoked command in '/home/rockpi/robot_ws/src/my_robot_hardware' returned '0': PYTHONPATH=/home/rockpi/robot_ws/build/my_robot_hardware/prefix_override:/usr/lib/python3/dist-packages/colcon_core/task/python/colcon_distutils_commands:/home/rockpi/robot_ws/install/my_robot_hardware/lib/python3.12/site-packages:${PYTHONPATH} /usr/bin/python3 -W ignore:setup.py install is deprecated -W ignore:easy_install command is deprecated setup.py egg_info --egg-base ../../build/my_robot_hardware build --build-base /home/rockpi/robot_ws/build/my_robot_hardware/build install --record /home/rockpi/robot_ws/build/my_robot_hardware/install.log --single-version-externally-managed install_data
