[10.867s] Invoking command in '/home/rockpi/ros_control_ws/src/my_robot': PYTHONPATH=/home/rockpi/ros_control_ws/build/my_robot/prefix_override:/usr/lib/python3/dist-packages/colcon_core/task/python/colcon_distutils_commands:/home/rockpi/ros_control_ws/install/my_robot/lib/python3.12/site-packages:${PYTHONPATH} /usr/bin/python3 -W ignore:setup.py install is deprecated -W ignore:easy_install command is deprecated setup.py egg_info --egg-base ../../build/my_robot build --build-base /home/rockpi/ros_control_ws/build/my_robot/build install --record /home/rockpi/ros_control_ws/build/my_robot/install.log --single-version-externally-managed install_data
[13.864s] running egg_info
[14.069s] writing ../../build/my_robot/my_robot.egg-info/PKG-INFO
[14.075s] writing dependency_links to ../../build/my_robot/my_robot.egg-info/dependency_links.txt
[14.078s] writing entry points to ../../build/my_robot/my_robot.egg-info/entry_points.txt
[14.084s] writing requirements to ../../build/my_robot/my_robot.egg-info/requires.txt
[14.085s] writing top-level names to ../../build/my_robot/my_robot.egg-info/top_level.txt
[14.521s] reading manifest file '../../build/my_robot/my_robot.egg-info/SOURCES.txt'
[14.533s] writing manifest file '../../build/my_robot/my_robot.egg-info/SOURCES.txt'
[14.538s] running build
[14.539s] running build_py
[14.544s] running install
[14.589s] running install_lib
[14.802s] running install_data
[14.812s] running install_egg_info
[15.040s] removing '/home/rockpi/ros_control_ws/install/my_robot/lib/python3.12/site-packages/my_robot-0.0.1-py3.12.egg-info' (and everything under it)
[15.052s] Copying ../../build/my_robot/my_robot.egg-info to /home/rockpi/ros_control_ws/install/my_robot/lib/python3.12/site-packages/my_robot-0.0.1-py3.12.egg-info
[15.076s] running install_scripts
[16.426s] Installing diff_drive_controller script to /home/rockpi/ros_control_ws/install/my_robot/lib/my_robot
[16.428s] Installing imu_node script to /home/rockpi/ros_control_ws/install/my_robot/lib/my_robot
[16.430s] Installing node_monitor_server script to /home/rockpi/ros_control_ws/install/my_robot/lib/my_robot
[16.432s] Installing odometry_node script to /home/rockpi/ros_control_ws/install/my_robot/lib/my_robot
[16.435s] Installing twist_to_twist_stamped script to /home/rockpi/ros_control_ws/install/my_robot/lib/my_robot
[16.437s] writing list of installed files to '/home/rockpi/ros_control_ws/build/my_robot/install.log'
[16.642s] Invoked command in '/home/rockpi/ros_control_ws/src/my_robot' returned '0': PYTHONPATH=/home/rockpi/ros_control_ws/build/my_robot/prefix_override:/usr/lib/python3/dist-packages/colcon_core/task/python/colcon_distutils_commands:/home/rockpi/ros_control_ws/install/my_robot/lib/python3.12/site-packages:${PYTHONPATH} /usr/bin/python3 -W ignore:setup.py install is deprecated -W ignore:easy_install command is deprecated setup.py egg_info --egg-base ../../build/my_robot build --build-base /home/rockpi/ros_control_ws/build/my_robot/build install --record /home/rockpi/ros_control_ws/build/my_robot/install.log --single-version-externally-managed install_data
