[5.213s] Invoking command in '/home/rockpi/ros_control_ws/src/my_robot': PYTHONPATH=/home/rockpi/ros_control_ws/build/my_robot/prefix_override:/usr/lib/python3/dist-packages/colcon_core/task/python/colcon_distutils_commands:/home/rockpi/ros_control_ws/install/my_robot/lib/python3.12/site-packages:${PYTHONPATH} /usr/bin/python3 -W ignore:setup.py install is deprecated -W ignore:easy_install command is deprecated setup.py egg_info --egg-base ../../build/my_robot build --build-base /home/rockpi/ros_control_ws/build/my_robot/build install --record /home/rockpi/ros_control_ws/build/my_robot/install.log --single-version-externally-managed install_data
[6.528s] running egg_info
[6.622s] writing ../../build/my_robot/my_robot.egg-info/PKG-INFO
[6.623s] writing dependency_links to ../../build/my_robot/my_robot.egg-info/dependency_links.txt
[6.625s] writing entry points to ../../build/my_robot/my_robot.egg-info/entry_points.txt
[6.627s] writing requirements to ../../build/my_robot/my_robot.egg-info/requires.txt
[6.627s] writing top-level names to ../../build/my_robot/my_robot.egg-info/top_level.txt
[6.820s] reading manifest file '../../build/my_robot/my_robot.egg-info/SOURCES.txt'
[6.825s] writing manifest file '../../build/my_robot/my_robot.egg-info/SOURCES.txt'
[6.826s] running build
[6.826s] running build_py
[6.829s] running install
[6.856s] running install_lib
[6.954s] running install_data
[6.956s] running install_egg_info
[7.058s] removing '/home/rockpi/ros_control_ws/install/my_robot/lib/python3.12/site-packages/my_robot-0.0.1-py3.12.egg-info' (and everything under it)
[7.060s] Copying ../../build/my_robot/my_robot.egg-info to /home/rockpi/ros_control_ws/install/my_robot/lib/python3.12/site-packages/my_robot-0.0.1-py3.12.egg-info
[7.067s] running install_scripts
[7.848s] Installing diff_drive_controller script to /home/rockpi/ros_control_ws/install/my_robot/lib/my_robot
[7.853s] Installing imu_node script to /home/rockpi/ros_control_ws/install/my_robot/lib/my_robot
[7.853s] Installing node_monitor_server script to /home/rockpi/ros_control_ws/install/my_robot/lib/my_robot
[7.854s] Installing odometry_node script to /home/rockpi/ros_control_ws/install/my_robot/lib/my_robot
[7.863s] Installing twist_to_twist_stamped script to /home/rockpi/ros_control_ws/install/my_robot/lib/my_robot
[7.867s] writing list of installed files to '/home/rockpi/ros_control_ws/build/my_robot/install.log'
[8.015s] Invoked command in '/home/rockpi/ros_control_ws/src/my_robot' returned '0': PYTHONPATH=/home/rockpi/ros_control_ws/build/my_robot/prefix_override:/usr/lib/python3/dist-packages/colcon_core/task/python/colcon_distutils_commands:/home/rockpi/ros_control_ws/install/my_robot/lib/python3.12/site-packages:${PYTHONPATH} /usr/bin/python3 -W ignore:setup.py install is deprecated -W ignore:easy_install command is deprecated setup.py egg_info --egg-base ../../build/my_robot build --build-base /home/rockpi/ros_control_ws/build/my_robot/build install --record /home/rockpi/ros_control_ws/build/my_robot/install.log --single-version-externally-managed install_data
