[9.750s] Invoking command in '/home/rockpi/robot_ws/build/my_robot': PYTHONPATH=/home/rockpi/robot_ws/build/my_robot/prefix_override:/usr/lib/python3/dist-packages/colcon_core/task/python/colcon_distutils_commands:/home/rockpi/robot_ws/install/my_robot/lib/python3.12/site-packages:${PYTHONPATH} /usr/bin/python3 -W ignore:setup.py install is deprecated -W ignore:easy_install command is deprecated setup.py develop --uninstall --editable --build-directory /home/rockpi/robot_ws/build/my_robot/build
[13.575s] running develop
[16.293s] Removing /home/rockpi/robot_ws/install/my_robot/lib/python3.12/site-packages/my-robot.egg-link (link to .)
[16.649s] Invoked command in '/home/rockpi/robot_ws/build/my_robot' returned '0': PYTHONPATH=/home/rockpi/robot_ws/build/my_robot/prefix_override:/usr/lib/python3/dist-packages/colcon_core/task/python/colcon_distutils_commands:/home/rockpi/robot_ws/install/my_robot/lib/python3.12/site-packages:${PYTHONPATH} /usr/bin/python3 -W ignore:setup.py install is deprecated -W ignore:easy_install command is deprecated setup.py develop --uninstall --editable --build-directory /home/rockpi/robot_ws/build/my_robot/build
[16.665s] Invoking command in '/home/rockpi/robot_ws/src/my_robot': PYTHONPATH=/home/rockpi/robot_ws/build/my_robot/prefix_override:/usr/lib/python3/dist-packages/colcon_core/task/python/colcon_distutils_commands:/home/rockpi/robot_ws/install/my_robot/lib/python3.12/site-packages:${PYTHONPATH} /usr/bin/python3 -W ignore:setup.py install is deprecated -W ignore:easy_install command is deprecated setup.py egg_info --egg-base ../../build/my_robot build --build-base /home/rockpi/robot_ws/build/my_robot/build install --record /home/rockpi/robot_ws/build/my_robot/install.log --single-version-externally-managed install_data --force
[19.860s] running egg_info
[20.107s] writing ../../build/my_robot/my_robot.egg-info/PKG-INFO
[20.109s] writing dependency_links to ../../build/my_robot/my_robot.egg-info/dependency_links.txt
[20.113s] writing entry points to ../../build/my_robot/my_robot.egg-info/entry_points.txt
[20.119s] writing requirements to ../../build/my_robot/my_robot.egg-info/requires.txt
[20.121s] writing top-level names to ../../build/my_robot/my_robot.egg-info/top_level.txt
[20.624s] reading manifest file '../../build/my_robot/my_robot.egg-info/SOURCES.txt'
[20.635s] writing manifest file '../../build/my_robot/my_robot.egg-info/SOURCES.txt'
[20.639s] running build
[20.640s] running build_py
[20.643s] running install
[20.719s] running install_lib
[20.971s] creating /home/rockpi/robot_ws/install/my_robot/lib/python3.12/site-packages/my_robot
[20.974s] copying /home/rockpi/robot_ws/build/my_robot/build/lib/my_robot/diff_drive_controller.py -> /home/rockpi/robot_ws/install/my_robot/lib/python3.12/site-packages/my_robot
[20.977s] copying /home/rockpi/robot_ws/build/my_robot/build/lib/my_robot/__init__.py -> /home/rockpi/robot_ws/install/my_robot/lib/python3.12/site-packages/my_robot
[20.980s] copying /home/rockpi/robot_ws/build/my_robot/build/lib/my_robot/imu_node.py -> /home/rockpi/robot_ws/install/my_robot/lib/python3.12/site-packages/my_robot
[20.983s] copying /home/rockpi/robot_ws/build/my_robot/build/lib/my_robot/odometry_node.py -> /home/rockpi/robot_ws/install/my_robot/lib/python3.12/site-packages/my_robot
[20.991s] byte-compiling /home/rockpi/robot_ws/install/my_robot/lib/python3.12/site-packages/my_robot/diff_drive_controller.py to diff_drive_controller.cpython-312.pyc
[21.004s] byte-compiling /home/rockpi/robot_ws/install/my_robot/lib/python3.12/site-packages/my_robot/__init__.py to __init__.cpython-312.pyc
[21.010s] byte-compiling /home/rockpi/robot_ws/install/my_robot/lib/python3.12/site-packages/my_robot/imu_node.py to imu_node.cpython-312.pyc
[21.021s] byte-compiling /home/rockpi/robot_ws/install/my_robot/lib/python3.12/site-packages/my_robot/odometry_node.py to odometry_node.cpython-312.pyc
[21.034s] running install_data
[21.035s] copying resource/my_robot -> /home/rockpi/robot_ws/install/my_robot/share/ament_index/resource_index/packages
[21.038s] copying package.xml -> /home/rockpi/robot_ws/install/my_robot/share/my_robot
[21.040s] copying launch/navigation.launch.py -> /home/rockpi/robot_ws/install/my_robot/share/my_robot/launch
[21.045s] copying launch/robot.launch.py -> /home/rockpi/robot_ws/install/my_robot/share/my_robot/launch
[21.049s] copying launch/slam.launch.py -> /home/rockpi/robot_ws/install/my_robot/share/my_robot/launch
[21.051s] copying config/mapper_params_online_async.yaml -> /home/rockpi/robot_ws/install/my_robot/share/my_robot/config
[21.053s] copying config/slam_toolbox_params.yaml -> /home/rockpi/robot_ws/install/my_robot/share/my_robot/config
[21.058s] copying config/ekf.yaml -> /home/rockpi/robot_ws/install/my_robot/share/my_robot/config
[21.059s] copying config/nav2_params.yaml -> /home/rockpi/robot_ws/install/my_robot/share/my_robot/config
[21.065s] copying urdf/robot.urdf.xml -> /home/rockpi/robot_ws/install/my_robot/share/my_robot/urdf
[21.067s] running install_egg_info
[21.329s] Copying ../../build/my_robot/my_robot.egg-info to /home/rockpi/robot_ws/install/my_robot/lib/python3.12/site-packages/my_robot-0.0.1-py3.12.egg-info
[21.344s] running install_scripts
[22.998s] Installing diff_drive_controller script to /home/rockpi/robot_ws/install/my_robot/lib/my_robot
[23.004s] Installing imu_node script to /home/rockpi/robot_ws/install/my_robot/lib/my_robot
[23.010s] Installing odometry_node script to /home/rockpi/robot_ws/install/my_robot/lib/my_robot
[23.016s] writing list of installed files to '/home/rockpi/robot_ws/build/my_robot/install.log'
[23.452s] Invoked command in '/home/rockpi/robot_ws/src/my_robot' returned '0': PYTHONPATH=/home/rockpi/robot_ws/build/my_robot/prefix_override:/usr/lib/python3/dist-packages/colcon_core/task/python/colcon_distutils_commands:/home/rockpi/robot_ws/install/my_robot/lib/python3.12/site-packages:${PYTHONPATH} /usr/bin/python3 -W ignore:setup.py install is deprecated -W ignore:easy_install command is deprecated setup.py egg_info --egg-base ../../build/my_robot build --build-base /home/rockpi/robot_ws/build/my_robot/build install --record /home/rockpi/robot_ws/build/my_robot/install.log --single-version-externally-managed install_data --force
