[4.530s] Invoking command in '/home/rockpi/ros_control_ws/src/gesture_control': PYTHONPATH=/home/rockpi/ros_control_ws/build/gesture_control/prefix_override:/usr/lib/python3/dist-packages/colcon_core/task/python/colcon_distutils_commands:/home/rockpi/ros_control_ws/install/gesture_control/lib/python3.12/site-packages:${PYTHONPATH} /usr/bin/python3 -W ignore:setup.py install is deprecated -W ignore:easy_install command is deprecated setup.py egg_info --egg-base ../../build/gesture_control build --build-base /home/rockpi/ros_control_ws/build/gesture_control/build install --record /home/rockpi/ros_control_ws/build/gesture_control/install.log --single-version-externally-managed install_data
[5.766s] running egg_info
[5.857s] writing ../../build/gesture_control/gesture_control.egg-info/PKG-INFO
[5.858s] writing dependency_links to ../../build/gesture_control/gesture_control.egg-info/dependency_links.txt
[5.860s] writing entry points to ../../build/gesture_control/gesture_control.egg-info/entry_points.txt
[5.861s] writing requirements to ../../build/gesture_control/gesture_control.egg-info/requires.txt
[5.862s] writing top-level names to ../../build/gesture_control/gesture_control.egg-info/top_level.txt
[6.057s] reading manifest file '../../build/gesture_control/gesture_control.egg-info/SOURCES.txt'
[6.062s] writing manifest file '../../build/gesture_control/gesture_control.egg-info/SOURCES.txt'
[6.063s] running build
[6.064s] running build_py
[6.064s] copying gesture_control/gesture_node.py -> /home/rockpi/ros_control_ws/build/gesture_control/build/lib/gesture_control
[6.067s] running install
[6.092s] running install_lib
[6.185s] copying /home/rockpi/ros_control_ws/build/gesture_control/build/lib/gesture_control/gesture_node.py -> /home/rockpi/ros_control_ws/install/gesture_control/lib/python3.12/site-packages/gesture_control
[6.188s] byte-compiling /home/rockpi/ros_control_ws/install/gesture_control/lib/python3.12/site-packages/gesture_control/gesture_node.py to gesture_node.cpython-312.pyc
[6.193s] running install_data
[6.194s] running install_egg_info
[6.289s] removing '/home/rockpi/ros_control_ws/install/gesture_control/lib/python3.12/site-packages/gesture_control-0.0.0-py3.12.egg-info' (and everything under it)
[6.291s] Copying ../../build/gesture_control/gesture_control.egg-info to /home/rockpi/ros_control_ws/install/gesture_control/lib/python3.12/site-packages/gesture_control-0.0.0-py3.12.egg-info
[6.299s] running install_scripts
[6.982s] Installing gesture_node script to /home/rockpi/ros_control_ws/install/gesture_control/lib/gesture_control
[6.983s] writing list of installed files to '/home/rockpi/ros_control_ws/build/gesture_control/install.log'
[7.131s] Invoked command in '/home/rockpi/ros_control_ws/src/gesture_control' returned '0': PYTHONPATH=/home/rockpi/ros_control_ws/build/gesture_control/prefix_override:/usr/lib/python3/dist-packages/colcon_core/task/python/colcon_distutils_commands:/home/rockpi/ros_control_ws/install/gesture_control/lib/python3.12/site-packages:${PYTHONPATH} /usr/bin/python3 -W ignore:setup.py install is deprecated -W ignore:easy_install command is deprecated setup.py egg_info --egg-base ../../build/gesture_control build --build-base /home/rockpi/ros_control_ws/build/gesture_control/build install --record /home/rockpi/ros_control_ws/build/gesture_control/install.log --single-version-externally-managed install_data
