[1.971s] Invoking command in '/home/rockpi/ros_control_ws/build/my_robot_hardware_interface': CMAKE_PREFIX_PATH=${CMAKE_PREFIX_PATH}:/home/rockpi/ros_control_ws/install/my_robot_hardware:/home/rockpi/ros_control_ws/install/my_robot:/opt/ros/jazzy /usr/bin/cmake --build /home/rockpi/ros_control_ws/build/my_robot_hardware_interface -- -j4 -l4
[2.944s] [100%] Built target my_robot_hardware
[3.022s] Invoked command in '/home/rockpi/ros_control_ws/build/my_robot_hardware_interface' returned '0': CMAKE_PREFIX_PATH=${CMAKE_PREFIX_PATH}:/home/rockpi/ros_control_ws/install/my_robot_hardware:/home/rockpi/ros_control_ws/install/my_robot:/opt/ros/jazzy /usr/bin/cmake --build /home/rockpi/ros_control_ws/build/my_robot_hardware_interface -- -j4 -l4
[3.100s] Invoking command in '/home/rockpi/ros_control_ws/build/my_robot_hardware_interface': CMAKE_PREFIX_PATH=${CMAKE_PREFIX_PATH}:/home/rockpi/ros_control_ws/install/my_robot_hardware:/home/rockpi/ros_control_ws/install/my_robot:/opt/ros/jazzy /usr/bin/cmake --install /home/rockpi/ros_control_ws/build/my_robot_hardware_interface
[3.163s] -- Install configuration: ""
[3.166s] -- Up-to-date: /home/rockpi/ros_control_ws/install/my_robot_hardware_interface/share/my_robot_hardware_interface/my_robot_hardware_interface.xml
[3.169s] -- Up-to-date: /home/rockpi/ros_control_ws/install/my_robot_hardware_interface/lib/libmy_robot_hardware.so
[3.172s] -- Up-to-date: /home/rockpi/ros_control_ws/install/my_robot_hardware_interface/include
[3.173s] -- Up-to-date: /home/rockpi/ros_control_ws/install/my_robot_hardware_interface/include/my_robot_hardware_interface
[3.173s] -- Up-to-date: /home/rockpi/ros_control_ws/install/my_robot_hardware_interface/include/my_robot_hardware_interface/my_robot_hardware.hpp
[3.174s] -- Up-to-date: /home/rockpi/ros_control_ws/install/my_robot_hardware_interface/share/my_robot_hardware_interface/environment/library_path.sh
[3.175s] -- Up-to-date: /home/rockpi/ros_control_ws/install/my_robot_hardware_interface/share/my_robot_hardware_interface/environment/library_path.dsv
[3.176s] -- Up-to-date: /home/rockpi/ros_control_ws/install/my_robot_hardware_interface/share/ament_index/resource_index/package_run_dependencies/my_robot_hardware_interface
[3.178s] -- Up-to-date: /home/rockpi/ros_control_ws/install/my_robot_hardware_interface/share/ament_index/resource_index/parent_prefix_path/my_robot_hardware_interface
[3.179s] -- Up-to-date: /home/rockpi/ros_control_ws/install/my_robot_hardware_interface/share/my_robot_hardware_interface/environment/ament_prefix_path.sh
[3.180s] -- Up-to-date: /home/rockpi/ros_control_ws/install/my_robot_hardware_interface/share/my_robot_hardware_interface/environment/ament_prefix_path.dsv
[3.180s] -- Up-to-date: /home/rockpi/ros_control_ws/install/my_robot_hardware_interface/share/my_robot_hardware_interface/environment/path.sh
[3.181s] -- Up-to-date: /home/rockpi/ros_control_ws/install/my_robot_hardware_interface/share/my_robot_hardware_interface/environment/path.dsv
[3.182s] -- Up-to-date: /home/rockpi/ros_control_ws/install/my_robot_hardware_interface/share/my_robot_hardware_interface/local_setup.bash
[3.182s] -- Up-to-date: /home/rockpi/ros_control_ws/install/my_robot_hardware_interface/share/my_robot_hardware_interface/local_setup.sh
[3.183s] -- Up-to-date: /home/rockpi/ros_control_ws/install/my_robot_hardware_interface/share/my_robot_hardware_interface/local_setup.zsh
[3.183s] -- Up-to-date: /home/rockpi/ros_control_ws/install/my_robot_hardware_interface/share/my_robot_hardware_interface/local_setup.dsv
[3.184s] -- Installing: /home/rockpi/ros_control_ws/install/my_robot_hardware_interface/share/my_robot_hardware_interface/package.dsv
[3.186s] -- Up-to-date: /home/rockpi/ros_control_ws/install/my_robot_hardware_interface/share/ament_index/resource_index/packages/my_robot_hardware_interface
[3.187s] -- Up-to-date: /home/rockpi/ros_control_ws/install/my_robot_hardware_interface/share/ament_index/resource_index/hardware_interface__pluginlib__plugin/my_robot_hardware_interface
[3.193s] -- Up-to-date: /home/rockpi/ros_control_ws/install/my_robot_hardware_interface/share/my_robot_hardware_interface/cmake/export_my_robot_hardwareExport.cmake
[3.194s] -- Up-to-date: /home/rockpi/ros_control_ws/install/my_robot_hardware_interface/share/my_robot_hardware_interface/cmake/export_my_robot_hardwareExport-noconfig.cmake
[3.196s] -- Up-to-date: /home/rockpi/ros_control_ws/install/my_robot_hardware_interface/share/my_robot_hardware_interface/cmake/ament_cmake_export_libraries-extras.cmake
[3.196s] -- Up-to-date: /home/rockpi/ros_control_ws/install/my_robot_hardware_interface/share/my_robot_hardware_interface/cmake/ament_cmake_export_targets-extras.cmake
[3.197s] -- Up-to-date: /home/rockpi/ros_control_ws/install/my_robot_hardware_interface/share/my_robot_hardware_interface/cmake/ament_cmake_export_dependencies-extras.cmake
[3.197s] -- Up-to-date: /home/rockpi/ros_control_ws/install/my_robot_hardware_interface/share/my_robot_hardware_interface/cmake/my_robot_hardware_interfaceConfig.cmake
[3.198s] -- Up-to-date: /home/rockpi/ros_control_ws/install/my_robot_hardware_interface/share/my_robot_hardware_interface/cmake/my_robot_hardware_interfaceConfig-version.cmake
[3.198s] -- Up-to-date: /home/rockpi/ros_control_ws/install/my_robot_hardware_interface/share/my_robot_hardware_interface/package.xml
[3.206s] Invoked command in '/home/rockpi/ros_control_ws/build/my_robot_hardware_interface' returned '0': CMAKE_PREFIX_PATH=${CMAKE_PREFIX_PATH}:/home/rockpi/ros_control_ws/install/my_robot_hardware:/home/rockpi/ros_control_ws/install/my_robot:/opt/ros/jazzy /usr/bin/cmake --install /home/rockpi/ros_control_ws/build/my_robot_hardware_interface
