[15.864s] Invoking command in '/home/rockpi/ros_control_ws/src/my_robot_hardware': PYTHONPATH=/home/rockpi/ros_control_ws/build/my_robot_hardware/prefix_override:/usr/lib/python3/dist-packages/colcon_core/task/python/colcon_distutils_commands:/home/rockpi/ros_control_ws/install/my_robot_hardware/lib/python3.12/site-packages:${PYTHONPATH} /usr/bin/python3 -W ignore:setup.py install is deprecated -W ignore:easy_install command is deprecated setup.py egg_info --egg-base ../../build/my_robot_hardware build --build-base /home/rockpi/ros_control_ws/build/my_robot_hardware/build install --record /home/rockpi/ros_control_ws/build/my_robot_hardware/install.log --single-version-externally-managed install_data
[20.396s] running egg_info
[20.951s] writing ../../build/my_robot_hardware/my_robot_hardware.egg-info/PKG-INFO
[20.954s] writing dependency_links to ../../build/my_robot_hardware/my_robot_hardware.egg-info/dependency_links.txt
[20.954s] writing entry points to ../../build/my_robot_hardware/my_robot_hardware.egg-info/entry_points.txt
[20.957s] writing requirements to ../../build/my_robot_hardware/my_robot_hardware.egg-info/requires.txt
[20.961s] writing top-level names to ../../build/my_robot_hardware/my_robot_hardware.egg-info/top_level.txt
[21.399s] reading manifest file '../../build/my_robot_hardware/my_robot_hardware.egg-info/SOURCES.txt'
[21.401s] writing manifest file '../../build/my_robot_hardware/my_robot_hardware.egg-info/SOURCES.txt'
[21.410s] running build
[21.413s] running build_py
[21.418s] running install
[21.443s] running install_lib
[21.636s] running install_data
[21.641s] running install_egg_info
[22.461s] removing '/home/rockpi/ros_control_ws/install/my_robot_hardware/lib/python3.12/site-packages/my_robot_hardware-0.0.1-py3.12.egg-info' (and everything under it)
[22.468s] Copying ../../build/my_robot_hardware/my_robot_hardware.egg-info to /home/rockpi/ros_control_ws/install/my_robot_hardware/lib/python3.12/site-packages/my_robot_hardware-0.0.1-py3.12.egg-info
[22.480s] running install_scripts
[25.241s] Installing arduino_bridge script to /home/rockpi/ros_control_ws/install/my_robot_hardware/lib/my_robot_hardware
[25.249s] writing list of installed files to '/home/rockpi/ros_control_ws/build/my_robot_hardware/install.log'
[25.467s] Invoked command in '/home/rockpi/ros_control_ws/src/my_robot_hardware' returned '0': PYTHONPATH=/home/rockpi/ros_control_ws/build/my_robot_hardware/prefix_override:/usr/lib/python3/dist-packages/colcon_core/task/python/colcon_distutils_commands:/home/rockpi/ros_control_ws/install/my_robot_hardware/lib/python3.12/site-packages:${PYTHONPATH} /usr/bin/python3 -W ignore:setup.py install is deprecated -W ignore:easy_install command is deprecated setup.py egg_info --egg-base ../../build/my_robot_hardware build --build-base /home/rockpi/ros_control_ws/build/my_robot_hardware/build install --record /home/rockpi/ros_control_ws/build/my_robot_hardware/install.log --single-version-externally-managed install_data
