[1.253s] DEBUG:colcon:Command line arguments: ['/usr/bin/colcon', 'build']
[1.254s] DEBUG:colcon:Parsed command line arguments: Namespace(log_base=None, log_level=None, verb_name='build', build_base='build', install_base='install', merge_install=False, symlink_install=False, test_result_base=None, continue_on_error=False, executor='parallel', parallel_workers=4, event_handlers=None, ignore_user_meta=False, metas=['./colcon.meta'], base_paths=['.'], packages_ignore=None, packages_ignore_regex=None, paths=None, packages_up_to=None, packages_up_to_regex=None, packages_above=None, packages_above_and_dependencies=None, packages_above_depth=None, packages_select_by_dep=None, packages_skip_by_dep=None, packages_skip_up_to=None, packages_select_build_failed=False, packages_skip_build_finished=False, packages_select_test_failures=False, packages_skip_test_passed=False, packages_select=None, packages_skip=None, packages_select_regex=None, packages_skip_regex=None, packages_start=None, packages_end=None, allow_overriding=[], cmake_args=None, cmake_target=None, cmake_target_skip_unavailable=False, cmake_clean_cache=False, cmake_clean_first=False, cmake_force_configure=False, ament_cmake_args=None, catkin_cmake_args=None, catkin_skip_building_tests=False, mixin_files=None, mixin=None, verb_parser=<colcon_mixin.mixin.mixin_argument.MixinArgumentDecorator object at 0xffffa16518e0>, verb_extension=<colcon_core.verb.build.BuildVerb object at 0xffffa17fa210>, main=<bound method BuildVerb.main of <colcon_core.verb.build.BuildVerb object at 0xffffa17fa210>>, mixin_verb=('build',))
[1.717s] Level 1:colcon.colcon_core.package_discovery:discover_packages(colcon_meta) check parameters
[1.718s] Level 1:colcon.colcon_core.package_discovery:discover_packages(recursive) check parameters
[1.719s] Level 1:colcon.colcon_core.package_discovery:discover_packages(ignore) check parameters
[1.719s] Level 1:colcon.colcon_core.package_discovery:discover_packages(path) check parameters
[1.719s] Level 1:colcon.colcon_core.package_discovery:discover_packages(colcon_meta) discover
[1.720s] Level 1:colcon.colcon_core.package_discovery:discover_packages(recursive) discover
[1.720s] INFO:colcon.colcon_core.package_discovery:Crawling recursively for packages in '/home/rockpi/ros_control_ws'
[1.721s] Level 1:colcon.colcon_core.package_identification:_identify(.) by extensions ['ignore', 'ignore_ament_install']
[1.722s] Level 1:colcon.colcon_core.package_identification:_identify(.) by extension 'ignore'
[1.723s] Level 1:colcon.colcon_core.package_identification:_identify(.) by extension 'ignore_ament_install'
[1.724s] Level 1:colcon.colcon_core.package_identification:_identify(.) by extensions ['colcon_pkg']
[1.724s] Level 1:colcon.colcon_core.package_identification:_identify(.) by extension 'colcon_pkg'
[1.725s] Level 1:colcon.colcon_core.package_identification:_identify(.) by extensions ['colcon_meta']
[1.725s] Level 1:colcon.colcon_core.package_identification:_identify(.) by extension 'colcon_meta'
[1.725s] Level 1:colcon.colcon_core.package_identification:_identify(.) by extensions ['ros']
[1.726s] Level 1:colcon.colcon_core.package_identification:_identify(.) by extension 'ros'
[2.001s] Level 1:colcon.colcon_core.package_identification:_identify(.) by extensions ['cmake', 'python']
[2.002s] Level 1:colcon.colcon_core.package_identification:_identify(.) by extension 'cmake'
[2.002s] Level 1:colcon.colcon_core.package_identification:_identify(.) by extension 'python'
[2.003s] Level 1:colcon.colcon_core.package_identification:_identify(.) by extensions ['python_setup_py']
[2.004s] Level 1:colcon.colcon_core.package_identification:_identify(.) by extension 'python_setup_py'
[2.005s] Level 1:colcon.colcon_core.package_identification:_identify(build) by extensions ['ignore', 'ignore_ament_install']
[2.007s] Level 1:colcon.colcon_core.package_identification:_identify(build) by extension 'ignore'
[2.007s] Level 1:colcon.colcon_core.package_identification:_identify(build) ignored
[2.009s] Level 1:colcon.colcon_core.package_identification:_identify(install) by extensions ['ignore', 'ignore_ament_install']
[2.010s] Level 1:colcon.colcon_core.package_identification:_identify(install) by extension 'ignore'
[2.011s] Level 1:colcon.colcon_core.package_identification:_identify(install) ignored
[2.014s] Level 1:colcon.colcon_core.package_identification:_identify(log) by extensions ['ignore', 'ignore_ament_install']
[2.015s] Level 1:colcon.colcon_core.package_identification:_identify(log) by extension 'ignore'
[2.015s] Level 1:colcon.colcon_core.package_identification:_identify(log) ignored
[2.017s] Level 1:colcon.colcon_core.package_identification:_identify(src) by extensions ['ignore', 'ignore_ament_install']
[2.018s] Level 1:colcon.colcon_core.package_identification:_identify(src) by extension 'ignore'
[2.018s] Level 1:colcon.colcon_core.package_identification:_identify(src) by extension 'ignore_ament_install'
[2.019s] Level 1:colcon.colcon_core.package_identification:_identify(src) by extensions ['colcon_pkg']
[2.020s] Level 1:colcon.colcon_core.package_identification:_identify(src) by extension 'colcon_pkg'
[2.020s] Level 1:colcon.colcon_core.package_identification:_identify(src) by extensions ['colcon_meta']
[2.020s] Level 1:colcon.colcon_core.package_identification:_identify(src) by extension 'colcon_meta'
[2.021s] Level 1:colcon.colcon_core.package_identification:_identify(src) by extensions ['ros']
[2.021s] Level 1:colcon.colcon_core.package_identification:_identify(src) by extension 'ros'
[2.022s] Level 1:colcon.colcon_core.package_identification:_identify(src) by extensions ['cmake', 'python']
[2.023s] Level 1:colcon.colcon_core.package_identification:_identify(src) by extension 'cmake'
[2.023s] Level 1:colcon.colcon_core.package_identification:_identify(src) by extension 'python'
[2.024s] Level 1:colcon.colcon_core.package_identification:_identify(src) by extensions ['python_setup_py']
[2.024s] Level 1:colcon.colcon_core.package_identification:_identify(src) by extension 'python_setup_py'
[2.025s] Level 1:colcon.colcon_core.package_identification:_identify(src/my_robot) by extensions ['ignore', 'ignore_ament_install']
[2.026s] Level 1:colcon.colcon_core.package_identification:_identify(src/my_robot) by extension 'ignore'
[2.027s] Level 1:colcon.colcon_core.package_identification:_identify(src/my_robot) by extension 'ignore_ament_install'
[2.028s] Level 1:colcon.colcon_core.package_identification:_identify(src/my_robot) by extensions ['colcon_pkg']
[2.028s] Level 1:colcon.colcon_core.package_identification:_identify(src/my_robot) by extension 'colcon_pkg'
[2.029s] Level 1:colcon.colcon_core.package_identification:_identify(src/my_robot) by extensions ['colcon_meta']
[2.029s] Level 1:colcon.colcon_core.package_identification:_identify(src/my_robot) by extension 'colcon_meta'
[2.029s] Level 1:colcon.colcon_core.package_identification:_identify(src/my_robot) by extensions ['ros']
[2.030s] Level 1:colcon.colcon_core.package_identification:_identify(src/my_robot) by extension 'ros'
[2.056s] DEBUG:colcon.colcon_core.package_identification:Package 'src/my_robot' with type 'ros.ament_python' and name 'my_robot'
[2.058s] Level 1:colcon.colcon_core.package_identification:_identify(src/my_robot_hardware) by extensions ['ignore', 'ignore_ament_install']
[2.059s] Level 1:colcon.colcon_core.package_identification:_identify(src/my_robot_hardware) by extension 'ignore'
[2.059s] Level 1:colcon.colcon_core.package_identification:_identify(src/my_robot_hardware) by extension 'ignore_ament_install'
[2.060s] Level 1:colcon.colcon_core.package_identification:_identify(src/my_robot_hardware) by extensions ['colcon_pkg']
[2.061s] Level 1:colcon.colcon_core.package_identification:_identify(src/my_robot_hardware) by extension 'colcon_pkg'
[2.061s] Level 1:colcon.colcon_core.package_identification:_identify(src/my_robot_hardware) by extensions ['colcon_meta']
[2.061s] Level 1:colcon.colcon_core.package_identification:_identify(src/my_robot_hardware) by extension 'colcon_meta'
[2.062s] Level 1:colcon.colcon_core.package_identification:_identify(src/my_robot_hardware) by extensions ['ros']
[2.062s] Level 1:colcon.colcon_core.package_identification:_identify(src/my_robot_hardware) by extension 'ros'
[2.069s] DEBUG:colcon.colcon_core.package_identification:Package 'src/my_robot_hardware' with type 'ros.ament_python' and name 'my_robot_hardware'
[2.070s] Level 1:colcon.colcon_core.package_identification:_identify(src/my_robot_hardware_interface) by extensions ['ignore', 'ignore_ament_install']
[2.071s] Level 1:colcon.colcon_core.package_identification:_identify(src/my_robot_hardware_interface) by extension 'ignore'
[2.072s] Level 1:colcon.colcon_core.package_identification:_identify(src/my_robot_hardware_interface) by extension 'ignore_ament_install'
[2.073s] Level 1:colcon.colcon_core.package_identification:_identify(src/my_robot_hardware_interface) by extensions ['colcon_pkg']
[2.073s] Level 1:colcon.colcon_core.package_identification:_identify(src/my_robot_hardware_interface) by extension 'colcon_pkg'
[2.074s] Level 1:colcon.colcon_core.package_identification:_identify(src/my_robot_hardware_interface) by extensions ['colcon_meta']
[2.074s] Level 1:colcon.colcon_core.package_identification:_identify(src/my_robot_hardware_interface) by extension 'colcon_meta'
[2.075s] Level 1:colcon.colcon_core.package_identification:_identify(src/my_robot_hardware_interface) by extensions ['ros']
[2.076s] Level 1:colcon.colcon_core.package_identification:_identify(src/my_robot_hardware_interface) by extension 'ros'
[2.083s] DEBUG:colcon.colcon_core.package_identification:Package 'src/my_robot_hardware_interface' with type 'ros.ament_cmake' and name 'my_robot_hardware_interface'
[2.083s] Level 1:colcon.colcon_core.package_discovery:discover_packages(recursive) using defaults
[2.084s] Level 1:colcon.colcon_core.package_discovery:discover_packages(ignore) discover
[2.084s] Level 1:colcon.colcon_core.package_discovery:discover_packages(ignore) using defaults
[2.084s] Level 1:colcon.colcon_core.package_discovery:discover_packages(path) discover
[2.085s] Level 1:colcon.colcon_core.package_discovery:discover_packages(path) using defaults
[2.274s] Level 1:colcon.colcon_core.package_discovery:discover_packages(prefix_path) check parameters
[2.275s] Level 1:colcon.colcon_core.package_discovery:discover_packages(prefix_path) discover
[2.328s] DEBUG:colcon.colcon_installed_package_information.package_discovery:Found 340 installed packages in /opt/ros/jazzy
[2.339s] Level 1:colcon.colcon_core.package_discovery:discover_packages(prefix_path) using defaults
[2.684s] Level 5:colcon.colcon_core.verb:set package 'my_robot' build argument 'cmake_args' from command line to 'None'
[2.684s] Level 5:colcon.colcon_core.verb:set package 'my_robot' build argument 'cmake_target' from command line to 'None'
[2.685s] Level 5:colcon.colcon_core.verb:set package 'my_robot' build argument 'cmake_target_skip_unavailable' from command line to 'False'
[2.685s] Level 5:colcon.colcon_core.verb:set package 'my_robot' build argument 'cmake_clean_cache' from command line to 'False'
[2.685s] Level 5:colcon.colcon_core.verb:set package 'my_robot' build argument 'cmake_clean_first' from command line to 'False'
[2.685s] Level 5:colcon.colcon_core.verb:set package 'my_robot' build argument 'cmake_force_configure' from command line to 'False'
[2.685s] Level 5:colcon.colcon_core.verb:set package 'my_robot' build argument 'ament_cmake_args' from command line to 'None'
[2.685s] Level 5:colcon.colcon_core.verb:set package 'my_robot' build argument 'catkin_cmake_args' from command line to 'None'
[2.685s] Level 5:colcon.colcon_core.verb:set package 'my_robot' build argument 'catkin_skip_building_tests' from command line to 'False'
[2.686s] DEBUG:colcon.colcon_core.verb:Building package 'my_robot' with the following arguments: {'ament_cmake_args': None, 'build_base': '/home/rockpi/ros_control_ws/build/my_robot', 'catkin_cmake_args': None, 'catkin_skip_building_tests': False, 'cmake_args': None, 'cmake_clean_cache': False, 'cmake_clean_first': False, 'cmake_force_configure': False, 'cmake_target': None, 'cmake_target_skip_unavailable': False, 'install_base': '/home/rockpi/ros_control_ws/install/my_robot', 'merge_install': False, 'path': '/home/rockpi/ros_control_ws/src/my_robot', 'symlink_install': False, 'test_result_base': None}
[2.687s] Level 5:colcon.colcon_core.verb:set package 'my_robot_hardware' build argument 'cmake_args' from command line to 'None'
[2.687s] Level 5:colcon.colcon_core.verb:set package 'my_robot_hardware' build argument 'cmake_target' from command line to 'None'
[2.687s] Level 5:colcon.colcon_core.verb:set package 'my_robot_hardware' build argument 'cmake_target_skip_unavailable' from command line to 'False'
[2.687s] Level 5:colcon.colcon_core.verb:set package 'my_robot_hardware' build argument 'cmake_clean_cache' from command line to 'False'
[2.687s] Level 5:colcon.colcon_core.verb:set package 'my_robot_hardware' build argument 'cmake_clean_first' from command line to 'False'
[2.688s] Level 5:colcon.colcon_core.verb:set package 'my_robot_hardware' build argument 'cmake_force_configure' from command line to 'False'
[2.688s] Level 5:colcon.colcon_core.verb:set package 'my_robot_hardware' build argument 'ament_cmake_args' from command line to 'None'
[2.688s] Level 5:colcon.colcon_core.verb:set package 'my_robot_hardware' build argument 'catkin_cmake_args' from command line to 'None'
[2.688s] Level 5:colcon.colcon_core.verb:set package 'my_robot_hardware' build argument 'catkin_skip_building_tests' from command line to 'False'
[2.688s] DEBUG:colcon.colcon_core.verb:Building package 'my_robot_hardware' with the following arguments: {'ament_cmake_args': None, 'build_base': '/home/rockpi/ros_control_ws/build/my_robot_hardware', 'catkin_cmake_args': None, 'catkin_skip_building_tests': False, 'cmake_args': None, 'cmake_clean_cache': False, 'cmake_clean_first': False, 'cmake_force_configure': False, 'cmake_target': None, 'cmake_target_skip_unavailable': False, 'install_base': '/home/rockpi/ros_control_ws/install/my_robot_hardware', 'merge_install': False, 'path': '/home/rockpi/ros_control_ws/src/my_robot_hardware', 'symlink_install': False, 'test_result_base': None}
[2.689s] Level 5:colcon.colcon_core.verb:set package 'my_robot_hardware_interface' build argument 'cmake_args' from command line to 'None'
[2.689s] Level 5:colcon.colcon_core.verb:set package 'my_robot_hardware_interface' build argument 'cmake_target' from command line to 'None'
[2.690s] Level 5:colcon.colcon_core.verb:set package 'my_robot_hardware_interface' build argument 'cmake_target_skip_unavailable' from command line to 'False'
[2.690s] Level 5:colcon.colcon_core.verb:set package 'my_robot_hardware_interface' build argument 'cmake_clean_cache' from command line to 'False'
[2.690s] Level 5:colcon.colcon_core.verb:set package 'my_robot_hardware_interface' build argument 'cmake_clean_first' from command line to 'False'
[2.690s] Level 5:colcon.colcon_core.verb:set package 'my_robot_hardware_interface' build argument 'cmake_force_configure' from command line to 'False'
[2.690s] Level 5:colcon.colcon_core.verb:set package 'my_robot_hardware_interface' build argument 'ament_cmake_args' from command line to 'None'
[2.690s] Level 5:colcon.colcon_core.verb:set package 'my_robot_hardware_interface' build argument 'catkin_cmake_args' from command line to 'None'
[2.690s] Level 5:colcon.colcon_core.verb:set package 'my_robot_hardware_interface' build argument 'catkin_skip_building_tests' from command line to 'False'
[2.690s] DEBUG:colcon.colcon_core.verb:Building package 'my_robot_hardware_interface' with the following arguments: {'ament_cmake_args': None, 'build_base': '/home/rockpi/ros_control_ws/build/my_robot_hardware_interface', 'catkin_cmake_args': None, 'catkin_skip_building_tests': False, 'cmake_args': None, 'cmake_clean_cache': False, 'cmake_clean_first': False, 'cmake_force_configure': False, 'cmake_target': None, 'cmake_target_skip_unavailable': False, 'install_base': '/home/rockpi/ros_control_ws/install/my_robot_hardware_interface', 'merge_install': False, 'path': '/home/rockpi/ros_control_ws/src/my_robot_hardware_interface', 'symlink_install': False, 'test_result_base': None}
[2.691s] INFO:colcon.colcon_core.executor:Executing jobs using 'parallel' executor
[2.694s] DEBUG:colcon.colcon_parallel_executor.executor.parallel:run_until_complete
[2.695s] INFO:colcon.colcon_ros.task.ament_python.build:Building ROS package in '/home/rockpi/ros_control_ws/src/my_robot' with build type 'ament_python'
[2.696s] Level 1:colcon.colcon_core.shell:create_environment_hook('my_robot', 'ament_prefix_path')
[2.716s] INFO:colcon.colcon_core.plugin_system:Skipping extension 'colcon_core.shell.bat': Not used on non-Windows systems
[2.717s] INFO:colcon.colcon_core.shell:Creating environment hook '/home/rockpi/ros_control_ws/install/my_robot/share/my_robot/hook/ament_prefix_path.ps1'
[2.722s] INFO:colcon.colcon_core.shell:Creating environment descriptor '/home/rockpi/ros_control_ws/install/my_robot/share/my_robot/hook/ament_prefix_path.dsv'
[2.725s] INFO:colcon.colcon_core.shell:Creating environment hook '/home/rockpi/ros_control_ws/install/my_robot/share/my_robot/hook/ament_prefix_path.sh'
[2.729s] INFO:colcon.colcon_core.shell:Skip shell extension 'powershell' for command environment: Not usable outside of PowerShell
[2.729s] DEBUG:colcon.colcon_core.shell:Skip shell extension 'dsv' for command environment
[2.751s] INFO:colcon.colcon_ros.task.ament_python.build:Building ROS package in '/home/rockpi/ros_control_ws/src/my_robot_hardware' with build type 'ament_python'
[2.751s] Level 1:colcon.colcon_core.shell:create_environment_hook('my_robot_hardware', 'ament_prefix_path')
[2.752s] INFO:colcon.colcon_core.shell:Creating environment hook '/home/rockpi/ros_control_ws/install/my_robot_hardware/share/my_robot_hardware/hook/ament_prefix_path.ps1'
[2.755s] INFO:colcon.colcon_core.shell:Creating environment descriptor '/home/rockpi/ros_control_ws/install/my_robot_hardware/share/my_robot_hardware/hook/ament_prefix_path.dsv'
[2.757s] INFO:colcon.colcon_core.shell:Creating environment hook '/home/rockpi/ros_control_ws/install/my_robot_hardware/share/my_robot_hardware/hook/ament_prefix_path.sh'
[2.760s] INFO:colcon.colcon_core.shell:Skip shell extension 'powershell' for command environment: Not usable outside of PowerShell
[2.761s] DEBUG:colcon.colcon_core.shell:Skip shell extension 'dsv' for command environment
[2.781s] INFO:colcon.colcon_ros.task.ament_cmake.build:Building ROS package in '/home/rockpi/ros_control_ws/src/my_robot_hardware_interface' with build type 'ament_cmake'
[2.781s] INFO:colcon.colcon_cmake.task.cmake.build:Building CMake package in '/home/rockpi/ros_control_ws/src/my_robot_hardware_interface'
[2.782s] INFO:colcon.colcon_core.shell:Skip shell extension 'powershell' for command environment: Not usable outside of PowerShell
[2.783s] DEBUG:colcon.colcon_core.shell:Skip shell extension 'dsv' for command environment
[4.897s] INFO:colcon.colcon_core.task.python.build:Building Python package in '/home/rockpi/ros_control_ws/src/my_robot'
[4.899s] INFO:colcon.colcon_core.shell:Skip shell extension 'powershell' for command environment: Not usable outside of PowerShell
[4.900s] DEBUG:colcon.colcon_core.shell:Skip shell extension 'dsv' for command environment
[7.056s] INFO:colcon.colcon_core.task.python.build:Building Python package in '/home/rockpi/ros_control_ws/src/my_robot_hardware'
[7.058s] INFO:colcon.colcon_core.shell:Skip shell extension 'powershell' for command environment: Not usable outside of PowerShell
[7.058s] DEBUG:colcon.colcon_core.shell:Skip shell extension 'dsv' for command environment
[7.156s] DEBUG:colcon.colcon_core.event_handler.log_command:Invoking command in '/home/rockpi/ros_control_ws/build/my_robot_hardware_interface': CMAKE_PREFIX_PATH=${CMAKE_PREFIX_PATH}:/opt/ros/jazzy /usr/bin/cmake --build /home/rockpi/ros_control_ws/build/my_robot_hardware_interface -- -j4 -l4
[9.095s] DEBUG:colcon.colcon_core.event_handler.log_command:Invoked command in '/home/rockpi/ros_control_ws/build/my_robot_hardware_interface' returned '0': CMAKE_PREFIX_PATH=${CMAKE_PREFIX_PATH}:/opt/ros/jazzy /usr/bin/cmake --build /home/rockpi/ros_control_ws/build/my_robot_hardware_interface -- -j4 -l4
[9.292s] DEBUG:colcon.colcon_core.event_handler.log_command:Invoking command in '/home/rockpi/ros_control_ws/build/my_robot_hardware_interface': CMAKE_PREFIX_PATH=${CMAKE_PREFIX_PATH}:/opt/ros/jazzy /usr/bin/cmake --install /home/rockpi/ros_control_ws/build/my_robot_hardware_interface
[9.556s] Level 1:colcon.colcon_core.environment:create_environment_scripts_only(my_robot_hardware_interface)
[9.560s] DEBUG:colcon.colcon_core.event_handler.log_command:Invoked command in '/home/rockpi/ros_control_ws/build/my_robot_hardware_interface' returned '0': CMAKE_PREFIX_PATH=${CMAKE_PREFIX_PATH}:/opt/ros/jazzy /usr/bin/cmake --install /home/rockpi/ros_control_ws/build/my_robot_hardware_interface
[9.614s] Level 1:colcon.colcon_core.environment:checking '/home/rockpi/ros_control_ws/install/my_robot_hardware_interface' for CMake module files
[9.627s] Level 1:colcon.colcon_core.environment:checking '/home/rockpi/ros_control_ws/install/my_robot_hardware_interface' for CMake config files
[9.637s] Level 1:colcon.colcon_core.shell:create_environment_hook('my_robot_hardware_interface', 'cmake_prefix_path')
[9.639s] INFO:colcon.colcon_core.shell:Creating environment hook '/home/rockpi/ros_control_ws/install/my_robot_hardware_interface/share/my_robot_hardware_interface/hook/cmake_prefix_path.ps1'
[9.644s] INFO:colcon.colcon_core.shell:Creating environment descriptor '/home/rockpi/ros_control_ws/install/my_robot_hardware_interface/share/my_robot_hardware_interface/hook/cmake_prefix_path.dsv'
[9.649s] INFO:colcon.colcon_core.shell:Creating environment hook '/home/rockpi/ros_control_ws/install/my_robot_hardware_interface/share/my_robot_hardware_interface/hook/cmake_prefix_path.sh'
[9.657s] Level 1:colcon.colcon_core.environment:checking '/home/rockpi/ros_control_ws/install/my_robot_hardware_interface/lib'
[9.659s] Level 1:colcon.colcon_core.shell:create_environment_hook('my_robot_hardware_interface', 'ld_library_path_lib')
[9.660s] INFO:colcon.colcon_core.shell:Creating environment hook '/home/rockpi/ros_control_ws/install/my_robot_hardware_interface/share/my_robot_hardware_interface/hook/ld_library_path_lib.ps1'
[9.665s] INFO:colcon.colcon_core.shell:Creating environment descriptor '/home/rockpi/ros_control_ws/install/my_robot_hardware_interface/share/my_robot_hardware_interface/hook/ld_library_path_lib.dsv'
[9.673s] INFO:colcon.colcon_core.shell:Creating environment hook '/home/rockpi/ros_control_ws/install/my_robot_hardware_interface/share/my_robot_hardware_interface/hook/ld_library_path_lib.sh'
[9.679s] Level 1:colcon.colcon_core.environment:checking '/home/rockpi/ros_control_ws/install/my_robot_hardware_interface/bin'
[9.680s] Level 1:colcon.colcon_core.environment:checking '/home/rockpi/ros_control_ws/install/my_robot_hardware_interface/lib/pkgconfig/my_robot_hardware_interface.pc'
[9.685s] Level 1:colcon.colcon_core.environment:checking '/home/rockpi/ros_control_ws/install/my_robot_hardware_interface/lib/python3.12/site-packages'
[9.691s] Level 1:colcon.colcon_core.environment:checking '/home/rockpi/ros_control_ws/install/my_robot_hardware_interface/bin'
[9.694s] INFO:colcon.colcon_core.shell:Creating package script '/home/rockpi/ros_control_ws/install/my_robot_hardware_interface/share/my_robot_hardware_interface/package.ps1'
[9.708s] INFO:colcon.colcon_core.shell:Creating package descriptor '/home/rockpi/ros_control_ws/install/my_robot_hardware_interface/share/my_robot_hardware_interface/package.dsv'
[9.716s] INFO:colcon.colcon_core.shell:Creating package script '/home/rockpi/ros_control_ws/install/my_robot_hardware_interface/share/my_robot_hardware_interface/package.sh'
[9.725s] INFO:colcon.colcon_core.shell:Creating package script '/home/rockpi/ros_control_ws/install/my_robot_hardware_interface/share/my_robot_hardware_interface/package.bash'
[9.738s] INFO:colcon.colcon_core.shell:Creating package script '/home/rockpi/ros_control_ws/install/my_robot_hardware_interface/share/my_robot_hardware_interface/package.zsh'
[9.749s] Level 1:colcon.colcon_core.environment:create_file_with_runtime_dependencies(/home/rockpi/ros_control_ws/install/my_robot_hardware_interface/share/colcon-core/packages/my_robot_hardware_interface)
[9.756s] Level 1:colcon.colcon_core.environment:create_environment_scripts_only(my_robot_hardware_interface)
[9.758s] Level 1:colcon.colcon_core.environment:checking '/home/rockpi/ros_control_ws/install/my_robot_hardware_interface' for CMake module files
[9.769s] Level 1:colcon.colcon_core.environment:checking '/home/rockpi/ros_control_ws/install/my_robot_hardware_interface' for CMake config files
[9.777s] Level 1:colcon.colcon_core.shell:create_environment_hook('my_robot_hardware_interface', 'cmake_prefix_path')
[9.779s] INFO:colcon.colcon_core.shell:Creating environment hook '/home/rockpi/ros_control_ws/install/my_robot_hardware_interface/share/my_robot_hardware_interface/hook/cmake_prefix_path.ps1'
[9.784s] INFO:colcon.colcon_core.shell:Creating environment descriptor '/home/rockpi/ros_control_ws/install/my_robot_hardware_interface/share/my_robot_hardware_interface/hook/cmake_prefix_path.dsv'
[9.789s] INFO:colcon.colcon_core.shell:Creating environment hook '/home/rockpi/ros_control_ws/install/my_robot_hardware_interface/share/my_robot_hardware_interface/hook/cmake_prefix_path.sh'
[9.797s] Level 1:colcon.colcon_core.environment:checking '/home/rockpi/ros_control_ws/install/my_robot_hardware_interface/lib'
[9.798s] Level 1:colcon.colcon_core.shell:create_environment_hook('my_robot_hardware_interface', 'ld_library_path_lib')
[9.800s] INFO:colcon.colcon_core.shell:Creating environment hook '/home/rockpi/ros_control_ws/install/my_robot_hardware_interface/share/my_robot_hardware_interface/hook/ld_library_path_lib.ps1'
[9.806s] INFO:colcon.colcon_core.shell:Creating environment descriptor '/home/rockpi/ros_control_ws/install/my_robot_hardware_interface/share/my_robot_hardware_interface/hook/ld_library_path_lib.dsv'
[9.811s] INFO:colcon.colcon_core.shell:Creating environment hook '/home/rockpi/ros_control_ws/install/my_robot_hardware_interface/share/my_robot_hardware_interface/hook/ld_library_path_lib.sh'
[9.816s] Level 1:colcon.colcon_core.environment:checking '/home/rockpi/ros_control_ws/install/my_robot_hardware_interface/bin'
[9.816s] Level 1:colcon.colcon_core.environment:checking '/home/rockpi/ros_control_ws/install/my_robot_hardware_interface/lib/pkgconfig/my_robot_hardware_interface.pc'
[9.819s] Level 1:colcon.colcon_core.environment:checking '/home/rockpi/ros_control_ws/install/my_robot_hardware_interface/lib/python3.12/site-packages'
[9.824s] Level 1:colcon.colcon_core.environment:checking '/home/rockpi/ros_control_ws/install/my_robot_hardware_interface/bin'
[9.827s] INFO:colcon.colcon_core.shell:Creating package script '/home/rockpi/ros_control_ws/install/my_robot_hardware_interface/share/my_robot_hardware_interface/package.ps1'
[9.835s] INFO:colcon.colcon_core.shell:Creating package descriptor '/home/rockpi/ros_control_ws/install/my_robot_hardware_interface/share/my_robot_hardware_interface/package.dsv'
[9.842s] INFO:colcon.colcon_core.shell:Creating package script '/home/rockpi/ros_control_ws/install/my_robot_hardware_interface/share/my_robot_hardware_interface/package.sh'
[9.852s] INFO:colcon.colcon_core.shell:Creating package script '/home/rockpi/ros_control_ws/install/my_robot_hardware_interface/share/my_robot_hardware_interface/package.bash'
[9.858s] INFO:colcon.colcon_core.shell:Creating package script '/home/rockpi/ros_control_ws/install/my_robot_hardware_interface/share/my_robot_hardware_interface/package.zsh'
[9.865s] Level 1:colcon.colcon_core.environment:create_file_with_runtime_dependencies(/home/rockpi/ros_control_ws/install/my_robot_hardware_interface/share/colcon-core/packages/my_robot_hardware_interface)
[14.132s] DEBUG:colcon.colcon_core.event_handler.log_command:Invoking command in '/home/rockpi/ros_control_ws/src/my_robot_hardware': PYTHONPATH=/home/rockpi/ros_control_ws/build/my_robot_hardware/prefix_override:/usr/lib/python3/dist-packages/colcon_core/task/python/colcon_distutils_commands:/home/rockpi/ros_control_ws/install/my_robot_hardware/lib/python3.12/site-packages:${PYTHONPATH} /usr/bin/python3 -W ignore:setup.py install is deprecated -W ignore:easy_install command is deprecated setup.py egg_info --egg-base ../../build/my_robot_hardware build --build-base /home/rockpi/ros_control_ws/build/my_robot_hardware/build install --record /home/rockpi/ros_control_ws/build/my_robot_hardware/install.log --single-version-externally-managed install_data
[14.144s] DEBUG:colcon.colcon_core.event_handler.log_command:Invoking command in '/home/rockpi/ros_control_ws/src/my_robot': PYTHONPATH=/home/rockpi/ros_control_ws/build/my_robot/prefix_override:/usr/lib/python3/dist-packages/colcon_core/task/python/colcon_distutils_commands:/home/rockpi/ros_control_ws/install/my_robot/lib/python3.12/site-packages:${PYTHONPATH} /usr/bin/python3 -W ignore:setup.py install is deprecated -W ignore:easy_install command is deprecated setup.py egg_info --egg-base ../../build/my_robot build --build-base /home/rockpi/ros_control_ws/build/my_robot/build install --record /home/rockpi/ros_control_ws/build/my_robot/install.log --single-version-externally-managed install_data
[18.969s] Level 1:colcon.colcon_core.environment:checking '/home/rockpi/ros_control_ws/install/my_robot' for CMake module files
[18.972s] DEBUG:colcon.colcon_core.event_handler.log_command:Invoked command in '/home/rockpi/ros_control_ws/src/my_robot' returned '0': PYTHONPATH=/home/rockpi/ros_control_ws/build/my_robot/prefix_override:/usr/lib/python3/dist-packages/colcon_core/task/python/colcon_distutils_commands:/home/rockpi/ros_control_ws/install/my_robot/lib/python3.12/site-packages:${PYTHONPATH} /usr/bin/python3 -W ignore:setup.py install is deprecated -W ignore:easy_install command is deprecated setup.py egg_info --egg-base ../../build/my_robot build --build-base /home/rockpi/ros_control_ws/build/my_robot/build install --record /home/rockpi/ros_control_ws/build/my_robot/install.log --single-version-externally-managed install_data
[18.976s] Level 1:colcon.colcon_core.environment:checking '/home/rockpi/ros_control_ws/install/my_robot' for CMake config files
[18.981s] Level 1:colcon.colcon_core.environment:checking '/home/rockpi/ros_control_ws/install/my_robot/lib'
[18.982s] Level 1:colcon.colcon_core.environment:checking '/home/rockpi/ros_control_ws/install/my_robot/bin'
[18.982s] Level 1:colcon.colcon_core.environment:checking '/home/rockpi/ros_control_ws/install/my_robot/lib/pkgconfig/my_robot.pc'
[18.984s] Level 1:colcon.colcon_core.environment:checking '/home/rockpi/ros_control_ws/install/my_robot/lib/python3.12/site-packages'
[18.985s] Level 1:colcon.colcon_core.shell:create_environment_hook('my_robot', 'pythonpath')
[18.987s] INFO:colcon.colcon_core.shell:Creating environment hook '/home/rockpi/ros_control_ws/install/my_robot/share/my_robot/hook/pythonpath.ps1'
[18.990s] INFO:colcon.colcon_core.shell:Creating environment descriptor '/home/rockpi/ros_control_ws/install/my_robot/share/my_robot/hook/pythonpath.dsv'
[18.993s] INFO:colcon.colcon_core.shell:Creating environment hook '/home/rockpi/ros_control_ws/install/my_robot/share/my_robot/hook/pythonpath.sh'
[18.999s] Level 1:colcon.colcon_core.environment:checking '/home/rockpi/ros_control_ws/install/my_robot/bin'
[18.999s] Level 1:colcon.colcon_core.environment:create_environment_scripts_only(my_robot)
[19.000s] INFO:colcon.colcon_core.shell:Creating package script '/home/rockpi/ros_control_ws/install/my_robot/share/my_robot/package.ps1'
[19.002s] INFO:colcon.colcon_core.shell:Creating package descriptor '/home/rockpi/ros_control_ws/install/my_robot/share/my_robot/package.dsv'
[19.004s] INFO:colcon.colcon_core.shell:Creating package script '/home/rockpi/ros_control_ws/install/my_robot/share/my_robot/package.sh'
[19.007s] INFO:colcon.colcon_core.shell:Creating package script '/home/rockpi/ros_control_ws/install/my_robot/share/my_robot/package.bash'
[19.009s] INFO:colcon.colcon_core.shell:Creating package script '/home/rockpi/ros_control_ws/install/my_robot/share/my_robot/package.zsh'
[19.010s] Level 1:colcon.colcon_core.environment:create_file_with_runtime_dependencies(/home/rockpi/ros_control_ws/install/my_robot/share/colcon-core/packages/my_robot)
[19.015s] Level 1:colcon.colcon_core.environment:checking '/home/rockpi/ros_control_ws/install/my_robot_hardware' for CMake module files
[19.017s] DEBUG:colcon.colcon_core.event_handler.log_command:Invoked command in '/home/rockpi/ros_control_ws/src/my_robot_hardware' returned '0': PYTHONPATH=/home/rockpi/ros_control_ws/build/my_robot_hardware/prefix_override:/usr/lib/python3/dist-packages/colcon_core/task/python/colcon_distutils_commands:/home/rockpi/ros_control_ws/install/my_robot_hardware/lib/python3.12/site-packages:${PYTHONPATH} /usr/bin/python3 -W ignore:setup.py install is deprecated -W ignore:easy_install command is deprecated setup.py egg_info --egg-base ../../build/my_robot_hardware build --build-base /home/rockpi/ros_control_ws/build/my_robot_hardware/build install --record /home/rockpi/ros_control_ws/build/my_robot_hardware/install.log --single-version-externally-managed install_data
[19.019s] Level 1:colcon.colcon_core.environment:checking '/home/rockpi/ros_control_ws/install/my_robot_hardware' for CMake config files
[19.023s] Level 1:colcon.colcon_core.environment:checking '/home/rockpi/ros_control_ws/install/my_robot_hardware/lib'
[19.023s] Level 1:colcon.colcon_core.environment:checking '/home/rockpi/ros_control_ws/install/my_robot_hardware/bin'
[19.024s] Level 1:colcon.colcon_core.environment:checking '/home/rockpi/ros_control_ws/install/my_robot_hardware/lib/pkgconfig/my_robot_hardware.pc'
[19.025s] Level 1:colcon.colcon_core.environment:checking '/home/rockpi/ros_control_ws/install/my_robot_hardware/lib/python3.12/site-packages'
[19.025s] Level 1:colcon.colcon_core.shell:create_environment_hook('my_robot_hardware', 'pythonpath')
[19.026s] INFO:colcon.colcon_core.shell:Creating environment hook '/home/rockpi/ros_control_ws/install/my_robot_hardware/share/my_robot_hardware/hook/pythonpath.ps1'
[19.028s] INFO:colcon.colcon_core.shell:Creating environment descriptor '/home/rockpi/ros_control_ws/install/my_robot_hardware/share/my_robot_hardware/hook/pythonpath.dsv'
[19.030s] INFO:colcon.colcon_core.shell:Creating environment hook '/home/rockpi/ros_control_ws/install/my_robot_hardware/share/my_robot_hardware/hook/pythonpath.sh'
[19.034s] Level 1:colcon.colcon_core.environment:checking '/home/rockpi/ros_control_ws/install/my_robot_hardware/bin'
[19.034s] Level 1:colcon.colcon_core.environment:create_environment_scripts_only(my_robot_hardware)
[19.035s] INFO:colcon.colcon_core.shell:Creating package script '/home/rockpi/ros_control_ws/install/my_robot_hardware/share/my_robot_hardware/package.ps1'
[19.038s] INFO:colcon.colcon_core.shell:Creating package descriptor '/home/rockpi/ros_control_ws/install/my_robot_hardware/share/my_robot_hardware/package.dsv'
[19.042s] INFO:colcon.colcon_core.shell:Creating package script '/home/rockpi/ros_control_ws/install/my_robot_hardware/share/my_robot_hardware/package.sh'
[19.044s] INFO:colcon.colcon_core.shell:Creating package script '/home/rockpi/ros_control_ws/install/my_robot_hardware/share/my_robot_hardware/package.bash'
[19.046s] INFO:colcon.colcon_core.shell:Creating package script '/home/rockpi/ros_control_ws/install/my_robot_hardware/share/my_robot_hardware/package.zsh'
[19.048s] Level 1:colcon.colcon_core.environment:create_file_with_runtime_dependencies(/home/rockpi/ros_control_ws/install/my_robot_hardware/share/colcon-core/packages/my_robot_hardware)
[19.050s] DEBUG:colcon.colcon_parallel_executor.executor.parallel:closing loop
[19.052s] DEBUG:colcon.colcon_parallel_executor.executor.parallel:loop closed
[19.052s] DEBUG:colcon.colcon_parallel_executor.executor.parallel:run_until_complete finished with '0'
[19.053s] DEBUG:colcon.colcon_core.event_reactor:joining thread
[19.084s] INFO:colcon.colcon_core.plugin_system:Skipping extension 'colcon_notification.desktop_notification.notify_send': Could not find 'notify-send'
[19.085s] INFO:colcon.colcon_core.plugin_system:Skipping extension 'colcon_notification.desktop_notification.terminal_notifier': Not used on non-Darwin systems
[19.085s] INFO:colcon.colcon_core.plugin_system:Skipping extension 'colcon_notification.desktop_notification.win32': Not used on non-Windows systems
[19.085s] INFO:colcon.colcon_notification.desktop_notification:Sending desktop notification using 'notify2'
[19.155s] DEBUG:colcon.colcon_notification.desktop_notification.notify2:Failed to initialize notify2: org.freedesktop.DBus.Error.ServiceUnknown: The name org.freedesktop.Notifications was not provided by any .service files
[19.155s] DEBUG:colcon.colcon_core.event_reactor:joined thread
[19.156s] INFO:colcon.colcon_core.shell:Creating prefix script '/home/rockpi/ros_control_ws/install/local_setup.ps1'
[19.162s] INFO:colcon.colcon_core.shell:Creating prefix util module '/home/rockpi/ros_control_ws/install/_local_setup_util_ps1.py'
[19.169s] INFO:colcon.colcon_core.shell:Creating prefix chain script '/home/rockpi/ros_control_ws/install/setup.ps1'
[19.174s] INFO:colcon.colcon_core.shell:Creating prefix script '/home/rockpi/ros_control_ws/install/local_setup.sh'
[19.181s] INFO:colcon.colcon_core.shell:Creating prefix util module '/home/rockpi/ros_control_ws/install/_local_setup_util_sh.py'
[19.184s] INFO:colcon.colcon_core.shell:Creating prefix chain script '/home/rockpi/ros_control_ws/install/setup.sh'
[19.190s] INFO:colcon.colcon_core.shell:Creating prefix script '/home/rockpi/ros_control_ws/install/local_setup.bash'
[19.193s] INFO:colcon.colcon_core.shell:Creating prefix chain script '/home/rockpi/ros_control_ws/install/setup.bash'
[19.200s] INFO:colcon.colcon_core.shell:Creating prefix script '/home/rockpi/ros_control_ws/install/local_setup.zsh'
[19.239s] INFO:colcon.colcon_core.shell:Creating prefix chain script '/home/rockpi/ros_control_ws/install/setup.zsh'
