[7.404s] Invoking command in '/home/rockpi/robot_ws/src/my_robot_hardware': PYTHONPATH=/home/rockpi/robot_ws/build/my_robot_hardware/prefix_override:/usr/lib/python3/dist-packages/colcon_core/task/python/colcon_distutils_commands:/home/rockpi/robot_ws/install/my_robot_hardware/lib/python3.12/site-packages:${PYTHONPATH} /usr/bin/python3 -W ignore:setup.py install is deprecated -W ignore:easy_install command is deprecated setup.py egg_info --egg-base ../../build/my_robot_hardware build --build-base /home/rockpi/robot_ws/build/my_robot_hardware/build install --record /home/rockpi/robot_ws/build/my_robot_hardware/install.log --single-version-externally-managed install_data
[8.714s] running egg_info
[8.806s] writing ../../build/my_robot_hardware/my_robot_hardware.egg-info/PKG-INFO
[8.808s] writing dependency_links to ../../build/my_robot_hardware/my_robot_hardware.egg-info/dependency_links.txt
[8.809s] writing entry points to ../../build/my_robot_hardware/my_robot_hardware.egg-info/entry_points.txt
[8.810s] writing requirements to ../../build/my_robot_hardware/my_robot_hardware.egg-info/requires.txt
[8.811s] writing top-level names to ../../build/my_robot_hardware/my_robot_hardware.egg-info/top_level.txt
[9.008s] reading manifest file '../../build/my_robot_hardware/my_robot_hardware.egg-info/SOURCES.txt'
[9.013s] writing manifest file '../../build/my_robot_hardware/my_robot_hardware.egg-info/SOURCES.txt'
[9.014s] running build
[9.017s] running build_py
[9.018s] copying my_robot_hardware/arduino_bridge.py -> /home/rockpi/robot_ws/build/my_robot_hardware/build/lib/my_robot_hardware
[9.018s] running install
[9.045s] running install_lib
[9.274s] copying /home/rockpi/robot_ws/build/my_robot_hardware/build/lib/my_robot_hardware/arduino_bridge.py -> /home/rockpi/robot_ws/install/my_robot_hardware/lib/python3.12/site-packages/my_robot_hardware
[9.282s] byte-compiling /home/rockpi/robot_ws/install/my_robot_hardware/lib/python3.12/site-packages/my_robot_hardware/arduino_bridge.py to arduino_bridge.cpython-312.pyc
[9.300s] running install_data
[9.301s] running install_egg_info
[9.579s] removing '/home/rockpi/robot_ws/install/my_robot_hardware/lib/python3.12/site-packages/my_robot_hardware-0.0.1-py3.12.egg-info' (and everything under it)
[9.589s] Copying ../../build/my_robot_hardware/my_robot_hardware.egg-info to /home/rockpi/robot_ws/install/my_robot_hardware/lib/python3.12/site-packages/my_robot_hardware-0.0.1-py3.12.egg-info
[9.602s] running install_scripts
[11.566s] Installing arduino_bridge script to /home/rockpi/robot_ws/install/my_robot_hardware/lib/my_robot_hardware
[11.569s] writing list of installed files to '/home/rockpi/robot_ws/build/my_robot_hardware/install.log'
[11.848s] Invoked command in '/home/rockpi/robot_ws/src/my_robot_hardware' returned '0': PYTHONPATH=/home/rockpi/robot_ws/build/my_robot_hardware/prefix_override:/usr/lib/python3/dist-packages/colcon_core/task/python/colcon_distutils_commands:/home/rockpi/robot_ws/install/my_robot_hardware/lib/python3.12/site-packages:${PYTHONPATH} /usr/bin/python3 -W ignore:setup.py install is deprecated -W ignore:easy_install command is deprecated setup.py egg_info --egg-base ../../build/my_robot_hardware build --build-base /home/rockpi/robot_ws/build/my_robot_hardware/build install --record /home/rockpi/robot_ws/build/my_robot_hardware/install.log --single-version-externally-managed install_data
