[24.474s] Invoking command in '/home/rockpi/ros_control_ws/src/my_robot': PYTHONPATH=/home/rockpi/ros_control_ws/build/my_robot/prefix_override:/usr/lib/python3/dist-packages/colcon_core/task/python/colcon_distutils_commands:/home/rockpi/ros_control_ws/install/my_robot/lib/python3.12/site-packages:${PYTHONPATH} /usr/bin/python3 -W ignore:setup.py install is deprecated -W ignore:easy_install command is deprecated setup.py egg_info --egg-base ../../build/my_robot build --build-base /home/rockpi/ros_control_ws/build/my_robot/build install --record /home/rockpi/ros_control_ws/build/my_robot/install.log --single-version-externally-managed install_data
[30.820s] running egg_info
[31.187s] writing ../../build/my_robot/my_robot.egg-info/PKG-INFO
[31.198s] writing dependency_links to ../../build/my_robot/my_robot.egg-info/dependency_links.txt
[31.202s] writing entry points to ../../build/my_robot/my_robot.egg-info/entry_points.txt
[31.204s] writing requirements to ../../build/my_robot/my_robot.egg-info/requires.txt
[31.212s] writing top-level names to ../../build/my_robot/my_robot.egg-info/top_level.txt
[32.228s] reading manifest file '../../build/my_robot/my_robot.egg-info/SOURCES.txt'
[32.276s] writing manifest file '../../build/my_robot/my_robot.egg-info/SOURCES.txt'
[32.289s] running build
[32.309s] running build_py
[32.323s] running install
[32.436s] running install_lib
[32.825s] running install_data
[32.834s] running install_egg_info
[33.217s] removing '/home/rockpi/ros_control_ws/install/my_robot/lib/python3.12/site-packages/my_robot-0.0.1-py3.12.egg-info' (and everything under it)
[33.232s] Copying ../../build/my_robot/my_robot.egg-info to /home/rockpi/ros_control_ws/install/my_robot/lib/python3.12/site-packages/my_robot-0.0.1-py3.12.egg-info
[33.246s] running install_scripts
[37.412s] Installing diff_drive_controller script to /home/rockpi/ros_control_ws/install/my_robot/lib/my_robot
[37.426s] Installing imu_node script to /home/rockpi/ros_control_ws/install/my_robot/lib/my_robot
[37.445s] Installing node_monitor_server script to /home/rockpi/ros_control_ws/install/my_robot/lib/my_robot
[37.463s] Installing odometry_node script to /home/rockpi/ros_control_ws/install/my_robot/lib/my_robot
[37.482s] Installing twist_to_twist_stamped script to /home/rockpi/ros_control_ws/install/my_robot/lib/my_robot
[37.494s] writing list of installed files to '/home/rockpi/ros_control_ws/build/my_robot/install.log'
[37.952s] Invoked command in '/home/rockpi/ros_control_ws/src/my_robot' returned '0': PYTHONPATH=/home/rockpi/ros_control_ws/build/my_robot/prefix_override:/usr/lib/python3/dist-packages/colcon_core/task/python/colcon_distutils_commands:/home/rockpi/ros_control_ws/install/my_robot/lib/python3.12/site-packages:${PYTHONPATH} /usr/bin/python3 -W ignore:setup.py install is deprecated -W ignore:easy_install command is deprecated setup.py egg_info --egg-base ../../build/my_robot build --build-base /home/rockpi/ros_control_ws/build/my_robot/build install --record /home/rockpi/ros_control_ws/build/my_robot/install.log --single-version-externally-managed install_data
