running egg_info
writing ../../build/my_robot/my_robot.egg-info/PKG-INFO
writing dependency_links to ../../build/my_robot/my_robot.egg-info/dependency_links.txt
writing entry points to ../../build/my_robot/my_robot.egg-info/entry_points.txt
writing requirements to ../../build/my_robot/my_robot.egg-info/requires.txt
writing top-level names to ../../build/my_robot/my_robot.egg-info/top_level.txt
reading manifest file '../../build/my_robot/my_robot.egg-info/SOURCES.txt'
writing manifest file '../../build/my_robot/my_robot.egg-info/SOURCES.txt'
running build
running build_py
copying my_robot/node_monitor_server.py -> /home/rockpi/ros_control_ws/build/my_robot/build/lib/my_robot
running install
running install_lib
copying /home/rockpi/ros_control_ws/build/my_robot/build/lib/my_robot/node_monitor_server.py -> /home/rockpi/ros_control_ws/install/my_robot/lib/python3.12/site-packages/my_robot
byte-compiling /home/rockpi/ros_control_ws/install/my_robot/lib/python3.12/site-packages/my_robot/node_monitor_server.py to node_monitor_server.cpython-312.pyc
running install_data
running install_egg_info
removing '/home/rockpi/ros_control_ws/install/my_robot/lib/python3.12/site-packages/my_robot-0.0.1-py3.12.egg-info' (and everything under it)
Copying ../../build/my_robot/my_robot.egg-info to /home/rockpi/ros_control_ws/install/my_robot/lib/python3.12/site-packages/my_robot-0.0.1-py3.12.egg-info
running install_scripts
Installing diff_drive_controller script to /home/rockpi/ros_control_ws/install/my_robot/lib/my_robot
Installing imu_node script to /home/rockpi/ros_control_ws/install/my_robot/lib/my_robot
Installing node_monitor_server script to /home/rockpi/ros_control_ws/install/my_robot/lib/my_robot
Installing odometry_node script to /home/rockpi/ros_control_ws/install/my_robot/lib/my_robot
Installing twist_to_twist_stamped script to /home/rockpi/ros_control_ws/install/my_robot/lib/my_robot
writing list of installed files to '/home/rockpi/ros_control_ws/build/my_robot/install.log'
