[14.494s] Invoking command in '/home/rockpi/ros_control_ws/src/my_robot': PYTHONPATH=/home/rockpi/ros_control_ws/build/my_robot/prefix_override:/usr/lib/python3/dist-packages/colcon_core/task/python/colcon_distutils_commands:/home/rockpi/ros_control_ws/install/my_robot/lib/python3.12/site-packages:${PYTHONPATH} /usr/bin/python3 -W ignore:setup.py install is deprecated -W ignore:easy_install command is deprecated setup.py egg_info --egg-base ../../build/my_robot build --build-base /home/rockpi/ros_control_ws/build/my_robot/build install --record /home/rockpi/ros_control_ws/build/my_robot/install.log --single-version-externally-managed install_data
[18.535s] running egg_info
[18.734s] writing ../../build/my_robot/my_robot.egg-info/PKG-INFO
[18.740s] writing dependency_links to ../../build/my_robot/my_robot.egg-info/dependency_links.txt
[18.745s] writing entry points to ../../build/my_robot/my_robot.egg-info/entry_points.txt
[18.750s] writing requirements to ../../build/my_robot/my_robot.egg-info/requires.txt
[18.750s] writing top-level names to ../../build/my_robot/my_robot.egg-info/top_level.txt
[19.179s] reading manifest file '../../build/my_robot/my_robot.egg-info/SOURCES.txt'
[19.187s] writing manifest file '../../build/my_robot/my_robot.egg-info/SOURCES.txt'
[19.198s] running build
[19.199s] running build_py
[19.202s] copying my_robot/node_monitor_server.py -> /home/rockpi/ros_control_ws/build/my_robot/build/lib/my_robot
[19.203s] running install
[19.240s] running install_lib
[19.441s] copying /home/rockpi/ros_control_ws/build/my_robot/build/lib/my_robot/node_monitor_server.py -> /home/rockpi/ros_control_ws/install/my_robot/lib/python3.12/site-packages/my_robot
[19.445s] byte-compiling /home/rockpi/ros_control_ws/install/my_robot/lib/python3.12/site-packages/my_robot/node_monitor_server.py to node_monitor_server.cpython-312.pyc
[19.452s] running install_data
[19.458s] running install_egg_info
[19.663s] removing '/home/rockpi/ros_control_ws/install/my_robot/lib/python3.12/site-packages/my_robot-0.0.1-py3.12.egg-info' (and everything under it)
[19.672s] Copying ../../build/my_robot/my_robot.egg-info to /home/rockpi/ros_control_ws/install/my_robot/lib/python3.12/site-packages/my_robot-0.0.1-py3.12.egg-info
[19.677s] running install_scripts
[21.581s] Installing diff_drive_controller script to /home/rockpi/ros_control_ws/install/my_robot/lib/my_robot
[21.583s] Installing imu_node script to /home/rockpi/ros_control_ws/install/my_robot/lib/my_robot
[21.586s] Installing node_monitor_server script to /home/rockpi/ros_control_ws/install/my_robot/lib/my_robot
[21.590s] Installing odometry_node script to /home/rockpi/ros_control_ws/install/my_robot/lib/my_robot
[21.600s] Installing twist_to_twist_stamped script to /home/rockpi/ros_control_ws/install/my_robot/lib/my_robot
[21.611s] writing list of installed files to '/home/rockpi/ros_control_ws/build/my_robot/install.log'
[21.981s] Invoked command in '/home/rockpi/ros_control_ws/src/my_robot' returned '0': PYTHONPATH=/home/rockpi/ros_control_ws/build/my_robot/prefix_override:/usr/lib/python3/dist-packages/colcon_core/task/python/colcon_distutils_commands:/home/rockpi/ros_control_ws/install/my_robot/lib/python3.12/site-packages:${PYTHONPATH} /usr/bin/python3 -W ignore:setup.py install is deprecated -W ignore:easy_install command is deprecated setup.py egg_info --egg-base ../../build/my_robot build --build-base /home/rockpi/ros_control_ws/build/my_robot/build install --record /home/rockpi/ros_control_ws/build/my_robot/install.log --single-version-externally-managed install_data
