[4.308s] Invoking command in '/home/rockpi/ros_control_ws/build/my_robot_hardware_interface': CMAKE_PREFIX_PATH=${CMAKE_PREFIX_PATH}:/home/rockpi/ros_control_ws/install/my_robot_hardware:/home/rockpi/ros_control_ws/install/my_robot:/home/rockpi/ros_control_ws/install/gesture_control:/opt/ros/jazzy /usr/bin/cmake --build /home/rockpi/ros_control_ws/build/my_robot_hardware_interface -- -j4 -l4
[5.966s] [100%] Built target my_robot_hardware
[6.375s] Invoked command in '/home/rockpi/ros_control_ws/build/my_robot_hardware_interface' returned '0': CMAKE_PREFIX_PATH=${CMAKE_PREFIX_PATH}:/home/rockpi/ros_control_ws/install/my_robot_hardware:/home/rockpi/ros_control_ws/install/my_robot:/home/rockpi/ros_control_ws/install/gesture_control:/opt/ros/jazzy /usr/bin/cmake --build /home/rockpi/ros_control_ws/build/my_robot_hardware_interface -- -j4 -l4
[6.783s] Invoking command in '/home/rockpi/ros_control_ws/build/my_robot_hardware_interface': CMAKE_PREFIX_PATH=${CMAKE_PREFIX_PATH}:/home/rockpi/ros_control_ws/install/my_robot_hardware:/home/rockpi/ros_control_ws/install/my_robot:/home/rockpi/ros_control_ws/install/gesture_control:/opt/ros/jazzy /usr/bin/cmake --install /home/rockpi/ros_control_ws/build/my_robot_hardware_interface
[6.983s] -- Install configuration: ""
[6.997s] -- Up-to-date: /home/rockpi/ros_control_ws/install/my_robot_hardware_interface/share/my_robot_hardware_interface/my_robot_hardware_interface.xml
[7.016s] -- Up-to-date: /home/rockpi/ros_control_ws/install/my_robot_hardware_interface/lib/libmy_robot_hardware.so
[7.023s] -- Up-to-date: /home/rockpi/ros_control_ws/install/my_robot_hardware_interface/include
[7.027s] -- Up-to-date: /home/rockpi/ros_control_ws/install/my_robot_hardware_interface/include/my_robot_hardware_interface
[7.029s] -- Up-to-date: /home/rockpi/ros_control_ws/install/my_robot_hardware_interface/include/my_robot_hardware_interface/my_robot_hardware.hpp
[7.036s] -- Up-to-date: /home/rockpi/ros_control_ws/install/my_robot_hardware_interface/share/my_robot_hardware_interface/environment/library_path.sh
[7.051s] -- Up-to-date: /home/rockpi/ros_control_ws/install/my_robot_hardware_interface/share/my_robot_hardware_interface/environment/library_path.dsv
[7.071s] -- Up-to-date: /home/rockpi/ros_control_ws/install/my_robot_hardware_interface/share/ament_index/resource_index/package_run_dependencies/my_robot_hardware_interface
[7.073s] -- Up-to-date: /home/rockpi/ros_control_ws/install/my_robot_hardware_interface/share/ament_index/resource_index/parent_prefix_path/my_robot_hardware_interface
[7.078s] -- Up-to-date: /home/rockpi/ros_control_ws/install/my_robot_hardware_interface/share/my_robot_hardware_interface/environment/ament_prefix_path.sh
[7.089s] -- Up-to-date: /home/rockpi/ros_control_ws/install/my_robot_hardware_interface/share/my_robot_hardware_interface/environment/ament_prefix_path.dsv
[7.102s] -- Up-to-date: /home/rockpi/ros_control_ws/install/my_robot_hardware_interface/share/my_robot_hardware_interface/environment/path.sh
[7.124s] -- Up-to-date: /home/rockpi/ros_control_ws/install/my_robot_hardware_interface/share/my_robot_hardware_interface/environment/path.dsv
[7.151s] -- Up-to-date: /home/rockpi/ros_control_ws/install/my_robot_hardware_interface/share/my_robot_hardware_interface/local_setup.bash
[7.165s] -- Up-to-date: /home/rockpi/ros_control_ws/install/my_robot_hardware_interface/share/my_robot_hardware_interface/local_setup.sh
[7.203s] -- Up-to-date: /home/rockpi/ros_control_ws/install/my_robot_hardware_interface/share/my_robot_hardware_interface/local_setup.zsh
[7.220s] -- Up-to-date: /home/rockpi/ros_control_ws/install/my_robot_hardware_interface/share/my_robot_hardware_interface/local_setup.dsv
[7.230s] -- Installing: /home/rockpi/ros_control_ws/install/my_robot_hardware_interface/share/my_robot_hardware_interface/package.dsv
[7.232s] -- Up-to-date: /home/rockpi/ros_control_ws/install/my_robot_hardware_interface/share/ament_index/resource_index/packages/my_robot_hardware_interface
[7.256s] -- Up-to-date: /home/rockpi/ros_control_ws/install/my_robot_hardware_interface/share/ament_index/resource_index/hardware_interface__pluginlib__plugin/my_robot_hardware_interface
[7.275s] -- Up-to-date: /home/rockpi/ros_control_ws/install/my_robot_hardware_interface/share/my_robot_hardware_interface/cmake/export_my_robot_hardwareExport.cmake
[7.277s] -- Up-to-date: /home/rockpi/ros_control_ws/install/my_robot_hardware_interface/share/my_robot_hardware_interface/cmake/export_my_robot_hardwareExport-noconfig.cmake
[7.292s] -- Up-to-date: /home/rockpi/ros_control_ws/install/my_robot_hardware_interface/share/my_robot_hardware_interface/cmake/ament_cmake_export_libraries-extras.cmake
[7.302s] -- Up-to-date: /home/rockpi/ros_control_ws/install/my_robot_hardware_interface/share/my_robot_hardware_interface/cmake/ament_cmake_export_targets-extras.cmake
[7.304s] -- Up-to-date: /home/rockpi/ros_control_ws/install/my_robot_hardware_interface/share/my_robot_hardware_interface/cmake/ament_cmake_export_dependencies-extras.cmake
[7.319s] -- Up-to-date: /home/rockpi/ros_control_ws/install/my_robot_hardware_interface/share/my_robot_hardware_interface/cmake/my_robot_hardware_interfaceConfig.cmake
[7.330s] -- Up-to-date: /home/rockpi/ros_control_ws/install/my_robot_hardware_interface/share/my_robot_hardware_interface/cmake/my_robot_hardware_interfaceConfig-version.cmake
[7.337s] -- Up-to-date: /home/rockpi/ros_control_ws/install/my_robot_hardware_interface/share/my_robot_hardware_interface/package.xml
[7.350s] Invoked command in '/home/rockpi/ros_control_ws/build/my_robot_hardware_interface' returned '0': CMAKE_PREFIX_PATH=${CMAKE_PREFIX_PATH}:/home/rockpi/ros_control_ws/install/my_robot_hardware:/home/rockpi/ros_control_ws/install/my_robot:/home/rockpi/ros_control_ws/install/gesture_control:/opt/ros/jazzy /usr/bin/cmake --install /home/rockpi/ros_control_ws/build/my_robot_hardware_interface
