[0.450s] DEBUG:colcon:Command line arguments: ['/usr/bin/colcon', 'build', '--packages-select', 'my_robot_hardware_interface']
[0.450s] DEBUG:colcon:Parsed command line arguments: Namespace(log_base=None, log_level=None, verb_name='build', build_base='build', install_base='install', merge_install=False, symlink_install=False, test_result_base=None, continue_on_error=False, executor='parallel', parallel_workers=4, event_handlers=None, ignore_user_meta=False, metas=['./colcon.meta'], base_paths=['.'], packages_ignore=None, packages_ignore_regex=None, paths=None, packages_up_to=None, packages_up_to_regex=None, packages_above=None, packages_above_and_dependencies=None, packages_above_depth=None, packages_select_by_dep=None, packages_skip_by_dep=None, packages_skip_up_to=None, packages_select_build_failed=False, packages_skip_build_finished=False, packages_select_test_failures=False, packages_skip_test_passed=False, packages_select=['my_robot_hardware_interface'], packages_skip=None, packages_select_regex=None, packages_skip_regex=None, packages_start=None, packages_end=None, allow_overriding=[], cmake_args=None, cmake_target=None, cmake_target_skip_unavailable=False, cmake_clean_cache=False, cmake_clean_first=False, cmake_force_configure=False, ament_cmake_args=None, catkin_cmake_args=None, catkin_skip_building_tests=False, mixin_files=None, mixin=None, verb_parser=<colcon_mixin.mixin.mixin_argument.MixinArgumentDecorator object at 0xffff97ca98b0>, verb_extension=<colcon_core.verb.build.BuildVerb object at 0xffff97e51a00>, main=<bound method BuildVerb.main of <colcon_core.verb.build.BuildVerb object at 0xffff97e51a00>>, mixin_verb=('build',))
[0.620s] Level 1:colcon.colcon_core.package_discovery:discover_packages(colcon_meta) check parameters
[0.621s] Level 1:colcon.colcon_core.package_discovery:discover_packages(recursive) check parameters
[0.621s] Level 1:colcon.colcon_core.package_discovery:discover_packages(ignore) check parameters
[0.621s] Level 1:colcon.colcon_core.package_discovery:discover_packages(path) check parameters
[0.621s] Level 1:colcon.colcon_core.package_discovery:discover_packages(colcon_meta) discover
[0.622s] Level 1:colcon.colcon_core.package_discovery:discover_packages(recursive) discover
[0.622s] INFO:colcon.colcon_core.package_discovery:Crawling recursively for packages in '/home/rockpi/ros_control_ws'
[0.622s] Level 1:colcon.colcon_core.package_identification:_identify(.) by extensions ['ignore', 'ignore_ament_install']
[0.623s] Level 1:colcon.colcon_core.package_identification:_identify(.) by extension 'ignore'
[0.623s] Level 1:colcon.colcon_core.package_identification:_identify(.) by extension 'ignore_ament_install'
[0.623s] Level 1:colcon.colcon_core.package_identification:_identify(.) by extensions ['colcon_pkg']
[0.623s] Level 1:colcon.colcon_core.package_identification:_identify(.) by extension 'colcon_pkg'
[0.623s] Level 1:colcon.colcon_core.package_identification:_identify(.) by extensions ['colcon_meta']
[0.624s] Level 1:colcon.colcon_core.package_identification:_identify(.) by extension 'colcon_meta'
[0.624s] Level 1:colcon.colcon_core.package_identification:_identify(.) by extensions ['ros']
[0.624s] Level 1:colcon.colcon_core.package_identification:_identify(.) by extension 'ros'
[0.735s] Level 1:colcon.colcon_core.package_identification:_identify(.) by extensions ['cmake', 'python']
[0.735s] Level 1:colcon.colcon_core.package_identification:_identify(.) by extension 'cmake'
[0.735s] Level 1:colcon.colcon_core.package_identification:_identify(.) by extension 'python'
[0.736s] Level 1:colcon.colcon_core.package_identification:_identify(.) by extensions ['python_setup_py']
[0.736s] Level 1:colcon.colcon_core.package_identification:_identify(.) by extension 'python_setup_py'
[0.736s] Level 1:colcon.colcon_core.package_identification:_identify(build) by extensions ['ignore', 'ignore_ament_install']
[0.737s] Level 1:colcon.colcon_core.package_identification:_identify(build) by extension 'ignore'
[0.737s] Level 1:colcon.colcon_core.package_identification:_identify(build) ignored
[0.738s] Level 1:colcon.colcon_core.package_identification:_identify(install) by extensions ['ignore', 'ignore_ament_install']
[0.738s] Level 1:colcon.colcon_core.package_identification:_identify(install) by extension 'ignore'
[0.738s] Level 1:colcon.colcon_core.package_identification:_identify(install) ignored
[0.739s] Level 1:colcon.colcon_core.package_identification:_identify(log) by extensions ['ignore', 'ignore_ament_install']
[0.740s] Level 1:colcon.colcon_core.package_identification:_identify(log) by extension 'ignore'
[0.740s] Level 1:colcon.colcon_core.package_identification:_identify(log) ignored
[0.740s] Level 1:colcon.colcon_core.package_identification:_identify(src) by extensions ['ignore', 'ignore_ament_install']
[0.741s] Level 1:colcon.colcon_core.package_identification:_identify(src) by extension 'ignore'
[0.741s] Level 1:colcon.colcon_core.package_identification:_identify(src) by extension 'ignore_ament_install'
[0.741s] Level 1:colcon.colcon_core.package_identification:_identify(src) by extensions ['colcon_pkg']
[0.741s] Level 1:colcon.colcon_core.package_identification:_identify(src) by extension 'colcon_pkg'
[0.742s] Level 1:colcon.colcon_core.package_identification:_identify(src) by extensions ['colcon_meta']
[0.742s] Level 1:colcon.colcon_core.package_identification:_identify(src) by extension 'colcon_meta'
[0.742s] Level 1:colcon.colcon_core.package_identification:_identify(src) by extensions ['ros']
[0.742s] Level 1:colcon.colcon_core.package_identification:_identify(src) by extension 'ros'
[0.743s] Level 1:colcon.colcon_core.package_identification:_identify(src) by extensions ['cmake', 'python']
[0.743s] Level 1:colcon.colcon_core.package_identification:_identify(src) by extension 'cmake'
[0.743s] Level 1:colcon.colcon_core.package_identification:_identify(src) by extension 'python'
[0.743s] Level 1:colcon.colcon_core.package_identification:_identify(src) by extensions ['python_setup_py']
[0.743s] Level 1:colcon.colcon_core.package_identification:_identify(src) by extension 'python_setup_py'
[0.744s] Level 1:colcon.colcon_core.package_identification:_identify(src/my_robot) by extensions ['ignore', 'ignore_ament_install']
[0.744s] Level 1:colcon.colcon_core.package_identification:_identify(src/my_robot) by extension 'ignore'
[0.745s] Level 1:colcon.colcon_core.package_identification:_identify(src/my_robot) by extension 'ignore_ament_install'
[0.745s] Level 1:colcon.colcon_core.package_identification:_identify(src/my_robot) by extensions ['colcon_pkg']
[0.745s] Level 1:colcon.colcon_core.package_identification:_identify(src/my_robot) by extension 'colcon_pkg'
[0.745s] Level 1:colcon.colcon_core.package_identification:_identify(src/my_robot) by extensions ['colcon_meta']
[0.746s] Level 1:colcon.colcon_core.package_identification:_identify(src/my_robot) by extension 'colcon_meta'
[0.746s] Level 1:colcon.colcon_core.package_identification:_identify(src/my_robot) by extensions ['ros']
[0.746s] Level 1:colcon.colcon_core.package_identification:_identify(src/my_robot) by extension 'ros'
[0.757s] DEBUG:colcon.colcon_core.package_identification:Package 'src/my_robot' with type 'ros.ament_python' and name 'my_robot'
[0.758s] Level 1:colcon.colcon_core.package_identification:_identify(src/my_robot_hardware) by extensions ['ignore', 'ignore_ament_install']
[0.758s] Level 1:colcon.colcon_core.package_identification:_identify(src/my_robot_hardware) by extension 'ignore'
[0.759s] Level 1:colcon.colcon_core.package_identification:_identify(src/my_robot_hardware) by extension 'ignore_ament_install'
[0.759s] Level 1:colcon.colcon_core.package_identification:_identify(src/my_robot_hardware) by extensions ['colcon_pkg']
[0.759s] Level 1:colcon.colcon_core.package_identification:_identify(src/my_robot_hardware) by extension 'colcon_pkg'
[0.760s] Level 1:colcon.colcon_core.package_identification:_identify(src/my_robot_hardware) by extensions ['colcon_meta']
[0.760s] Level 1:colcon.colcon_core.package_identification:_identify(src/my_robot_hardware) by extension 'colcon_meta'
[0.760s] Level 1:colcon.colcon_core.package_identification:_identify(src/my_robot_hardware) by extensions ['ros']
[0.760s] Level 1:colcon.colcon_core.package_identification:_identify(src/my_robot_hardware) by extension 'ros'
[0.763s] DEBUG:colcon.colcon_core.package_identification:Package 'src/my_robot_hardware' with type 'ros.ament_python' and name 'my_robot_hardware'
[0.764s] Level 1:colcon.colcon_core.package_identification:_identify(src/my_robot_hardware_interface) by extensions ['ignore', 'ignore_ament_install']
[0.764s] Level 1:colcon.colcon_core.package_identification:_identify(src/my_robot_hardware_interface) by extension 'ignore'
[0.765s] Level 1:colcon.colcon_core.package_identification:_identify(src/my_robot_hardware_interface) by extension 'ignore_ament_install'
[0.765s] Level 1:colcon.colcon_core.package_identification:_identify(src/my_robot_hardware_interface) by extensions ['colcon_pkg']
[0.766s] Level 1:colcon.colcon_core.package_identification:_identify(src/my_robot_hardware_interface) by extension 'colcon_pkg'
[0.766s] Level 1:colcon.colcon_core.package_identification:_identify(src/my_robot_hardware_interface) by extensions ['colcon_meta']
[0.766s] Level 1:colcon.colcon_core.package_identification:_identify(src/my_robot_hardware_interface) by extension 'colcon_meta'
[0.766s] Level 1:colcon.colcon_core.package_identification:_identify(src/my_robot_hardware_interface) by extensions ['ros']
[0.766s] Level 1:colcon.colcon_core.package_identification:_identify(src/my_robot_hardware_interface) by extension 'ros'
[0.769s] DEBUG:colcon.colcon_core.package_identification:Package 'src/my_robot_hardware_interface' with type 'ros.ament_cmake' and name 'my_robot_hardware_interface'
[0.769s] Level 1:colcon.colcon_core.package_discovery:discover_packages(recursive) using defaults
[0.770s] Level 1:colcon.colcon_core.package_discovery:discover_packages(ignore) discover
[0.770s] Level 1:colcon.colcon_core.package_discovery:discover_packages(ignore) using defaults
[0.770s] Level 1:colcon.colcon_core.package_discovery:discover_packages(path) discover
[0.770s] Level 1:colcon.colcon_core.package_discovery:discover_packages(path) using defaults
[0.840s] INFO:colcon.colcon_core.package_selection:Skipping not selected package 'my_robot' in 'src/my_robot'
[0.841s] INFO:colcon.colcon_core.package_selection:Skipping not selected package 'my_robot_hardware' in 'src/my_robot_hardware'
[0.842s] Level 1:colcon.colcon_core.package_discovery:discover_packages(prefix_path) check parameters
[0.843s] Level 1:colcon.colcon_core.package_discovery:discover_packages(prefix_path) discover
[0.861s] DEBUG:colcon.colcon_installed_package_information.package_discovery:Found 340 installed packages in /opt/ros/jazzy
[0.865s] Level 1:colcon.colcon_core.package_discovery:discover_packages(prefix_path) using defaults
[1.076s] Level 5:colcon.colcon_core.verb:set package 'my_robot_hardware_interface' build argument 'cmake_args' from command line to 'None'
[1.076s] Level 5:colcon.colcon_core.verb:set package 'my_robot_hardware_interface' build argument 'cmake_target' from command line to 'None'
[1.076s] Level 5:colcon.colcon_core.verb:set package 'my_robot_hardware_interface' build argument 'cmake_target_skip_unavailable' from command line to 'False'
[1.076s] Level 5:colcon.colcon_core.verb:set package 'my_robot_hardware_interface' build argument 'cmake_clean_cache' from command line to 'False'
[1.076s] Level 5:colcon.colcon_core.verb:set package 'my_robot_hardware_interface' build argument 'cmake_clean_first' from command line to 'False'
[1.076s] Level 5:colcon.colcon_core.verb:set package 'my_robot_hardware_interface' build argument 'cmake_force_configure' from command line to 'False'
[1.076s] Level 5:colcon.colcon_core.verb:set package 'my_robot_hardware_interface' build argument 'ament_cmake_args' from command line to 'None'
[1.077s] Level 5:colcon.colcon_core.verb:set package 'my_robot_hardware_interface' build argument 'catkin_cmake_args' from command line to 'None'
[1.077s] Level 5:colcon.colcon_core.verb:set package 'my_robot_hardware_interface' build argument 'catkin_skip_building_tests' from command line to 'False'
[1.077s] DEBUG:colcon.colcon_core.verb:Building package 'my_robot_hardware_interface' with the following arguments: {'ament_cmake_args': None, 'build_base': '/home/rockpi/ros_control_ws/build/my_robot_hardware_interface', 'catkin_cmake_args': None, 'catkin_skip_building_tests': False, 'cmake_args': None, 'cmake_clean_cache': False, 'cmake_clean_first': False, 'cmake_force_configure': False, 'cmake_target': None, 'cmake_target_skip_unavailable': False, 'install_base': '/home/rockpi/ros_control_ws/install/my_robot_hardware_interface', 'merge_install': False, 'path': '/home/rockpi/ros_control_ws/src/my_robot_hardware_interface', 'symlink_install': False, 'test_result_base': None}
[1.077s] INFO:colcon.colcon_core.executor:Executing jobs using 'parallel' executor
[1.081s] DEBUG:colcon.colcon_parallel_executor.executor.parallel:run_until_complete
[1.081s] INFO:colcon.colcon_ros.task.ament_cmake.build:Building ROS package in '/home/rockpi/ros_control_ws/src/my_robot_hardware_interface' with build type 'ament_cmake'
[1.082s] INFO:colcon.colcon_cmake.task.cmake.build:Building CMake package in '/home/rockpi/ros_control_ws/src/my_robot_hardware_interface'
[1.091s] INFO:colcon.colcon_core.plugin_system:Skipping extension 'colcon_core.shell.bat': Not used on non-Windows systems
[1.092s] INFO:colcon.colcon_core.shell:Skip shell extension 'powershell' for command environment: Not usable outside of PowerShell
[1.092s] DEBUG:colcon.colcon_core.shell:Skip shell extension 'dsv' for command environment
[1.141s] DEBUG:colcon.colcon_core.event_handler.log_command:Invoking command in '/home/rockpi/ros_control_ws/build/my_robot_hardware_interface': CMAKE_PREFIX_PATH=${CMAKE_PREFIX_PATH}:/opt/ros/jazzy /usr/bin/cmake --build /home/rockpi/ros_control_ws/build/my_robot_hardware_interface -- -j4 -l4
[6.269s] DEBUG:colcon.colcon_parallel_executor.executor.parallel:run_until_complete was interrupted
[6.269s] DEBUG:colcon.colcon_parallel_executor.executor.parallel:run_until_complete again
[6.285s] DEBUG:colcon.colcon_core.event_handler.log_command:Invoked command in '/home/rockpi/ros_control_ws/build/my_robot_hardware_interface' returned '-2': CMAKE_PREFIX_PATH=${CMAKE_PREFIX_PATH}:/opt/ros/jazzy /usr/bin/cmake --build /home/rockpi/ros_control_ws/build/my_robot_hardware_interface -- -j4 -l4
[6.286s] Level 1:colcon.colcon_core.environment:create_environment_scripts_only(my_robot_hardware_interface)
[6.297s] Level 1:colcon.colcon_core.environment:checking '/home/rockpi/ros_control_ws/install/my_robot_hardware_interface' for CMake module files
[6.300s] Level 1:colcon.colcon_core.environment:checking '/home/rockpi/ros_control_ws/install/my_robot_hardware_interface' for CMake config files
[6.302s] Level 1:colcon.colcon_core.environment:checking '/home/rockpi/ros_control_ws/install/my_robot_hardware_interface/bin'
[6.302s] Level 1:colcon.colcon_core.environment:checking '/home/rockpi/ros_control_ws/install/my_robot_hardware_interface/lib/pkgconfig/my_robot_hardware_interface.pc'
[6.303s] Level 1:colcon.colcon_core.environment:checking '/home/rockpi/ros_control_ws/install/my_robot_hardware_interface/lib/python3.12/site-packages'
[6.304s] Level 1:colcon.colcon_core.environment:checking '/home/rockpi/ros_control_ws/install/my_robot_hardware_interface/bin'
[6.305s] INFO:colcon.colcon_core.shell:Creating package script '/home/rockpi/ros_control_ws/install/my_robot_hardware_interface/share/my_robot_hardware_interface/package.ps1'
[6.308s] INFO:colcon.colcon_core.shell:Creating package descriptor '/home/rockpi/ros_control_ws/install/my_robot_hardware_interface/share/my_robot_hardware_interface/package.dsv'
[6.311s] INFO:colcon.colcon_core.shell:Creating package script '/home/rockpi/ros_control_ws/install/my_robot_hardware_interface/share/my_robot_hardware_interface/package.sh'
[6.313s] INFO:colcon.colcon_core.shell:Creating package script '/home/rockpi/ros_control_ws/install/my_robot_hardware_interface/share/my_robot_hardware_interface/package.bash'
[6.316s] INFO:colcon.colcon_core.shell:Creating package script '/home/rockpi/ros_control_ws/install/my_robot_hardware_interface/share/my_robot_hardware_interface/package.zsh'
[6.319s] Level 1:colcon.colcon_core.environment:create_file_with_runtime_dependencies(/home/rockpi/ros_control_ws/install/my_robot_hardware_interface/share/colcon-core/packages/my_robot_hardware_interface)
[6.331s] DEBUG:colcon.colcon_parallel_executor.executor.parallel:run_until_complete finished
[6.331s] DEBUG:colcon.colcon_parallel_executor.executor.parallel:closing loop
[6.332s] DEBUG:colcon.colcon_parallel_executor.executor.parallel:loop closed
[6.333s] DEBUG:colcon.colcon_core.event_reactor:joining thread
[6.359s] INFO:colcon.colcon_core.plugin_system:Skipping extension 'colcon_notification.desktop_notification.notify_send': Could not find 'notify-send'
[6.359s] INFO:colcon.colcon_core.plugin_system:Skipping extension 'colcon_notification.desktop_notification.terminal_notifier': Not used on non-Darwin systems
[6.360s] INFO:colcon.colcon_core.plugin_system:Skipping extension 'colcon_notification.desktop_notification.win32': Not used on non-Windows systems
[6.360s] INFO:colcon.colcon_notification.desktop_notification:Sending desktop notification using 'notify2'
[6.363s] DEBUG:colcon.colcon_notification.desktop_notification.notify2:Failed to initialize notify2: org.freedesktop.DBus.Error.ServiceUnknown: The name org.freedesktop.Notifications was not provided by any .service files
[6.364s] DEBUG:colcon.colcon_core.event_reactor:joined thread
[6.364s] INFO:colcon.colcon_core.shell:Creating prefix script '/home/rockpi/ros_control_ws/install/local_setup.ps1'
[6.368s] INFO:colcon.colcon_core.shell:Creating prefix util module '/home/rockpi/ros_control_ws/install/_local_setup_util_ps1.py'
[6.373s] INFO:colcon.colcon_core.shell:Creating prefix chain script '/home/rockpi/ros_control_ws/install/setup.ps1'
[6.378s] INFO:colcon.colcon_core.shell:Creating prefix script '/home/rockpi/ros_control_ws/install/local_setup.sh'
[6.381s] INFO:colcon.colcon_core.shell:Creating prefix util module '/home/rockpi/ros_control_ws/install/_local_setup_util_sh.py'
[6.384s] INFO:colcon.colcon_core.shell:Creating prefix chain script '/home/rockpi/ros_control_ws/install/setup.sh'
[6.388s] INFO:colcon.colcon_core.shell:Creating prefix script '/home/rockpi/ros_control_ws/install/local_setup.bash'
[6.390s] INFO:colcon.colcon_core.shell:Creating prefix chain script '/home/rockpi/ros_control_ws/install/setup.bash'
[6.394s] INFO:colcon.colcon_core.shell:Creating prefix script '/home/rockpi/ros_control_ws/install/local_setup.zsh'
[6.397s] INFO:colcon.colcon_core.shell:Creating prefix chain script '/home/rockpi/ros_control_ws/install/setup.zsh'
