[0.711s] DEBUG:colcon:Command line arguments: ['/usr/bin/colcon', 'build']
[0.712s] DEBUG:colcon:Parsed command line arguments: Namespace(log_base=None, log_level=None, verb_name='build', build_base='build', install_base='install', merge_install=False, symlink_install=False, test_result_base=None, continue_on_error=False, executor='parallel', parallel_workers=4, event_handlers=None, ignore_user_meta=False, metas=['./colcon.meta'], base_paths=['.'], packages_ignore=None, packages_ignore_regex=None, paths=None, packages_up_to=None, packages_up_to_regex=None, packages_above=None, packages_above_and_dependencies=None, packages_above_depth=None, packages_select_by_dep=None, packages_skip_by_dep=None, packages_skip_up_to=None, packages_select_build_failed=False, packages_skip_build_finished=False, packages_select_test_failures=False, packages_skip_test_passed=False, packages_select=None, packages_skip=None, packages_select_regex=None, packages_skip_regex=None, packages_start=None, packages_end=None, allow_overriding=[], cmake_args=None, cmake_target=None, cmake_target_skip_unavailable=False, cmake_clean_cache=False, cmake_clean_first=False, cmake_force_configure=False, ament_cmake_args=None, catkin_cmake_args=None, catkin_skip_building_tests=False, mixin_files=None, mixin=None, verb_parser=<colcon_mixin.mixin.mixin_argument.MixinArgumentDecorator object at 0xffffaf2b6690>, verb_extension=<colcon_core.verb.build.BuildVerb object at 0xffffaf46ecf0>, main=<bound method BuildVerb.main of <colcon_core.verb.build.BuildVerb object at 0xffffaf46ecf0>>, mixin_verb=('build',))
[0.943s] Level 1:colcon.colcon_core.package_discovery:discover_packages(colcon_meta) check parameters
[0.944s] Level 1:colcon.colcon_core.package_discovery:discover_packages(recursive) check parameters
[0.944s] Level 1:colcon.colcon_core.package_discovery:discover_packages(ignore) check parameters
[0.944s] Level 1:colcon.colcon_core.package_discovery:discover_packages(path) check parameters
[0.944s] Level 1:colcon.colcon_core.package_discovery:discover_packages(colcon_meta) discover
[0.945s] Level 1:colcon.colcon_core.package_discovery:discover_packages(recursive) discover
[0.945s] INFO:colcon.colcon_core.package_discovery:Crawling recursively for packages in '/home/rockpi/ros_control_ws'
[0.945s] Level 1:colcon.colcon_core.package_identification:_identify(.) by extensions ['ignore', 'ignore_ament_install']
[0.946s] Level 1:colcon.colcon_core.package_identification:_identify(.) by extension 'ignore'
[0.946s] Level 1:colcon.colcon_core.package_identification:_identify(.) by extension 'ignore_ament_install'
[0.947s] Level 1:colcon.colcon_core.package_identification:_identify(.) by extensions ['colcon_pkg']
[0.947s] Level 1:colcon.colcon_core.package_identification:_identify(.) by extension 'colcon_pkg'
[0.947s] Level 1:colcon.colcon_core.package_identification:_identify(.) by extensions ['colcon_meta']
[0.948s] Level 1:colcon.colcon_core.package_identification:_identify(.) by extension 'colcon_meta'
[0.948s] Level 1:colcon.colcon_core.package_identification:_identify(.) by extensions ['ros']
[0.948s] Level 1:colcon.colcon_core.package_identification:_identify(.) by extension 'ros'
[1.073s] Level 1:colcon.colcon_core.package_identification:_identify(.) by extensions ['cmake', 'python']
[1.073s] Level 1:colcon.colcon_core.package_identification:_identify(.) by extension 'cmake'
[1.074s] Level 1:colcon.colcon_core.package_identification:_identify(.) by extension 'python'
[1.074s] Level 1:colcon.colcon_core.package_identification:_identify(.) by extensions ['python_setup_py']
[1.074s] Level 1:colcon.colcon_core.package_identification:_identify(.) by extension 'python_setup_py'
[1.075s] Level 1:colcon.colcon_core.package_identification:_identify(build) by extensions ['ignore', 'ignore_ament_install']
[1.076s] Level 1:colcon.colcon_core.package_identification:_identify(build) by extension 'ignore'
[1.076s] Level 1:colcon.colcon_core.package_identification:_identify(build) ignored
[1.077s] Level 1:colcon.colcon_core.package_identification:_identify(install) by extensions ['ignore', 'ignore_ament_install']
[1.078s] Level 1:colcon.colcon_core.package_identification:_identify(install) by extension 'ignore'
[1.078s] Level 1:colcon.colcon_core.package_identification:_identify(install) ignored
[1.080s] Level 1:colcon.colcon_core.package_identification:_identify(log) by extensions ['ignore', 'ignore_ament_install']
[1.080s] Level 1:colcon.colcon_core.package_identification:_identify(log) by extension 'ignore'
[1.080s] Level 1:colcon.colcon_core.package_identification:_identify(log) ignored
[1.081s] Level 1:colcon.colcon_core.package_identification:_identify(src) by extensions ['ignore', 'ignore_ament_install']
[1.081s] Level 1:colcon.colcon_core.package_identification:_identify(src) by extension 'ignore'
[1.081s] Level 1:colcon.colcon_core.package_identification:_identify(src) by extension 'ignore_ament_install'
[1.082s] Level 1:colcon.colcon_core.package_identification:_identify(src) by extensions ['colcon_pkg']
[1.082s] Level 1:colcon.colcon_core.package_identification:_identify(src) by extension 'colcon_pkg'
[1.082s] Level 1:colcon.colcon_core.package_identification:_identify(src) by extensions ['colcon_meta']
[1.082s] Level 1:colcon.colcon_core.package_identification:_identify(src) by extension 'colcon_meta'
[1.083s] Level 1:colcon.colcon_core.package_identification:_identify(src) by extensions ['ros']
[1.083s] Level 1:colcon.colcon_core.package_identification:_identify(src) by extension 'ros'
[1.083s] Level 1:colcon.colcon_core.package_identification:_identify(src) by extensions ['cmake', 'python']
[1.084s] Level 1:colcon.colcon_core.package_identification:_identify(src) by extension 'cmake'
[1.084s] Level 1:colcon.colcon_core.package_identification:_identify(src) by extension 'python'
[1.084s] Level 1:colcon.colcon_core.package_identification:_identify(src) by extensions ['python_setup_py']
[1.084s] Level 1:colcon.colcon_core.package_identification:_identify(src) by extension 'python_setup_py'
[1.085s] Level 1:colcon.colcon_core.package_identification:_identify(src/gesture_control) by extensions ['ignore', 'ignore_ament_install']
[1.085s] Level 1:colcon.colcon_core.package_identification:_identify(src/gesture_control) by extension 'ignore'
[1.086s] Level 1:colcon.colcon_core.package_identification:_identify(src/gesture_control) by extension 'ignore_ament_install'
[1.086s] Level 1:colcon.colcon_core.package_identification:_identify(src/gesture_control) by extensions ['colcon_pkg']
[1.086s] Level 1:colcon.colcon_core.package_identification:_identify(src/gesture_control) by extension 'colcon_pkg'
[1.086s] Level 1:colcon.colcon_core.package_identification:_identify(src/gesture_control) by extensions ['colcon_meta']
[1.087s] Level 1:colcon.colcon_core.package_identification:_identify(src/gesture_control) by extension 'colcon_meta'
[1.087s] Level 1:colcon.colcon_core.package_identification:_identify(src/gesture_control) by extensions ['ros']
[1.087s] Level 1:colcon.colcon_core.package_identification:_identify(src/gesture_control) by extension 'ros'
[1.098s] DEBUG:colcon.colcon_core.package_identification:Package 'src/gesture_control' with type 'ros.ament_python' and name 'gesture_control'
[1.098s] Level 1:colcon.colcon_core.package_identification:_identify(src/my_robot) by extensions ['ignore', 'ignore_ament_install']
[1.099s] Level 1:colcon.colcon_core.package_identification:_identify(src/my_robot) by extension 'ignore'
[1.099s] Level 1:colcon.colcon_core.package_identification:_identify(src/my_robot) by extension 'ignore_ament_install'
[1.100s] Level 1:colcon.colcon_core.package_identification:_identify(src/my_robot) by extensions ['colcon_pkg']
[1.100s] Level 1:colcon.colcon_core.package_identification:_identify(src/my_robot) by extension 'colcon_pkg'
[1.100s] Level 1:colcon.colcon_core.package_identification:_identify(src/my_robot) by extensions ['colcon_meta']
[1.100s] Level 1:colcon.colcon_core.package_identification:_identify(src/my_robot) by extension 'colcon_meta'
[1.100s] Level 1:colcon.colcon_core.package_identification:_identify(src/my_robot) by extensions ['ros']
[1.101s] Level 1:colcon.colcon_core.package_identification:_identify(src/my_robot) by extension 'ros'
[1.104s] DEBUG:colcon.colcon_core.package_identification:Package 'src/my_robot' with type 'ros.ament_python' and name 'my_robot'
[1.105s] Level 1:colcon.colcon_core.package_identification:_identify(src/my_robot_hardware) by extensions ['ignore', 'ignore_ament_install']
[1.105s] Level 1:colcon.colcon_core.package_identification:_identify(src/my_robot_hardware) by extension 'ignore'
[1.106s] Level 1:colcon.colcon_core.package_identification:_identify(src/my_robot_hardware) by extension 'ignore_ament_install'
[1.106s] Level 1:colcon.colcon_core.package_identification:_identify(src/my_robot_hardware) by extensions ['colcon_pkg']
[1.106s] Level 1:colcon.colcon_core.package_identification:_identify(src/my_robot_hardware) by extension 'colcon_pkg'
[1.106s] Level 1:colcon.colcon_core.package_identification:_identify(src/my_robot_hardware) by extensions ['colcon_meta']
[1.107s] Level 1:colcon.colcon_core.package_identification:_identify(src/my_robot_hardware) by extension 'colcon_meta'
[1.107s] Level 1:colcon.colcon_core.package_identification:_identify(src/my_robot_hardware) by extensions ['ros']
[1.107s] Level 1:colcon.colcon_core.package_identification:_identify(src/my_robot_hardware) by extension 'ros'
[1.110s] DEBUG:colcon.colcon_core.package_identification:Package 'src/my_robot_hardware' with type 'ros.ament_python' and name 'my_robot_hardware'
[1.110s] Level 1:colcon.colcon_core.package_identification:_identify(src/my_robot_hardware_interface) by extensions ['ignore', 'ignore_ament_install']
[1.111s] Level 1:colcon.colcon_core.package_identification:_identify(src/my_robot_hardware_interface) by extension 'ignore'
[1.111s] Level 1:colcon.colcon_core.package_identification:_identify(src/my_robot_hardware_interface) by extension 'ignore_ament_install'
[1.112s] Level 1:colcon.colcon_core.package_identification:_identify(src/my_robot_hardware_interface) by extensions ['colcon_pkg']
[1.112s] Level 1:colcon.colcon_core.package_identification:_identify(src/my_robot_hardware_interface) by extension 'colcon_pkg'
[1.112s] Level 1:colcon.colcon_core.package_identification:_identify(src/my_robot_hardware_interface) by extensions ['colcon_meta']
[1.112s] Level 1:colcon.colcon_core.package_identification:_identify(src/my_robot_hardware_interface) by extension 'colcon_meta'
[1.113s] Level 1:colcon.colcon_core.package_identification:_identify(src/my_robot_hardware_interface) by extensions ['ros']
[1.113s] Level 1:colcon.colcon_core.package_identification:_identify(src/my_robot_hardware_interface) by extension 'ros'
[1.116s] DEBUG:colcon.colcon_core.package_identification:Package 'src/my_robot_hardware_interface' with type 'ros.ament_cmake' and name 'my_robot_hardware_interface'
[1.116s] Level 1:colcon.colcon_core.package_discovery:discover_packages(recursive) using defaults
[1.117s] Level 1:colcon.colcon_core.package_discovery:discover_packages(ignore) discover
[1.117s] Level 1:colcon.colcon_core.package_discovery:discover_packages(ignore) using defaults
[1.117s] Level 1:colcon.colcon_core.package_discovery:discover_packages(path) discover
[1.117s] Level 1:colcon.colcon_core.package_discovery:discover_packages(path) using defaults
[1.207s] Level 1:colcon.colcon_core.package_discovery:discover_packages(prefix_path) check parameters
[1.207s] Level 1:colcon.colcon_core.package_discovery:discover_packages(prefix_path) discover
[1.223s] DEBUG:colcon.colcon_installed_package_information.package_discovery:Found 4 installed packages in /home/rockpi/ros_control_ws/install
[1.237s] DEBUG:colcon.colcon_installed_package_information.package_discovery:Found 346 installed packages in /opt/ros/jazzy
[1.247s] Level 1:colcon.colcon_core.package_discovery:discover_packages(prefix_path) using defaults
[1.522s] Level 5:colcon.colcon_core.verb:set package 'gesture_control' build argument 'cmake_args' from command line to 'None'
[1.522s] Level 5:colcon.colcon_core.verb:set package 'gesture_control' build argument 'cmake_target' from command line to 'None'
[1.523s] Level 5:colcon.colcon_core.verb:set package 'gesture_control' build argument 'cmake_target_skip_unavailable' from command line to 'False'
[1.523s] Level 5:colcon.colcon_core.verb:set package 'gesture_control' build argument 'cmake_clean_cache' from command line to 'False'
[1.523s] Level 5:colcon.colcon_core.verb:set package 'gesture_control' build argument 'cmake_clean_first' from command line to 'False'
[1.524s] Level 5:colcon.colcon_core.verb:set package 'gesture_control' build argument 'cmake_force_configure' from command line to 'False'
[1.524s] Level 5:colcon.colcon_core.verb:set package 'gesture_control' build argument 'ament_cmake_args' from command line to 'None'
[1.524s] Level 5:colcon.colcon_core.verb:set package 'gesture_control' build argument 'catkin_cmake_args' from command line to 'None'
[1.524s] Level 5:colcon.colcon_core.verb:set package 'gesture_control' build argument 'catkin_skip_building_tests' from command line to 'False'
[1.524s] DEBUG:colcon.colcon_core.verb:Building package 'gesture_control' with the following arguments: {'ament_cmake_args': None, 'build_base': '/home/rockpi/ros_control_ws/build/gesture_control', 'catkin_cmake_args': None, 'catkin_skip_building_tests': False, 'cmake_args': None, 'cmake_clean_cache': False, 'cmake_clean_first': False, 'cmake_force_configure': False, 'cmake_target': None, 'cmake_target_skip_unavailable': False, 'install_base': '/home/rockpi/ros_control_ws/install/gesture_control', 'merge_install': False, 'path': '/home/rockpi/ros_control_ws/src/gesture_control', 'symlink_install': False, 'test_result_base': None}
[1.526s] Level 5:colcon.colcon_core.verb:set package 'my_robot' build argument 'cmake_args' from command line to 'None'
[1.527s] Level 5:colcon.colcon_core.verb:set package 'my_robot' build argument 'cmake_target' from command line to 'None'
[1.527s] Level 5:colcon.colcon_core.verb:set package 'my_robot' build argument 'cmake_target_skip_unavailable' from command line to 'False'
[1.527s] Level 5:colcon.colcon_core.verb:set package 'my_robot' build argument 'cmake_clean_cache' from command line to 'False'
[1.527s] Level 5:colcon.colcon_core.verb:set package 'my_robot' build argument 'cmake_clean_first' from command line to 'False'
[1.527s] Level 5:colcon.colcon_core.verb:set package 'my_robot' build argument 'cmake_force_configure' from command line to 'False'
[1.527s] Level 5:colcon.colcon_core.verb:set package 'my_robot' build argument 'ament_cmake_args' from command line to 'None'
[1.528s] Level 5:colcon.colcon_core.verb:set package 'my_robot' build argument 'catkin_cmake_args' from command line to 'None'
[1.528s] Level 5:colcon.colcon_core.verb:set package 'my_robot' build argument 'catkin_skip_building_tests' from command line to 'False'
[1.528s] DEBUG:colcon.colcon_core.verb:Building package 'my_robot' with the following arguments: {'ament_cmake_args': None, 'build_base': '/home/rockpi/ros_control_ws/build/my_robot', 'catkin_cmake_args': None, 'catkin_skip_building_tests': False, 'cmake_args': None, 'cmake_clean_cache': False, 'cmake_clean_first': False, 'cmake_force_configure': False, 'cmake_target': None, 'cmake_target_skip_unavailable': False, 'install_base': '/home/rockpi/ros_control_ws/install/my_robot', 'merge_install': False, 'path': '/home/rockpi/ros_control_ws/src/my_robot', 'symlink_install': False, 'test_result_base': None}
[1.530s] Level 5:colcon.colcon_core.verb:set package 'my_robot_hardware' build argument 'cmake_args' from command line to 'None'
[1.530s] Level 5:colcon.colcon_core.verb:set package 'my_robot_hardware' build argument 'cmake_target' from command line to 'None'
[1.530s] Level 5:colcon.colcon_core.verb:set package 'my_robot_hardware' build argument 'cmake_target_skip_unavailable' from command line to 'False'
[1.530s] Level 5:colcon.colcon_core.verb:set package 'my_robot_hardware' build argument 'cmake_clean_cache' from command line to 'False'
[1.530s] Level 5:colcon.colcon_core.verb:set package 'my_robot_hardware' build argument 'cmake_clean_first' from command line to 'False'
[1.530s] Level 5:colcon.colcon_core.verb:set package 'my_robot_hardware' build argument 'cmake_force_configure' from command line to 'False'
[1.531s] Level 5:colcon.colcon_core.verb:set package 'my_robot_hardware' build argument 'ament_cmake_args' from command line to 'None'
[1.531s] Level 5:colcon.colcon_core.verb:set package 'my_robot_hardware' build argument 'catkin_cmake_args' from command line to 'None'
[1.531s] Level 5:colcon.colcon_core.verb:set package 'my_robot_hardware' build argument 'catkin_skip_building_tests' from command line to 'False'
[1.531s] DEBUG:colcon.colcon_core.verb:Building package 'my_robot_hardware' with the following arguments: {'ament_cmake_args': None, 'build_base': '/home/rockpi/ros_control_ws/build/my_robot_hardware', 'catkin_cmake_args': None, 'catkin_skip_building_tests': False, 'cmake_args': None, 'cmake_clean_cache': False, 'cmake_clean_first': False, 'cmake_force_configure': False, 'cmake_target': None, 'cmake_target_skip_unavailable': False, 'install_base': '/home/rockpi/ros_control_ws/install/my_robot_hardware', 'merge_install': False, 'path': '/home/rockpi/ros_control_ws/src/my_robot_hardware', 'symlink_install': False, 'test_result_base': None}
[1.533s] Level 5:colcon.colcon_core.verb:set package 'my_robot_hardware_interface' build argument 'cmake_args' from command line to 'None'
[1.533s] Level 5:colcon.colcon_core.verb:set package 'my_robot_hardware_interface' build argument 'cmake_target' from command line to 'None'
[1.534s] Level 5:colcon.colcon_core.verb:set package 'my_robot_hardware_interface' build argument 'cmake_target_skip_unavailable' from command line to 'False'
[1.534s] Level 5:colcon.colcon_core.verb:set package 'my_robot_hardware_interface' build argument 'cmake_clean_cache' from command line to 'False'
[1.534s] Level 5:colcon.colcon_core.verb:set package 'my_robot_hardware_interface' build argument 'cmake_clean_first' from command line to 'False'
[1.534s] Level 5:colcon.colcon_core.verb:set package 'my_robot_hardware_interface' build argument 'cmake_force_configure' from command line to 'False'
[1.534s] Level 5:colcon.colcon_core.verb:set package 'my_robot_hardware_interface' build argument 'ament_cmake_args' from command line to 'None'
[1.534s] Level 5:colcon.colcon_core.verb:set package 'my_robot_hardware_interface' build argument 'catkin_cmake_args' from command line to 'None'
[1.534s] Level 5:colcon.colcon_core.verb:set package 'my_robot_hardware_interface' build argument 'catkin_skip_building_tests' from command line to 'False'
[1.535s] DEBUG:colcon.colcon_core.verb:Building package 'my_robot_hardware_interface' with the following arguments: {'ament_cmake_args': None, 'build_base': '/home/rockpi/ros_control_ws/build/my_robot_hardware_interface', 'catkin_cmake_args': None, 'catkin_skip_building_tests': False, 'cmake_args': None, 'cmake_clean_cache': False, 'cmake_clean_first': False, 'cmake_force_configure': False, 'cmake_target': None, 'cmake_target_skip_unavailable': False, 'install_base': '/home/rockpi/ros_control_ws/install/my_robot_hardware_interface', 'merge_install': False, 'path': '/home/rockpi/ros_control_ws/src/my_robot_hardware_interface', 'symlink_install': False, 'test_result_base': None}
[1.535s] INFO:colcon.colcon_core.executor:Executing jobs using 'parallel' executor
[1.540s] DEBUG:colcon.colcon_parallel_executor.executor.parallel:run_until_complete
[1.542s] INFO:colcon.colcon_ros.task.ament_python.build:Building ROS package in '/home/rockpi/ros_control_ws/src/gesture_control' with build type 'ament_python'
[1.542s] Level 1:colcon.colcon_core.shell:create_environment_hook('gesture_control', 'ament_prefix_path')
[1.555s] INFO:colcon.colcon_core.plugin_system:Skipping extension 'colcon_core.shell.bat': Not used on non-Windows systems
[1.557s] INFO:colcon.colcon_core.shell:Creating environment hook '/home/rockpi/ros_control_ws/install/gesture_control/share/gesture_control/hook/ament_prefix_path.ps1'
[1.562s] INFO:colcon.colcon_core.shell:Creating environment descriptor '/home/rockpi/ros_control_ws/install/gesture_control/share/gesture_control/hook/ament_prefix_path.dsv'
[1.565s] INFO:colcon.colcon_core.shell:Creating environment hook '/home/rockpi/ros_control_ws/install/gesture_control/share/gesture_control/hook/ament_prefix_path.sh'
[1.569s] INFO:colcon.colcon_core.shell:Skip shell extension 'powershell' for command environment: Not usable outside of PowerShell
[1.569s] DEBUG:colcon.colcon_core.shell:Skip shell extension 'dsv' for command environment
[1.596s] INFO:colcon.colcon_ros.task.ament_python.build:Building ROS package in '/home/rockpi/ros_control_ws/src/my_robot' with build type 'ament_python'
[1.597s] Level 1:colcon.colcon_core.shell:create_environment_hook('my_robot', 'ament_prefix_path')
[1.598s] INFO:colcon.colcon_core.shell:Creating environment hook '/home/rockpi/ros_control_ws/install/my_robot/share/my_robot/hook/ament_prefix_path.ps1'
[1.603s] INFO:colcon.colcon_core.shell:Creating environment descriptor '/home/rockpi/ros_control_ws/install/my_robot/share/my_robot/hook/ament_prefix_path.dsv'
[1.606s] INFO:colcon.colcon_core.shell:Creating environment hook '/home/rockpi/ros_control_ws/install/my_robot/share/my_robot/hook/ament_prefix_path.sh'
[1.611s] INFO:colcon.colcon_core.shell:Skip shell extension 'powershell' for command environment: Not usable outside of PowerShell
[1.612s] DEBUG:colcon.colcon_core.shell:Skip shell extension 'dsv' for command environment
[1.639s] INFO:colcon.colcon_ros.task.ament_python.build:Building ROS package in '/home/rockpi/ros_control_ws/src/my_robot_hardware' with build type 'ament_python'
[1.639s] Level 1:colcon.colcon_core.shell:create_environment_hook('my_robot_hardware', 'ament_prefix_path')
[1.640s] INFO:colcon.colcon_core.shell:Creating environment hook '/home/rockpi/ros_control_ws/install/my_robot_hardware/share/my_robot_hardware/hook/ament_prefix_path.ps1'
[1.643s] INFO:colcon.colcon_core.shell:Creating environment descriptor '/home/rockpi/ros_control_ws/install/my_robot_hardware/share/my_robot_hardware/hook/ament_prefix_path.dsv'
[1.646s] INFO:colcon.colcon_core.shell:Creating environment hook '/home/rockpi/ros_control_ws/install/my_robot_hardware/share/my_robot_hardware/hook/ament_prefix_path.sh'
[1.650s] INFO:colcon.colcon_core.shell:Skip shell extension 'powershell' for command environment: Not usable outside of PowerShell
[1.651s] DEBUG:colcon.colcon_core.shell:Skip shell extension 'dsv' for command environment
[1.689s] INFO:colcon.colcon_ros.task.ament_cmake.build:Building ROS package in '/home/rockpi/ros_control_ws/src/my_robot_hardware_interface' with build type 'ament_cmake'
[1.691s] INFO:colcon.colcon_cmake.task.cmake.build:Building CMake package in '/home/rockpi/ros_control_ws/src/my_robot_hardware_interface'
[1.693s] INFO:colcon.colcon_core.shell:Skip shell extension 'powershell' for command environment: Not usable outside of PowerShell
[1.693s] DEBUG:colcon.colcon_core.shell:Skip shell extension 'dsv' for command environment
[3.276s] INFO:colcon.colcon_core.task.python.build:Building Python package in '/home/rockpi/ros_control_ws/src/gesture_control'
[3.278s] INFO:colcon.colcon_core.shell:Skip shell extension 'powershell' for command environment: Not usable outside of PowerShell
[3.279s] DEBUG:colcon.colcon_core.shell:Skip shell extension 'dsv' for command environment
[4.771s] INFO:colcon.colcon_core.task.python.build:Building Python package in '/home/rockpi/ros_control_ws/src/my_robot'
[4.772s] INFO:colcon.colcon_core.shell:Skip shell extension 'powershell' for command environment: Not usable outside of PowerShell
[4.773s] DEBUG:colcon.colcon_core.shell:Skip shell extension 'dsv' for command environment
[6.111s] INFO:colcon.colcon_core.task.python.build:Building Python package in '/home/rockpi/ros_control_ws/src/my_robot_hardware'
[6.113s] INFO:colcon.colcon_core.shell:Skip shell extension 'powershell' for command environment: Not usable outside of PowerShell
[6.114s] DEBUG:colcon.colcon_core.shell:Skip shell extension 'dsv' for command environment
[6.201s] DEBUG:colcon.colcon_core.event_handler.log_command:Invoking command in '/home/rockpi/ros_control_ws/build/my_robot_hardware_interface': CMAKE_PREFIX_PATH=${CMAKE_PREFIX_PATH}:/home/rockpi/ros_control_ws/install/my_robot_hardware:/home/rockpi/ros_control_ws/install/my_robot:/home/rockpi/ros_control_ws/install/gesture_control:/opt/ros/jazzy /usr/bin/cmake --build /home/rockpi/ros_control_ws/build/my_robot_hardware_interface -- -j4 -l4
[7.222s] DEBUG:colcon.colcon_core.event_handler.log_command:Invoked command in '/home/rockpi/ros_control_ws/build/my_robot_hardware_interface' returned '0': CMAKE_PREFIX_PATH=${CMAKE_PREFIX_PATH}:/home/rockpi/ros_control_ws/install/my_robot_hardware:/home/rockpi/ros_control_ws/install/my_robot:/home/rockpi/ros_control_ws/install/gesture_control:/opt/ros/jazzy /usr/bin/cmake --build /home/rockpi/ros_control_ws/build/my_robot_hardware_interface -- -j4 -l4
[7.331s] DEBUG:colcon.colcon_core.event_handler.log_command:Invoking command in '/home/rockpi/ros_control_ws/build/my_robot_hardware_interface': CMAKE_PREFIX_PATH=${CMAKE_PREFIX_PATH}:/home/rockpi/ros_control_ws/install/my_robot_hardware:/home/rockpi/ros_control_ws/install/my_robot:/home/rockpi/ros_control_ws/install/gesture_control:/opt/ros/jazzy /usr/bin/cmake --install /home/rockpi/ros_control_ws/build/my_robot_hardware_interface
[7.508s] Level 1:colcon.colcon_core.environment:create_environment_scripts_only(my_robot_hardware_interface)
[7.520s] DEBUG:colcon.colcon_core.event_handler.log_command:Invoked command in '/home/rockpi/ros_control_ws/build/my_robot_hardware_interface' returned '0': CMAKE_PREFIX_PATH=${CMAKE_PREFIX_PATH}:/home/rockpi/ros_control_ws/install/my_robot_hardware:/home/rockpi/ros_control_ws/install/my_robot:/home/rockpi/ros_control_ws/install/gesture_control:/opt/ros/jazzy /usr/bin/cmake --install /home/rockpi/ros_control_ws/build/my_robot_hardware_interface
[7.554s] Level 1:colcon.colcon_core.environment:checking '/home/rockpi/ros_control_ws/install/my_robot_hardware_interface' for CMake module files
[7.560s] Level 1:colcon.colcon_core.environment:checking '/home/rockpi/ros_control_ws/install/my_robot_hardware_interface' for CMake config files
[7.571s] Level 1:colcon.colcon_core.shell:create_environment_hook('my_robot_hardware_interface', 'cmake_prefix_path')
[7.576s] INFO:colcon.colcon_core.shell:Creating environment hook '/home/rockpi/ros_control_ws/install/my_robot_hardware_interface/share/my_robot_hardware_interface/hook/cmake_prefix_path.ps1'
[7.581s] INFO:colcon.colcon_core.shell:Creating environment descriptor '/home/rockpi/ros_control_ws/install/my_robot_hardware_interface/share/my_robot_hardware_interface/hook/cmake_prefix_path.dsv'
[7.588s] INFO:colcon.colcon_core.shell:Creating environment hook '/home/rockpi/ros_control_ws/install/my_robot_hardware_interface/share/my_robot_hardware_interface/hook/cmake_prefix_path.sh'
[7.594s] Level 1:colcon.colcon_core.environment:checking '/home/rockpi/ros_control_ws/install/my_robot_hardware_interface/lib'
[7.596s] Level 1:colcon.colcon_core.shell:create_environment_hook('my_robot_hardware_interface', 'ld_library_path_lib')
[7.598s] INFO:colcon.colcon_core.shell:Creating environment hook '/home/rockpi/ros_control_ws/install/my_robot_hardware_interface/share/my_robot_hardware_interface/hook/ld_library_path_lib.ps1'
[7.605s] INFO:colcon.colcon_core.shell:Creating environment descriptor '/home/rockpi/ros_control_ws/install/my_robot_hardware_interface/share/my_robot_hardware_interface/hook/ld_library_path_lib.dsv'
[7.610s] INFO:colcon.colcon_core.shell:Creating environment hook '/home/rockpi/ros_control_ws/install/my_robot_hardware_interface/share/my_robot_hardware_interface/hook/ld_library_path_lib.sh'
[7.615s] Level 1:colcon.colcon_core.environment:checking '/home/rockpi/ros_control_ws/install/my_robot_hardware_interface/bin'
[7.615s] Level 1:colcon.colcon_core.environment:checking '/home/rockpi/ros_control_ws/install/my_robot_hardware_interface/lib/pkgconfig/my_robot_hardware_interface.pc'
[7.617s] Level 1:colcon.colcon_core.environment:checking '/home/rockpi/ros_control_ws/install/my_robot_hardware_interface/lib/python3.12/site-packages'
[7.620s] Level 1:colcon.colcon_core.environment:checking '/home/rockpi/ros_control_ws/install/my_robot_hardware_interface/bin'
[7.623s] INFO:colcon.colcon_core.shell:Creating package script '/home/rockpi/ros_control_ws/install/my_robot_hardware_interface/share/my_robot_hardware_interface/package.ps1'
[7.638s] INFO:colcon.colcon_core.shell:Creating package descriptor '/home/rockpi/ros_control_ws/install/my_robot_hardware_interface/share/my_robot_hardware_interface/package.dsv'
[7.647s] INFO:colcon.colcon_core.shell:Creating package script '/home/rockpi/ros_control_ws/install/my_robot_hardware_interface/share/my_robot_hardware_interface/package.sh'
[7.653s] INFO:colcon.colcon_core.shell:Creating package script '/home/rockpi/ros_control_ws/install/my_robot_hardware_interface/share/my_robot_hardware_interface/package.bash'
[7.661s] INFO:colcon.colcon_core.shell:Creating package script '/home/rockpi/ros_control_ws/install/my_robot_hardware_interface/share/my_robot_hardware_interface/package.zsh'
[7.670s] Level 1:colcon.colcon_core.environment:create_file_with_runtime_dependencies(/home/rockpi/ros_control_ws/install/my_robot_hardware_interface/share/colcon-core/packages/my_robot_hardware_interface)
[7.677s] Level 1:colcon.colcon_core.environment:create_environment_scripts_only(my_robot_hardware_interface)
[7.681s] Level 1:colcon.colcon_core.environment:checking '/home/rockpi/ros_control_ws/install/my_robot_hardware_interface' for CMake module files
[7.694s] Level 1:colcon.colcon_core.environment:checking '/home/rockpi/ros_control_ws/install/my_robot_hardware_interface' for CMake config files
[7.703s] Level 1:colcon.colcon_core.shell:create_environment_hook('my_robot_hardware_interface', 'cmake_prefix_path')
[7.707s] INFO:colcon.colcon_core.shell:Creating environment hook '/home/rockpi/ros_control_ws/install/my_robot_hardware_interface/share/my_robot_hardware_interface/hook/cmake_prefix_path.ps1'
[7.716s] INFO:colcon.colcon_core.shell:Creating environment descriptor '/home/rockpi/ros_control_ws/install/my_robot_hardware_interface/share/my_robot_hardware_interface/hook/cmake_prefix_path.dsv'
[7.726s] INFO:colcon.colcon_core.shell:Creating environment hook '/home/rockpi/ros_control_ws/install/my_robot_hardware_interface/share/my_robot_hardware_interface/hook/cmake_prefix_path.sh'
[7.738s] Level 1:colcon.colcon_core.environment:checking '/home/rockpi/ros_control_ws/install/my_robot_hardware_interface/lib'
[7.741s] Level 1:colcon.colcon_core.shell:create_environment_hook('my_robot_hardware_interface', 'ld_library_path_lib')
[7.742s] INFO:colcon.colcon_core.shell:Creating environment hook '/home/rockpi/ros_control_ws/install/my_robot_hardware_interface/share/my_robot_hardware_interface/hook/ld_library_path_lib.ps1'
[7.753s] INFO:colcon.colcon_core.shell:Creating environment descriptor '/home/rockpi/ros_control_ws/install/my_robot_hardware_interface/share/my_robot_hardware_interface/hook/ld_library_path_lib.dsv'
[7.759s] INFO:colcon.colcon_core.shell:Creating environment hook '/home/rockpi/ros_control_ws/install/my_robot_hardware_interface/share/my_robot_hardware_interface/hook/ld_library_path_lib.sh'
[7.768s] Level 1:colcon.colcon_core.environment:checking '/home/rockpi/ros_control_ws/install/my_robot_hardware_interface/bin'
[7.772s] Level 1:colcon.colcon_core.environment:checking '/home/rockpi/ros_control_ws/install/my_robot_hardware_interface/lib/pkgconfig/my_robot_hardware_interface.pc'
[7.777s] Level 1:colcon.colcon_core.environment:checking '/home/rockpi/ros_control_ws/install/my_robot_hardware_interface/lib/python3.12/site-packages'
[7.780s] Level 1:colcon.colcon_core.environment:checking '/home/rockpi/ros_control_ws/install/my_robot_hardware_interface/bin'
[7.786s] INFO:colcon.colcon_core.shell:Creating package script '/home/rockpi/ros_control_ws/install/my_robot_hardware_interface/share/my_robot_hardware_interface/package.ps1'
[7.796s] INFO:colcon.colcon_core.shell:Creating package descriptor '/home/rockpi/ros_control_ws/install/my_robot_hardware_interface/share/my_robot_hardware_interface/package.dsv'
[7.807s] INFO:colcon.colcon_core.shell:Creating package script '/home/rockpi/ros_control_ws/install/my_robot_hardware_interface/share/my_robot_hardware_interface/package.sh'
[7.817s] INFO:colcon.colcon_core.shell:Creating package script '/home/rockpi/ros_control_ws/install/my_robot_hardware_interface/share/my_robot_hardware_interface/package.bash'
[7.824s] INFO:colcon.colcon_core.shell:Creating package script '/home/rockpi/ros_control_ws/install/my_robot_hardware_interface/share/my_robot_hardware_interface/package.zsh'
[7.835s] Level 1:colcon.colcon_core.environment:create_file_with_runtime_dependencies(/home/rockpi/ros_control_ws/install/my_robot_hardware_interface/share/colcon-core/packages/my_robot_hardware_interface)
[15.971s] DEBUG:colcon.colcon_core.event_handler.log_command:Invoking command in '/home/rockpi/ros_control_ws/src/gesture_control': PYTHONPATH=/home/rockpi/ros_control_ws/build/gesture_control/prefix_override:/usr/lib/python3/dist-packages/colcon_core/task/python/colcon_distutils_commands:/home/rockpi/ros_control_ws/install/gesture_control/lib/python3.12/site-packages:${PYTHONPATH} /usr/bin/python3 -W ignore:setup.py install is deprecated -W ignore:easy_install command is deprecated setup.py egg_info --egg-base ../../build/gesture_control build --build-base /home/rockpi/ros_control_ws/build/gesture_control/build install --record /home/rockpi/ros_control_ws/build/gesture_control/install.log --single-version-externally-managed install_data
[16.210s] DEBUG:colcon.colcon_core.event_handler.log_command:Invoking command in '/home/rockpi/ros_control_ws/src/my_robot_hardware': PYTHONPATH=/home/rockpi/ros_control_ws/build/my_robot_hardware/prefix_override:/usr/lib/python3/dist-packages/colcon_core/task/python/colcon_distutils_commands:/home/rockpi/ros_control_ws/install/my_robot_hardware/lib/python3.12/site-packages:${PYTHONPATH} /usr/bin/python3 -W ignore:setup.py install is deprecated -W ignore:easy_install command is deprecated setup.py egg_info --egg-base ../../build/my_robot_hardware build --build-base /home/rockpi/ros_control_ws/build/my_robot_hardware/build install --record /home/rockpi/ros_control_ws/build/my_robot_hardware/install.log --single-version-externally-managed install_data
[17.028s] DEBUG:colcon.colcon_core.event_handler.log_command:Invoking command in '/home/rockpi/ros_control_ws/src/my_robot': PYTHONPATH=/home/rockpi/ros_control_ws/build/my_robot/prefix_override:/usr/lib/python3/dist-packages/colcon_core/task/python/colcon_distutils_commands:/home/rockpi/ros_control_ws/install/my_robot/lib/python3.12/site-packages:${PYTHONPATH} /usr/bin/python3 -W ignore:setup.py install is deprecated -W ignore:easy_install command is deprecated setup.py egg_info --egg-base ../../build/my_robot build --build-base /home/rockpi/ros_control_ws/build/my_robot/build install --record /home/rockpi/ros_control_ws/build/my_robot/install.log --single-version-externally-managed install_data
[23.623s] Level 1:colcon.colcon_core.environment:checking '/home/rockpi/ros_control_ws/install/gesture_control' for CMake module files
[23.629s] DEBUG:colcon.colcon_core.event_handler.log_command:Invoked command in '/home/rockpi/ros_control_ws/src/gesture_control' returned '0': PYTHONPATH=/home/rockpi/ros_control_ws/build/gesture_control/prefix_override:/usr/lib/python3/dist-packages/colcon_core/task/python/colcon_distutils_commands:/home/rockpi/ros_control_ws/install/gesture_control/lib/python3.12/site-packages:${PYTHONPATH} /usr/bin/python3 -W ignore:setup.py install is deprecated -W ignore:easy_install command is deprecated setup.py egg_info --egg-base ../../build/gesture_control build --build-base /home/rockpi/ros_control_ws/build/gesture_control/build install --record /home/rockpi/ros_control_ws/build/gesture_control/install.log --single-version-externally-managed install_data
[23.649s] Level 1:colcon.colcon_core.environment:checking '/home/rockpi/ros_control_ws/install/gesture_control' for CMake config files
[23.686s] Level 1:colcon.colcon_core.environment:checking '/home/rockpi/ros_control_ws/install/gesture_control/lib'
[23.689s] Level 1:colcon.colcon_core.environment:checking '/home/rockpi/ros_control_ws/install/gesture_control/bin'
[23.697s] Level 1:colcon.colcon_core.environment:checking '/home/rockpi/ros_control_ws/install/gesture_control/lib/pkgconfig/gesture_control.pc'
[23.707s] Level 1:colcon.colcon_core.environment:checking '/home/rockpi/ros_control_ws/install/gesture_control/lib/python3.12/site-packages'
[23.712s] Level 1:colcon.colcon_core.shell:create_environment_hook('gesture_control', 'pythonpath')
[23.718s] INFO:colcon.colcon_core.shell:Creating environment hook '/home/rockpi/ros_control_ws/install/gesture_control/share/gesture_control/hook/pythonpath.ps1'
[23.730s] INFO:colcon.colcon_core.shell:Creating environment descriptor '/home/rockpi/ros_control_ws/install/gesture_control/share/gesture_control/hook/pythonpath.dsv'
[23.744s] INFO:colcon.colcon_core.shell:Creating environment hook '/home/rockpi/ros_control_ws/install/gesture_control/share/gesture_control/hook/pythonpath.sh'
[23.760s] Level 1:colcon.colcon_core.environment:checking '/home/rockpi/ros_control_ws/install/gesture_control/bin'
[23.761s] Level 1:colcon.colcon_core.environment:create_environment_scripts_only(gesture_control)
[23.766s] INFO:colcon.colcon_core.shell:Creating package script '/home/rockpi/ros_control_ws/install/gesture_control/share/gesture_control/package.ps1'
[23.783s] INFO:colcon.colcon_core.shell:Creating package descriptor '/home/rockpi/ros_control_ws/install/gesture_control/share/gesture_control/package.dsv'
[23.794s] INFO:colcon.colcon_core.shell:Creating package script '/home/rockpi/ros_control_ws/install/gesture_control/share/gesture_control/package.sh'
[23.808s] INFO:colcon.colcon_core.shell:Creating package script '/home/rockpi/ros_control_ws/install/gesture_control/share/gesture_control/package.bash'
[23.815s] INFO:colcon.colcon_core.shell:Creating package script '/home/rockpi/ros_control_ws/install/gesture_control/share/gesture_control/package.zsh'
[23.820s] Level 1:colcon.colcon_core.environment:create_file_with_runtime_dependencies(/home/rockpi/ros_control_ws/install/gesture_control/share/colcon-core/packages/gesture_control)
[23.842s] Level 1:colcon.colcon_core.environment:checking '/home/rockpi/ros_control_ws/install/my_robot_hardware' for CMake module files
[23.858s] DEBUG:colcon.colcon_core.event_handler.log_command:Invoked command in '/home/rockpi/ros_control_ws/src/my_robot_hardware' returned '0': PYTHONPATH=/home/rockpi/ros_control_ws/build/my_robot_hardware/prefix_override:/usr/lib/python3/dist-packages/colcon_core/task/python/colcon_distutils_commands:/home/rockpi/ros_control_ws/install/my_robot_hardware/lib/python3.12/site-packages:${PYTHONPATH} /usr/bin/python3 -W ignore:setup.py install is deprecated -W ignore:easy_install command is deprecated setup.py egg_info --egg-base ../../build/my_robot_hardware build --build-base /home/rockpi/ros_control_ws/build/my_robot_hardware/build install --record /home/rockpi/ros_control_ws/build/my_robot_hardware/install.log --single-version-externally-managed install_data
[23.860s] Level 1:colcon.colcon_core.environment:checking '/home/rockpi/ros_control_ws/install/my_robot_hardware' for CMake config files
[23.869s] Level 1:colcon.colcon_core.environment:checking '/home/rockpi/ros_control_ws/install/my_robot_hardware/lib'
[23.871s] Level 1:colcon.colcon_core.environment:checking '/home/rockpi/ros_control_ws/install/my_robot_hardware/bin'
[23.872s] Level 1:colcon.colcon_core.environment:checking '/home/rockpi/ros_control_ws/install/my_robot_hardware/lib/pkgconfig/my_robot_hardware.pc'
[23.874s] Level 1:colcon.colcon_core.environment:checking '/home/rockpi/ros_control_ws/install/my_robot_hardware/lib/python3.12/site-packages'
[23.877s] Level 1:colcon.colcon_core.shell:create_environment_hook('my_robot_hardware', 'pythonpath')
[23.883s] INFO:colcon.colcon_core.shell:Creating environment hook '/home/rockpi/ros_control_ws/install/my_robot_hardware/share/my_robot_hardware/hook/pythonpath.ps1'
[23.890s] INFO:colcon.colcon_core.shell:Creating environment descriptor '/home/rockpi/ros_control_ws/install/my_robot_hardware/share/my_robot_hardware/hook/pythonpath.dsv'
[23.897s] INFO:colcon.colcon_core.shell:Creating environment hook '/home/rockpi/ros_control_ws/install/my_robot_hardware/share/my_robot_hardware/hook/pythonpath.sh'
[23.908s] Level 1:colcon.colcon_core.environment:checking '/home/rockpi/ros_control_ws/install/my_robot_hardware/bin'
[23.909s] Level 1:colcon.colcon_core.environment:create_environment_scripts_only(my_robot_hardware)
[23.912s] INFO:colcon.colcon_core.shell:Creating package script '/home/rockpi/ros_control_ws/install/my_robot_hardware/share/my_robot_hardware/package.ps1'
[23.921s] INFO:colcon.colcon_core.shell:Creating package descriptor '/home/rockpi/ros_control_ws/install/my_robot_hardware/share/my_robot_hardware/package.dsv'
[23.930s] INFO:colcon.colcon_core.shell:Creating package script '/home/rockpi/ros_control_ws/install/my_robot_hardware/share/my_robot_hardware/package.sh'
[23.939s] INFO:colcon.colcon_core.shell:Creating package script '/home/rockpi/ros_control_ws/install/my_robot_hardware/share/my_robot_hardware/package.bash'
[23.944s] INFO:colcon.colcon_core.shell:Creating package script '/home/rockpi/ros_control_ws/install/my_robot_hardware/share/my_robot_hardware/package.zsh'
[23.951s] Level 1:colcon.colcon_core.environment:create_file_with_runtime_dependencies(/home/rockpi/ros_control_ws/install/my_robot_hardware/share/colcon-core/packages/my_robot_hardware)
[24.839s] Level 1:colcon.colcon_core.environment:checking '/home/rockpi/ros_control_ws/install/my_robot' for CMake module files
[24.840s] DEBUG:colcon.colcon_core.event_handler.log_command:Invoked command in '/home/rockpi/ros_control_ws/src/my_robot' returned '0': PYTHONPATH=/home/rockpi/ros_control_ws/build/my_robot/prefix_override:/usr/lib/python3/dist-packages/colcon_core/task/python/colcon_distutils_commands:/home/rockpi/ros_control_ws/install/my_robot/lib/python3.12/site-packages:${PYTHONPATH} /usr/bin/python3 -W ignore:setup.py install is deprecated -W ignore:easy_install command is deprecated setup.py egg_info --egg-base ../../build/my_robot build --build-base /home/rockpi/ros_control_ws/build/my_robot/build install --record /home/rockpi/ros_control_ws/build/my_robot/install.log --single-version-externally-managed install_data
[24.846s] Level 1:colcon.colcon_core.environment:checking '/home/rockpi/ros_control_ws/install/my_robot' for CMake config files
[24.851s] Level 1:colcon.colcon_core.environment:checking '/home/rockpi/ros_control_ws/install/my_robot/lib'
[24.852s] Level 1:colcon.colcon_core.environment:checking '/home/rockpi/ros_control_ws/install/my_robot/bin'
[24.853s] Level 1:colcon.colcon_core.environment:checking '/home/rockpi/ros_control_ws/install/my_robot/lib/pkgconfig/my_robot.pc'
[24.854s] Level 1:colcon.colcon_core.environment:checking '/home/rockpi/ros_control_ws/install/my_robot/lib/python3.12/site-packages'
[24.855s] Level 1:colcon.colcon_core.shell:create_environment_hook('my_robot', 'pythonpath')
[24.856s] INFO:colcon.colcon_core.shell:Creating environment hook '/home/rockpi/ros_control_ws/install/my_robot/share/my_robot/hook/pythonpath.ps1'
[24.859s] INFO:colcon.colcon_core.shell:Creating environment descriptor '/home/rockpi/ros_control_ws/install/my_robot/share/my_robot/hook/pythonpath.dsv'
[24.861s] INFO:colcon.colcon_core.shell:Creating environment hook '/home/rockpi/ros_control_ws/install/my_robot/share/my_robot/hook/pythonpath.sh'
[24.865s] Level 1:colcon.colcon_core.environment:checking '/home/rockpi/ros_control_ws/install/my_robot/bin'
[24.865s] Level 1:colcon.colcon_core.environment:create_environment_scripts_only(my_robot)
[24.867s] INFO:colcon.colcon_core.shell:Creating package script '/home/rockpi/ros_control_ws/install/my_robot/share/my_robot/package.ps1'
[24.870s] INFO:colcon.colcon_core.shell:Creating package descriptor '/home/rockpi/ros_control_ws/install/my_robot/share/my_robot/package.dsv'
[24.873s] INFO:colcon.colcon_core.shell:Creating package script '/home/rockpi/ros_control_ws/install/my_robot/share/my_robot/package.sh'
[24.876s] INFO:colcon.colcon_core.shell:Creating package script '/home/rockpi/ros_control_ws/install/my_robot/share/my_robot/package.bash'
[24.879s] INFO:colcon.colcon_core.shell:Creating package script '/home/rockpi/ros_control_ws/install/my_robot/share/my_robot/package.zsh'
[24.883s] Level 1:colcon.colcon_core.environment:create_file_with_runtime_dependencies(/home/rockpi/ros_control_ws/install/my_robot/share/colcon-core/packages/my_robot)
[24.886s] DEBUG:colcon.colcon_parallel_executor.executor.parallel:closing loop
[24.888s] DEBUG:colcon.colcon_parallel_executor.executor.parallel:loop closed
[24.890s] DEBUG:colcon.colcon_parallel_executor.executor.parallel:run_until_complete finished with '0'
[24.891s] DEBUG:colcon.colcon_core.event_reactor:joining thread
[24.924s] INFO:colcon.colcon_core.plugin_system:Skipping extension 'colcon_notification.desktop_notification.notify_send': Could not find 'notify-send'
[24.925s] INFO:colcon.colcon_core.plugin_system:Skipping extension 'colcon_notification.desktop_notification.terminal_notifier': Not used on non-Darwin systems
[24.925s] INFO:colcon.colcon_core.plugin_system:Skipping extension 'colcon_notification.desktop_notification.win32': Not used on non-Windows systems
[24.926s] INFO:colcon.colcon_notification.desktop_notification:Sending desktop notification using 'notify2'
[24.931s] DEBUG:colcon.colcon_notification.desktop_notification.notify2:Failed to initialize notify2: org.freedesktop.DBus.Error.ServiceUnknown: The name org.freedesktop.Notifications was not provided by any .service files
[24.932s] DEBUG:colcon.colcon_core.event_reactor:joined thread
[24.933s] INFO:colcon.colcon_core.shell:Creating prefix script '/home/rockpi/ros_control_ws/install/local_setup.ps1'
[24.937s] INFO:colcon.colcon_core.shell:Creating prefix util module '/home/rockpi/ros_control_ws/install/_local_setup_util_ps1.py'
[24.942s] INFO:colcon.colcon_core.shell:Creating prefix chain script '/home/rockpi/ros_control_ws/install/setup.ps1'
[24.949s] INFO:colcon.colcon_core.shell:Creating prefix script '/home/rockpi/ros_control_ws/install/local_setup.sh'
[24.952s] INFO:colcon.colcon_core.shell:Creating prefix util module '/home/rockpi/ros_control_ws/install/_local_setup_util_sh.py'
[24.956s] INFO:colcon.colcon_core.shell:Creating prefix chain script '/home/rockpi/ros_control_ws/install/setup.sh'
[24.963s] INFO:colcon.colcon_core.shell:Creating prefix script '/home/rockpi/ros_control_ws/install/local_setup.bash'
[24.966s] INFO:colcon.colcon_core.shell:Creating prefix chain script '/home/rockpi/ros_control_ws/install/setup.bash'
[24.972s] INFO:colcon.colcon_core.shell:Creating prefix script '/home/rockpi/ros_control_ws/install/local_setup.zsh'
[24.975s] INFO:colcon.colcon_core.shell:Creating prefix chain script '/home/rockpi/ros_control_ws/install/setup.zsh'
