[5.002s] Invoking command in '/home/rockpi/robot_ws/src/my_robot_hardware': PYTHONPATH=/home/rockpi/robot_ws/build/my_robot_hardware/prefix_override:/usr/lib/python3/dist-packages/colcon_core/task/python/colcon_distutils_commands:/home/rockpi/robot_ws/install/my_robot_hardware/lib/python3.12/site-packages:${PYTHONPATH} /usr/bin/python3 -W ignore:setup.py install is deprecated -W ignore:easy_install command is deprecated setup.py egg_info --egg-base ../../build/my_robot_hardware build --build-base /home/rockpi/robot_ws/build/my_robot_hardware/build install --record /home/rockpi/robot_ws/build/my_robot_hardware/install.log --single-version-externally-managed install_data
[6.301s] running egg_info
[6.394s] writing ../../build/my_robot_hardware/my_robot_hardware.egg-info/PKG-INFO
[6.395s] writing dependency_links to ../../build/my_robot_hardware/my_robot_hardware.egg-info/dependency_links.txt
[6.397s] writing entry points to ../../build/my_robot_hardware/my_robot_hardware.egg-info/entry_points.txt
[6.401s] writing requirements to ../../build/my_robot_hardware/my_robot_hardware.egg-info/requires.txt
[6.402s] writing top-level names to ../../build/my_robot_hardware/my_robot_hardware.egg-info/top_level.txt
[6.615s] reading manifest file '../../build/my_robot_hardware/my_robot_hardware.egg-info/SOURCES.txt'
[6.618s] writing manifest file '../../build/my_robot_hardware/my_robot_hardware.egg-info/SOURCES.txt'
[6.619s] running build
[6.620s] running build_py
[6.621s] running install
[6.650s] running install_lib
[6.747s] running install_data
[6.748s] running install_egg_info
[6.850s] removing '/home/rockpi/robot_ws/install/my_robot_hardware/lib/python3.12/site-packages/my_robot_hardware-0.0.1-py3.12.egg-info' (and everything under it)
[6.853s] Copying ../../build/my_robot_hardware/my_robot_hardware.egg-info to /home/rockpi/robot_ws/install/my_robot_hardware/lib/python3.12/site-packages/my_robot_hardware-0.0.1-py3.12.egg-info
[6.859s] running install_scripts
[8.704s] Installing arduino_bridge script to /home/rockpi/robot_ws/install/my_robot_hardware/lib/my_robot_hardware
[8.710s] writing list of installed files to '/home/rockpi/robot_ws/build/my_robot_hardware/install.log'
[9.115s] Invoked command in '/home/rockpi/robot_ws/src/my_robot_hardware' returned '0': PYTHONPATH=/home/rockpi/robot_ws/build/my_robot_hardware/prefix_override:/usr/lib/python3/dist-packages/colcon_core/task/python/colcon_distutils_commands:/home/rockpi/robot_ws/install/my_robot_hardware/lib/python3.12/site-packages:${PYTHONPATH} /usr/bin/python3 -W ignore:setup.py install is deprecated -W ignore:easy_install command is deprecated setup.py egg_info --egg-base ../../build/my_robot_hardware build --build-base /home/rockpi/robot_ws/build/my_robot_hardware/build install --record /home/rockpi/robot_ws/build/my_robot_hardware/install.log --single-version-externally-managed install_data
