[12.946s] Invoking command in '/home/rockpi/ros_control_ws/src/my_robot_hardware': PYTHONPATH=/home/rockpi/ros_control_ws/build/my_robot_hardware/prefix_override:/usr/lib/python3/dist-packages/colcon_core/task/python/colcon_distutils_commands:/home/rockpi/ros_control_ws/install/my_robot_hardware/lib/python3.12/site-packages:${PYTHONPATH} /usr/bin/python3 -W ignore:setup.py install is deprecated -W ignore:easy_install command is deprecated setup.py egg_info --egg-base ../../build/my_robot_hardware build --build-base /home/rockpi/ros_control_ws/build/my_robot_hardware/build install --record /home/rockpi/ros_control_ws/build/my_robot_hardware/install.log --single-version-externally-managed install_data
[15.783s] running egg_info
[15.996s] writing ../../build/my_robot_hardware/my_robot_hardware.egg-info/PKG-INFO
[16.000s] writing dependency_links to ../../build/my_robot_hardware/my_robot_hardware.egg-info/dependency_links.txt
[16.005s] writing entry points to ../../build/my_robot_hardware/my_robot_hardware.egg-info/entry_points.txt
[16.007s] writing requirements to ../../build/my_robot_hardware/my_robot_hardware.egg-info/requires.txt
[16.011s] writing top-level names to ../../build/my_robot_hardware/my_robot_hardware.egg-info/top_level.txt
[16.464s] reading manifest file '../../build/my_robot_hardware/my_robot_hardware.egg-info/SOURCES.txt'
[16.469s] writing manifest file '../../build/my_robot_hardware/my_robot_hardware.egg-info/SOURCES.txt'
[16.472s] running build
[16.475s] running build_py
[16.481s] running install
[16.531s] running install_lib
[16.756s] running install_data
[16.759s] running install_egg_info
[17.000s] removing '/home/rockpi/ros_control_ws/install/my_robot_hardware/lib/python3.12/site-packages/my_robot_hardware-0.0.1-py3.12.egg-info' (and everything under it)
[17.009s] Copying ../../build/my_robot_hardware/my_robot_hardware.egg-info to /home/rockpi/ros_control_ws/install/my_robot_hardware/lib/python3.12/site-packages/my_robot_hardware-0.0.1-py3.12.egg-info
[17.024s] running install_scripts
[18.440s] Installing arduino_bridge script to /home/rockpi/ros_control_ws/install/my_robot_hardware/lib/my_robot_hardware
[18.455s] writing list of installed files to '/home/rockpi/ros_control_ws/build/my_robot_hardware/install.log'
[18.864s] Invoked command in '/home/rockpi/ros_control_ws/src/my_robot_hardware' returned '0': PYTHONPATH=/home/rockpi/ros_control_ws/build/my_robot_hardware/prefix_override:/usr/lib/python3/dist-packages/colcon_core/task/python/colcon_distutils_commands:/home/rockpi/ros_control_ws/install/my_robot_hardware/lib/python3.12/site-packages:${PYTHONPATH} /usr/bin/python3 -W ignore:setup.py install is deprecated -W ignore:easy_install command is deprecated setup.py egg_info --egg-base ../../build/my_robot_hardware build --build-base /home/rockpi/ros_control_ws/build/my_robot_hardware/build install --record /home/rockpi/ros_control_ws/build/my_robot_hardware/install.log --single-version-externally-managed install_data
