[11.500s] Invoking command in '/home/rockpi/robot_ws/src/my_robot': PYTHONPATH=/home/rockpi/robot_ws/build/my_robot/prefix_override:/usr/lib/python3/dist-packages/colcon_core/task/python/colcon_distutils_commands:/home/rockpi/robot_ws/install/my_robot/lib/python3.12/site-packages:${PYTHONPATH} /usr/bin/python3 -W ignore:setup.py install is deprecated -W ignore:easy_install command is deprecated setup.py egg_info --egg-base ../../build/my_robot build --build-base /home/rockpi/robot_ws/build/my_robot/build install --record /home/rockpi/robot_ws/build/my_robot/install.log --single-version-externally-managed install_data
[14.705s] running egg_info
[14.955s] writing ../../build/my_robot/my_robot.egg-info/PKG-INFO
[14.958s] writing dependency_links to ../../build/my_robot/my_robot.egg-info/dependency_links.txt
[14.960s] writing entry points to ../../build/my_robot/my_robot.egg-info/entry_points.txt
[14.963s] writing requirements to ../../build/my_robot/my_robot.egg-info/requires.txt
[14.964s] writing top-level names to ../../build/my_robot/my_robot.egg-info/top_level.txt
[15.480s] reading manifest file '../../build/my_robot/my_robot.egg-info/SOURCES.txt'
[15.493s] writing manifest file '../../build/my_robot/my_robot.egg-info/SOURCES.txt'
[15.494s] running build
[15.496s] running build_py
[15.500s] running install
[15.571s] running install_lib
[15.840s] running install_data
[15.842s] copying launch/robot.launch.py -> /home/rockpi/robot_ws/install/my_robot/share/my_robot/launch
[15.849s] copying config/ekf.yaml -> /home/rockpi/robot_ws/install/my_robot/share/my_robot/config
[15.855s] running install_egg_info
[16.121s] removing '/home/rockpi/robot_ws/install/my_robot/lib/python3.12/site-packages/my_robot-0.0.1-py3.12.egg-info' (and everything under it)
[16.130s] Copying ../../build/my_robot/my_robot.egg-info to /home/rockpi/robot_ws/install/my_robot/lib/python3.12/site-packages/my_robot-0.0.1-py3.12.egg-info
[16.140s] running install_scripts
[17.830s] Installing diff_drive_controller script to /home/rockpi/robot_ws/install/my_robot/lib/my_robot
[17.832s] Installing imu_node script to /home/rockpi/robot_ws/install/my_robot/lib/my_robot
[17.834s] Installing odometry_node script to /home/rockpi/robot_ws/install/my_robot/lib/my_robot
[17.838s] writing list of installed files to '/home/rockpi/robot_ws/build/my_robot/install.log'
[18.143s] Invoked command in '/home/rockpi/robot_ws/src/my_robot' returned '0': PYTHONPATH=/home/rockpi/robot_ws/build/my_robot/prefix_override:/usr/lib/python3/dist-packages/colcon_core/task/python/colcon_distutils_commands:/home/rockpi/robot_ws/install/my_robot/lib/python3.12/site-packages:${PYTHONPATH} /usr/bin/python3 -W ignore:setup.py install is deprecated -W ignore:easy_install command is deprecated setup.py egg_info --egg-base ../../build/my_robot build --build-base /home/rockpi/robot_ws/build/my_robot/build install --record /home/rockpi/robot_ws/build/my_robot/install.log --single-version-externally-managed install_data
