[1.240s] DEBUG:colcon:Command line arguments: ['/usr/bin/colcon', 'build', '--symlink-install', '--packages-select', 'my_robot']
[1.241s] DEBUG:colcon:Parsed command line arguments: Namespace(log_base=None, log_level=None, verb_name='build', build_base='build', install_base='install', merge_install=False, symlink_install=True, test_result_base=None, continue_on_error=False, executor='parallel', parallel_workers=4, event_handlers=None, ignore_user_meta=False, metas=['./colcon.meta'], base_paths=['.'], packages_ignore=None, packages_ignore_regex=None, paths=None, packages_up_to=None, packages_up_to_regex=None, packages_above=None, packages_above_and_dependencies=None, packages_above_depth=None, packages_select_by_dep=None, packages_skip_by_dep=None, packages_skip_up_to=None, packages_select_build_failed=False, packages_skip_build_finished=False, packages_select_test_failures=False, packages_skip_test_passed=False, packages_select=['my_robot'], packages_skip=None, packages_select_regex=None, packages_skip_regex=None, packages_start=None, packages_end=None, allow_overriding=[], cmake_args=None, cmake_target=None, cmake_target_skip_unavailable=False, cmake_clean_cache=False, cmake_clean_first=False, cmake_force_configure=False, ament_cmake_args=None, catkin_cmake_args=None, catkin_skip_building_tests=False, mixin_files=None, mixin=None, verb_parser=<colcon_mixin.mixin.mixin_argument.MixinArgumentDecorator object at 0xffffab771be0>, verb_extension=<colcon_core.verb.build.BuildVerb object at 0xffffab91a330>, main=<bound method BuildVerb.main of <colcon_core.verb.build.BuildVerb object at 0xffffab91a330>>, mixin_verb=('build',))
[1.691s] Level 1:colcon.colcon_core.package_discovery:discover_packages(colcon_meta) check parameters
[1.692s] Level 1:colcon.colcon_core.package_discovery:discover_packages(recursive) check parameters
[1.692s] Level 1:colcon.colcon_core.package_discovery:discover_packages(ignore) check parameters
[1.692s] Level 1:colcon.colcon_core.package_discovery:discover_packages(path) check parameters
[1.693s] Level 1:colcon.colcon_core.package_discovery:discover_packages(colcon_meta) discover
[1.693s] Level 1:colcon.colcon_core.package_discovery:discover_packages(recursive) discover
[1.694s] INFO:colcon.colcon_core.package_discovery:Crawling recursively for packages in '/home/rockpi/robot_ws'
[1.695s] Level 1:colcon.colcon_core.package_identification:_identify(.) by extensions ['ignore', 'ignore_ament_install']
[1.696s] Level 1:colcon.colcon_core.package_identification:_identify(.) by extension 'ignore'
[1.697s] Level 1:colcon.colcon_core.package_identification:_identify(.) by extension 'ignore_ament_install'
[1.697s] Level 1:colcon.colcon_core.package_identification:_identify(.) by extensions ['colcon_pkg']
[1.698s] Level 1:colcon.colcon_core.package_identification:_identify(.) by extension 'colcon_pkg'
[1.698s] Level 1:colcon.colcon_core.package_identification:_identify(.) by extensions ['colcon_meta']
[1.699s] Level 1:colcon.colcon_core.package_identification:_identify(.) by extension 'colcon_meta'
[1.699s] Level 1:colcon.colcon_core.package_identification:_identify(.) by extensions ['ros']
[1.699s] Level 1:colcon.colcon_core.package_identification:_identify(.) by extension 'ros'
[1.992s] Level 1:colcon.colcon_core.package_identification:_identify(.) by extensions ['cmake', 'python']
[1.992s] Level 1:colcon.colcon_core.package_identification:_identify(.) by extension 'cmake'
[1.993s] Level 1:colcon.colcon_core.package_identification:_identify(.) by extension 'python'
[1.994s] Level 1:colcon.colcon_core.package_identification:_identify(.) by extensions ['python_setup_py']
[1.994s] Level 1:colcon.colcon_core.package_identification:_identify(.) by extension 'python_setup_py'
[1.995s] Level 1:colcon.colcon_core.package_identification:_identify(build) by extensions ['ignore', 'ignore_ament_install']
[1.996s] Level 1:colcon.colcon_core.package_identification:_identify(build) by extension 'ignore'
[1.997s] Level 1:colcon.colcon_core.package_identification:_identify(build) ignored
[1.999s] Level 1:colcon.colcon_core.package_identification:_identify(install) by extensions ['ignore', 'ignore_ament_install']
[2.000s] Level 1:colcon.colcon_core.package_identification:_identify(install) by extension 'ignore'
[2.000s] Level 1:colcon.colcon_core.package_identification:_identify(install) ignored
[2.002s] Level 1:colcon.colcon_core.package_identification:_identify(log) by extensions ['ignore', 'ignore_ament_install']
[2.003s] Level 1:colcon.colcon_core.package_identification:_identify(log) by extension 'ignore'
[2.003s] Level 1:colcon.colcon_core.package_identification:_identify(log) ignored
[2.004s] Level 1:colcon.colcon_core.package_identification:_identify(src) by extensions ['ignore', 'ignore_ament_install']
[2.005s] Level 1:colcon.colcon_core.package_identification:_identify(src) by extension 'ignore'
[2.006s] Level 1:colcon.colcon_core.package_identification:_identify(src) by extension 'ignore_ament_install'
[2.006s] Level 1:colcon.colcon_core.package_identification:_identify(src) by extensions ['colcon_pkg']
[2.007s] Level 1:colcon.colcon_core.package_identification:_identify(src) by extension 'colcon_pkg'
[2.007s] Level 1:colcon.colcon_core.package_identification:_identify(src) by extensions ['colcon_meta']
[2.008s] Level 1:colcon.colcon_core.package_identification:_identify(src) by extension 'colcon_meta'
[2.008s] Level 1:colcon.colcon_core.package_identification:_identify(src) by extensions ['ros']
[2.008s] Level 1:colcon.colcon_core.package_identification:_identify(src) by extension 'ros'
[2.009s] Level 1:colcon.colcon_core.package_identification:_identify(src) by extensions ['cmake', 'python']
[2.010s] Level 1:colcon.colcon_core.package_identification:_identify(src) by extension 'cmake'
[2.010s] Level 1:colcon.colcon_core.package_identification:_identify(src) by extension 'python'
[2.011s] Level 1:colcon.colcon_core.package_identification:_identify(src) by extensions ['python_setup_py']
[2.011s] Level 1:colcon.colcon_core.package_identification:_identify(src) by extension 'python_setup_py'
[2.013s] Level 1:colcon.colcon_core.package_identification:_identify(src/my_robot) by extensions ['ignore', 'ignore_ament_install']
[2.014s] Level 1:colcon.colcon_core.package_identification:_identify(src/my_robot) by extension 'ignore'
[2.014s] Level 1:colcon.colcon_core.package_identification:_identify(src/my_robot) by extension 'ignore_ament_install'
[2.015s] Level 1:colcon.colcon_core.package_identification:_identify(src/my_robot) by extensions ['colcon_pkg']
[2.015s] Level 1:colcon.colcon_core.package_identification:_identify(src/my_robot) by extension 'colcon_pkg'
[2.016s] Level 1:colcon.colcon_core.package_identification:_identify(src/my_robot) by extensions ['colcon_meta']
[2.016s] Level 1:colcon.colcon_core.package_identification:_identify(src/my_robot) by extension 'colcon_meta'
[2.017s] Level 1:colcon.colcon_core.package_identification:_identify(src/my_robot) by extensions ['ros']
[2.017s] Level 1:colcon.colcon_core.package_identification:_identify(src/my_robot) by extension 'ros'
[2.042s] DEBUG:colcon.colcon_core.package_identification:Package 'src/my_robot' with type 'ros.ament_python' and name 'my_robot'
[2.044s] Level 1:colcon.colcon_core.package_identification:_identify(src/my_robot_hardware) by extensions ['ignore', 'ignore_ament_install']
[2.045s] Level 1:colcon.colcon_core.package_identification:_identify(src/my_robot_hardware) by extension 'ignore'
[2.045s] Level 1:colcon.colcon_core.package_identification:_identify(src/my_robot_hardware) by extension 'ignore_ament_install'
[2.046s] Level 1:colcon.colcon_core.package_identification:_identify(src/my_robot_hardware) by extensions ['colcon_pkg']
[2.046s] Level 1:colcon.colcon_core.package_identification:_identify(src/my_robot_hardware) by extension 'colcon_pkg'
[2.047s] Level 1:colcon.colcon_core.package_identification:_identify(src/my_robot_hardware) by extensions ['colcon_meta']
[2.047s] Level 1:colcon.colcon_core.package_identification:_identify(src/my_robot_hardware) by extension 'colcon_meta'
[2.048s] Level 1:colcon.colcon_core.package_identification:_identify(src/my_robot_hardware) by extensions ['ros']
[2.048s] Level 1:colcon.colcon_core.package_identification:_identify(src/my_robot_hardware) by extension 'ros'
[2.055s] DEBUG:colcon.colcon_core.package_identification:Package 'src/my_robot_hardware' with type 'ros.ament_python' and name 'my_robot_hardware'
[2.055s] Level 1:colcon.colcon_core.package_discovery:discover_packages(recursive) using defaults
[2.056s] Level 1:colcon.colcon_core.package_discovery:discover_packages(ignore) discover
[2.056s] Level 1:colcon.colcon_core.package_discovery:discover_packages(ignore) using defaults
[2.057s] Level 1:colcon.colcon_core.package_discovery:discover_packages(path) discover
[2.057s] Level 1:colcon.colcon_core.package_discovery:discover_packages(path) using defaults
[2.236s] INFO:colcon.colcon_core.package_selection:Skipping not selected package 'my_robot_hardware' in 'src/my_robot_hardware'
[2.240s] Level 1:colcon.colcon_core.package_discovery:discover_packages(prefix_path) check parameters
[2.241s] Level 1:colcon.colcon_core.package_discovery:discover_packages(prefix_path) discover
[2.265s] DEBUG:colcon.colcon_installed_package_information.package_discovery:Found 2 installed packages in /home/rockpi/robot_ws/install
[2.297s] DEBUG:colcon.colcon_installed_package_information.package_discovery:Found 307 installed packages in /opt/ros/jazzy
[2.307s] Level 1:colcon.colcon_core.package_discovery:discover_packages(prefix_path) using defaults
[2.852s] Level 5:colcon.colcon_core.verb:set package 'my_robot' build argument 'cmake_args' from command line to 'None'
[2.853s] Level 5:colcon.colcon_core.verb:set package 'my_robot' build argument 'cmake_target' from command line to 'None'
[2.853s] Level 5:colcon.colcon_core.verb:set package 'my_robot' build argument 'cmake_target_skip_unavailable' from command line to 'False'
[2.853s] Level 5:colcon.colcon_core.verb:set package 'my_robot' build argument 'cmake_clean_cache' from command line to 'False'
[2.854s] Level 5:colcon.colcon_core.verb:set package 'my_robot' build argument 'cmake_clean_first' from command line to 'False'
[2.854s] Level 5:colcon.colcon_core.verb:set package 'my_robot' build argument 'cmake_force_configure' from command line to 'False'
[2.854s] Level 5:colcon.colcon_core.verb:set package 'my_robot' build argument 'ament_cmake_args' from command line to 'None'
[2.855s] Level 5:colcon.colcon_core.verb:set package 'my_robot' build argument 'catkin_cmake_args' from command line to 'None'
[2.855s] Level 5:colcon.colcon_core.verb:set package 'my_robot' build argument 'catkin_skip_building_tests' from command line to 'False'
[2.855s] DEBUG:colcon.colcon_core.verb:Building package 'my_robot' with the following arguments: {'ament_cmake_args': None, 'build_base': '/home/rockpi/robot_ws/build/my_robot', 'catkin_cmake_args': None, 'catkin_skip_building_tests': False, 'cmake_args': None, 'cmake_clean_cache': False, 'cmake_clean_first': False, 'cmake_force_configure': False, 'cmake_target': None, 'cmake_target_skip_unavailable': False, 'install_base': '/home/rockpi/robot_ws/install/my_robot', 'merge_install': False, 'path': '/home/rockpi/robot_ws/src/my_robot', 'symlink_install': True, 'test_result_base': None}
[2.856s] INFO:colcon.colcon_core.executor:Executing jobs using 'parallel' executor
[2.864s] DEBUG:colcon.colcon_parallel_executor.executor.parallel:run_until_complete
[2.866s] INFO:colcon.colcon_ros.task.ament_python.build:Building ROS package in '/home/rockpi/robot_ws/src/my_robot' with build type 'ament_python'
[2.867s] Level 1:colcon.colcon_core.shell:create_environment_hook('my_robot', 'ament_prefix_path')
[2.879s] INFO:colcon.colcon_core.plugin_system:Skipping extension 'colcon_core.shell.bat': Not used on non-Windows systems
[2.881s] INFO:colcon.colcon_core.shell:Creating environment hook '/home/rockpi/robot_ws/install/my_robot/share/my_robot/hook/ament_prefix_path.ps1'
[2.884s] INFO:colcon.colcon_core.shell:Creating environment descriptor '/home/rockpi/robot_ws/install/my_robot/share/my_robot/hook/ament_prefix_path.dsv'
[2.886s] INFO:colcon.colcon_core.shell:Creating environment hook '/home/rockpi/robot_ws/install/my_robot/share/my_robot/hook/ament_prefix_path.sh'
[2.888s] INFO:colcon.colcon_core.shell:Skip shell extension 'powershell' for command environment: Not usable outside of PowerShell
[2.889s] DEBUG:colcon.colcon_core.shell:Skip shell extension 'dsv' for command environment
[5.294s] INFO:colcon.colcon_core.task.python.build:Building Python package in '/home/rockpi/robot_ws/src/my_robot'
[5.297s] INFO:colcon.colcon_core.shell:Skip shell extension 'powershell' for command environment: Not usable outside of PowerShell
[5.297s] DEBUG:colcon.colcon_core.shell:Skip shell extension 'dsv' for command environment
[11.944s] DEBUG:colcon.colcon_core.task.python.build:While undoing a previous installation files outside the Python library path are being ignored: /home/rockpi/robot_ws/install/my_robot/share/ament_index/resource_index/packages/my_robot
[11.945s] DEBUG:colcon.colcon_core.task.python.build:While undoing a previous installation files outside the Python library path are being ignored: /home/rockpi/robot_ws/install/my_robot/share/my_robot/package.xml
[11.945s] DEBUG:colcon.colcon_core.task.python.build:While undoing a previous installation files outside the Python library path are being ignored: /home/rockpi/robot_ws/install/my_robot/share/my_robot/launch/robot.launch.py
[11.946s] DEBUG:colcon.colcon_core.task.python.build:While undoing a previous installation files outside the Python library path are being ignored: /home/rockpi/robot_ws/install/my_robot/share/my_robot/launch/slam.launch.py
[11.946s] DEBUG:colcon.colcon_core.task.python.build:While undoing a previous installation files outside the Python library path are being ignored: /home/rockpi/robot_ws/install/my_robot/share/my_robot/config/mapper_params_online_async.yaml
[11.947s] DEBUG:colcon.colcon_core.task.python.build:While undoing a previous installation files outside the Python library path are being ignored: /home/rockpi/robot_ws/install/my_robot/share/my_robot/config/slam_toolbox_params.yaml
[11.947s] DEBUG:colcon.colcon_core.task.python.build:While undoing a previous installation files outside the Python library path are being ignored: /home/rockpi/robot_ws/install/my_robot/share/my_robot/config/ekf.yaml
[11.948s] DEBUG:colcon.colcon_core.task.python.build:While undoing a previous installation files outside the Python library path are being ignored: /home/rockpi/robot_ws/install/my_robot/share/my_robot/urdf/robot.urdf.xml
[11.951s] DEBUG:colcon.colcon_core.task.python.build:While undoing a previous installation files outside the Python library path are being ignored: /home/rockpi/robot_ws/install/my_robot/lib/my_robot/diff_drive_controller
[11.951s] DEBUG:colcon.colcon_core.task.python.build:While undoing a previous installation files outside the Python library path are being ignored: /home/rockpi/robot_ws/install/my_robot/lib/my_robot/imu_node
[11.951s] DEBUG:colcon.colcon_core.task.python.build:While undoing a previous installation files outside the Python library path are being ignored: /home/rockpi/robot_ws/install/my_robot/lib/my_robot/odometry_node
[11.974s] DEBUG:colcon.colcon_core.event_handler.log_command:Invoking command in '/home/rockpi/robot_ws/build/my_robot': PYTHONPATH=/home/rockpi/robot_ws/build/my_robot/prefix_override:/usr/lib/python3/dist-packages/colcon_core/task/python/colcon_distutils_commands:/home/rockpi/robot_ws/install/my_robot/lib/python3.12/site-packages:${PYTHONPATH} /usr/bin/python3 -W ignore:setup.py install is deprecated -W ignore:easy_install command is deprecated setup.py develop --editable --build-directory /home/rockpi/robot_ws/build/my_robot/build --no-deps symlink_data --force
[19.140s] Level 1:colcon.colcon_core.shell:create_environment_hook('my_robot', 'pythonpath_develop')
[19.142s] INFO:colcon.colcon_core.shell:Creating environment hook '/home/rockpi/robot_ws/build/my_robot/share/my_robot/hook/pythonpath_develop.ps1'
[19.145s] DEBUG:colcon.colcon_core.event_handler.log_command:Invoked command in '/home/rockpi/robot_ws/build/my_robot' returned '0': PYTHONPATH=/home/rockpi/robot_ws/build/my_robot/prefix_override:/usr/lib/python3/dist-packages/colcon_core/task/python/colcon_distutils_commands:/home/rockpi/robot_ws/install/my_robot/lib/python3.12/site-packages:${PYTHONPATH} /usr/bin/python3 -W ignore:setup.py install is deprecated -W ignore:easy_install command is deprecated setup.py develop --editable --build-directory /home/rockpi/robot_ws/build/my_robot/build --no-deps symlink_data --force
[19.148s] INFO:colcon.colcon_core.shell:Creating environment descriptor '/home/rockpi/robot_ws/build/my_robot/share/my_robot/hook/pythonpath_develop.dsv'
[19.152s] INFO:colcon.colcon_core.shell:Creating environment hook '/home/rockpi/robot_ws/build/my_robot/share/my_robot/hook/pythonpath_develop.sh'
[19.183s] Level 1:colcon.colcon_core.environment:checking '/home/rockpi/robot_ws/install/my_robot' for CMake module files
[19.191s] Level 1:colcon.colcon_core.environment:checking '/home/rockpi/robot_ws/install/my_robot' for CMake config files
[19.202s] Level 1:colcon.colcon_core.environment:checking '/home/rockpi/robot_ws/install/my_robot/lib'
[19.204s] Level 1:colcon.colcon_core.environment:checking '/home/rockpi/robot_ws/install/my_robot/bin'
[19.204s] Level 1:colcon.colcon_core.environment:checking '/home/rockpi/robot_ws/install/my_robot/lib/pkgconfig/my_robot.pc'
[19.207s] Level 1:colcon.colcon_core.environment:checking '/home/rockpi/robot_ws/install/my_robot/lib/python3.12/site-packages'
[19.208s] Level 1:colcon.colcon_core.shell:create_environment_hook('my_robot', 'pythonpath')
[19.210s] INFO:colcon.colcon_core.shell:Creating environment hook '/home/rockpi/robot_ws/install/my_robot/share/my_robot/hook/pythonpath.ps1'
[19.214s] INFO:colcon.colcon_core.shell:Creating environment descriptor '/home/rockpi/robot_ws/install/my_robot/share/my_robot/hook/pythonpath.dsv'
[19.218s] INFO:colcon.colcon_core.shell:Creating environment hook '/home/rockpi/robot_ws/install/my_robot/share/my_robot/hook/pythonpath.sh'
[19.226s] Level 1:colcon.colcon_core.environment:checking '/home/rockpi/robot_ws/install/my_robot/bin'
[19.226s] Level 1:colcon.colcon_core.environment:create_environment_scripts_only(my_robot)
[19.229s] INFO:colcon.colcon_core.shell:Creating package script '/home/rockpi/robot_ws/install/my_robot/share/my_robot/package.ps1'
[19.237s] INFO:colcon.colcon_core.shell:Creating package descriptor '/home/rockpi/robot_ws/install/my_robot/share/my_robot/package.dsv'
[19.243s] INFO:colcon.colcon_core.shell:Creating package script '/home/rockpi/robot_ws/install/my_robot/share/my_robot/package.sh'
[19.250s] INFO:colcon.colcon_core.shell:Creating package script '/home/rockpi/robot_ws/install/my_robot/share/my_robot/package.bash'
[19.258s] INFO:colcon.colcon_core.shell:Creating package script '/home/rockpi/robot_ws/install/my_robot/share/my_robot/package.zsh'
[19.265s] Level 1:colcon.colcon_core.environment:create_file_with_runtime_dependencies(/home/rockpi/robot_ws/install/my_robot/share/colcon-core/packages/my_robot)
[19.271s] DEBUG:colcon.colcon_parallel_executor.executor.parallel:closing loop
[19.275s] DEBUG:colcon.colcon_parallel_executor.executor.parallel:loop closed
[19.276s] DEBUG:colcon.colcon_parallel_executor.executor.parallel:run_until_complete finished with '0'
[19.276s] DEBUG:colcon.colcon_core.event_reactor:joining thread
[19.335s] INFO:colcon.colcon_core.plugin_system:Skipping extension 'colcon_notification.desktop_notification.notify_send': Could not find 'notify-send'
[19.336s] INFO:colcon.colcon_core.plugin_system:Skipping extension 'colcon_notification.desktop_notification.terminal_notifier': Not used on non-Darwin systems
[19.337s] INFO:colcon.colcon_core.plugin_system:Skipping extension 'colcon_notification.desktop_notification.win32': Not used on non-Windows systems
[19.337s] INFO:colcon.colcon_notification.desktop_notification:Sending desktop notification using 'notify2'
[19.345s] DEBUG:colcon.colcon_notification.desktop_notification.notify2:Failed to initialize notify2: org.freedesktop.DBus.Error.ServiceUnknown: The name org.freedesktop.Notifications was not provided by any .service files
[19.346s] DEBUG:colcon.colcon_core.event_reactor:joined thread
[19.347s] INFO:colcon.colcon_core.shell:Creating prefix script '/home/rockpi/robot_ws/install/local_setup.ps1'
[19.355s] INFO:colcon.colcon_core.shell:Creating prefix util module '/home/rockpi/robot_ws/install/_local_setup_util_ps1.py'
[19.367s] INFO:colcon.colcon_core.shell:Creating prefix chain script '/home/rockpi/robot_ws/install/setup.ps1'
[19.378s] INFO:colcon.colcon_core.shell:Creating prefix script '/home/rockpi/robot_ws/install/local_setup.sh'
[19.384s] INFO:colcon.colcon_core.shell:Creating prefix util module '/home/rockpi/robot_ws/install/_local_setup_util_sh.py'
[19.390s] INFO:colcon.colcon_core.shell:Creating prefix chain script '/home/rockpi/robot_ws/install/setup.sh'
[19.402s] INFO:colcon.colcon_core.shell:Creating prefix script '/home/rockpi/robot_ws/install/local_setup.bash'
[19.407s] INFO:colcon.colcon_core.shell:Creating prefix chain script '/home/rockpi/robot_ws/install/setup.bash'
[19.420s] INFO:colcon.colcon_core.shell:Creating prefix script '/home/rockpi/robot_ws/install/local_setup.zsh'
[19.427s] INFO:colcon.colcon_core.shell:Creating prefix chain script '/home/rockpi/robot_ws/install/setup.zsh'
