[12.937s] Invoking command in '/home/rockpi/ros_control_ws/src/my_robot': PYTHONPATH=/home/rockpi/ros_control_ws/build/my_robot/prefix_override:/usr/lib/python3/dist-packages/colcon_core/task/python/colcon_distutils_commands:/home/rockpi/ros_control_ws/install/my_robot/lib/python3.12/site-packages:${PYTHONPATH} /usr/bin/python3 -W ignore:setup.py install is deprecated -W ignore:easy_install command is deprecated setup.py egg_info --egg-base ../../build/my_robot build --build-base /home/rockpi/ros_control_ws/build/my_robot/build install --record /home/rockpi/ros_control_ws/build/my_robot/install.log --single-version-externally-managed install_data
[16.458s] running egg_info
[16.764s] writing ../../build/my_robot/my_robot.egg-info/PKG-INFO
[16.768s] writing dependency_links to ../../build/my_robot/my_robot.egg-info/dependency_links.txt
[16.772s] writing entry points to ../../build/my_robot/my_robot.egg-info/entry_points.txt
[16.773s] writing requirements to ../../build/my_robot/my_robot.egg-info/requires.txt
[16.778s] writing top-level names to ../../build/my_robot/my_robot.egg-info/top_level.txt
[17.326s] reading manifest file '../../build/my_robot/my_robot.egg-info/SOURCES.txt'
[17.337s] writing manifest file '../../build/my_robot/my_robot.egg-info/SOURCES.txt'
[17.340s] running build
[17.343s] running build_py
[17.350s] copying my_robot/odometry_node.py -> /home/rockpi/ros_control_ws/build/my_robot/build/lib/my_robot
[17.351s] running install
[17.437s] running install_lib
[17.717s] copying /home/rockpi/ros_control_ws/build/my_robot/build/lib/my_robot/odometry_node.py -> /home/rockpi/ros_control_ws/install/my_robot/lib/python3.12/site-packages/my_robot
[17.728s] byte-compiling /home/rockpi/ros_control_ws/install/my_robot/lib/python3.12/site-packages/my_robot/odometry_node.py to odometry_node.cpython-312.pyc
[17.742s] running install_data
[17.747s] copying resource/my_robot -> /home/rockpi/ros_control_ws/install/my_robot/share/ament_index/resource_index/packages
[17.748s] copying launch/navigation.launch.py -> /home/rockpi/ros_control_ws/install/my_robot/share/my_robot/launch
[17.757s] copying launch/robot.launch.py -> /home/rockpi/ros_control_ws/install/my_robot/share/my_robot/launch
[17.763s] copying launch/slam.launch.py -> /home/rockpi/ros_control_ws/install/my_robot/share/my_robot/launch
[17.765s] copying config/controllers.yaml -> /home/rockpi/ros_control_ws/install/my_robot/share/my_robot/config
[17.773s] copying urdf/robot.urdf.xml -> /home/rockpi/ros_control_ws/install/my_robot/share/my_robot/urdf
[17.774s] running install_egg_info
[17.986s] removing '/home/rockpi/ros_control_ws/install/my_robot/lib/python3.12/site-packages/my_robot-0.0.1-py3.12.egg-info' (and everything under it)
[17.988s] Copying ../../build/my_robot/my_robot.egg-info to /home/rockpi/ros_control_ws/install/my_robot/lib/python3.12/site-packages/my_robot-0.0.1-py3.12.egg-info
[17.993s] running install_scripts
[19.839s] Installing diff_drive_controller script to /home/rockpi/ros_control_ws/install/my_robot/lib/my_robot
[19.846s] Installing imu_node script to /home/rockpi/ros_control_ws/install/my_robot/lib/my_robot
[19.847s] Installing odometry_node script to /home/rockpi/ros_control_ws/install/my_robot/lib/my_robot
[19.852s] writing list of installed files to '/home/rockpi/ros_control_ws/build/my_robot/install.log'
[20.175s] Invoked command in '/home/rockpi/ros_control_ws/src/my_robot' returned '0': PYTHONPATH=/home/rockpi/ros_control_ws/build/my_robot/prefix_override:/usr/lib/python3/dist-packages/colcon_core/task/python/colcon_distutils_commands:/home/rockpi/ros_control_ws/install/my_robot/lib/python3.12/site-packages:${PYTHONPATH} /usr/bin/python3 -W ignore:setup.py install is deprecated -W ignore:easy_install command is deprecated setup.py egg_info --egg-base ../../build/my_robot build --build-base /home/rockpi/ros_control_ws/build/my_robot/build install --record /home/rockpi/ros_control_ws/build/my_robot/install.log --single-version-externally-managed install_data
