running egg_info
writing ../../build/my_robot_hardware/my_robot_hardware.egg-info/PKG-INFO
writing dependency_links to ../../build/my_robot_hardware/my_robot_hardware.egg-info/dependency_links.txt
writing entry points to ../../build/my_robot_hardware/my_robot_hardware.egg-info/entry_points.txt
writing requirements to ../../build/my_robot_hardware/my_robot_hardware.egg-info/requires.txt
writing top-level names to ../../build/my_robot_hardware/my_robot_hardware.egg-info/top_level.txt
reading manifest file '../../build/my_robot_hardware/my_robot_hardware.egg-info/SOURCES.txt'
writing manifest file '../../build/my_robot_hardware/my_robot_hardware.egg-info/SOURCES.txt'
running build
running build_py
copying my_robot_hardware/__init__.py -> /home/rockpi/ros_control_ws/build/my_robot_hardware/build/lib/my_robot_hardware
copying my_robot_hardware/arduino_bridge.py -> /home/rockpi/ros_control_ws/build/my_robot_hardware/build/lib/my_robot_hardware
running install
running install_lib
copying /home/rockpi/ros_control_ws/build/my_robot_hardware/build/lib/my_robot_hardware/__init__.py -> /home/rockpi/ros_control_ws/install/my_robot_hardware/lib/python3.12/site-packages/my_robot_hardware
copying /home/rockpi/ros_control_ws/build/my_robot_hardware/build/lib/my_robot_hardware/arduino_bridge.py -> /home/rockpi/ros_control_ws/install/my_robot_hardware/lib/python3.12/site-packages/my_robot_hardware
byte-compiling /home/rockpi/ros_control_ws/install/my_robot_hardware/lib/python3.12/site-packages/my_robot_hardware/__init__.py to __init__.cpython-312.pyc
byte-compiling /home/rockpi/ros_control_ws/install/my_robot_hardware/lib/python3.12/site-packages/my_robot_hardware/arduino_bridge.py to arduino_bridge.cpython-312.pyc
running install_data
copying resource/my_robot_hardware -> /home/rockpi/ros_control_ws/install/my_robot_hardware/share/ament_index/resource_index/packages
copying package.xml -> /home/rockpi/ros_control_ws/install/my_robot_hardware/share/my_robot_hardware
running install_egg_info
removing '/home/rockpi/ros_control_ws/install/my_robot_hardware/lib/python3.12/site-packages/my_robot_hardware-0.0.1-py3.12.egg-info' (and everything under it)
Copying ../../build/my_robot_hardware/my_robot_hardware.egg-info to /home/rockpi/ros_control_ws/install/my_robot_hardware/lib/python3.12/site-packages/my_robot_hardware-0.0.1-py3.12.egg-info
running install_scripts
Installing arduino_bridge script to /home/rockpi/ros_control_ws/install/my_robot_hardware/lib/my_robot_hardware
writing list of installed files to '/home/rockpi/ros_control_ws/build/my_robot_hardware/install.log'
