[3.610s] Invoking command in '/home/rockpi/ros_control_ws/src/my_robot': PYTHONPATH=/home/rockpi/ros_control_ws/build/my_robot/prefix_override:/usr/lib/python3/dist-packages/colcon_core/task/python/colcon_distutils_commands:/home/rockpi/ros_control_ws/install/my_robot/lib/python3.12/site-packages:${PYTHONPATH} /usr/bin/python3 -W ignore:setup.py install is deprecated -W ignore:easy_install command is deprecated setup.py egg_info --egg-base ../../build/my_robot build --build-base /home/rockpi/ros_control_ws/build/my_robot/build install --record /home/rockpi/ros_control_ws/build/my_robot/install.log --single-version-externally-managed install_data
[4.753s] running egg_info
[4.834s] writing ../../build/my_robot/my_robot.egg-info/PKG-INFO
[4.835s] writing dependency_links to ../../build/my_robot/my_robot.egg-info/dependency_links.txt
[4.837s] writing entry points to ../../build/my_robot/my_robot.egg-info/entry_points.txt
[4.841s] writing requirements to ../../build/my_robot/my_robot.egg-info/requires.txt
[4.842s] writing top-level names to ../../build/my_robot/my_robot.egg-info/top_level.txt
[5.013s] reading manifest file '../../build/my_robot/my_robot.egg-info/SOURCES.txt'
[5.017s] writing manifest file '../../build/my_robot/my_robot.egg-info/SOURCES.txt'
[5.018s] running build
[5.018s] running build_py
[5.020s] running install
[5.047s] running install_lib
[5.134s] running install_data
[5.137s] running install_egg_info
[5.224s] removing '/home/rockpi/ros_control_ws/install/my_robot/lib/python3.12/site-packages/my_robot-0.0.1-py3.12.egg-info' (and everything under it)
[5.226s] Copying ../../build/my_robot/my_robot.egg-info to /home/rockpi/ros_control_ws/install/my_robot/lib/python3.12/site-packages/my_robot-0.0.1-py3.12.egg-info
[5.231s] running install_scripts
[5.843s] Installing diff_drive_controller script to /home/rockpi/ros_control_ws/install/my_robot/lib/my_robot
[5.844s] Installing imu_node script to /home/rockpi/ros_control_ws/install/my_robot/lib/my_robot
[5.845s] Installing odometry_node script to /home/rockpi/ros_control_ws/install/my_robot/lib/my_robot
[5.847s] writing list of installed files to '/home/rockpi/ros_control_ws/build/my_robot/install.log'
[5.995s] Invoked command in '/home/rockpi/ros_control_ws/src/my_robot' returned '0': PYTHONPATH=/home/rockpi/ros_control_ws/build/my_robot/prefix_override:/usr/lib/python3/dist-packages/colcon_core/task/python/colcon_distutils_commands:/home/rockpi/ros_control_ws/install/my_robot/lib/python3.12/site-packages:${PYTHONPATH} /usr/bin/python3 -W ignore:setup.py install is deprecated -W ignore:easy_install command is deprecated setup.py egg_info --egg-base ../../build/my_robot build --build-base /home/rockpi/ros_control_ws/build/my_robot/build install --record /home/rockpi/ros_control_ws/build/my_robot/install.log --single-version-externally-managed install_data
