[11.382s] Invoking command in '/home/rockpi/robot_ws/src/my_robot': PYTHONPATH=/home/rockpi/robot_ws/build/my_robot/prefix_override:/usr/lib/python3/dist-packages/colcon_core/task/python/colcon_distutils_commands:/home/rockpi/robot_ws/install/my_robot/lib/python3.12/site-packages:${PYTHONPATH} /usr/bin/python3 -W ignore:setup.py install is deprecated -W ignore:easy_install command is deprecated setup.py egg_info --egg-base ../../build/my_robot build --build-base /home/rockpi/robot_ws/build/my_robot/build install --record /home/rockpi/robot_ws/build/my_robot/install.log --single-version-externally-managed install_data
[14.612s] running egg_info
[14.861s] writing ../../build/my_robot/my_robot.egg-info/PKG-INFO
[14.868s] writing dependency_links to ../../build/my_robot/my_robot.egg-info/dependency_links.txt
[14.869s] writing entry points to ../../build/my_robot/my_robot.egg-info/entry_points.txt
[14.872s] writing requirements to ../../build/my_robot/my_robot.egg-info/requires.txt
[14.877s] writing top-level names to ../../build/my_robot/my_robot.egg-info/top_level.txt
[15.237s] reading manifest file '../../build/my_robot/my_robot.egg-info/SOURCES.txt'
[15.241s] writing manifest file '../../build/my_robot/my_robot.egg-info/SOURCES.txt'
[15.245s] running build
[15.246s] running build_py
[15.247s] running install
[15.308s] running install_lib
[15.568s] running install_data
[15.571s] copying launch/navigation.launch.py -> /home/rockpi/robot_ws/install/my_robot/share/my_robot/launch
[15.576s] running install_egg_info
[15.839s] removing '/home/rockpi/robot_ws/install/my_robot/lib/python3.12/site-packages/my_robot-0.0.1-py3.12.egg-info' (and everything under it)
[15.847s] Copying ../../build/my_robot/my_robot.egg-info to /home/rockpi/robot_ws/install/my_robot/lib/python3.12/site-packages/my_robot-0.0.1-py3.12.egg-info
[15.860s] running install_scripts
[17.677s] Installing diff_drive_controller script to /home/rockpi/robot_ws/install/my_robot/lib/my_robot
[17.682s] Installing imu_node script to /home/rockpi/robot_ws/install/my_robot/lib/my_robot
[17.684s] Installing odometry_node script to /home/rockpi/robot_ws/install/my_robot/lib/my_robot
[17.696s] writing list of installed files to '/home/rockpi/robot_ws/build/my_robot/install.log'
[18.134s] Invoked command in '/home/rockpi/robot_ws/src/my_robot' returned '0': PYTHONPATH=/home/rockpi/robot_ws/build/my_robot/prefix_override:/usr/lib/python3/dist-packages/colcon_core/task/python/colcon_distutils_commands:/home/rockpi/robot_ws/install/my_robot/lib/python3.12/site-packages:${PYTHONPATH} /usr/bin/python3 -W ignore:setup.py install is deprecated -W ignore:easy_install command is deprecated setup.py egg_info --egg-base ../../build/my_robot build --build-base /home/rockpi/robot_ws/build/my_robot/build install --record /home/rockpi/robot_ws/build/my_robot/install.log --single-version-externally-managed install_data
