[18.086s] Invoking command in '/home/rockpi/ros_control_ws/src/my_robot': PYTHONPATH=/home/rockpi/ros_control_ws/build/my_robot/prefix_override:/usr/lib/python3/dist-packages/colcon_core/task/python/colcon_distutils_commands:/home/rockpi/ros_control_ws/install/my_robot/lib/python3.12/site-packages:${PYTHONPATH} /usr/bin/python3 -W ignore:setup.py install is deprecated -W ignore:easy_install command is deprecated setup.py egg_info --egg-base ../../build/my_robot build --build-base /home/rockpi/ros_control_ws/build/my_robot/build install --record /home/rockpi/ros_control_ws/build/my_robot/install.log --single-version-externally-managed install_data
[23.893s] running egg_info
[24.085s] writing ../../build/my_robot/my_robot.egg-info/PKG-INFO
[24.087s] writing dependency_links to ../../build/my_robot/my_robot.egg-info/dependency_links.txt
[24.092s] writing entry points to ../../build/my_robot/my_robot.egg-info/entry_points.txt
[24.093s] writing requirements to ../../build/my_robot/my_robot.egg-info/requires.txt
[24.096s] writing top-level names to ../../build/my_robot/my_robot.egg-info/top_level.txt
[24.525s] reading manifest file '../../build/my_robot/my_robot.egg-info/SOURCES.txt'
[24.535s] writing manifest file '../../build/my_robot/my_robot.egg-info/SOURCES.txt'
[24.536s] running build
[24.541s] running build_py
[24.546s] running install
[24.595s] running install_lib
[25.461s] running install_data
[25.465s] running install_egg_info
[26.058s] removing '/home/rockpi/ros_control_ws/install/my_robot/lib/python3.12/site-packages/my_robot-0.0.1-py3.12.egg-info' (and everything under it)
[26.070s] Copying ../../build/my_robot/my_robot.egg-info to /home/rockpi/ros_control_ws/install/my_robot/lib/python3.12/site-packages/my_robot-0.0.1-py3.12.egg-info
[26.126s] running install_scripts
[28.359s] Installing diff_drive_controller script to /home/rockpi/ros_control_ws/install/my_robot/lib/my_robot
[28.362s] Installing imu_node script to /home/rockpi/ros_control_ws/install/my_robot/lib/my_robot
[28.364s] Installing node_monitor_server script to /home/rockpi/ros_control_ws/install/my_robot/lib/my_robot
[28.365s] Installing odometry_node script to /home/rockpi/ros_control_ws/install/my_robot/lib/my_robot
[28.366s] Installing twist_to_twist_stamped script to /home/rockpi/ros_control_ws/install/my_robot/lib/my_robot
[28.369s] writing list of installed files to '/home/rockpi/ros_control_ws/build/my_robot/install.log'
[28.542s] Invoked command in '/home/rockpi/ros_control_ws/src/my_robot' returned '0': PYTHONPATH=/home/rockpi/ros_control_ws/build/my_robot/prefix_override:/usr/lib/python3/dist-packages/colcon_core/task/python/colcon_distutils_commands:/home/rockpi/ros_control_ws/install/my_robot/lib/python3.12/site-packages:${PYTHONPATH} /usr/bin/python3 -W ignore:setup.py install is deprecated -W ignore:easy_install command is deprecated setup.py egg_info --egg-base ../../build/my_robot build --build-base /home/rockpi/ros_control_ws/build/my_robot/build install --record /home/rockpi/ros_control_ws/build/my_robot/install.log --single-version-externally-managed install_data
