[7.705s] Invoking command in '/home/rockpi/ros_control_ws/src/my_robot': PYTHONPATH=/home/rockpi/ros_control_ws/build/my_robot/prefix_override:/usr/lib/python3/dist-packages/colcon_core/task/python/colcon_distutils_commands:/home/rockpi/ros_control_ws/install/my_robot/lib/python3.12/site-packages:${PYTHONPATH} /usr/bin/python3 -W ignore:setup.py install is deprecated -W ignore:easy_install command is deprecated setup.py egg_info --egg-base ../../build/my_robot build --build-base /home/rockpi/ros_control_ws/build/my_robot/build install --record /home/rockpi/ros_control_ws/build/my_robot/install.log --single-version-externally-managed install_data
[10.906s] running egg_info
[11.156s] writing ../../build/my_robot/my_robot.egg-info/PKG-INFO
[11.157s] writing dependency_links to ../../build/my_robot/my_robot.egg-info/dependency_links.txt
[11.159s] writing entry points to ../../build/my_robot/my_robot.egg-info/entry_points.txt
[11.160s] writing requirements to ../../build/my_robot/my_robot.egg-info/requires.txt
[11.161s] writing top-level names to ../../build/my_robot/my_robot.egg-info/top_level.txt
[11.530s] reading manifest file '../../build/my_robot/my_robot.egg-info/SOURCES.txt'
[11.542s] writing manifest file '../../build/my_robot/my_robot.egg-info/SOURCES.txt'
[11.545s] running build
[11.546s] running build_py
[11.548s] copying my_robot/node_monitor_server.py -> /home/rockpi/ros_control_ws/build/my_robot/build/lib/my_robot
[11.554s] running install
[11.631s] running install_lib
[11.893s] copying /home/rockpi/ros_control_ws/build/my_robot/build/lib/my_robot/node_monitor_server.py -> /home/rockpi/ros_control_ws/install/my_robot/lib/python3.12/site-packages/my_robot
[11.903s] byte-compiling /home/rockpi/ros_control_ws/install/my_robot/lib/python3.12/site-packages/my_robot/node_monitor_server.py to node_monitor_server.cpython-312.pyc
[11.917s] running install_data
[11.923s] running install_egg_info
[12.193s] removing '/home/rockpi/ros_control_ws/install/my_robot/lib/python3.12/site-packages/my_robot-0.0.1-py3.12.egg-info' (and everything under it)
[12.201s] Copying ../../build/my_robot/my_robot.egg-info to /home/rockpi/ros_control_ws/install/my_robot/lib/python3.12/site-packages/my_robot-0.0.1-py3.12.egg-info
[12.216s] running install_scripts
[14.098s] Installing diff_drive_controller script to /home/rockpi/ros_control_ws/install/my_robot/lib/my_robot
[14.102s] Installing imu_node script to /home/rockpi/ros_control_ws/install/my_robot/lib/my_robot
[14.105s] Installing node_monitor_server script to /home/rockpi/ros_control_ws/install/my_robot/lib/my_robot
[14.107s] Installing odometry_node script to /home/rockpi/ros_control_ws/install/my_robot/lib/my_robot
[14.111s] Installing twist_to_twist_stamped script to /home/rockpi/ros_control_ws/install/my_robot/lib/my_robot
[14.113s] writing list of installed files to '/home/rockpi/ros_control_ws/build/my_robot/install.log'
[14.377s] Invoked command in '/home/rockpi/ros_control_ws/src/my_robot' returned '0': PYTHONPATH=/home/rockpi/ros_control_ws/build/my_robot/prefix_override:/usr/lib/python3/dist-packages/colcon_core/task/python/colcon_distutils_commands:/home/rockpi/ros_control_ws/install/my_robot/lib/python3.12/site-packages:${PYTHONPATH} /usr/bin/python3 -W ignore:setup.py install is deprecated -W ignore:easy_install command is deprecated setup.py egg_info --egg-base ../../build/my_robot build --build-base /home/rockpi/ros_control_ws/build/my_robot/build install --record /home/rockpi/ros_control_ws/build/my_robot/install.log --single-version-externally-managed install_data
