[0.142s] Invoking command in '/home/rockpi/ros_control_ws/build/my_robot_hardware_interface': CMAKE_PREFIX_PATH=${CMAKE_PREFIX_PATH}:/opt/ros/jazzy /usr/bin/cmake --build /home/rockpi/ros_control_ws/build/my_robot_hardware_interface -- -j4 -l4
[0.831s] [ 50%] [32mBuilding CXX object CMakeFiles/my_robot_hardware.dir/src/my_robot_hardware.cpp.o[0m
[24.072s] [100%] [32m[1mLinking CXX shared library libmy_robot_hardware.so[0m
[25.402s] [100%] Built target my_robot_hardware
[25.473s] Invoked command in '/home/rockpi/ros_control_ws/build/my_robot_hardware_interface' returned '0': CMAKE_PREFIX_PATH=${CMAKE_PREFIX_PATH}:/opt/ros/jazzy /usr/bin/cmake --build /home/rockpi/ros_control_ws/build/my_robot_hardware_interface -- -j4 -l4
[25.535s] Invoking command in '/home/rockpi/ros_control_ws/build/my_robot_hardware_interface': CMAKE_PREFIX_PATH=${CMAKE_PREFIX_PATH}:/opt/ros/jazzy /usr/bin/cmake --install /home/rockpi/ros_control_ws/build/my_robot_hardware_interface
[25.588s] -- Install configuration: ""
[25.589s] -- Up-to-date: /home/rockpi/ros_control_ws/install/my_robot_hardware_interface/share/my_robot_hardware_interface/my_robot_hardware_interface.xml
[25.590s] -- Installing: /home/rockpi/ros_control_ws/install/my_robot_hardware_interface/lib/libmy_robot_hardware.so
[25.598s] -- Set non-toolchain portion of runtime path of "/home/rockpi/ros_control_ws/install/my_robot_hardware_interface/lib/libmy_robot_hardware.so" to ""
[25.598s] -- Up-to-date: /home/rockpi/ros_control_ws/install/my_robot_hardware_interface/include
[25.599s] -- Up-to-date: /home/rockpi/ros_control_ws/install/my_robot_hardware_interface/include/my_robot_hardware_interface
[25.599s] -- Installing: /home/rockpi/ros_control_ws/install/my_robot_hardware_interface/include/my_robot_hardware_interface/my_robot_hardware.hpp
[25.601s] -- Up-to-date: /home/rockpi/ros_control_ws/install/my_robot_hardware_interface/share/my_robot_hardware_interface/environment/library_path.sh
[25.601s] -- Up-to-date: /home/rockpi/ros_control_ws/install/my_robot_hardware_interface/share/my_robot_hardware_interface/environment/library_path.dsv
[25.603s] -- Up-to-date: /home/rockpi/ros_control_ws/install/my_robot_hardware_interface/share/ament_index/resource_index/package_run_dependencies/my_robot_hardware_interface
[25.603s] -- Up-to-date: /home/rockpi/ros_control_ws/install/my_robot_hardware_interface/share/ament_index/resource_index/parent_prefix_path/my_robot_hardware_interface
[25.604s] -- Up-to-date: /home/rockpi/ros_control_ws/install/my_robot_hardware_interface/share/my_robot_hardware_interface/environment/ament_prefix_path.sh
[25.604s] -- Up-to-date: /home/rockpi/ros_control_ws/install/my_robot_hardware_interface/share/my_robot_hardware_interface/environment/ament_prefix_path.dsv
[25.605s] -- Up-to-date: /home/rockpi/ros_control_ws/install/my_robot_hardware_interface/share/my_robot_hardware_interface/environment/path.sh
[25.605s] -- Up-to-date: /home/rockpi/ros_control_ws/install/my_robot_hardware_interface/share/my_robot_hardware_interface/environment/path.dsv
[25.606s] -- Up-to-date: /home/rockpi/ros_control_ws/install/my_robot_hardware_interface/share/my_robot_hardware_interface/local_setup.bash
[25.607s] -- Up-to-date: /home/rockpi/ros_control_ws/install/my_robot_hardware_interface/share/my_robot_hardware_interface/local_setup.sh
[25.607s] -- Up-to-date: /home/rockpi/ros_control_ws/install/my_robot_hardware_interface/share/my_robot_hardware_interface/local_setup.zsh
[25.608s] -- Up-to-date: /home/rockpi/ros_control_ws/install/my_robot_hardware_interface/share/my_robot_hardware_interface/local_setup.dsv
[25.608s] -- Installing: /home/rockpi/ros_control_ws/install/my_robot_hardware_interface/share/my_robot_hardware_interface/package.dsv
[25.609s] -- Up-to-date: /home/rockpi/ros_control_ws/install/my_robot_hardware_interface/share/ament_index/resource_index/packages/my_robot_hardware_interface
[25.610s] -- Up-to-date: /home/rockpi/ros_control_ws/install/my_robot_hardware_interface/share/ament_index/resource_index/hardware_interface__pluginlib__plugin/my_robot_hardware_interface
[25.610s] -- Up-to-date: /home/rockpi/ros_control_ws/install/my_robot_hardware_interface/share/my_robot_hardware_interface/cmake/export_my_robot_hardwareExport.cmake
[25.610s] -- Up-to-date: /home/rockpi/ros_control_ws/install/my_robot_hardware_interface/share/my_robot_hardware_interface/cmake/export_my_robot_hardwareExport-noconfig.cmake
[25.611s] -- Up-to-date: /home/rockpi/ros_control_ws/install/my_robot_hardware_interface/share/my_robot_hardware_interface/cmake/ament_cmake_export_libraries-extras.cmake
[25.611s] -- Up-to-date: /home/rockpi/ros_control_ws/install/my_robot_hardware_interface/share/my_robot_hardware_interface/cmake/ament_cmake_export_targets-extras.cmake
[25.612s] -- Up-to-date: /home/rockpi/ros_control_ws/install/my_robot_hardware_interface/share/my_robot_hardware_interface/cmake/ament_cmake_export_dependencies-extras.cmake
[25.612s] -- Up-to-date: /home/rockpi/ros_control_ws/install/my_robot_hardware_interface/share/my_robot_hardware_interface/cmake/my_robot_hardware_interfaceConfig.cmake
[25.613s] -- Up-to-date: /home/rockpi/ros_control_ws/install/my_robot_hardware_interface/share/my_robot_hardware_interface/cmake/my_robot_hardware_interfaceConfig-version.cmake
[25.614s] -- Up-to-date: /home/rockpi/ros_control_ws/install/my_robot_hardware_interface/share/my_robot_hardware_interface/package.xml
[25.619s] Invoked command in '/home/rockpi/ros_control_ws/build/my_robot_hardware_interface' returned '0': CMAKE_PREFIX_PATH=${CMAKE_PREFIX_PATH}:/opt/ros/jazzy /usr/bin/cmake --install /home/rockpi/ros_control_ws/build/my_robot_hardware_interface
