[5.107s] Invoking command in '/home/rockpi/ros_control_ws/src/my_robot': PYTHONPATH=/home/rockpi/ros_control_ws/build/my_robot/prefix_override:/usr/lib/python3/dist-packages/colcon_core/task/python/colcon_distutils_commands:/home/rockpi/ros_control_ws/install/my_robot/lib/python3.12/site-packages:${PYTHONPATH} /usr/bin/python3 -W ignore:setup.py install is deprecated -W ignore:easy_install command is deprecated setup.py egg_info --egg-base ../../build/my_robot build --build-base /home/rockpi/ros_control_ws/build/my_robot/build install --record /home/rockpi/ros_control_ws/build/my_robot/install.log --single-version-externally-managed install_data
[6.437s] running egg_info
[6.531s] writing ../../build/my_robot/my_robot.egg-info/PKG-INFO
[6.533s] writing dependency_links to ../../build/my_robot/my_robot.egg-info/dependency_links.txt
[6.534s] writing entry points to ../../build/my_robot/my_robot.egg-info/entry_points.txt
[6.538s] writing requirements to ../../build/my_robot/my_robot.egg-info/requires.txt
[6.540s] writing top-level names to ../../build/my_robot/my_robot.egg-info/top_level.txt
[6.736s] reading manifest file '../../build/my_robot/my_robot.egg-info/SOURCES.txt'
[6.741s] writing manifest file '../../build/my_robot/my_robot.egg-info/SOURCES.txt'
[6.742s] running build
[6.742s] running build_py
[6.745s] running install
[6.775s] running install_lib
[6.876s] running install_data
[6.878s] copying config/controllers.yaml -> /home/rockpi/ros_control_ws/install/my_robot/share/my_robot/config
[6.880s] running install_egg_info
[6.979s] removing '/home/rockpi/ros_control_ws/install/my_robot/lib/python3.12/site-packages/my_robot-0.0.1-py3.12.egg-info' (and everything under it)
[6.982s] Copying ../../build/my_robot/my_robot.egg-info to /home/rockpi/ros_control_ws/install/my_robot/lib/python3.12/site-packages/my_robot-0.0.1-py3.12.egg-info
[6.988s] running install_scripts
[7.682s] Installing diff_drive_controller script to /home/rockpi/ros_control_ws/install/my_robot/lib/my_robot
[7.683s] Installing imu_node script to /home/rockpi/ros_control_ws/install/my_robot/lib/my_robot
[7.685s] Installing node_monitor_server script to /home/rockpi/ros_control_ws/install/my_robot/lib/my_robot
[7.686s] Installing odometry_node script to /home/rockpi/ros_control_ws/install/my_robot/lib/my_robot
[7.687s] Installing twist_to_twist_stamped script to /home/rockpi/ros_control_ws/install/my_robot/lib/my_robot
[7.693s] writing list of installed files to '/home/rockpi/ros_control_ws/build/my_robot/install.log'
[7.914s] Invoked command in '/home/rockpi/ros_control_ws/src/my_robot' returned '0': PYTHONPATH=/home/rockpi/ros_control_ws/build/my_robot/prefix_override:/usr/lib/python3/dist-packages/colcon_core/task/python/colcon_distutils_commands:/home/rockpi/ros_control_ws/install/my_robot/lib/python3.12/site-packages:${PYTHONPATH} /usr/bin/python3 -W ignore:setup.py install is deprecated -W ignore:easy_install command is deprecated setup.py egg_info --egg-base ../../build/my_robot build --build-base /home/rockpi/ros_control_ws/build/my_robot/build install --record /home/rockpi/ros_control_ws/build/my_robot/install.log --single-version-externally-managed install_data
