[5.126s] Invoking command in '/home/rockpi/ros_control_ws/src/my_robot': PYTHONPATH=/home/rockpi/ros_control_ws/build/my_robot/prefix_override:/usr/lib/python3/dist-packages/colcon_core/task/python/colcon_distutils_commands:/home/rockpi/ros_control_ws/install/my_robot/lib/python3.12/site-packages:${PYTHONPATH} /usr/bin/python3 -W ignore:setup.py install is deprecated -W ignore:easy_install command is deprecated setup.py egg_info --egg-base ../../build/my_robot build --build-base /home/rockpi/ros_control_ws/build/my_robot/build install --record /home/rockpi/ros_control_ws/build/my_robot/install.log --single-version-externally-managed install_data
[6.476s] running egg_info
[6.575s] writing ../../build/my_robot/my_robot.egg-info/PKG-INFO
[6.577s] writing dependency_links to ../../build/my_robot/my_robot.egg-info/dependency_links.txt
[6.578s] writing entry points to ../../build/my_robot/my_robot.egg-info/entry_points.txt
[6.580s] writing requirements to ../../build/my_robot/my_robot.egg-info/requires.txt
[6.580s] writing top-level names to ../../build/my_robot/my_robot.egg-info/top_level.txt
[6.778s] reading manifest file '../../build/my_robot/my_robot.egg-info/SOURCES.txt'
[6.782s] writing manifest file '../../build/my_robot/my_robot.egg-info/SOURCES.txt'
[6.783s] running build
[6.784s] running build_py
[6.786s] running install
[6.815s] running install_lib
[6.914s] running install_data
[6.916s] copying config/nav2_params.yaml -> /home/rockpi/ros_control_ws/install/my_robot/share/my_robot/config
[6.917s] running install_egg_info
[7.016s] removing '/home/rockpi/ros_control_ws/install/my_robot/lib/python3.12/site-packages/my_robot-0.0.1-py3.12.egg-info' (and everything under it)
[7.020s] Copying ../../build/my_robot/my_robot.egg-info to /home/rockpi/ros_control_ws/install/my_robot/lib/python3.12/site-packages/my_robot-0.0.1-py3.12.egg-info
[7.025s] running install_scripts
[7.719s] Installing diff_drive_controller script to /home/rockpi/ros_control_ws/install/my_robot/lib/my_robot
[7.721s] Installing imu_node script to /home/rockpi/ros_control_ws/install/my_robot/lib/my_robot
[7.721s] Installing node_monitor_server script to /home/rockpi/ros_control_ws/install/my_robot/lib/my_robot
[7.722s] Installing odometry_node script to /home/rockpi/ros_control_ws/install/my_robot/lib/my_robot
[7.723s] Installing twist_to_twist_stamped script to /home/rockpi/ros_control_ws/install/my_robot/lib/my_robot
[7.725s] writing list of installed files to '/home/rockpi/ros_control_ws/build/my_robot/install.log'
[7.884s] Invoked command in '/home/rockpi/ros_control_ws/src/my_robot' returned '0': PYTHONPATH=/home/rockpi/ros_control_ws/build/my_robot/prefix_override:/usr/lib/python3/dist-packages/colcon_core/task/python/colcon_distutils_commands:/home/rockpi/ros_control_ws/install/my_robot/lib/python3.12/site-packages:${PYTHONPATH} /usr/bin/python3 -W ignore:setup.py install is deprecated -W ignore:easy_install command is deprecated setup.py egg_info --egg-base ../../build/my_robot build --build-base /home/rockpi/ros_control_ws/build/my_robot/build install --record /home/rockpi/ros_control_ws/build/my_robot/install.log --single-version-externally-managed install_data
